<?xml version="1.0" encoding="utf-8"?>
<TestRun id="TR-12345678-1234-1234-1234-1234567890ab" name="Sample TRX Test Run" runUser="tester" xmlns="http://microsoft.com/schemas/VisualStudio/TeamTest/2010">
  <Times creation="2025-03-12T00:00:00.000Z" start="2025-03-12T00:00:00.000Z" finish="2025-03-12T01:37:23.000Z" />
  <ResultSummary outcome="Completed">
    <Counters total="673" executed="538" passed="337" failed="201" notExecuted="135" />
  </ResultSummary>
  <TestSettings name="Local Test Settings" id="TS-12345678-1234-1234-1234-1234567890ab">
    <Execution>
      <TestTypeSpecific>
        <UnitTestRunConfig testTypeId="UTRC-12345678-1234-1234-1234-1234567890ab" />
      </TestTypeSpecific>
    </Execution>
  </TestSettings>
  <Results>
    <UnitTestResult executionId="00000000-0000-0000-0000-000000000001" testId="00000000-0000-0000-0000-000000000001" testName="TestCase_1" computerName="localhost" duration="00:00:10.000" startTime="2025-03-12T00:00:00.000Z" endTime="2025-03-12T00:00:10.000Z" outcome="Passed" testListId="11111111-1111-1111-1111-111111111111"><Output><StdOut>TestCase_1 output: Successful run.</StdOut></Output></UnitTestResult>
    <UnitTestResult executionId="00000000-0000-0000-0000-000000000002" testId="00000000-0000-0000-0000-000000000002" testName="TestCase_2" computerName="localhost" duration="00:00:10.000" startTime="2025-03-12T00:00:00.000Z" endTime="2025-03-12T00:00:10.000Z" outcome="Passed" testListId="11111111-1111-1111-1111-111111111111"><Output><StdOut>TestCase_2 output: Successful run.</StdOut></Output></UnitTestResult>
    <UnitTestResult executionId="00000000-0000-0000-0000-000000000003" testId="00000000-0000-0000-0000-000000000003" testName="TestCase_3" computerName="localhost" duration="00:00:10.000" startTime="2025-03-12T00:00:00.000Z" endTime="2025-03-12T00:00:10.000Z" outcome="Passed" testListId="11111111-1111-1111-1111-111111111111"><Output><StdOut>TestCase_3 output: Successful run.</StdOut></Output></UnitTestResult>
    <UnitTestResult executionId="00000000-0000-0000-0000-000000000004" testId="00000000-0000-0000-0000-000000000004" testName="TestCase_4" computerName="localhost" duration="00:00:10.000" startTime="2025-03-12T00:00:00.000Z" endTime="2025-03-12T00:00:10.000Z" outcome="Passed" testListId="11111111-1111-1111-1111-111111111111"><Output><StdOut>TestCase_4 output: Successful run.</StdOut></Output></UnitTestResult>
    <UnitTestResult executionId="00000000-0000-0000-0000-000000000005" testId="00000000-0000-0000-0000-000000000005" testName="TestCase_5" computerName="localhost" duration="00:00:10.000" startTime="2025-03-12T00:00:00.000Z" endTime="2025-03-12T00:00:10.000Z" outcome="Passed" testListId="11111111-1111-1111-1111-111111111111"><Output><StdOut>TestCase_5 output: Successful run.</StdOut></Output></UnitTestResult>
    <UnitTestResult executionId="00000000-0000-0000-0000-000000000006" testId="00000000-0000-0000-0000-000000000006" testName="TestCase_6" computerName="localhost" duration="00:00:10.000" startTime="2025-03-12T00:00:00.000Z" endTime="2025-03-12T00:00:10.000Z" outcome="Passed" testListId="11111111-1111-1111-1111-111111111111"><Output><StdOut>TestCase_6 output: Successful run.</StdOut></Output></UnitTestResult>
    <UnitTestResult executionId="00000000-0000-0000-0000-000000000007" testId="00000000-0000-0000-0000-000000000007" testName="TestCase_7" computerName="localhost" duration="00:00:10.000" startTime="2025-03-12T00:00:00.000Z" endTime="2025-03-12T00:00:10.000Z" outcome="Passed" testListId="11111111-1111-1111-1111-111111111111"><Output><StdOut>TestCase_7 output: Successful run.</StdOut></Output></UnitTestResult>
    <UnitTestResult executionId="00000000-0000-0000-0000-000000000008" testId="00000000-0000-0000-0000-000000000008" testName="TestCase_8" computerName="localhost" duration="00:00:10.000" startTime="2025-03-12T00:00:00.000Z" endTime="2025-03-12T00:00:10.000Z" outcome="Passed" testListId="11111111-1111-1111-1111-111111111111"><Output><StdOut>TestCase_8 output: Successful run.</StdOut></Output></UnitTestResult>
    <UnitTestResult executionId="00000000-0000-0000-0000-000000000009" testId="00000000-0000-0000-0000-000000000009" testName="TestCase_9" computerName="localhost" duration="00:00:10.000" startTime="2025-03-12T00:00:00.000Z" endTime="2025-03-12T00:00:10.000Z" outcome="Passed" testListId="11111111-1111-1111-1111-111111111111"><Output><StdOut>TestCase_9 output: Successful run.</StdOut></Output></UnitTestResult>
    <UnitTestResult executionId="00000000-0000-0000-0000-000000000010" testId="00000000-0000-0000-0000-000000000010" testName="TestCase_10" computerName="localhost" duration="00:00:10.000" startTime="2025-03-12T00:00:00.000Z" endTime="2025-03-12T00:00:10.000Z" outcome="Passed" testListId="11111111-1111-1111-1111-111111111111"><Output><StdOut>TestCase_10 output: Successful run.</StdOut></Output></UnitTestResult>
    <UnitTestResult executionId="00000000-0000-0000-0000-000000000011" testId="00000000-0000-0000-0000-000000000011" testName="TestCase_11" computerName="localhost" duration="00:00:10.000" startTime="2025-03-12T00:00:00.000Z" endTime="2025-03-12T00:00:10.000Z" outcome="Passed" testListId="11111111-1111-1111-1111-111111111111"><Output><StdOut>TestCase_11 output: Successful run.</StdOut></Output></UnitTestResult>
    <UnitTestResult executionId="00000000-0000-0000-0000-000000000012" testId="00000000-0000-0000-0000-000000000012" testName="TestCase_12" computerName="localhost" duration="00:00:10.000" startTime="2025-03-12T00:00:00.000Z" endTime="2025-03-12T00:00:10.000Z" outcome="Passed" testListId="11111111-1111-1111-1111-111111111111"><Output><StdOut>TestCase_12 output: Successful run.</StdOut></Output></UnitTestResult>
    <UnitTestResult executionId="00000000-0000-0000-0000-000000000013" testId="00000000-0000-0000-0000-000000000013" testName="TestCase_13" computerName="localhost" duration="00:00:10.000" startTime="2025-03-12T00:00:00.000Z" endTime="2025-03-12T00:00:10.000Z" outcome="Passed" testListId="11111111-1111-1111-1111-111111111111"><Output><StdOut>TestCase_13 output: Successful run.</StdOut></Output></UnitTestResult>
    <UnitTestResult executionId="00000000-0000-0000-0000-000000000014" testId="00000000-0000-0000-0000-000000000014" testName="TestCase_14" computerName="localhost" duration="00:00:10.000" startTime="2025-03-12T00:00:00.000Z" endTime="2025-03-12T00:00:10.000Z" outcome="Passed" testListId="11111111-1111-1111-1111-111111111111"><Output><StdOut>TestCase_14 output: Successful run.</StdOut></Output></UnitTestResult>
    <UnitTestResult executionId="00000000-0000-0000-0000-000000000015" testId="00000000-0000-0000-0000-000000000015" testName="TestCase_15" computerName="localhost" duration="00:00:10.000" startTime="2025-03-12T00:00:00.000Z" endTime="2025-03-12T00:00:10.000Z" outcome="Passed" testListId="11111111-1111-1111-1111-111111111111"><Output><StdOut>TestCase_15 output: Successful run.</StdOut></Output></UnitTestResult>
    <UnitTestResult executionId="00000000-0000-0000-0000-000000000016" testId="00000000-0000-0000-0000-000000000016" testName="TestCase_16" computerName="localhost" duration="00:00:10.000" startTime="2025-03-12T00:00:00.000Z" endTime="2025-03-12T00:00:10.000Z" outcome="Passed" testListId="11111111-1111-1111-1111-111111111111"><Output><StdOut>TestCase_16 output: Successful run.</StdOut></Output></UnitTestResult>
    <UnitTestResult executionId="00000000-0000-0000-0000-000000000017" testId="00000000-0000-0000-0000-000000000017" testName="TestCase_17" computerName="localhost" duration="00:00:10.000" startTime="2025-03-12T00:00:00.000Z" endTime="2025-03-12T00:00:10.000Z" outcome="Passed" testListId="11111111-1111-1111-1111-111111111111"><Output><StdOut>TestCase_17 output: Successful run.</StdOut></Output></UnitTestResult>
    <UnitTestResult executionId="00000000-0000-0000-0000-000000000018" testId="00000000-0000-0000-0000-000000000018" testName="TestCase_18" computerName="localhost" duration="00:00:10.000" startTime="2025-03-12T00:00:00.000Z" endTime="2025-03-12T00:00:10.000Z" outcome="Passed" testListId="11111111-1111-1111-1111-111111111111"><Output><StdOut>TestCase_18 output: Successful run.</StdOut></Output></UnitTestResult>
    <UnitTestResult executionId="00000000-0000-0000-0000-000000000019" testId="00000000-0000-0000-0000-000000000019" testName="TestCase_19" computerName="localhost" duration="00:00:10.000" startTime="2025-03-12T00:00:00.000Z" endTime="2025-03-12T00:00:10.000Z" outcome="Passed" testListId="11111111-1111-1111-1111-111111111111"><Output><StdOut>TestCase_19 output: Successful run.</StdOut></Output></UnitTestResult>
    <UnitTestResult executionId="00000000-0000-0000-0000-000000000020" testId="00000000-0000-0000-0000-000000000020" testName="TestCase_20" computerName="localhost" duration="00:00:10.000" startTime="2025-03-12T00:00:00.000Z" endTime="2025-03-12T00:00:10.000Z" outcome="Passed" testListId="11111111-1111-1111-1111-111111111111"><Output><StdOut>TestCase_20 output: Successful run.</StdOut></Output></UnitTestResult>
    <UnitTestResult executionId="00000000-0000-0000-0000-000000000021" testId="00000000-0000-0000-0000-000000000021" testName="TestCase_21" computerName="localhost" duration="00:00:10.000" startTime="2025-03-12T00:00:00.000Z" endTime="2025-03-12T00:00:10.000Z" outcome="Passed" testListId="11111111-1111-1111-1111-111111111111"><Output><StdOut>TestCase_21 output: Successful run.</StdOut></Output></UnitTestResult>
    <UnitTestResult executionId="00000000-0000-0000-0000-000000000022" testId="00000000-0000-0000-0000-000000000022" testName="TestCase_22" computerName="localhost" duration="00:00:10.000" startTime="2025-03-12T00:00:00.000Z" endTime="2025-03-12T00:00:10.000Z" outcome="Passed" testListId="11111111-1111-1111-1111-111111111111"><Output><StdOut>TestCase_22 output: Successful run.</StdOut></Output></UnitTestResult>
    <UnitTestResult executionId="00000000-0000-0000-0000-000000000023" testId="00000000-0000-0000-0000-000000000023" testName="TestCase_23" computerName="localhost" duration="00:00:10.000" startTime="2025-03-12T00:00:00.000Z" endTime="2025-03-12T00:00:10.000Z" outcome="Passed" testListId="11111111-1111-1111-1111-111111111111"><Output><StdOut>TestCase_23 output: Successful run.</StdOut></Output></UnitTestResult>
    <UnitTestResult executionId="00000000-0000-0000-0000-000000000024" testId="00000000-0000-0000-0000-000000000024" testName="TestCase_24" computerName="localhost" duration="00:00:10.000" startTime="2025-03-12T00:00:00.000Z" endTime="2025-03-12T00:00:10.000Z" outcome="Passed" testListId="11111111-1111-1111-1111-111111111111"><Output><StdOut>TestCase_24 output: Successful run.</StdOut></Output></UnitTestResult>
    <UnitTestResult executionId="00000000-0000-0000-0000-000000000025" testId="00000000-0000-0000-0000-000000000025" testName="TestCase_25" computerName="localhost" duration="00:00:10.000" startTime="2025-03-12T00:00:00.000Z" endTime="2025-03-12T00:00:10.000Z" outcome="Passed" testListId="11111111-1111-1111-1111-111111111111"><Output><StdOut>TestCase_25 output: Successful run.</StdOut></Output></UnitTestResult>
    <UnitTestResult executionId="00000000-0000-0000-0000-000000000026" testId="00000000-0000-0000-0000-000000000026" testName="TestCase_26" computerName="localhost" duration="00:00:10.000" startTime="2025-03-12T00:00:00.000Z" endTime="2025-03-12T00:00:10.000Z" outcome="Passed" testListId="11111111-1111-1111-1111-111111111111"><Output><StdOut>TestCase_26 output: Successful run.</StdOut></Output></UnitTestResult>
    <UnitTestResult executionId="00000000-0000-0000-0000-000000000027" testId="00000000-0000-0000-0000-000000000027" testName="TestCase_27" computerName="localhost" duration="00:00:10.000" startTime="2025-03-12T00:00:00.000Z" endTime="2025-03-12T00:00:10.000Z" outcome="Passed" testListId="11111111-1111-1111-1111-111111111111"><Output><StdOut>TestCase_27 output: Successful run.</StdOut></Output></UnitTestResult>
    <UnitTestResult executionId="00000000-0000-0000-0000-000000000028" testId="00000000-0000-0000-0000-000000000028" testName="TestCase_28" computerName="localhost" duration="00:00:10.000" startTime="2025-03-12T00:00:00.000Z" endTime="2025-03-12T00:00:10.000Z" outcome="Passed" testListId="11111111-1111-1111-1111-111111111111"><Output><StdOut>TestCase_28 output: Successful run.</StdOut></Output></UnitTestResult>
    <UnitTestResult executionId="00000000-0000-0000-0000-000000000029" testId="00000000-0000-0000-0000-000000000029" testName="TestCase_29" computerName="localhost" duration="00:00:10.000" startTime="2025-03-12T00:00:00.000Z" endTime="2025-03-12T00:00:10.000Z" outcome="Passed" testListId="11111111-1111-1111-1111-111111111111"><Output><StdOut>TestCase_29 output: Successful run.</StdOut></Output></UnitTestResult>
    <UnitTestResult executionId="00000000-0000-0000-0000-000000000030" testId="00000000-0000-0000-0000-000000000030" testName="TestCase_30" computerName="localhost" duration="00:00:10.000" startTime="2025-03-12T00:00:00.000Z" endTime="2025-03-12T00:00:10.000Z" outcome="Passed" testListId="11111111-1111-1111-1111-111111111111"><Output><StdOut>TestCase_30 output: Successful run.</StdOut></Output></UnitTestResult>
    <UnitTestResult executionId="00000000-0000-0000-0000-000000000031" testId="00000000-0000-0000-0000-000000000031" testName="TestCase_31" computerName="localhost" duration="00:00:10.000" startTime="2025-03-12T00:00:00.000Z" endTime="2025-03-12T00:00:10.000Z" outcome="Passed" testListId="11111111-1111-1111-1111-111111111111"><Output><StdOut>TestCase_31 output: Successful run.</StdOut></Output></UnitTestResult>
    <UnitTestResult executionId="00000000-0000-0000-0000-000000000032" testId="00000000-0000-0000-0000-000000000032" testName="TestCase_32" computerName="localhost" duration="00:00:10.000" startTime="2025-03-12T00:00:00.000Z" endTime="2025-03-12T00:00:10.000Z" outcome="Passed" testListId="11111111-1111-1111-1111-111111111111"><Output><StdOut>TestCase_32 output: Successful run.</StdOut></Output></UnitTestResult>
    <UnitTestResult executionId="00000000-0000-0000-0000-000000000033" testId="00000000-0000-0000-0000-000000000033" testName="TestCase_33" computerName="localhost" duration="00:00:10.000" startTime="2025-03-12T00:00:00.000Z" endTime="2025-03-12T00:00:10.000Z" outcome="Passed" testListId="11111111-1111-1111-1111-111111111111"><Output><StdOut>TestCase_33 output: Successful run.</StdOut></Output></UnitTestResult>
    <UnitTestResult executionId="00000000-0000-0000-0000-000000000034" testId="00000000-0000-0000-0000-000000000034" testName="TestCase_34" computerName="localhost" duration="00:00:10.000" startTime="2025-03-12T00:00:00.000Z" endTime="2025-03-12T00:00:10.000Z" outcome="Passed" testListId="11111111-1111-1111-1111-111111111111"><Output><StdOut>TestCase_34 output: Successful run.</StdOut></Output></UnitTestResult>
    <UnitTestResult executionId="00000000-0000-0000-0000-000000000035" testId="00000000-0000-0000-0000-000000000035" testName="TestCase_35" computerName="localhost" duration="00:00:10.000" startTime="2025-03-12T00:00:00.000Z" endTime="2025-03-12T00:00:10.000Z" outcome="Passed" testListId="11111111-1111-1111-1111-111111111111"><Output><StdOut>TestCase_35 output: Successful run.</StdOut></Output></UnitTestResult>
    <UnitTestResult executionId="00000000-0000-0000-0000-000000000036" testId="00000000-0000-0000-0000-000000000036" testName="TestCase_36" computerName="localhost" duration="00:00:10.000" startTime="2025-03-12T00:00:00.000Z" endTime="2025-03-12T00:00:10.000Z" outcome="Passed" testListId="11111111-1111-1111-1111-111111111111"><Output><StdOut>TestCase_36 output: Successful run.</StdOut></Output></UnitTestResult>
    <UnitTestResult executionId="00000000-0000-0000-0000-000000000037" testId="00000000-0000-0000-0000-000000000037" testName="TestCase_37" computerName="localhost" duration="00:00:10.000" startTime="2025-03-12T00:00:00.000Z" endTime="2025-03-12T00:00:10.000Z" outcome="Passed" testListId="11111111-1111-1111-1111-111111111111"><Output><StdOut>TestCase_37 output: Successful run.</StdOut></Output></UnitTestResult>
    <UnitTestResult executionId="00000000-0000-0000-0000-000000000038" testId="00000000-0000-0000-0000-000000000038" testName="TestCase_38" computerName="localhost" duration="00:00:10.000" startTime="2025-03-12T00:00:00.000Z" endTime="2025-03-12T00:00:10.000Z" outcome="Passed" testListId="11111111-1111-1111-1111-111111111111"><Output><StdOut>TestCase_38 output: Successful run.</StdOut></Output></UnitTestResult>
    <UnitTestResult executionId="00000000-0000-0000-0000-000000000039" testId="00000000-0000-0000-0000-000000000039" testName="TestCase_39" computerName="localhost" duration="00:00:10.000" startTime="2025-03-12T00:00:00.000Z" endTime="2025-03-12T00:00:10.000Z" outcome="Passed" testListId="11111111-1111-1111-1111-111111111111"><Output><StdOut>TestCase_39 output: Successful run.</StdOut></Output></UnitTestResult>
    <UnitTestResult executionId="00000000-0000-0000-0000-000000000040" testId="00000000-0000-0000-0000-000000000040" testName="TestCase_40" computerName="localhost" duration="00:00:10.000" startTime="2025-03-12T00:00:00.000Z" endTime="2025-03-12T00:00:10.000Z" outcome="Passed" testListId="11111111-1111-1111-1111-111111111111"><Output><StdOut>TestCase_40 output: Successful run.</StdOut></Output></UnitTestResult>
    <UnitTestResult executionId="00000000-0000-0000-0000-000000000041" testId="00000000-0000-0000-0000-000000000041" testName="TestCase_41" computerName="localhost" duration="00:00:10.000" startTime="2025-03-12T00:00:00.000Z" endTime="2025-03-12T00:00:10.000Z" outcome="Passed" testListId="11111111-1111-1111-1111-111111111111"><Output><StdOut>TestCase_41 output: Successful run.</StdOut></Output></UnitTestResult>
    <UnitTestResult executionId="00000000-0000-0000-0000-000000000042" testId="00000000-0000-0000-0000-000000000042" testName="TestCase_42" computerName="localhost" duration="00:00:10.000" startTime="2025-03-12T00:00:00.000Z" endTime="2025-03-12T00:00:10.000Z" outcome="Passed" testListId="11111111-1111-1111-1111-111111111111"><Output><StdOut>TestCase_42 output: Successful run.</StdOut></Output></UnitTestResult>
    <UnitTestResult executionId="00000000-0000-0000-0000-000000000043" testId="00000000-0000-0000-0000-000000000043" testName="TestCase_43" computerName="localhost" duration="00:00:10.000" startTime="2025-03-12T00:00:00.000Z" endTime="2025-03-12T00:00:10.000Z" outcome="Passed" testListId="11111111-1111-1111-1111-111111111111"><Output><StdOut>TestCase_43 output: Successful run.</StdOut></Output></UnitTestResult>
    <UnitTestResult executionId="00000000-0000-0000-0000-000000000044" testId="00000000-0000-0000-0000-000000000044" testName="TestCase_44" computerName="localhost" duration="00:00:10.000" startTime="2025-03-12T00:00:00.000Z" endTime="2025-03-12T00:00:10.000Z" outcome="Passed" testListId="11111111-1111-1111-1111-111111111111"><Output><StdOut>TestCase_44 output: Successful run.</StdOut></Output></UnitTestResult>
    <UnitTestResult executionId="00000000-0000-0000-0000-000000000045" testId="00000000-0000-0000-0000-000000000045" testName="TestCase_45" computerName="localhost" duration="00:00:10.000" startTime="2025-03-12T00:00:00.000Z" endTime="2025-03-12T00:00:10.000Z" outcome="Passed" testListId="11111111-1111-1111-1111-111111111111"><Output><StdOut>TestCase_45 output: Successful run.</StdOut></Output></UnitTestResult>
    <UnitTestResult executionId="00000000-0000-0000-0000-000000000046" testId="00000000-0000-0000-0000-000000000046" testName="TestCase_46" computerName="localhost" duration="00:00:10.000" startTime="2025-03-12T00:00:00.000Z" endTime="2025-03-12T00:00:10.000Z" outcome="Passed" testListId="11111111-1111-1111-1111-111111111111"><Output><StdOut>TestCase_46 output: Successful run.</StdOut></Output></UnitTestResult>
    <UnitTestResult executionId="00000000-0000-0000-0000-000000000047" testId="00000000-0000-0000-0000-000000000047" testName="TestCase_47" computerName="localhost" duration="00:00:10.000" startTime="2025-03-12T00:00:00.000Z" endTime="2025-03-12T00:00:10.000Z" outcome="Passed" testListId="11111111-1111-1111-1111-111111111111"><Output><StdOut>TestCase_47 output: Successful run.</StdOut></Output></UnitTestResult>
    <UnitTestResult executionId="00000000-0000-0000-0000-000000000048" testId="00000000-0000-0000-0000-000000000048" testName="TestCase_48" computerName="localhost" duration="00:00:10.000" startTime="2025-03-12T00:00:00.000Z" endTime="2025-03-12T00:00:10.000Z" outcome="Passed" testListId="11111111-1111-1111-1111-111111111111"><Output><StdOut>TestCase_48 output: Successful run.</StdOut></Output></UnitTestResult>
    <UnitTestResult executionId="00000000-0000-0000-0000-000000000049" testId="00000000-0000-0000-0000-000000000049" testName="TestCase_49" computerName="localhost" duration="00:00:10.000" startTime="2025-03-12T00:00:00.000Z" endTime="2025-03-12T00:00:10.000Z" outcome="Passed" testListId="11111111-1111-1111-1111-111111111111"><Output><StdOut>TestCase_49 output: Successful run.</StdOut></Output></UnitTestResult>
    <UnitTestResult executionId="00000000-0000-0000-0000-000000000050" testId="00000000-0000-0000-0000-000000000050" testName="TestCase_50" computerName="localhost" duration="00:00:10.000" startTime="2025-03-12T00:00:00.000Z" endTime="2025-03-12T00:00:10.000Z" outcome="Passed" testListId="11111111-1111-1111-1111-111111111111"><Output><StdOut>TestCase_50 output: Successful run.</StdOut></Output></UnitTestResult>
    <UnitTestResult executionId="00000000-0000-0000-0000-000000000051" testId="00000000-0000-0000-0000-000000000051" testName="TestCase_51" computerName="localhost" duration="00:00:10.000" startTime="2025-03-12T00:00:00.000Z" endTime="2025-03-12T00:00:10.000Z" outcome="Passed" testListId="11111111-1111-1111-1111-111111111111"><Output><StdOut>TestCase_51 output: Successful run.</StdOut></Output></UnitTestResult>
    <UnitTestResult executionId="00000000-0000-0000-0000-000000000052" testId="00000000-0000-0000-0000-000000000052" testName="TestCase_52" computerName="localhost" duration="00:00:10.000" startTime="2025-03-12T00:00:00.000Z" endTime="2025-03-12T00:00:10.000Z" outcome="Passed" testListId="11111111-1111-1111-1111-111111111111"><Output><StdOut>TestCase_52 output: Successful run.</StdOut></Output></UnitTestResult>
    <UnitTestResult executionId="00000000-0000-0000-0000-000000000053" testId="00000000-0000-0000-0000-000000000053" testName="TestCase_53" computerName="localhost" duration="00:00:10.000" startTime="2025-03-12T00:00:00.000Z" endTime="2025-03-12T00:00:10.000Z" outcome="Passed" testListId="11111111-1111-1111-1111-111111111111"><Output><StdOut>TestCase_53 output: Successful run.</StdOut></Output></UnitTestResult>
    <UnitTestResult executionId="00000000-0000-0000-0000-000000000054" testId="00000000-0000-0000-0000-000000000054" testName="TestCase_54" computerName="localhost" duration="00:00:10.000" startTime="2025-03-12T00:00:00.000Z" endTime="2025-03-12T00:00:10.000Z" outcome="Passed" testListId="11111111-1111-1111-1111-111111111111"><Output><StdOut>TestCase_54 output: Successful run.</StdOut></Output></UnitTestResult>
    <UnitTestResult executionId="00000000-0000-0000-0000-000000000055" testId="00000000-0000-0000-0000-000000000055" testName="TestCase_55" computerName="localhost" duration="00:00:10.000" startTime="2025-03-12T00:00:00.000Z" endTime="2025-03-12T00:00:10.000Z" outcome="Passed" testListId="11111111-1111-1111-1111-111111111111"><Output><StdOut>TestCase_55 output: Successful run.</StdOut></Output></UnitTestResult>
    <UnitTestResult executionId="00000000-0000-0000-0000-000000000056" testId="00000000-0000-0000-0000-000000000056" testName="TestCase_56" computerName="localhost" duration="00:00:10.000" startTime="2025-03-12T00:00:00.000Z" endTime="2025-03-12T00:00:10.000Z" outcome="Passed" testListId="11111111-1111-1111-1111-111111111111"><Output><StdOut>TestCase_56 output: Successful run.</StdOut></Output></UnitTestResult>
    <UnitTestResult executionId="00000000-0000-0000-0000-000000000057" testId="00000000-0000-0000-0000-000000000057" testName="TestCase_57" computerName="localhost" duration="00:00:10.000" startTime="2025-03-12T00:00:00.000Z" endTime="2025-03-12T00:00:10.000Z" outcome="Passed" testListId="11111111-1111-1111-1111-111111111111"><Output><StdOut>TestCase_57 output: Successful run.</StdOut></Output></UnitTestResult>
    <UnitTestResult executionId="00000000-0000-0000-0000-000000000058" testId="00000000-0000-0000-0000-000000000058" testName="TestCase_58" computerName="localhost" duration="00:00:10.000" startTime="2025-03-12T00:00:00.000Z" endTime="2025-03-12T00:00:10.000Z" outcome="Passed" testListId="11111111-1111-1111-1111-111111111111"><Output><StdOut>TestCase_58 output: Successful run.</StdOut></Output></UnitTestResult>
    <UnitTestResult executionId="00000000-0000-0000-0000-000000000059" testId="00000000-0000-0000-0000-000000000059" testName="TestCase_59" computerName="localhost" duration="00:00:10.000" startTime="2025-03-12T00:00:00.000Z" endTime="2025-03-12T00:00:10.000Z" outcome="Passed" testListId="11111111-1111-1111-1111-111111111111"><Output><StdOut>TestCase_59 output: Successful run.</StdOut></Output></UnitTestResult>
    <UnitTestResult executionId="00000000-0000-0000-0000-000000000060" testId="00000000-0000-0000-0000-000000000060" testName="TestCase_60" computerName="localhost" duration="00:00:10.000" startTime="2025-03-12T00:00:00.000Z" endTime="2025-03-12T00:00:10.000Z" outcome="Passed" testListId="11111111-1111-1111-1111-111111111111"><Output><StdOut>TestCase_60 output: Successful run.</StdOut></Output></UnitTestResult>
    <UnitTestResult executionId="00000000-0000-0000-0000-000000000061" testId="00000000-0000-0000-0000-000000000061" testName="TestCase_61" computerName="localhost" duration="00:00:10.000" startTime="2025-03-12T00:00:00.000Z" endTime="2025-03-12T00:00:10.000Z" outcome="Passed" testListId="11111111-1111-1111-1111-111111111111"><Output><StdOut>TestCase_61 output: Successful run.</StdOut></Output></UnitTestResult>
    <UnitTestResult executionId="00000000-0000-0000-0000-000000000062" testId="00000000-0000-0000-0000-000000000062" testName="TestCase_62" computerName="localhost" duration="00:00:10.000" startTime="2025-03-12T00:00:00.000Z" endTime="2025-03-12T00:00:10.000Z" outcome="Passed" testListId="11111111-1111-1111-1111-111111111111"><Output><StdOut>TestCase_62 output: Successful run.</StdOut></Output></UnitTestResult>
    <UnitTestResult executionId="00000000-0000-0000-0000-000000000063" testId="00000000-0000-0000-0000-000000000063" testName="TestCase_63" computerName="localhost" duration="00:00:10.000" startTime="2025-03-12T00:00:00.000Z" endTime="2025-03-12T00:00:10.000Z" outcome="Passed" testListId="11111111-1111-1111-1111-111111111111"><Output><StdOut>TestCase_63 output: Successful run.</StdOut></Output></UnitTestResult>
    <UnitTestResult executionId="00000000-0000-0000-0000-000000000064" testId="00000000-0000-0000-0000-000000000064" testName="TestCase_64" computerName="localhost" duration="00:00:10.000" startTime="2025-03-12T00:00:00.000Z" endTime="2025-03-12T00:00:10.000Z" outcome="Passed" testListId="11111111-1111-1111-1111-111111111111"><Output><StdOut>TestCase_64 output: Successful run.</StdOut></Output></UnitTestResult>
    <UnitTestResult executionId="00000000-0000-0000-0000-000000000065" testId="00000000-0000-0000-0000-000000000065" testName="TestCase_65" computerName="localhost" duration="00:00:10.000" startTime="2025-03-12T00:00:00.000Z" endTime="2025-03-12T00:00:10.000Z" outcome="Passed" testListId="11111111-1111-1111-1111-111111111111"><Output><StdOut>TestCase_65 output: Successful run.</StdOut></Output></UnitTestResult>
    <UnitTestResult executionId="00000000-0000-0000-0000-000000000066" testId="00000000-0000-0000-0000-000000000066" testName="TestCase_66" computerName="localhost" duration="00:00:10.000" startTime="2025-03-12T00:00:00.000Z" endTime="2025-03-12T00:00:10.000Z" outcome="Passed" testListId="11111111-1111-1111-1111-111111111111"><Output><StdOut>TestCase_66 output: Successful run.</StdOut></Output></UnitTestResult>
    <UnitTestResult executionId="00000000-0000-0000-0000-000000000067" testId="00000000-0000-0000-0000-000000000067" testName="TestCase_67" computerName="localhost" duration="00:00:10.000" startTime="2025-03-12T00:00:00.000Z" endTime="2025-03-12T00:00:10.000Z" outcome="Passed" testListId="11111111-1111-1111-1111-111111111111"><Output><StdOut>TestCase_67 output: Successful run.</StdOut></Output></UnitTestResult>
    <UnitTestResult executionId="00000000-0000-0000-0000-000000000068" testId="00000000-0000-0000-0000-000000000068" testName="TestCase_68" computerName="localhost" duration="00:00:10.000" startTime="2025-03-12T00:00:00.000Z" endTime="2025-03-12T00:00:10.000Z" outcome="Passed" testListId="11111111-1111-1111-1111-111111111111"><Output><StdOut>TestCase_68 output: Successful run.</StdOut></Output></UnitTestResult>
    <UnitTestResult executionId="00000000-0000-0000-0000-000000000069" testId="00000000-0000-0000-0000-000000000069" testName="TestCase_69" computerName="localhost" duration="00:00:10.000" startTime="2025-03-12T00:00:00.000Z" endTime="2025-03-12T00:00:10.000Z" outcome="Passed" testListId="11111111-1111-1111-1111-111111111111"><Output><StdOut>TestCase_69 output: Successful run.</StdOut></Output></UnitTestResult>
    <UnitTestResult executionId="00000000-0000-0000-0000-000000000070" testId="00000000-0000-0000-0000-000000000070" testName="TestCase_70" computerName="localhost" duration="00:00:10.000" startTime="2025-03-12T00:00:00.000Z" endTime="2025-03-12T00:00:10.000Z" outcome="Passed" testListId="11111111-1111-1111-1111-111111111111"><Output><StdOut>TestCase_70 output: Successful run.</StdOut></Output></UnitTestResult>
    <UnitTestResult executionId="00000000-0000-0000-0000-000000000071" testId="00000000-0000-0000-0000-000000000071" testName="TestCase_71" computerName="localhost" duration="00:00:10.000" startTime="2025-03-12T00:00:00.000Z" endTime="2025-03-12T00:00:10.000Z" outcome="Passed" testListId="11111111-1111-1111-1111-111111111111"><Output><StdOut>TestCase_71 output: Successful run.</StdOut></Output></UnitTestResult>
    <UnitTestResult executionId="00000000-0000-0000-0000-000000000072" testId="00000000-0000-0000-0000-000000000072" testName="TestCase_72" computerName="localhost" duration="00:00:10.000" startTime="2025-03-12T00:00:00.000Z" endTime="2025-03-12T00:00:10.000Z" outcome="Passed" testListId="11111111-1111-1111-1111-111111111111"><Output><StdOut>TestCase_72 output: Successful run.</StdOut></Output></UnitTestResult>
    <UnitTestResult executionId="00000000-0000-0000-0000-000000000073" testId="00000000-0000-0000-0000-000000000073" testName="TestCase_73" computerName="localhost" duration="00:00:10.000" startTime="2025-03-12T00:00:00.000Z" endTime="2025-03-12T00:00:10.000Z" outcome="Passed" testListId="11111111-1111-1111-1111-111111111111"><Output><StdOut>TestCase_73 output: Successful run.</StdOut></Output></UnitTestResult>
    <UnitTestResult executionId="00000000-0000-0000-0000-000000000074" testId="00000000-0000-0000-0000-000000000074" testName="TestCase_74" computerName="localhost" duration="00:00:10.000" startTime="2025-03-12T00:00:00.000Z" endTime="2025-03-12T00:00:10.000Z" outcome="Passed" testListId="11111111-1111-1111-1111-111111111111"><Output><StdOut>TestCase_74 output: Successful run.</StdOut></Output></UnitTestResult>
    <UnitTestResult executionId="00000000-0000-0000-0000-000000000075" testId="00000000-0000-0000-0000-000000000075" testName="TestCase_75" computerName="localhost" duration="00:00:10.000" startTime="2025-03-12T00:00:00.000Z" endTime="2025-03-12T00:00:10.000Z" outcome="Passed" testListId="11111111-1111-1111-1111-111111111111"><Output><StdOut>TestCase_75 output: Successful run.</StdOut></Output></UnitTestResult>
    <UnitTestResult executionId="00000000-0000-0000-0000-000000000076" testId="00000000-0000-0000-0000-000000000076" testName="TestCase_76" computerName="localhost" duration="00:00:10.000" startTime="2025-03-12T00:00:00.000Z" endTime="2025-03-12T00:00:10.000Z" outcome="Passed" testListId="11111111-1111-1111-1111-111111111111"><Output><StdOut>TestCase_76 output: Successful run.</StdOut></Output></UnitTestResult>
    <UnitTestResult executionId="00000000-0000-0000-0000-000000000077" testId="00000000-0000-0000-0000-000000000077" testName="TestCase_77" computerName="localhost" duration="00:00:10.000" startTime="2025-03-12T00:00:00.000Z" endTime="2025-03-12T00:00:10.000Z" outcome="Passed" testListId="11111111-1111-1111-1111-111111111111"><Output><StdOut>TestCase_77 output: Successful run.</StdOut></Output></UnitTestResult>
    <UnitTestResult executionId="00000000-0000-0000-0000-000000000078" testId="00000000-0000-0000-0000-000000000078" testName="TestCase_78" computerName="localhost" duration="00:00:10.000" startTime="2025-03-12T00:00:00.000Z" endTime="2025-03-12T00:00:10.000Z" outcome="Passed" testListId="11111111-1111-1111-1111-111111111111"><Output><StdOut>TestCase_78 output: Successful run.</StdOut></Output></UnitTestResult>
    <UnitTestResult executionId="00000000-0000-0000-0000-000000000079" testId="00000000-0000-0000-0000-000000000079" testName="TestCase_79" computerName="localhost" duration="00:00:10.000" startTime="2025-03-12T00:00:00.000Z" endTime="2025-03-12T00:00:10.000Z" outcome="Passed" testListId="11111111-1111-1111-1111-111111111111"><Output><StdOut>TestCase_79 output: Successful run.</StdOut></Output></UnitTestResult>
    <UnitTestResult executionId="00000000-0000-0000-0000-000000000080" testId="00000000-0000-0000-0000-000000000080" testName="TestCase_80" computerName="localhost" duration="00:00:10.000" startTime="2025-03-12T00:00:00.000Z" endTime="2025-03-12T00:00:10.000Z" outcome="Passed" testListId="11111111-1111-1111-1111-111111111111"><Output><StdOut>TestCase_80 output: Successful run.</StdOut></Output></UnitTestResult>
    <UnitTestResult executionId="00000000-0000-0000-0000-000000000081" testId="00000000-0000-0000-0000-000000000081" testName="TestCase_81" computerName="localhost" duration="00:00:10.000" startTime="2025-03-12T00:00:00.000Z" endTime="2025-03-12T00:00:10.000Z" outcome="Passed" testListId="11111111-1111-1111-1111-111111111111"><Output><StdOut>TestCase_81 output: Successful run.</StdOut></Output></UnitTestResult>
    <UnitTestResult executionId="00000000-0000-0000-0000-000000000082" testId="00000000-0000-0000-0000-000000000082" testName="TestCase_82" computerName="localhost" duration="00:00:10.000" startTime="2025-03-12T00:00:00.000Z" endTime="2025-03-12T00:00:10.000Z" outcome="Passed" testListId="11111111-1111-1111-1111-111111111111"><Output><StdOut>TestCase_82 output: Successful run.</StdOut></Output></UnitTestResult>
    <UnitTestResult executionId="00000000-0000-0000-0000-000000000083" testId="00000000-0000-0000-0000-000000000083" testName="TestCase_83" computerName="localhost" duration="00:00:10.000" startTime="2025-03-12T00:00:00.000Z" endTime="2025-03-12T00:00:10.000Z" outcome="Passed" testListId="11111111-1111-1111-1111-111111111111"><Output><StdOut>TestCase_83 output: Successful run.</StdOut></Output></UnitTestResult>
    <UnitTestResult executionId="00000000-0000-0000-0000-000000000084" testId="00000000-0000-0000-0000-000000000084" testName="TestCase_84" computerName="localhost" duration="00:00:10.000" startTime="2025-03-12T00:00:00.000Z" endTime="2025-03-12T00:00:10.000Z" outcome="Passed" testListId="11111111-1111-1111-1111-111111111111"><Output><StdOut>TestCase_84 output: Successful run.</StdOut></Output></UnitTestResult>
    <UnitTestResult executionId="00000000-0000-0000-0000-000000000085" testId="00000000-0000-0000-0000-000000000085" testName="TestCase_85" computerName="localhost" duration="00:00:10.000" startTime="2025-03-12T00:00:00.000Z" endTime="2025-03-12T00:00:10.000Z" outcome="Passed" testListId="11111111-1111-1111-1111-111111111111"><Output><StdOut>TestCase_85 output: Successful run.</StdOut></Output></UnitTestResult>
    <UnitTestResult executionId="00000000-0000-0000-0000-000000000086" testId="00000000-0000-0000-0000-000000000086" testName="TestCase_86" computerName="localhost" duration="00:00:10.000" startTime="2025-03-12T00:00:00.000Z" endTime="2025-03-12T00:00:10.000Z" outcome="Passed" testListId="11111111-1111-1111-1111-111111111111"><Output><StdOut>TestCase_86 output: Successful run.</StdOut></Output></UnitTestResult>
    <UnitTestResult executionId="00000000-0000-0000-0000-000000000087" testId="00000000-0000-0000-0000-000000000087" testName="TestCase_87" computerName="localhost" duration="00:00:10.000" startTime="2025-03-12T00:00:00.000Z" endTime="2025-03-12T00:00:10.000Z" outcome="Passed" testListId="11111111-1111-1111-1111-111111111111"><Output><StdOut>TestCase_87 output: Successful run.</StdOut></Output></UnitTestResult>
    <UnitTestResult executionId="00000000-0000-0000-0000-000000000088" testId="00000000-0000-0000-0000-000000000088" testName="TestCase_88" computerName="localhost" duration="00:00:10.000" startTime="2025-03-12T00:00:00.000Z" endTime="2025-03-12T00:00:10.000Z" outcome="Passed" testListId="11111111-1111-1111-1111-111111111111"><Output><StdOut>TestCase_88 output: Successful run.</StdOut></Output></UnitTestResult>
    <UnitTestResult executionId="00000000-0000-0000-0000-000000000089" testId="00000000-0000-0000-0000-000000000089" testName="TestCase_89" computerName="localhost" duration="00:00:10.000" startTime="2025-03-12T00:00:00.000Z" endTime="2025-03-12T00:00:10.000Z" outcome="Passed" testListId="11111111-1111-1111-1111-111111111111"><Output><StdOut>TestCase_89 output: Successful run.</StdOut></Output></UnitTestResult>
    <UnitTestResult executionId="00000000-0000-0000-0000-000000000090" testId="00000000-0000-0000-0000-000000000090" testName="TestCase_90" computerName="localhost" duration="00:00:10.000" startTime="2025-03-12T00:00:00.000Z" endTime="2025-03-12T00:00:10.000Z" outcome="Passed" testListId="11111111-1111-1111-1111-111111111111"><Output><StdOut>TestCase_90 output: Successful run.</StdOut></Output></UnitTestResult>
    <UnitTestResult executionId="00000000-0000-0000-0000-000000000091" testId="00000000-0000-0000-0000-000000000091" testName="TestCase_91" computerName="localhost" duration="00:00:10.000" startTime="2025-03-12T00:00:00.000Z" endTime="2025-03-12T00:00:10.000Z" outcome="Passed" testListId="11111111-1111-1111-1111-111111111111"><Output><StdOut>TestCase_91 output: Successful run.</StdOut></Output></UnitTestResult>
    <UnitTestResult executionId="00000000-0000-0000-0000-000000000092" testId="00000000-0000-0000-0000-000000000092" testName="TestCase_92" computerName="localhost" duration="00:00:10.000" startTime="2025-03-12T00:00:00.000Z" endTime="2025-03-12T00:00:10.000Z" outcome="Passed" testListId="11111111-1111-1111-1111-111111111111"><Output><StdOut>TestCase_92 output: Successful run.</StdOut></Output></UnitTestResult>
    <UnitTestResult executionId="00000000-0000-0000-0000-000000000093" testId="00000000-0000-0000-0000-000000000093" testName="TestCase_93" computerName="localhost" duration="00:00:10.000" startTime="2025-03-12T00:00:00.000Z" endTime="2025-03-12T00:00:10.000Z" outcome="Passed" testListId="11111111-1111-1111-1111-111111111111"><Output><StdOut>TestCase_93 output: Successful run.</StdOut></Output></UnitTestResult>
    <UnitTestResult executionId="00000000-0000-0000-0000-000000000094" testId="00000000-0000-0000-0000-000000000094" testName="TestCase_94" computerName="localhost" duration="00:00:10.000" startTime="2025-03-12T00:00:00.000Z" endTime="2025-03-12T00:00:10.000Z" outcome="Passed" testListId="11111111-1111-1111-1111-111111111111"><Output><StdOut>TestCase_94 output: Successful run.</StdOut></Output></UnitTestResult>
    <UnitTestResult executionId="00000000-0000-0000-0000-000000000095" testId="00000000-0000-0000-0000-000000000095" testName="TestCase_95" computerName="localhost" duration="00:00:10.000" startTime="2025-03-12T00:00:00.000Z" endTime="2025-03-12T00:00:10.000Z" outcome="Passed" testListId="11111111-1111-1111-1111-111111111111"><Output><StdOut>TestCase_95 output: Successful run.</StdOut></Output></UnitTestResult>
    <UnitTestResult executionId="00000000-0000-0000-0000-000000000096" testId="00000000-0000-0000-0000-000000000096" testName="TestCase_96" computerName="localhost" duration="00:00:10.000" startTime="2025-03-12T00:00:00.000Z" endTime="2025-03-12T00:00:10.000Z" outcome="Passed" testListId="11111111-1111-1111-1111-111111111111"><Output><StdOut>TestCase_96 output: Successful run.</StdOut></Output></UnitTestResult>
    <UnitTestResult executionId="00000000-0000-0000-0000-000000000097" testId="00000000-0000-0000-0000-000000000097" testName="TestCase_97" computerName="localhost" duration="00:00:10.000" startTime="2025-03-12T00:00:00.000Z" endTime="2025-03-12T00:00:10.000Z" outcome="Passed" testListId="11111111-1111-1111-1111-111111111111"><Output><StdOut>TestCase_97 output: Successful run.</StdOut></Output></UnitTestResult>
    <UnitTestResult executionId="00000000-0000-0000-0000-000000000098" testId="00000000-0000-0000-0000-000000000098" testName="TestCase_98" computerName="localhost" duration="00:00:10.000" startTime="2025-03-12T00:00:00.000Z" endTime="2025-03-12T00:00:10.000Z" outcome="Passed" testListId="11111111-1111-1111-1111-111111111111"><Output><StdOut>TestCase_98 output: Successful run.</StdOut></Output></UnitTestResult>
    <UnitTestResult executionId="00000000-0000-0000-0000-000000000099" testId="00000000-0000-0000-0000-000000000099" testName="TestCase_99" computerName="localhost" duration="00:00:10.000" startTime="2025-03-12T00:00:00.000Z" endTime="2025-03-12T00:00:10.000Z" outcome="Passed" testListId="11111111-1111-1111-1111-111111111111"><Output><StdOut>TestCase_99 output: Successful run.</StdOut></Output></UnitTestResult>
    <UnitTestResult executionId="00000000-0000-0000-0000-000000000100" testId="00000000-0000-0000-0000-000000000100" testName="TestCase_100" computerName="localhost" duration="00:00:10.000" startTime="2025-03-12T00:00:00.000Z" endTime="2025-03-12T00:00:10.000Z" outcome="Passed" testListId="11111111-1111-1111-1111-111111111111"><Output><StdOut>TestCase_100 output: Successful run.</StdOut></Output></UnitTestResult>
    <UnitTestResult executionId="00000000-0000-0000-0000-000000000101" testId="00000000-0000-0000-0000-000000000101" testName="TestCase_101" computerName="localhost" duration="00:00:10.000" startTime="2025-03-12T00:00:00.000Z" endTime="2025-03-12T00:00:10.000Z" outcome="Passed" testListId="11111111-1111-1111-1111-111111111111"><Output><StdOut>TestCase_101 output: Successful run.</StdOut></Output></UnitTestResult>
    <UnitTestResult executionId="00000000-0000-0000-0000-000000000102" testId="00000000-0000-0000-0000-000000000102" testName="TestCase_102" computerName="localhost" duration="00:00:10.000" startTime="2025-03-12T00:00:00.000Z" endTime="2025-03-12T00:00:10.000Z" outcome="Passed" testListId="11111111-1111-1111-1111-111111111111"><Output><StdOut>TestCase_102 output: Successful run.</StdOut></Output></UnitTestResult>
    <UnitTestResult executionId="00000000-0000-0000-0000-000000000103" testId="00000000-0000-0000-0000-000000000103" testName="TestCase_103" computerName="localhost" duration="00:00:10.000" startTime="2025-03-12T00:00:00.000Z" endTime="2025-03-12T00:00:10.000Z" outcome="Passed" testListId="11111111-1111-1111-1111-111111111111"><Output><StdOut>TestCase_103 output: Successful run.</StdOut></Output></UnitTestResult>
    <UnitTestResult executionId="00000000-0000-0000-0000-000000000104" testId="00000000-0000-0000-0000-000000000104" testName="TestCase_104" computerName="localhost" duration="00:00:10.000" startTime="2025-03-12T00:00:00.000Z" endTime="2025-03-12T00:00:10.000Z" outcome="Passed" testListId="11111111-1111-1111-1111-111111111111"><Output><StdOut>TestCase_104 output: Successful run.</StdOut></Output></UnitTestResult>
    <UnitTestResult executionId="00000000-0000-0000-0000-000000000105" testId="00000000-0000-0000-0000-000000000105" testName="TestCase_105" computerName="localhost" duration="00:00:10.000" startTime="2025-03-12T00:00:00.000Z" endTime="2025-03-12T00:00:10.000Z" outcome="Passed" testListId="11111111-1111-1111-1111-111111111111"><Output><StdOut>TestCase_105 output: Successful run.</StdOut></Output></UnitTestResult>
    <UnitTestResult executionId="00000000-0000-0000-0000-000000000106" testId="00000000-0000-0000-0000-000000000106" testName="TestCase_106" computerName="localhost" duration="00:00:10.000" startTime="2025-03-12T00:00:00.000Z" endTime="2025-03-12T00:00:10.000Z" outcome="Passed" testListId="11111111-1111-1111-1111-111111111111"><Output><StdOut>TestCase_106 output: Successful run.</StdOut></Output></UnitTestResult>
    <UnitTestResult executionId="00000000-0000-0000-0000-000000000107" testId="00000000-0000-0000-0000-000000000107" testName="TestCase_107" computerName="localhost" duration="00:00:10.000" startTime="2025-03-12T00:00:00.000Z" endTime="2025-03-12T00:00:10.000Z" outcome="Passed" testListId="11111111-1111-1111-1111-111111111111"><Output><StdOut>TestCase_107 output: Successful run.</StdOut></Output></UnitTestResult>
    <UnitTestResult executionId="00000000-0000-0000-0000-000000000108" testId="00000000-0000-0000-0000-000000000108" testName="TestCase_108" computerName="localhost" duration="00:00:10.000" startTime="2025-03-12T00:00:00.000Z" endTime="2025-03-12T00:00:10.000Z" outcome="Passed" testListId="11111111-1111-1111-1111-111111111111"><Output><StdOut>TestCase_108 output: Successful run.</StdOut></Output></UnitTestResult>
    <UnitTestResult executionId="00000000-0000-0000-0000-000000000109" testId="00000000-0000-0000-0000-000000000109" testName="TestCase_109" computerName="localhost" duration="00:00:10.000" startTime="2025-03-12T00:00:00.000Z" endTime="2025-03-12T00:00:10.000Z" outcome="Passed" testListId="11111111-1111-1111-1111-111111111111"><Output><StdOut>TestCase_109 output: Successful run.</StdOut></Output></UnitTestResult>
    <UnitTestResult executionId="00000000-0000-0000-0000-000000000110" testId="00000000-0000-0000-0000-000000000110" testName="TestCase_110" computerName="localhost" duration="00:00:10.000" startTime="2025-03-12T00:00:00.000Z" endTime="2025-03-12T00:00:10.000Z" outcome="Passed" testListId="11111111-1111-1111-1111-111111111111"><Output><StdOut>TestCase_110 output: Successful run.</StdOut></Output></UnitTestResult>
    <UnitTestResult executionId="00000000-0000-0000-0000-000000000111" testId="00000000-0000-0000-0000-000000000111" testName="TestCase_111" computerName="localhost" duration="00:00:10.000" startTime="2025-03-12T00:00:00.000Z" endTime="2025-03-12T00:00:10.000Z" outcome="Passed" testListId="11111111-1111-1111-1111-111111111111"><Output><StdOut>TestCase_111 output: Successful run.</StdOut></Output></UnitTestResult>
    <UnitTestResult executionId="00000000-0000-0000-0000-000000000112" testId="00000000-0000-0000-0000-000000000112" testName="TestCase_112" computerName="localhost" duration="00:00:10.000" startTime="2025-03-12T00:00:00.000Z" endTime="2025-03-12T00:00:10.000Z" outcome="Passed" testListId="11111111-1111-1111-1111-111111111111"><Output><StdOut>TestCase_112 output: Successful run.</StdOut></Output></UnitTestResult>
    <UnitTestResult executionId="00000000-0000-0000-0000-000000000113" testId="00000000-0000-0000-0000-000000000113" testName="TestCase_113" computerName="localhost" duration="00:00:10.000" startTime="2025-03-12T00:00:00.000Z" endTime="2025-03-12T00:00:10.000Z" outcome="Passed" testListId="11111111-1111-1111-1111-111111111111"><Output><StdOut>TestCase_113 output: Successful run.</StdOut></Output></UnitTestResult>
    <UnitTestResult executionId="00000000-0000-0000-0000-000000000114" testId="00000000-0000-0000-0000-000000000114" testName="TestCase_114" computerName="localhost" duration="00:00:10.000" startTime="2025-03-12T00:00:00.000Z" endTime="2025-03-12T00:00:10.000Z" outcome="Passed" testListId="11111111-1111-1111-1111-111111111111"><Output><StdOut>TestCase_114 output: Successful run.</StdOut></Output></UnitTestResult>
    <UnitTestResult executionId="00000000-0000-0000-0000-000000000115" testId="00000000-0000-0000-0000-000000000115" testName="TestCase_115" computerName="localhost" duration="00:00:10.000" startTime="2025-03-12T00:00:00.000Z" endTime="2025-03-12T00:00:10.000Z" outcome="Passed" testListId="11111111-1111-1111-1111-111111111111"><Output><StdOut>TestCase_115 output: Successful run.</StdOut></Output></UnitTestResult>
    <UnitTestResult executionId="00000000-0000-0000-0000-000000000116" testId="00000000-0000-0000-0000-000000000116" testName="TestCase_116" computerName="localhost" duration="00:00:10.000" startTime="2025-03-12T00:00:00.000Z" endTime="2025-03-12T00:00:10.000Z" outcome="Passed" testListId="11111111-1111-1111-1111-111111111111"><Output><StdOut>TestCase_116 output: Successful run.</StdOut></Output></UnitTestResult>
    <UnitTestResult executionId="00000000-0000-0000-0000-000000000117" testId="00000000-0000-0000-0000-000000000117" testName="TestCase_117" computerName="localhost" duration="00:00:10.000" startTime="2025-03-12T00:00:00.000Z" endTime="2025-03-12T00:00:10.000Z" outcome="Passed" testListId="11111111-1111-1111-1111-111111111111"><Output><StdOut>TestCase_117 output: Successful run.</StdOut></Output></UnitTestResult>
    <UnitTestResult executionId="00000000-0000-0000-0000-000000000118" testId="00000000-0000-0000-0000-000000000118" testName="TestCase_118" computerName="localhost" duration="00:00:10.000" startTime="2025-03-12T00:00:00.000Z" endTime="2025-03-12T00:00:10.000Z" outcome="Passed" testListId="11111111-1111-1111-1111-111111111111"><Output><StdOut>TestCase_118 output: Successful run.</StdOut></Output></UnitTestResult>
    <UnitTestResult executionId="00000000-0000-0000-0000-000000000119" testId="00000000-0000-0000-0000-000000000119" testName="TestCase_119" computerName="localhost" duration="00:00:10.000" startTime="2025-03-12T00:00:00.000Z" endTime="2025-03-12T00:00:10.000Z" outcome="Passed" testListId="11111111-1111-1111-1111-111111111111"><Output><StdOut>TestCase_119 output: Successful run.</StdOut></Output></UnitTestResult>
    <UnitTestResult executionId="00000000-0000-0000-0000-000000000120" testId="00000000-0000-0000-0000-000000000120" testName="TestCase_120" computerName="localhost" duration="00:00:10.000" startTime="2025-03-12T00:00:00.000Z" endTime="2025-03-12T00:00:10.000Z" outcome="Passed" testListId="11111111-1111-1111-1111-111111111111"><Output><StdOut>TestCase_120 output: Successful run.</StdOut></Output></UnitTestResult>
    <UnitTestResult executionId="00000000-0000-0000-0000-000000000121" testId="00000000-0000-0000-0000-000000000121" testName="TestCase_121" computerName="localhost" duration="00:00:10.000" startTime="2025-03-12T00:00:00.000Z" endTime="2025-03-12T00:00:10.000Z" outcome="Passed" testListId="11111111-1111-1111-1111-111111111111"><Output><StdOut>TestCase_121 output: Successful run.</StdOut></Output></UnitTestResult>
    <UnitTestResult executionId="00000000-0000-0000-0000-000000000122" testId="00000000-0000-0000-0000-000000000122" testName="TestCase_122" computerName="localhost" duration="00:00:10.000" startTime="2025-03-12T00:00:00.000Z" endTime="2025-03-12T00:00:10.000Z" outcome="Passed" testListId="11111111-1111-1111-1111-111111111111"><Output><StdOut>TestCase_122 output: Successful run.</StdOut></Output></UnitTestResult>
    <UnitTestResult executionId="00000000-0000-0000-0000-000000000123" testId="00000000-0000-0000-0000-000000000123" testName="TestCase_123" computerName="localhost" duration="00:00:10.000" startTime="2025-03-12T00:00:00.000Z" endTime="2025-03-12T00:00:10.000Z" outcome="Passed" testListId="11111111-1111-1111-1111-111111111111"><Output><StdOut>TestCase_123 output: Successful run.</StdOut></Output></UnitTestResult>
    <UnitTestResult executionId="00000000-0000-0000-0000-000000000124" testId="00000000-0000-0000-0000-000000000124" testName="TestCase_124" computerName="localhost" duration="00:00:10.000" startTime="2025-03-12T00:00:00.000Z" endTime="2025-03-12T00:00:10.000Z" outcome="Passed" testListId="11111111-1111-1111-1111-111111111111"><Output><StdOut>TestCase_124 output: Successful run.</StdOut></Output></UnitTestResult>
    <UnitTestResult executionId="00000000-0000-0000-0000-000000000125" testId="00000000-0000-0000-0000-000000000125" testName="TestCase_125" computerName="localhost" duration="00:00:10.000" startTime="2025-03-12T00:00:00.000Z" endTime="2025-03-12T00:00:10.000Z" outcome="Passed" testListId="11111111-1111-1111-1111-111111111111"><Output><StdOut>TestCase_125 output: Successful run.</StdOut></Output></UnitTestResult>
    <UnitTestResult executionId="00000000-0000-0000-0000-000000000126" testId="00000000-0000-0000-0000-000000000126" testName="TestCase_126" computerName="localhost" duration="00:00:10.000" startTime="2025-03-12T00:00:00.000Z" endTime="2025-03-12T00:00:10.000Z" outcome="Passed" testListId="11111111-1111-1111-1111-111111111111"><Output><StdOut>TestCase_126 output: Successful run.</StdOut></Output></UnitTestResult>
    <UnitTestResult executionId="00000000-0000-0000-0000-000000000127" testId="00000000-0000-0000-0000-000000000127" testName="TestCase_127" computerName="localhost" duration="00:00:10.000" startTime="2025-03-12T00:00:00.000Z" endTime="2025-03-12T00:00:10.000Z" outcome="Passed" testListId="11111111-1111-1111-1111-111111111111"><Output><StdOut>TestCase_127 output: Successful run.</StdOut></Output></UnitTestResult>
    <UnitTestResult executionId="00000000-0000-0000-0000-000000000128" testId="00000000-0000-0000-0000-000000000128" testName="TestCase_128" computerName="localhost" duration="00:00:10.000" startTime="2025-03-12T00:00:00.000Z" endTime="2025-03-12T00:00:10.000Z" outcome="Passed" testListId="11111111-1111-1111-1111-111111111111"><Output><StdOut>TestCase_128 output: Successful run.</StdOut></Output></UnitTestResult>
    <UnitTestResult executionId="00000000-0000-0000-0000-000000000129" testId="00000000-0000-0000-0000-000000000129" testName="TestCase_129" computerName="localhost" duration="00:00:10.000" startTime="2025-03-12T00:00:00.000Z" endTime="2025-03-12T00:00:10.000Z" outcome="Passed" testListId="11111111-1111-1111-1111-111111111111"><Output><StdOut>TestCase_129 output: Successful run.</StdOut></Output></UnitTestResult>
    <UnitTestResult executionId="00000000-0000-0000-0000-000000000130" testId="00000000-0000-0000-0000-000000000130" testName="TestCase_130" computerName="localhost" duration="00:00:10.000" startTime="2025-03-12T00:00:00.000Z" endTime="2025-03-12T00:00:10.000Z" outcome="Passed" testListId="11111111-1111-1111-1111-111111111111"><Output><StdOut>TestCase_130 output: Successful run.</StdOut></Output></UnitTestResult>
    <UnitTestResult executionId="00000000-0000-0000-0000-000000000131" testId="00000000-0000-0000-0000-000000000131" testName="TestCase_131" computerName="localhost" duration="00:00:10.000" startTime="2025-03-12T00:00:00.000Z" endTime="2025-03-12T00:00:10.000Z" outcome="Passed" testListId="11111111-1111-1111-1111-111111111111"><Output><StdOut>TestCase_131 output: Successful run.</StdOut></Output></UnitTestResult>
    <UnitTestResult executionId="00000000-0000-0000-0000-000000000132" testId="00000000-0000-0000-0000-000000000132" testName="TestCase_132" computerName="localhost" duration="00:00:10.000" startTime="2025-03-12T00:00:00.000Z" endTime="2025-03-12T00:00:10.000Z" outcome="Passed" testListId="11111111-1111-1111-1111-111111111111"><Output><StdOut>TestCase_132 output: Successful run.</StdOut></Output></UnitTestResult>
    <UnitTestResult executionId="00000000-0000-0000-0000-000000000133" testId="00000000-0000-0000-0000-000000000133" testName="TestCase_133" computerName="localhost" duration="00:00:10.000" startTime="2025-03-12T00:00:00.000Z" endTime="2025-03-12T00:00:10.000Z" outcome="Passed" testListId="11111111-1111-1111-1111-111111111111"><Output><StdOut>TestCase_133 output: Successful run.</StdOut></Output></UnitTestResult>
    <UnitTestResult executionId="00000000-0000-0000-0000-000000000134" testId="00000000-0000-0000-0000-000000000134" testName="TestCase_134" computerName="localhost" duration="00:00:10.000" startTime="2025-03-12T00:00:00.000Z" endTime="2025-03-12T00:00:10.000Z" outcome="Passed" testListId="11111111-1111-1111-1111-111111111111"><Output><StdOut>TestCase_134 output: Successful run.</StdOut></Output></UnitTestResult>
    <UnitTestResult executionId="00000000-0000-0000-0000-000000000135" testId="00000000-0000-0000-0000-000000000135" testName="TestCase_135" computerName="localhost" duration="00:00:10.000" startTime="2025-03-12T00:00:00.000Z" endTime="2025-03-12T00:00:10.000Z" outcome="Passed" testListId="11111111-1111-1111-1111-111111111111"><Output><StdOut>TestCase_135 output: Successful run.</StdOut></Output></UnitTestResult>
    <UnitTestResult executionId="00000000-0000-0000-0000-000000000136" testId="00000000-0000-0000-0000-000000000136" testName="TestCase_136" computerName="localhost" duration="00:00:10.000" startTime="2025-03-12T00:00:00.000Z" endTime="2025-03-12T00:00:10.000Z" outcome="Passed" testListId="11111111-1111-1111-1111-111111111111"><Output><StdOut>TestCase_136 output: Successful run.</StdOut></Output></UnitTestResult>
    <UnitTestResult executionId="00000000-0000-0000-0000-000000000137" testId="00000000-0000-0000-0000-000000000137" testName="TestCase_137" computerName="localhost" duration="00:00:10.000" startTime="2025-03-12T00:00:00.000Z" endTime="2025-03-12T00:00:10.000Z" outcome="Passed" testListId="11111111-1111-1111-1111-111111111111"><Output><StdOut>TestCase_137 output: Successful run.</StdOut></Output></UnitTestResult>
    <UnitTestResult executionId="00000000-0000-0000-0000-000000000138" testId="00000000-0000-0000-0000-000000000138" testName="TestCase_138" computerName="localhost" duration="00:00:10.000" startTime="2025-03-12T00:00:00.000Z" endTime="2025-03-12T00:00:10.000Z" outcome="Passed" testListId="11111111-1111-1111-1111-111111111111"><Output><StdOut>TestCase_138 output: Successful run.</StdOut></Output></UnitTestResult>
    <UnitTestResult executionId="00000000-0000-0000-0000-000000000139" testId="00000000-0000-0000-0000-000000000139" testName="TestCase_139" computerName="localhost" duration="00:00:10.000" startTime="2025-03-12T00:00:00.000Z" endTime="2025-03-12T00:00:10.000Z" outcome="Passed" testListId="11111111-1111-1111-1111-111111111111"><Output><StdOut>TestCase_139 output: Successful run.</StdOut></Output></UnitTestResult>
    <UnitTestResult executionId="00000000-0000-0000-0000-000000000140" testId="00000000-0000-0000-0000-000000000140" testName="TestCase_140" computerName="localhost" duration="00:00:10.000" startTime="2025-03-12T00:00:00.000Z" endTime="2025-03-12T00:00:10.000Z" outcome="Passed" testListId="11111111-1111-1111-1111-111111111111"><Output><StdOut>TestCase_140 output: Successful run.</StdOut></Output></UnitTestResult>
    <UnitTestResult executionId="00000000-0000-0000-0000-000000000141" testId="00000000-0000-0000-0000-000000000141" testName="TestCase_141" computerName="localhost" duration="00:00:10.000" startTime="2025-03-12T00:00:00.000Z" endTime="2025-03-12T00:00:10.000Z" outcome="Passed" testListId="11111111-1111-1111-1111-111111111111"><Output><StdOut>TestCase_141 output: Successful run.</StdOut></Output></UnitTestResult>
    <UnitTestResult executionId="00000000-0000-0000-0000-000000000142" testId="00000000-0000-0000-0000-000000000142" testName="TestCase_142" computerName="localhost" duration="00:00:10.000" startTime="2025-03-12T00:00:00.000Z" endTime="2025-03-12T00:00:10.000Z" outcome="Passed" testListId="11111111-1111-1111-1111-111111111111"><Output><StdOut>TestCase_142 output: Successful run.</StdOut></Output></UnitTestResult>
    <UnitTestResult executionId="00000000-0000-0000-0000-000000000143" testId="00000000-0000-0000-0000-000000000143" testName="TestCase_143" computerName="localhost" duration="00:00:10.000" startTime="2025-03-12T00:00:00.000Z" endTime="2025-03-12T00:00:10.000Z" outcome="Passed" testListId="11111111-1111-1111-1111-111111111111"><Output><StdOut>TestCase_143 output: Successful run.</StdOut></Output></UnitTestResult>
    <UnitTestResult executionId="00000000-0000-0000-0000-000000000144" testId="00000000-0000-0000-0000-000000000144" testName="TestCase_144" computerName="localhost" duration="00:00:10.000" startTime="2025-03-12T00:00:00.000Z" endTime="2025-03-12T00:00:10.000Z" outcome="Passed" testListId="11111111-1111-1111-1111-111111111111"><Output><StdOut>TestCase_144 output: Successful run.</StdOut></Output></UnitTestResult>
    <UnitTestResult executionId="00000000-0000-0000-0000-000000000145" testId="00000000-0000-0000-0000-000000000145" testName="TestCase_145" computerName="localhost" duration="00:00:10.000" startTime="2025-03-12T00:00:00.000Z" endTime="2025-03-12T00:00:10.000Z" outcome="Passed" testListId="11111111-1111-1111-1111-111111111111"><Output><StdOut>TestCase_145 output: Successful run.</StdOut></Output></UnitTestResult>
    <UnitTestResult executionId="00000000-0000-0000-0000-000000000146" testId="00000000-0000-0000-0000-000000000146" testName="TestCase_146" computerName="localhost" duration="00:00:10.000" startTime="2025-03-12T00:00:00.000Z" endTime="2025-03-12T00:00:10.000Z" outcome="Passed" testListId="11111111-1111-1111-1111-111111111111"><Output><StdOut>TestCase_146 output: Successful run.</StdOut></Output></UnitTestResult>
    <UnitTestResult executionId="00000000-0000-0000-0000-000000000147" testId="00000000-0000-0000-0000-000000000147" testName="TestCase_147" computerName="localhost" duration="00:00:10.000" startTime="2025-03-12T00:00:00.000Z" endTime="2025-03-12T00:00:10.000Z" outcome="Passed" testListId="11111111-1111-1111-1111-111111111111"><Output><StdOut>TestCase_147 output: Successful run.</StdOut></Output></UnitTestResult>
    <UnitTestResult executionId="00000000-0000-0000-0000-000000000148" testId="00000000-0000-0000-0000-000000000148" testName="TestCase_148" computerName="localhost" duration="00:00:10.000" startTime="2025-03-12T00:00:00.000Z" endTime="2025-03-12T00:00:10.000Z" outcome="Passed" testListId="11111111-1111-1111-1111-111111111111"><Output><StdOut>TestCase_148 output: Successful run.</StdOut></Output></UnitTestResult>
    <UnitTestResult executionId="00000000-0000-0000-0000-000000000149" testId="00000000-0000-0000-0000-000000000149" testName="TestCase_149" computerName="localhost" duration="00:00:10.000" startTime="2025-03-12T00:00:00.000Z" endTime="2025-03-12T00:00:10.000Z" outcome="Passed" testListId="11111111-1111-1111-1111-111111111111"><Output><StdOut>TestCase_149 output: Successful run.</StdOut></Output></UnitTestResult>
    <UnitTestResult executionId="00000000-0000-0000-0000-000000000150" testId="00000000-0000-0000-0000-000000000150" testName="TestCase_150" computerName="localhost" duration="00:00:10.000" startTime="2025-03-12T00:00:00.000Z" endTime="2025-03-12T00:00:10.000Z" outcome="Passed" testListId="11111111-1111-1111-1111-111111111111"><Output><StdOut>TestCase_150 output: Successful run.</StdOut></Output></UnitTestResult>
    <UnitTestResult executionId="00000000-0000-0000-0000-000000000151" testId="00000000-0000-0000-0000-000000000151" testName="TestCase_151" computerName="localhost" duration="00:00:10.000" startTime="2025-03-12T00:00:00.000Z" endTime="2025-03-12T00:00:10.000Z" outcome="Passed" testListId="11111111-1111-1111-1111-111111111111"><Output><StdOut>TestCase_151 output: Successful run.</StdOut></Output></UnitTestResult>
    <UnitTestResult executionId="00000000-0000-0000-0000-000000000152" testId="00000000-0000-0000-0000-000000000152" testName="TestCase_152" computerName="localhost" duration="00:00:10.000" startTime="2025-03-12T00:00:00.000Z" endTime="2025-03-12T00:00:10.000Z" outcome="Passed" testListId="11111111-1111-1111-1111-111111111111"><Output><StdOut>TestCase_152 output: Successful run.</StdOut></Output></UnitTestResult>
    <UnitTestResult executionId="00000000-0000-0000-0000-000000000153" testId="00000000-0000-0000-0000-000000000153" testName="TestCase_153" computerName="localhost" duration="00:00:10.000" startTime="2025-03-12T00:00:00.000Z" endTime="2025-03-12T00:00:10.000Z" outcome="Passed" testListId="11111111-1111-1111-1111-111111111111"><Output><StdOut>TestCase_153 output: Successful run.</StdOut></Output></UnitTestResult>
    <UnitTestResult executionId="00000000-0000-0000-0000-000000000154" testId="00000000-0000-0000-0000-000000000154" testName="TestCase_154" computerName="localhost" duration="00:00:10.000" startTime="2025-03-12T00:00:00.000Z" endTime="2025-03-12T00:00:10.000Z" outcome="Passed" testListId="11111111-1111-1111-1111-111111111111"><Output><StdOut>TestCase_154 output: Successful run.</StdOut></Output></UnitTestResult>
    <UnitTestResult executionId="00000000-0000-0000-0000-000000000155" testId="00000000-0000-0000-0000-000000000155" testName="TestCase_155" computerName="localhost" duration="00:00:10.000" startTime="2025-03-12T00:00:00.000Z" endTime="2025-03-12T00:00:10.000Z" outcome="Passed" testListId="11111111-1111-1111-1111-111111111111"><Output><StdOut>TestCase_155 output: Successful run.</StdOut></Output></UnitTestResult>
    <UnitTestResult executionId="00000000-0000-0000-0000-000000000156" testId="00000000-0000-0000-0000-000000000156" testName="TestCase_156" computerName="localhost" duration="00:00:10.000" startTime="2025-03-12T00:00:00.000Z" endTime="2025-03-12T00:00:10.000Z" outcome="Passed" testListId="11111111-1111-1111-1111-111111111111"><Output><StdOut>TestCase_156 output: Successful run.</StdOut></Output></UnitTestResult>
    <UnitTestResult executionId="00000000-0000-0000-0000-000000000157" testId="00000000-0000-0000-0000-000000000157" testName="TestCase_157" computerName="localhost" duration="00:00:10.000" startTime="2025-03-12T00:00:00.000Z" endTime="2025-03-12T00:00:10.000Z" outcome="Passed" testListId="11111111-1111-1111-1111-111111111111"><Output><StdOut>TestCase_157 output: Successful run.</StdOut></Output></UnitTestResult>
    <UnitTestResult executionId="00000000-0000-0000-0000-000000000158" testId="00000000-0000-0000-0000-000000000158" testName="TestCase_158" computerName="localhost" duration="00:00:10.000" startTime="2025-03-12T00:00:00.000Z" endTime="2025-03-12T00:00:10.000Z" outcome="Passed" testListId="11111111-1111-1111-1111-111111111111"><Output><StdOut>TestCase_158 output: Successful run.</StdOut></Output></UnitTestResult>
    <UnitTestResult executionId="00000000-0000-0000-0000-000000000159" testId="00000000-0000-0000-0000-000000000159" testName="TestCase_159" computerName="localhost" duration="00:00:10.000" startTime="2025-03-12T00:00:00.000Z" endTime="2025-03-12T00:00:10.000Z" outcome="Passed" testListId="11111111-1111-1111-1111-111111111111"><Output><StdOut>TestCase_159 output: Successful run.</StdOut></Output></UnitTestResult>
    <UnitTestResult executionId="00000000-0000-0000-0000-000000000160" testId="00000000-0000-0000-0000-000000000160" testName="TestCase_160" computerName="localhost" duration="00:00:10.000" startTime="2025-03-12T00:00:00.000Z" endTime="2025-03-12T00:00:10.000Z" outcome="Passed" testListId="11111111-1111-1111-1111-111111111111"><Output><StdOut>TestCase_160 output: Successful run.</StdOut></Output></UnitTestResult>
    <UnitTestResult executionId="00000000-0000-0000-0000-000000000161" testId="00000000-0000-0000-0000-000000000161" testName="TestCase_161" computerName="localhost" duration="00:00:10.000" startTime="2025-03-12T00:00:00.000Z" endTime="2025-03-12T00:00:10.000Z" outcome="Passed" testListId="11111111-1111-1111-1111-111111111111"><Output><StdOut>TestCase_161 output: Successful run.</StdOut></Output></UnitTestResult>
    <UnitTestResult executionId="00000000-0000-0000-0000-000000000162" testId="00000000-0000-0000-0000-000000000162" testName="TestCase_162" computerName="localhost" duration="00:00:10.000" startTime="2025-03-12T00:00:00.000Z" endTime="2025-03-12T00:00:10.000Z" outcome="Passed" testListId="11111111-1111-1111-1111-111111111111"><Output><StdOut>TestCase_162 output: Successful run.</StdOut></Output></UnitTestResult>
    <UnitTestResult executionId="00000000-0000-0000-0000-000000000163" testId="00000000-0000-0000-0000-000000000163" testName="TestCase_163" computerName="localhost" duration="00:00:10.000" startTime="2025-03-12T00:00:00.000Z" endTime="2025-03-12T00:00:10.000Z" outcome="Passed" testListId="11111111-1111-1111-1111-111111111111"><Output><StdOut>TestCase_163 output: Successful run.</StdOut></Output></UnitTestResult>
    <UnitTestResult executionId="00000000-0000-0000-0000-000000000164" testId="00000000-0000-0000-0000-000000000164" testName="TestCase_164" computerName="localhost" duration="00:00:10.000" startTime="2025-03-12T00:00:00.000Z" endTime="2025-03-12T00:00:10.000Z" outcome="Passed" testListId="11111111-1111-1111-1111-111111111111"><Output><StdOut>TestCase_164 output: Successful run.</StdOut></Output></UnitTestResult>
    <UnitTestResult executionId="00000000-0000-0000-0000-000000000165" testId="00000000-0000-0000-0000-000000000165" testName="TestCase_165" computerName="localhost" duration="00:00:10.000" startTime="2025-03-12T00:00:00.000Z" endTime="2025-03-12T00:00:10.000Z" outcome="Passed" testListId="11111111-1111-1111-1111-111111111111"><Output><StdOut>TestCase_165 output: Successful run.</StdOut></Output></UnitTestResult>
    <UnitTestResult executionId="00000000-0000-0000-0000-000000000166" testId="00000000-0000-0000-0000-000000000166" testName="TestCase_166" computerName="localhost" duration="00:00:10.000" startTime="2025-03-12T00:00:00.000Z" endTime="2025-03-12T00:00:10.000Z" outcome="Passed" testListId="11111111-1111-1111-1111-111111111111"><Output><StdOut>TestCase_166 output: Successful run.</StdOut></Output></UnitTestResult>
    <UnitTestResult executionId="00000000-0000-0000-0000-000000000167" testId="00000000-0000-0000-0000-000000000167" testName="TestCase_167" computerName="localhost" duration="00:00:10.000" startTime="2025-03-12T00:00:00.000Z" endTime="2025-03-12T00:00:10.000Z" outcome="Passed" testListId="11111111-1111-1111-1111-111111111111"><Output><StdOut>TestCase_167 output: Successful run.</StdOut></Output></UnitTestResult>
    <UnitTestResult executionId="00000000-0000-0000-0000-000000000168" testId="00000000-0000-0000-0000-000000000168" testName="TestCase_168" computerName="localhost" duration="00:00:10.000" startTime="2025-03-12T00:00:00.000Z" endTime="2025-03-12T00:00:10.000Z" outcome="Passed" testListId="11111111-1111-1111-1111-111111111111"><Output><StdOut>TestCase_168 output: Successful run.</StdOut></Output></UnitTestResult>
    <UnitTestResult executionId="00000000-0000-0000-0000-000000000169" testId="00000000-0000-0000-0000-000000000169" testName="TestCase_169" computerName="localhost" duration="00:00:10.000" startTime="2025-03-12T00:00:00.000Z" endTime="2025-03-12T00:00:10.000Z" outcome="Passed" testListId="11111111-1111-1111-1111-111111111111"><Output><StdOut>TestCase_169 output: Successful run.</StdOut></Output></UnitTestResult>
    <UnitTestResult executionId="00000000-0000-0000-0000-000000000170" testId="00000000-0000-0000-0000-000000000170" testName="TestCase_170" computerName="localhost" duration="00:00:10.000" startTime="2025-03-12T00:00:00.000Z" endTime="2025-03-12T00:00:10.000Z" outcome="Passed" testListId="11111111-1111-1111-1111-111111111111"><Output><StdOut>TestCase_170 output: Successful run.</StdOut></Output></UnitTestResult>
    <UnitTestResult executionId="00000000-0000-0000-0000-000000000171" testId="00000000-0000-0000-0000-000000000171" testName="TestCase_171" computerName="localhost" duration="00:00:10.000" startTime="2025-03-12T00:00:00.000Z" endTime="2025-03-12T00:00:10.000Z" outcome="Passed" testListId="11111111-1111-1111-1111-111111111111"><Output><StdOut>TestCase_171 output: Successful run.</StdOut></Output></UnitTestResult>
    <UnitTestResult executionId="00000000-0000-0000-0000-000000000172" testId="00000000-0000-0000-0000-000000000172" testName="TestCase_172" computerName="localhost" duration="00:00:10.000" startTime="2025-03-12T00:00:00.000Z" endTime="2025-03-12T00:00:10.000Z" outcome="Passed" testListId="11111111-1111-1111-1111-111111111111"><Output><StdOut>TestCase_172 output: Successful run.</StdOut></Output></UnitTestResult>
    <UnitTestResult executionId="00000000-0000-0000-0000-000000000173" testId="00000000-0000-0000-0000-000000000173" testName="TestCase_173" computerName="localhost" duration="00:00:10.000" startTime="2025-03-12T00:00:00.000Z" endTime="2025-03-12T00:00:10.000Z" outcome="Passed" testListId="11111111-1111-1111-1111-111111111111"><Output><StdOut>TestCase_173 output: Successful run.</StdOut></Output></UnitTestResult>
    <UnitTestResult executionId="00000000-0000-0000-0000-000000000174" testId="00000000-0000-0000-0000-000000000174" testName="TestCase_174" computerName="localhost" duration="00:00:10.000" startTime="2025-03-12T00:00:00.000Z" endTime="2025-03-12T00:00:10.000Z" outcome="Passed" testListId="11111111-1111-1111-1111-111111111111"><Output><StdOut>TestCase_174 output: Successful run.</StdOut></Output></UnitTestResult>
    <UnitTestResult executionId="00000000-0000-0000-0000-000000000175" testId="00000000-0000-0000-0000-000000000175" testName="TestCase_175" computerName="localhost" duration="00:00:10.000" startTime="2025-03-12T00:00:00.000Z" endTime="2025-03-12T00:00:10.000Z" outcome="Passed" testListId="11111111-1111-1111-1111-111111111111"><Output><StdOut>TestCase_175 output: Successful run.</StdOut></Output></UnitTestResult>
    <UnitTestResult executionId="00000000-0000-0000-0000-000000000176" testId="00000000-0000-0000-0000-000000000176" testName="TestCase_176" computerName="localhost" duration="00:00:10.000" startTime="2025-03-12T00:00:00.000Z" endTime="2025-03-12T00:00:10.000Z" outcome="Passed" testListId="11111111-1111-1111-1111-111111111111"><Output><StdOut>TestCase_176 output: Successful run.</StdOut></Output></UnitTestResult>
    <UnitTestResult executionId="00000000-0000-0000-0000-000000000177" testId="00000000-0000-0000-0000-000000000177" testName="TestCase_177" computerName="localhost" duration="00:00:10.000" startTime="2025-03-12T00:00:00.000Z" endTime="2025-03-12T00:00:10.000Z" outcome="Passed" testListId="11111111-1111-1111-1111-111111111111"><Output><StdOut>TestCase_177 output: Successful run.</StdOut></Output></UnitTestResult>
    <UnitTestResult executionId="00000000-0000-0000-0000-000000000178" testId="00000000-0000-0000-0000-000000000178" testName="TestCase_178" computerName="localhost" duration="00:00:10.000" startTime="2025-03-12T00:00:00.000Z" endTime="2025-03-12T00:00:10.000Z" outcome="Passed" testListId="11111111-1111-1111-1111-111111111111"><Output><StdOut>TestCase_178 output: Successful run.</StdOut></Output></UnitTestResult>
    <UnitTestResult executionId="00000000-0000-0000-0000-000000000179" testId="00000000-0000-0000-0000-000000000179" testName="TestCase_179" computerName="localhost" duration="00:00:10.000" startTime="2025-03-12T00:00:00.000Z" endTime="2025-03-12T00:00:10.000Z" outcome="Passed" testListId="11111111-1111-1111-1111-111111111111"><Output><StdOut>TestCase_179 output: Successful run.</StdOut></Output></UnitTestResult>
    <UnitTestResult executionId="00000000-0000-0000-0000-000000000180" testId="00000000-0000-0000-0000-000000000180" testName="TestCase_180" computerName="localhost" duration="00:00:10.000" startTime="2025-03-12T00:00:00.000Z" endTime="2025-03-12T00:00:10.000Z" outcome="Passed" testListId="11111111-1111-1111-1111-111111111111"><Output><StdOut>TestCase_180 output: Successful run.</StdOut></Output></UnitTestResult>
    <UnitTestResult executionId="00000000-0000-0000-0000-000000000181" testId="00000000-0000-0000-0000-000000000181" testName="TestCase_181" computerName="localhost" duration="00:00:10.000" startTime="2025-03-12T00:00:00.000Z" endTime="2025-03-12T00:00:10.000Z" outcome="Passed" testListId="11111111-1111-1111-1111-111111111111"><Output><StdOut>TestCase_181 output: Successful run.</StdOut></Output></UnitTestResult>
    <UnitTestResult executionId="00000000-0000-0000-0000-000000000182" testId="00000000-0000-0000-0000-000000000182" testName="TestCase_182" computerName="localhost" duration="00:00:10.000" startTime="2025-03-12T00:00:00.000Z" endTime="2025-03-12T00:00:10.000Z" outcome="Passed" testListId="11111111-1111-1111-1111-111111111111"><Output><StdOut>TestCase_182 output: Successful run.</StdOut></Output></UnitTestResult>
    <UnitTestResult executionId="00000000-0000-0000-0000-000000000183" testId="00000000-0000-0000-0000-000000000183" testName="TestCase_183" computerName="localhost" duration="00:00:10.000" startTime="2025-03-12T00:00:00.000Z" endTime="2025-03-12T00:00:10.000Z" outcome="Passed" testListId="11111111-1111-1111-1111-111111111111"><Output><StdOut>TestCase_183 output: Successful run.</StdOut></Output></UnitTestResult>
    <UnitTestResult executionId="00000000-0000-0000-0000-000000000184" testId="00000000-0000-0000-0000-000000000184" testName="TestCase_184" computerName="localhost" duration="00:00:10.000" startTime="2025-03-12T00:00:00.000Z" endTime="2025-03-12T00:00:10.000Z" outcome="Passed" testListId="11111111-1111-1111-1111-111111111111"><Output><StdOut>TestCase_184 output: Successful run.</StdOut></Output></UnitTestResult>
    <UnitTestResult executionId="00000000-0000-0000-0000-000000000185" testId="00000000-0000-0000-0000-000000000185" testName="TestCase_185" computerName="localhost" duration="00:00:10.000" startTime="2025-03-12T00:00:00.000Z" endTime="2025-03-12T00:00:10.000Z" outcome="Passed" testListId="11111111-1111-1111-1111-111111111111"><Output><StdOut>TestCase_185 output: Successful run.</StdOut></Output></UnitTestResult>
    <UnitTestResult executionId="00000000-0000-0000-0000-000000000186" testId="00000000-0000-0000-0000-000000000186" testName="TestCase_186" computerName="localhost" duration="00:00:10.000" startTime="2025-03-12T00:00:00.000Z" endTime="2025-03-12T00:00:10.000Z" outcome="Passed" testListId="11111111-1111-1111-1111-111111111111"><Output><StdOut>TestCase_186 output: Successful run.</StdOut></Output></UnitTestResult>
    <UnitTestResult executionId="00000000-0000-0000-0000-000000000187" testId="00000000-0000-0000-0000-000000000187" testName="TestCase_187" computerName="localhost" duration="00:00:10.000" startTime="2025-03-12T00:00:00.000Z" endTime="2025-03-12T00:00:10.000Z" outcome="Passed" testListId="11111111-1111-1111-1111-111111111111"><Output><StdOut>TestCase_187 output: Successful run.</StdOut></Output></UnitTestResult>
    <UnitTestResult executionId="00000000-0000-0000-0000-000000000188" testId="00000000-0000-0000-0000-000000000188" testName="TestCase_188" computerName="localhost" duration="00:00:10.000" startTime="2025-03-12T00:00:00.000Z" endTime="2025-03-12T00:00:10.000Z" outcome="Passed" testListId="11111111-1111-1111-1111-111111111111"><Output><StdOut>TestCase_188 output: Successful run.</StdOut></Output></UnitTestResult>
    <UnitTestResult executionId="00000000-0000-0000-0000-000000000189" testId="00000000-0000-0000-0000-000000000189" testName="TestCase_189" computerName="localhost" duration="00:00:10.000" startTime="2025-03-12T00:00:00.000Z" endTime="2025-03-12T00:00:10.000Z" outcome="Passed" testListId="11111111-1111-1111-1111-111111111111"><Output><StdOut>TestCase_189 output: Successful run.</StdOut></Output></UnitTestResult>
    <UnitTestResult executionId="00000000-0000-0000-0000-000000000190" testId="00000000-0000-0000-0000-000000000190" testName="TestCase_190" computerName="localhost" duration="00:00:10.000" startTime="2025-03-12T00:00:00.000Z" endTime="2025-03-12T00:00:10.000Z" outcome="Passed" testListId="11111111-1111-1111-1111-111111111111"><Output><StdOut>TestCase_190 output: Successful run.</StdOut></Output></UnitTestResult>
    <UnitTestResult executionId="00000000-0000-0000-0000-000000000191" testId="00000000-0000-0000-0000-000000000191" testName="TestCase_191" computerName="localhost" duration="00:00:10.000" startTime="2025-03-12T00:00:00.000Z" endTime="2025-03-12T00:00:10.000Z" outcome="Passed" testListId="11111111-1111-1111-1111-111111111111"><Output><StdOut>TestCase_191 output: Successful run.</StdOut></Output></UnitTestResult>
    <UnitTestResult executionId="00000000-0000-0000-0000-000000000192" testId="00000000-0000-0000-0000-000000000192" testName="TestCase_192" computerName="localhost" duration="00:00:10.000" startTime="2025-03-12T00:00:00.000Z" endTime="2025-03-12T00:00:10.000Z" outcome="Passed" testListId="11111111-1111-1111-1111-111111111111"><Output><StdOut>TestCase_192 output: Successful run.</StdOut></Output></UnitTestResult>
    <UnitTestResult executionId="00000000-0000-0000-0000-000000000193" testId="00000000-0000-0000-0000-000000000193" testName="TestCase_193" computerName="localhost" duration="00:00:10.000" startTime="2025-03-12T00:00:00.000Z" endTime="2025-03-12T00:00:10.000Z" outcome="Passed" testListId="11111111-1111-1111-1111-111111111111"><Output><StdOut>TestCase_193 output: Successful run.</StdOut></Output></UnitTestResult>
    <UnitTestResult executionId="00000000-0000-0000-0000-000000000194" testId="00000000-0000-0000-0000-000000000194" testName="TestCase_194" computerName="localhost" duration="00:00:10.000" startTime="2025-03-12T00:00:00.000Z" endTime="2025-03-12T00:00:10.000Z" outcome="Passed" testListId="11111111-1111-1111-1111-111111111111"><Output><StdOut>TestCase_194 output: Successful run.</StdOut></Output></UnitTestResult>
    <UnitTestResult executionId="00000000-0000-0000-0000-000000000195" testId="00000000-0000-0000-0000-000000000195" testName="TestCase_195" computerName="localhost" duration="00:00:10.000" startTime="2025-03-12T00:00:00.000Z" endTime="2025-03-12T00:00:10.000Z" outcome="Passed" testListId="11111111-1111-1111-1111-111111111111"><Output><StdOut>TestCase_195 output: Successful run.</StdOut></Output></UnitTestResult>
    <UnitTestResult executionId="00000000-0000-0000-0000-000000000196" testId="00000000-0000-0000-0000-000000000196" testName="TestCase_196" computerName="localhost" duration="00:00:10.000" startTime="2025-03-12T00:00:00.000Z" endTime="2025-03-12T00:00:10.000Z" outcome="Passed" testListId="11111111-1111-1111-1111-111111111111"><Output><StdOut>TestCase_196 output: Successful run.</StdOut></Output></UnitTestResult>
    <UnitTestResult executionId="00000000-0000-0000-0000-000000000197" testId="00000000-0000-0000-0000-000000000197" testName="TestCase_197" computerName="localhost" duration="00:00:10.000" startTime="2025-03-12T00:00:00.000Z" endTime="2025-03-12T00:00:10.000Z" outcome="Passed" testListId="11111111-1111-1111-1111-111111111111"><Output><StdOut>TestCase_197 output: Successful run.</StdOut></Output></UnitTestResult>
    <UnitTestResult executionId="00000000-0000-0000-0000-000000000198" testId="00000000-0000-0000-0000-000000000198" testName="TestCase_198" computerName="localhost" duration="00:00:10.000" startTime="2025-03-12T00:00:00.000Z" endTime="2025-03-12T00:00:10.000Z" outcome="Passed" testListId="11111111-1111-1111-1111-111111111111"><Output><StdOut>TestCase_198 output: Successful run.</StdOut></Output></UnitTestResult>
    <UnitTestResult executionId="00000000-0000-0000-0000-000000000199" testId="00000000-0000-0000-0000-000000000199" testName="TestCase_199" computerName="localhost" duration="00:00:10.000" startTime="2025-03-12T00:00:00.000Z" endTime="2025-03-12T00:00:10.000Z" outcome="Passed" testListId="11111111-1111-1111-1111-111111111111"><Output><StdOut>TestCase_199 output: Successful run.</StdOut></Output></UnitTestResult>
    <UnitTestResult executionId="00000000-0000-0000-0000-000000000200" testId="00000000-0000-0000-0000-000000000200" testName="TestCase_200" computerName="localhost" duration="00:00:10.000" startTime="2025-03-12T00:00:00.000Z" endTime="2025-03-12T00:00:10.000Z" outcome="Passed" testListId="11111111-1111-1111-1111-111111111111"><Output><StdOut>TestCase_200 output: Successful run.</StdOut></Output></UnitTestResult>
    <UnitTestResult executionId="00000000-0000-0000-0000-000000000201" testId="00000000-0000-0000-0000-000000000201" testName="TestCase_201" computerName="localhost" duration="00:00:10.000" startTime="2025-03-12T00:00:00.000Z" endTime="2025-03-12T00:00:10.000Z" outcome="Passed" testListId="11111111-1111-1111-1111-111111111111"><Output><StdOut>TestCase_201 output: Successful run.</StdOut></Output></UnitTestResult>
    <UnitTestResult executionId="00000000-0000-0000-0000-000000000202" testId="00000000-0000-0000-0000-000000000202" testName="TestCase_202" computerName="localhost" duration="00:00:10.000" startTime="2025-03-12T00:00:00.000Z" endTime="2025-03-12T00:00:10.000Z" outcome="Passed" testListId="11111111-1111-1111-1111-111111111111"><Output><StdOut>TestCase_202 output: Successful run.</StdOut></Output></UnitTestResult>
    <UnitTestResult executionId="00000000-0000-0000-0000-000000000203" testId="00000000-0000-0000-0000-000000000203" testName="TestCase_203" computerName="localhost" duration="00:00:10.000" startTime="2025-03-12T00:00:00.000Z" endTime="2025-03-12T00:00:10.000Z" outcome="Passed" testListId="11111111-1111-1111-1111-111111111111"><Output><StdOut>TestCase_203 output: Successful run.</StdOut></Output></UnitTestResult>
    <UnitTestResult executionId="00000000-0000-0000-0000-000000000204" testId="00000000-0000-0000-0000-000000000204" testName="TestCase_204" computerName="localhost" duration="00:00:10.000" startTime="2025-03-12T00:00:00.000Z" endTime="2025-03-12T00:00:10.000Z" outcome="Passed" testListId="11111111-1111-1111-1111-111111111111"><Output><StdOut>TestCase_204 output: Successful run.</StdOut></Output></UnitTestResult>
    <UnitTestResult executionId="00000000-0000-0000-0000-000000000205" testId="00000000-0000-0000-0000-000000000205" testName="TestCase_205" computerName="localhost" duration="00:00:10.000" startTime="2025-03-12T00:00:00.000Z" endTime="2025-03-12T00:00:10.000Z" outcome="Passed" testListId="11111111-1111-1111-1111-111111111111"><Output><StdOut>TestCase_205 output: Successful run.</StdOut></Output></UnitTestResult>
    <UnitTestResult executionId="00000000-0000-0000-0000-000000000206" testId="00000000-0000-0000-0000-000000000206" testName="TestCase_206" computerName="localhost" duration="00:00:10.000" startTime="2025-03-12T00:00:00.000Z" endTime="2025-03-12T00:00:10.000Z" outcome="Passed" testListId="11111111-1111-1111-1111-111111111111"><Output><StdOut>TestCase_206 output: Successful run.</StdOut></Output></UnitTestResult>
    <UnitTestResult executionId="00000000-0000-0000-0000-000000000207" testId="00000000-0000-0000-0000-000000000207" testName="TestCase_207" computerName="localhost" duration="00:00:10.000" startTime="2025-03-12T00:00:00.000Z" endTime="2025-03-12T00:00:10.000Z" outcome="Passed" testListId="11111111-1111-1111-1111-111111111111"><Output><StdOut>TestCase_207 output: Successful run.</StdOut></Output></UnitTestResult>
    <UnitTestResult executionId="00000000-0000-0000-0000-000000000208" testId="00000000-0000-0000-0000-000000000208" testName="TestCase_208" computerName="localhost" duration="00:00:10.000" startTime="2025-03-12T00:00:00.000Z" endTime="2025-03-12T00:00:10.000Z" outcome="Passed" testListId="11111111-1111-1111-1111-111111111111"><Output><StdOut>TestCase_208 output: Successful run.</StdOut></Output></UnitTestResult>
    <UnitTestResult executionId="00000000-0000-0000-0000-000000000209" testId="00000000-0000-0000-0000-000000000209" testName="TestCase_209" computerName="localhost" duration="00:00:10.000" startTime="2025-03-12T00:00:00.000Z" endTime="2025-03-12T00:00:10.000Z" outcome="Passed" testListId="11111111-1111-1111-1111-111111111111"><Output><StdOut>TestCase_209 output: Successful run.</StdOut></Output></UnitTestResult>
    <UnitTestResult executionId="00000000-0000-0000-0000-000000000210" testId="00000000-0000-0000-0000-000000000210" testName="TestCase_210" computerName="localhost" duration="00:00:10.000" startTime="2025-03-12T00:00:00.000Z" endTime="2025-03-12T00:00:10.000Z" outcome="Passed" testListId="11111111-1111-1111-1111-111111111111"><Output><StdOut>TestCase_210 output: Successful run.</StdOut></Output></UnitTestResult>
    <UnitTestResult executionId="00000000-0000-0000-0000-000000000211" testId="00000000-0000-0000-0000-000000000211" testName="TestCase_211" computerName="localhost" duration="00:00:10.000" startTime="2025-03-12T00:00:00.000Z" endTime="2025-03-12T00:00:10.000Z" outcome="Passed" testListId="11111111-1111-1111-1111-111111111111"><Output><StdOut>TestCase_211 output: Successful run.</StdOut></Output></UnitTestResult>
    <UnitTestResult executionId="00000000-0000-0000-0000-000000000212" testId="00000000-0000-0000-0000-000000000212" testName="TestCase_212" computerName="localhost" duration="00:00:10.000" startTime="2025-03-12T00:00:00.000Z" endTime="2025-03-12T00:00:10.000Z" outcome="Passed" testListId="11111111-1111-1111-1111-111111111111"><Output><StdOut>TestCase_212 output: Successful run.</StdOut></Output></UnitTestResult>
    <UnitTestResult executionId="00000000-0000-0000-0000-000000000213" testId="00000000-0000-0000-0000-000000000213" testName="TestCase_213" computerName="localhost" duration="00:00:10.000" startTime="2025-03-12T00:00:00.000Z" endTime="2025-03-12T00:00:10.000Z" outcome="Passed" testListId="11111111-1111-1111-1111-111111111111"><Output><StdOut>TestCase_213 output: Successful run.</StdOut></Output></UnitTestResult>
    <UnitTestResult executionId="00000000-0000-0000-0000-000000000214" testId="00000000-0000-0000-0000-000000000214" testName="TestCase_214" computerName="localhost" duration="00:00:10.000" startTime="2025-03-12T00:00:00.000Z" endTime="2025-03-12T00:00:10.000Z" outcome="Passed" testListId="11111111-1111-1111-1111-111111111111"><Output><StdOut>TestCase_214 output: Successful run.</StdOut></Output></UnitTestResult>
    <UnitTestResult executionId="00000000-0000-0000-0000-000000000215" testId="00000000-0000-0000-0000-000000000215" testName="TestCase_215" computerName="localhost" duration="00:00:10.000" startTime="2025-03-12T00:00:00.000Z" endTime="2025-03-12T00:00:10.000Z" outcome="Passed" testListId="11111111-1111-1111-1111-111111111111"><Output><StdOut>TestCase_215 output: Successful run.</StdOut></Output></UnitTestResult>
    <UnitTestResult executionId="00000000-0000-0000-0000-000000000216" testId="00000000-0000-0000-0000-000000000216" testName="TestCase_216" computerName="localhost" duration="00:00:10.000" startTime="2025-03-12T00:00:00.000Z" endTime="2025-03-12T00:00:10.000Z" outcome="Passed" testListId="11111111-1111-1111-1111-111111111111"><Output><StdOut>TestCase_216 output: Successful run.</StdOut></Output></UnitTestResult>
    <UnitTestResult executionId="00000000-0000-0000-0000-000000000217" testId="00000000-0000-0000-0000-000000000217" testName="TestCase_217" computerName="localhost" duration="00:00:10.000" startTime="2025-03-12T00:00:00.000Z" endTime="2025-03-12T00:00:10.000Z" outcome="Passed" testListId="11111111-1111-1111-1111-111111111111"><Output><StdOut>TestCase_217 output: Successful run.</StdOut></Output></UnitTestResult>
    <UnitTestResult executionId="00000000-0000-0000-0000-000000000218" testId="00000000-0000-0000-0000-000000000218" testName="TestCase_218" computerName="localhost" duration="00:00:10.000" startTime="2025-03-12T00:00:00.000Z" endTime="2025-03-12T00:00:10.000Z" outcome="Passed" testListId="11111111-1111-1111-1111-111111111111"><Output><StdOut>TestCase_218 output: Successful run.</StdOut></Output></UnitTestResult>
    <UnitTestResult executionId="00000000-0000-0000-0000-000000000219" testId="00000000-0000-0000-0000-000000000219" testName="TestCase_219" computerName="localhost" duration="00:00:10.000" startTime="2025-03-12T00:00:00.000Z" endTime="2025-03-12T00:00:10.000Z" outcome="Passed" testListId="11111111-1111-1111-1111-111111111111"><Output><StdOut>TestCase_219 output: Successful run.</StdOut></Output></UnitTestResult>
    <UnitTestResult executionId="00000000-0000-0000-0000-000000000220" testId="00000000-0000-0000-0000-000000000220" testName="TestCase_220" computerName="localhost" duration="00:00:10.000" startTime="2025-03-12T00:00:00.000Z" endTime="2025-03-12T00:00:10.000Z" outcome="Passed" testListId="11111111-1111-1111-1111-111111111111"><Output><StdOut>TestCase_220 output: Successful run.</StdOut></Output></UnitTestResult>
    <UnitTestResult executionId="00000000-0000-0000-0000-000000000221" testId="00000000-0000-0000-0000-000000000221" testName="TestCase_221" computerName="localhost" duration="00:00:10.000" startTime="2025-03-12T00:00:00.000Z" endTime="2025-03-12T00:00:10.000Z" outcome="Passed" testListId="11111111-1111-1111-1111-111111111111"><Output><StdOut>TestCase_221 output: Successful run.</StdOut></Output></UnitTestResult>
    <UnitTestResult executionId="00000000-0000-0000-0000-000000000222" testId="00000000-0000-0000-0000-000000000222" testName="TestCase_222" computerName="localhost" duration="00:00:10.000" startTime="2025-03-12T00:00:00.000Z" endTime="2025-03-12T00:00:10.000Z" outcome="Passed" testListId="11111111-1111-1111-1111-111111111111"><Output><StdOut>TestCase_222 output: Successful run.</StdOut></Output></UnitTestResult>
    <UnitTestResult executionId="00000000-0000-0000-0000-000000000223" testId="00000000-0000-0000-0000-000000000223" testName="TestCase_223" computerName="localhost" duration="00:00:10.000" startTime="2025-03-12T00:00:00.000Z" endTime="2025-03-12T00:00:10.000Z" outcome="Passed" testListId="11111111-1111-1111-1111-111111111111"><Output><StdOut>TestCase_223 output: Successful run.</StdOut></Output></UnitTestResult>
    <UnitTestResult executionId="00000000-0000-0000-0000-000000000224" testId="00000000-0000-0000-0000-000000000224" testName="TestCase_224" computerName="localhost" duration="00:00:10.000" startTime="2025-03-12T00:00:00.000Z" endTime="2025-03-12T00:00:10.000Z" outcome="Passed" testListId="11111111-1111-1111-1111-111111111111"><Output><StdOut>TestCase_224 output: Successful run.</StdOut></Output></UnitTestResult>
    <UnitTestResult executionId="00000000-0000-0000-0000-000000000225" testId="00000000-0000-0000-0000-000000000225" testName="TestCase_225" computerName="localhost" duration="00:00:10.000" startTime="2025-03-12T00:00:00.000Z" endTime="2025-03-12T00:00:10.000Z" outcome="Passed" testListId="11111111-1111-1111-1111-111111111111"><Output><StdOut>TestCase_225 output: Successful run.</StdOut></Output></UnitTestResult>
    <UnitTestResult executionId="00000000-0000-0000-0000-000000000226" testId="00000000-0000-0000-0000-000000000226" testName="TestCase_226" computerName="localhost" duration="00:00:10.000" startTime="2025-03-12T00:00:00.000Z" endTime="2025-03-12T00:00:10.000Z" outcome="Passed" testListId="11111111-1111-1111-1111-111111111111"><Output><StdOut>TestCase_226 output: Successful run.</StdOut></Output></UnitTestResult>
    <UnitTestResult executionId="00000000-0000-0000-0000-000000000227" testId="00000000-0000-0000-0000-000000000227" testName="TestCase_227" computerName="localhost" duration="00:00:10.000" startTime="2025-03-12T00:00:00.000Z" endTime="2025-03-12T00:00:10.000Z" outcome="Passed" testListId="11111111-1111-1111-1111-111111111111"><Output><StdOut>TestCase_227 output: Successful run.</StdOut></Output></UnitTestResult>
    <UnitTestResult executionId="00000000-0000-0000-0000-000000000228" testId="00000000-0000-0000-0000-000000000228" testName="TestCase_228" computerName="localhost" duration="00:00:10.000" startTime="2025-03-12T00:00:00.000Z" endTime="2025-03-12T00:00:10.000Z" outcome="Passed" testListId="11111111-1111-1111-1111-111111111111"><Output><StdOut>TestCase_228 output: Successful run.</StdOut></Output></UnitTestResult>
    <UnitTestResult executionId="00000000-0000-0000-0000-000000000229" testId="00000000-0000-0000-0000-000000000229" testName="TestCase_229" computerName="localhost" duration="00:00:10.000" startTime="2025-03-12T00:00:00.000Z" endTime="2025-03-12T00:00:10.000Z" outcome="Passed" testListId="11111111-1111-1111-1111-111111111111"><Output><StdOut>TestCase_229 output: Successful run.</StdOut></Output></UnitTestResult>
    <UnitTestResult executionId="00000000-0000-0000-0000-000000000230" testId="00000000-0000-0000-0000-000000000230" testName="TestCase_230" computerName="localhost" duration="00:00:10.000" startTime="2025-03-12T00:00:00.000Z" endTime="2025-03-12T00:00:10.000Z" outcome="Passed" testListId="11111111-1111-1111-1111-111111111111"><Output><StdOut>TestCase_230 output: Successful run.</StdOut></Output></UnitTestResult>
    <UnitTestResult executionId="00000000-0000-0000-0000-000000000231" testId="00000000-0000-0000-0000-000000000231" testName="TestCase_231" computerName="localhost" duration="00:00:10.000" startTime="2025-03-12T00:00:00.000Z" endTime="2025-03-12T00:00:10.000Z" outcome="Passed" testListId="11111111-1111-1111-1111-111111111111"><Output><StdOut>TestCase_231 output: Successful run.</StdOut></Output></UnitTestResult>
    <UnitTestResult executionId="00000000-0000-0000-0000-000000000232" testId="00000000-0000-0000-0000-000000000232" testName="TestCase_232" computerName="localhost" duration="00:00:10.000" startTime="2025-03-12T00:00:00.000Z" endTime="2025-03-12T00:00:10.000Z" outcome="Passed" testListId="11111111-1111-1111-1111-111111111111"><Output><StdOut>TestCase_232 output: Successful run.</StdOut></Output></UnitTestResult>
    <UnitTestResult executionId="00000000-0000-0000-0000-000000000233" testId="00000000-0000-0000-0000-000000000233" testName="TestCase_233" computerName="localhost" duration="00:00:10.000" startTime="2025-03-12T00:00:00.000Z" endTime="2025-03-12T00:00:10.000Z" outcome="Passed" testListId="11111111-1111-1111-1111-111111111111"><Output><StdOut>TestCase_233 output: Successful run.</StdOut></Output></UnitTestResult>
    <UnitTestResult executionId="00000000-0000-0000-0000-000000000234" testId="00000000-0000-0000-0000-000000000234" testName="TestCase_234" computerName="localhost" duration="00:00:10.000" startTime="2025-03-12T00:00:00.000Z" endTime="2025-03-12T00:00:10.000Z" outcome="Passed" testListId="11111111-1111-1111-1111-111111111111"><Output><StdOut>TestCase_234 output: Successful run.</StdOut></Output></UnitTestResult>
    <UnitTestResult executionId="00000000-0000-0000-0000-000000000235" testId="00000000-0000-0000-0000-000000000235" testName="TestCase_235" computerName="localhost" duration="00:00:10.000" startTime="2025-03-12T00:00:00.000Z" endTime="2025-03-12T00:00:10.000Z" outcome="Passed" testListId="11111111-1111-1111-1111-111111111111"><Output><StdOut>TestCase_235 output: Successful run.</StdOut></Output></UnitTestResult>
    <UnitTestResult executionId="00000000-0000-0000-0000-000000000236" testId="00000000-0000-0000-0000-000000000236" testName="TestCase_236" computerName="localhost" duration="00:00:10.000" startTime="2025-03-12T00:00:00.000Z" endTime="2025-03-12T00:00:10.000Z" outcome="Passed" testListId="11111111-1111-1111-1111-111111111111"><Output><StdOut>TestCase_236 output: Successful run.</StdOut></Output></UnitTestResult>
    <UnitTestResult executionId="00000000-0000-0000-0000-000000000237" testId="00000000-0000-0000-0000-000000000237" testName="TestCase_237" computerName="localhost" duration="00:00:10.000" startTime="2025-03-12T00:00:00.000Z" endTime="2025-03-12T00:00:10.000Z" outcome="Passed" testListId="11111111-1111-1111-1111-111111111111"><Output><StdOut>TestCase_237 output: Successful run.</StdOut></Output></UnitTestResult>
    <UnitTestResult executionId="00000000-0000-0000-0000-000000000238" testId="00000000-0000-0000-0000-000000000238" testName="TestCase_238" computerName="localhost" duration="00:00:10.000" startTime="2025-03-12T00:00:00.000Z" endTime="2025-03-12T00:00:10.000Z" outcome="Passed" testListId="11111111-1111-1111-1111-111111111111"><Output><StdOut>TestCase_238 output: Successful run.</StdOut></Output></UnitTestResult>
    <UnitTestResult executionId="00000000-0000-0000-0000-000000000239" testId="00000000-0000-0000-0000-000000000239" testName="TestCase_239" computerName="localhost" duration="00:00:10.000" startTime="2025-03-12T00:00:00.000Z" endTime="2025-03-12T00:00:10.000Z" outcome="Passed" testListId="11111111-1111-1111-1111-111111111111"><Output><StdOut>TestCase_239 output: Successful run.</StdOut></Output></UnitTestResult>
    <UnitTestResult executionId="00000000-0000-0000-0000-000000000240" testId="00000000-0000-0000-0000-000000000240" testName="TestCase_240" computerName="localhost" duration="00:00:10.000" startTime="2025-03-12T00:00:00.000Z" endTime="2025-03-12T00:00:10.000Z" outcome="Passed" testListId="11111111-1111-1111-1111-111111111111"><Output><StdOut>TestCase_240 output: Successful run.</StdOut></Output></UnitTestResult>
    <UnitTestResult executionId="00000000-0000-0000-0000-000000000241" testId="00000000-0000-0000-0000-000000000241" testName="TestCase_241" computerName="localhost" duration="00:00:10.000" startTime="2025-03-12T00:00:00.000Z" endTime="2025-03-12T00:00:10.000Z" outcome="Passed" testListId="11111111-1111-1111-1111-111111111111"><Output><StdOut>TestCase_241 output: Successful run.</StdOut></Output></UnitTestResult>
    <UnitTestResult executionId="00000000-0000-0000-0000-000000000242" testId="00000000-0000-0000-0000-000000000242" testName="TestCase_242" computerName="localhost" duration="00:00:10.000" startTime="2025-03-12T00:00:00.000Z" endTime="2025-03-12T00:00:10.000Z" outcome="Passed" testListId="11111111-1111-1111-1111-111111111111"><Output><StdOut>TestCase_242 output: Successful run.</StdOut></Output></UnitTestResult>
    <UnitTestResult executionId="00000000-0000-0000-0000-000000000243" testId="00000000-0000-0000-0000-000000000243" testName="TestCase_243" computerName="localhost" duration="00:00:10.000" startTime="2025-03-12T00:00:00.000Z" endTime="2025-03-12T00:00:10.000Z" outcome="Passed" testListId="11111111-1111-1111-1111-111111111111"><Output><StdOut>TestCase_243 output: Successful run.</StdOut></Output></UnitTestResult>
    <UnitTestResult executionId="00000000-0000-0000-0000-000000000244" testId="00000000-0000-0000-0000-000000000244" testName="TestCase_244" computerName="localhost" duration="00:00:10.000" startTime="2025-03-12T00:00:00.000Z" endTime="2025-03-12T00:00:10.000Z" outcome="Passed" testListId="11111111-1111-1111-1111-111111111111"><Output><StdOut>TestCase_244 output: Successful run.</StdOut></Output></UnitTestResult>
    <UnitTestResult executionId="00000000-0000-0000-0000-000000000245" testId="00000000-0000-0000-0000-000000000245" testName="TestCase_245" computerName="localhost" duration="00:00:10.000" startTime="2025-03-12T00:00:00.000Z" endTime="2025-03-12T00:00:10.000Z" outcome="Passed" testListId="11111111-1111-1111-1111-111111111111"><Output><StdOut>TestCase_245 output: Successful run.</StdOut></Output></UnitTestResult>
    <UnitTestResult executionId="00000000-0000-0000-0000-000000000246" testId="00000000-0000-0000-0000-000000000246" testName="TestCase_246" computerName="localhost" duration="00:00:10.000" startTime="2025-03-12T00:00:00.000Z" endTime="2025-03-12T00:00:10.000Z" outcome="Passed" testListId="11111111-1111-1111-1111-111111111111"><Output><StdOut>TestCase_246 output: Successful run.</StdOut></Output></UnitTestResult>
    <UnitTestResult executionId="00000000-0000-0000-0000-000000000247" testId="00000000-0000-0000-0000-000000000247" testName="TestCase_247" computerName="localhost" duration="00:00:10.000" startTime="2025-03-12T00:00:00.000Z" endTime="2025-03-12T00:00:10.000Z" outcome="Passed" testListId="11111111-1111-1111-1111-111111111111"><Output><StdOut>TestCase_247 output: Successful run.</StdOut></Output></UnitTestResult>
    <UnitTestResult executionId="00000000-0000-0000-0000-000000000248" testId="00000000-0000-0000-0000-000000000248" testName="TestCase_248" computerName="localhost" duration="00:00:10.000" startTime="2025-03-12T00:00:00.000Z" endTime="2025-03-12T00:00:10.000Z" outcome="Passed" testListId="11111111-1111-1111-1111-111111111111"><Output><StdOut>TestCase_248 output: Successful run.</StdOut></Output></UnitTestResult>
    <UnitTestResult executionId="00000000-0000-0000-0000-000000000249" testId="00000000-0000-0000-0000-000000000249" testName="TestCase_249" computerName="localhost" duration="00:00:10.000" startTime="2025-03-12T00:00:00.000Z" endTime="2025-03-12T00:00:10.000Z" outcome="Passed" testListId="11111111-1111-1111-1111-111111111111"><Output><StdOut>TestCase_249 output: Successful run.</StdOut></Output></UnitTestResult>
    <UnitTestResult executionId="00000000-0000-0000-0000-000000000250" testId="00000000-0000-0000-0000-000000000250" testName="TestCase_250" computerName="localhost" duration="00:00:10.000" startTime="2025-03-12T00:00:00.000Z" endTime="2025-03-12T00:00:10.000Z" outcome="Passed" testListId="11111111-1111-1111-1111-111111111111"><Output><StdOut>TestCase_250 output: Successful run.</StdOut></Output></UnitTestResult>
    <UnitTestResult executionId="00000000-0000-0000-0000-000000000251" testId="00000000-0000-0000-0000-000000000251" testName="TestCase_251" computerName="localhost" duration="00:00:10.000" startTime="2025-03-12T00:00:00.000Z" endTime="2025-03-12T00:00:10.000Z" outcome="Passed" testListId="11111111-1111-1111-1111-111111111111"><Output><StdOut>TestCase_251 output: Successful run.</StdOut></Output></UnitTestResult>
    <UnitTestResult executionId="00000000-0000-0000-0000-000000000252" testId="00000000-0000-0000-0000-000000000252" testName="TestCase_252" computerName="localhost" duration="00:00:10.000" startTime="2025-03-12T00:00:00.000Z" endTime="2025-03-12T00:00:10.000Z" outcome="Passed" testListId="11111111-1111-1111-1111-111111111111"><Output><StdOut>TestCase_252 output: Successful run.</StdOut></Output></UnitTestResult>
    <UnitTestResult executionId="00000000-0000-0000-0000-000000000253" testId="00000000-0000-0000-0000-000000000253" testName="TestCase_253" computerName="localhost" duration="00:00:10.000" startTime="2025-03-12T00:00:00.000Z" endTime="2025-03-12T00:00:10.000Z" outcome="Passed" testListId="11111111-1111-1111-1111-111111111111"><Output><StdOut>TestCase_253 output: Successful run.</StdOut></Output></UnitTestResult>
    <UnitTestResult executionId="00000000-0000-0000-0000-000000000254" testId="00000000-0000-0000-0000-000000000254" testName="TestCase_254" computerName="localhost" duration="00:00:10.000" startTime="2025-03-12T00:00:00.000Z" endTime="2025-03-12T00:00:10.000Z" outcome="Passed" testListId="11111111-1111-1111-1111-111111111111"><Output><StdOut>TestCase_254 output: Successful run.</StdOut></Output></UnitTestResult>
    <UnitTestResult executionId="00000000-0000-0000-0000-000000000255" testId="00000000-0000-0000-0000-000000000255" testName="TestCase_255" computerName="localhost" duration="00:00:10.000" startTime="2025-03-12T00:00:00.000Z" endTime="2025-03-12T00:00:10.000Z" outcome="Passed" testListId="11111111-1111-1111-1111-111111111111"><Output><StdOut>TestCase_255 output: Successful run.</StdOut></Output></UnitTestResult>
    <UnitTestResult executionId="00000000-0000-0000-0000-000000000256" testId="00000000-0000-0000-0000-000000000256" testName="TestCase_256" computerName="localhost" duration="00:00:10.000" startTime="2025-03-12T00:00:00.000Z" endTime="2025-03-12T00:00:10.000Z" outcome="Passed" testListId="11111111-1111-1111-1111-111111111111"><Output><StdOut>TestCase_256 output: Successful run.</StdOut></Output></UnitTestResult>
    <UnitTestResult executionId="00000000-0000-0000-0000-000000000257" testId="00000000-0000-0000-0000-000000000257" testName="TestCase_257" computerName="localhost" duration="00:00:10.000" startTime="2025-03-12T00:00:00.000Z" endTime="2025-03-12T00:00:10.000Z" outcome="Passed" testListId="11111111-1111-1111-1111-111111111111"><Output><StdOut>TestCase_257 output: Successful run.</StdOut></Output></UnitTestResult>
    <UnitTestResult executionId="00000000-0000-0000-0000-000000000258" testId="00000000-0000-0000-0000-000000000258" testName="TestCase_258" computerName="localhost" duration="00:00:10.000" startTime="2025-03-12T00:00:00.000Z" endTime="2025-03-12T00:00:10.000Z" outcome="Passed" testListId="11111111-1111-1111-1111-111111111111"><Output><StdOut>TestCase_258 output: Successful run.</StdOut></Output></UnitTestResult>
    <UnitTestResult executionId="00000000-0000-0000-0000-000000000259" testId="00000000-0000-0000-0000-000000000259" testName="TestCase_259" computerName="localhost" duration="00:00:10.000" startTime="2025-03-12T00:00:00.000Z" endTime="2025-03-12T00:00:10.000Z" outcome="Passed" testListId="11111111-1111-1111-1111-111111111111"><Output><StdOut>TestCase_259 output: Successful run.</StdOut></Output></UnitTestResult>
    <UnitTestResult executionId="00000000-0000-0000-0000-000000000260" testId="00000000-0000-0000-0000-000000000260" testName="TestCase_260" computerName="localhost" duration="00:00:10.000" startTime="2025-03-12T00:00:00.000Z" endTime="2025-03-12T00:00:10.000Z" outcome="Passed" testListId="11111111-1111-1111-1111-111111111111"><Output><StdOut>TestCase_260 output: Successful run.</StdOut></Output></UnitTestResult>
    <UnitTestResult executionId="00000000-0000-0000-0000-000000000261" testId="00000000-0000-0000-0000-000000000261" testName="TestCase_261" computerName="localhost" duration="00:00:10.000" startTime="2025-03-12T00:00:00.000Z" endTime="2025-03-12T00:00:10.000Z" outcome="Passed" testListId="11111111-1111-1111-1111-111111111111"><Output><StdOut>TestCase_261 output: Successful run.</StdOut></Output></UnitTestResult>
    <UnitTestResult executionId="00000000-0000-0000-0000-000000000262" testId="00000000-0000-0000-0000-000000000262" testName="TestCase_262" computerName="localhost" duration="00:00:10.000" startTime="2025-03-12T00:00:00.000Z" endTime="2025-03-12T00:00:10.000Z" outcome="Passed" testListId="11111111-1111-1111-1111-111111111111"><Output><StdOut>TestCase_262 output: Successful run.</StdOut></Output></UnitTestResult>
    <UnitTestResult executionId="00000000-0000-0000-0000-000000000263" testId="00000000-0000-0000-0000-000000000263" testName="TestCase_263" computerName="localhost" duration="00:00:10.000" startTime="2025-03-12T00:00:00.000Z" endTime="2025-03-12T00:00:10.000Z" outcome="Passed" testListId="11111111-1111-1111-1111-111111111111"><Output><StdOut>TestCase_263 output: Successful run.</StdOut></Output></UnitTestResult>
    <UnitTestResult executionId="00000000-0000-0000-0000-000000000264" testId="00000000-0000-0000-0000-000000000264" testName="TestCase_264" computerName="localhost" duration="00:00:10.000" startTime="2025-03-12T00:00:00.000Z" endTime="2025-03-12T00:00:10.000Z" outcome="Passed" testListId="11111111-1111-1111-1111-111111111111"><Output><StdOut>TestCase_264 output: Successful run.</StdOut></Output></UnitTestResult>
    <UnitTestResult executionId="00000000-0000-0000-0000-000000000265" testId="00000000-0000-0000-0000-000000000265" testName="TestCase_265" computerName="localhost" duration="00:00:10.000" startTime="2025-03-12T00:00:00.000Z" endTime="2025-03-12T00:00:10.000Z" outcome="Passed" testListId="11111111-1111-1111-1111-111111111111"><Output><StdOut>TestCase_265 output: Successful run.</StdOut></Output></UnitTestResult>
    <UnitTestResult executionId="00000000-0000-0000-0000-000000000266" testId="00000000-0000-0000-0000-000000000266" testName="TestCase_266" computerName="localhost" duration="00:00:10.000" startTime="2025-03-12T00:00:00.000Z" endTime="2025-03-12T00:00:10.000Z" outcome="Passed" testListId="11111111-1111-1111-1111-111111111111"><Output><StdOut>TestCase_266 output: Successful run.</StdOut></Output></UnitTestResult>
    <UnitTestResult executionId="00000000-0000-0000-0000-000000000267" testId="00000000-0000-0000-0000-000000000267" testName="TestCase_267" computerName="localhost" duration="00:00:10.000" startTime="2025-03-12T00:00:00.000Z" endTime="2025-03-12T00:00:10.000Z" outcome="Passed" testListId="11111111-1111-1111-1111-111111111111"><Output><StdOut>TestCase_267 output: Successful run.</StdOut></Output></UnitTestResult>
    <UnitTestResult executionId="00000000-0000-0000-0000-000000000268" testId="00000000-0000-0000-0000-000000000268" testName="TestCase_268" computerName="localhost" duration="00:00:10.000" startTime="2025-03-12T00:00:00.000Z" endTime="2025-03-12T00:00:10.000Z" outcome="Passed" testListId="11111111-1111-1111-1111-111111111111"><Output><StdOut>TestCase_268 output: Successful run.</StdOut></Output></UnitTestResult>
    <UnitTestResult executionId="00000000-0000-0000-0000-000000000269" testId="00000000-0000-0000-0000-000000000269" testName="TestCase_269" computerName="localhost" duration="00:00:10.000" startTime="2025-03-12T00:00:00.000Z" endTime="2025-03-12T00:00:10.000Z" outcome="Passed" testListId="11111111-1111-1111-1111-111111111111"><Output><StdOut>TestCase_269 output: Successful run.</StdOut></Output></UnitTestResult>
    <UnitTestResult executionId="00000000-0000-0000-0000-000000000270" testId="00000000-0000-0000-0000-000000000270" testName="TestCase_270" computerName="localhost" duration="00:00:10.000" startTime="2025-03-12T00:00:00.000Z" endTime="2025-03-12T00:00:10.000Z" outcome="Passed" testListId="11111111-1111-1111-1111-111111111111"><Output><StdOut>TestCase_270 output: Successful run.</StdOut></Output></UnitTestResult>
    <UnitTestResult executionId="00000000-0000-0000-0000-000000000271" testId="00000000-0000-0000-0000-000000000271" testName="TestCase_271" computerName="localhost" duration="00:00:10.000" startTime="2025-03-12T00:00:00.000Z" endTime="2025-03-12T00:00:10.000Z" outcome="Passed" testListId="11111111-1111-1111-1111-111111111111"><Output><StdOut>TestCase_271 output: Successful run.</StdOut></Output></UnitTestResult>
    <UnitTestResult executionId="00000000-0000-0000-0000-000000000272" testId="00000000-0000-0000-0000-000000000272" testName="TestCase_272" computerName="localhost" duration="00:00:10.000" startTime="2025-03-12T00:00:00.000Z" endTime="2025-03-12T00:00:10.000Z" outcome="Passed" testListId="11111111-1111-1111-1111-111111111111"><Output><StdOut>TestCase_272 output: Successful run.</StdOut></Output></UnitTestResult>
    <UnitTestResult executionId="00000000-0000-0000-0000-000000000273" testId="00000000-0000-0000-0000-000000000273" testName="TestCase_273" computerName="localhost" duration="00:00:10.000" startTime="2025-03-12T00:00:00.000Z" endTime="2025-03-12T00:00:10.000Z" outcome="Passed" testListId="11111111-1111-1111-1111-111111111111"><Output><StdOut>TestCase_273 output: Successful run.</StdOut></Output></UnitTestResult>
    <UnitTestResult executionId="00000000-0000-0000-0000-000000000274" testId="00000000-0000-0000-0000-000000000274" testName="TestCase_274" computerName="localhost" duration="00:00:10.000" startTime="2025-03-12T00:00:00.000Z" endTime="2025-03-12T00:00:10.000Z" outcome="Passed" testListId="11111111-1111-1111-1111-111111111111"><Output><StdOut>TestCase_274 output: Successful run.</StdOut></Output></UnitTestResult>
    <UnitTestResult executionId="00000000-0000-0000-0000-000000000275" testId="00000000-0000-0000-0000-000000000275" testName="TestCase_275" computerName="localhost" duration="00:00:10.000" startTime="2025-03-12T00:00:00.000Z" endTime="2025-03-12T00:00:10.000Z" outcome="Passed" testListId="11111111-1111-1111-1111-111111111111"><Output><StdOut>TestCase_275 output: Successful run.</StdOut></Output></UnitTestResult>
    <UnitTestResult executionId="00000000-0000-0000-0000-000000000276" testId="00000000-0000-0000-0000-000000000276" testName="TestCase_276" computerName="localhost" duration="00:00:10.000" startTime="2025-03-12T00:00:00.000Z" endTime="2025-03-12T00:00:10.000Z" outcome="Passed" testListId="11111111-1111-1111-1111-111111111111"><Output><StdOut>TestCase_276 output: Successful run.</StdOut></Output></UnitTestResult>
    <UnitTestResult executionId="00000000-0000-0000-0000-000000000277" testId="00000000-0000-0000-0000-000000000277" testName="TestCase_277" computerName="localhost" duration="00:00:10.000" startTime="2025-03-12T00:00:00.000Z" endTime="2025-03-12T00:00:10.000Z" outcome="Passed" testListId="11111111-1111-1111-1111-111111111111"><Output><StdOut>TestCase_277 output: Successful run.</StdOut></Output></UnitTestResult>
    <UnitTestResult executionId="00000000-0000-0000-0000-000000000278" testId="00000000-0000-0000-0000-000000000278" testName="TestCase_278" computerName="localhost" duration="00:00:10.000" startTime="2025-03-12T00:00:00.000Z" endTime="2025-03-12T00:00:10.000Z" outcome="Passed" testListId="11111111-1111-1111-1111-111111111111"><Output><StdOut>TestCase_278 output: Successful run.</StdOut></Output></UnitTestResult>
    <UnitTestResult executionId="00000000-0000-0000-0000-000000000279" testId="00000000-0000-0000-0000-000000000279" testName="TestCase_279" computerName="localhost" duration="00:00:10.000" startTime="2025-03-12T00:00:00.000Z" endTime="2025-03-12T00:00:10.000Z" outcome="Passed" testListId="11111111-1111-1111-1111-111111111111"><Output><StdOut>TestCase_279 output: Successful run.</StdOut></Output></UnitTestResult>
    <UnitTestResult executionId="00000000-0000-0000-0000-000000000280" testId="00000000-0000-0000-0000-000000000280" testName="TestCase_280" computerName="localhost" duration="00:00:10.000" startTime="2025-03-12T00:00:00.000Z" endTime="2025-03-12T00:00:10.000Z" outcome="Passed" testListId="11111111-1111-1111-1111-111111111111"><Output><StdOut>TestCase_280 output: Successful run.</StdOut></Output></UnitTestResult>
    <UnitTestResult executionId="00000000-0000-0000-0000-000000000281" testId="00000000-0000-0000-0000-000000000281" testName="TestCase_281" computerName="localhost" duration="00:00:10.000" startTime="2025-03-12T00:00:00.000Z" endTime="2025-03-12T00:00:10.000Z" outcome="Passed" testListId="11111111-1111-1111-1111-111111111111"><Output><StdOut>TestCase_281 output: Successful run.</StdOut></Output></UnitTestResult>
    <UnitTestResult executionId="00000000-0000-0000-0000-000000000282" testId="00000000-0000-0000-0000-000000000282" testName="TestCase_282" computerName="localhost" duration="00:00:10.000" startTime="2025-03-12T00:00:00.000Z" endTime="2025-03-12T00:00:10.000Z" outcome="Passed" testListId="11111111-1111-1111-1111-111111111111"><Output><StdOut>TestCase_282 output: Successful run.</StdOut></Output></UnitTestResult>
    <UnitTestResult executionId="00000000-0000-0000-0000-000000000283" testId="00000000-0000-0000-0000-000000000283" testName="TestCase_283" computerName="localhost" duration="00:00:10.000" startTime="2025-03-12T00:00:00.000Z" endTime="2025-03-12T00:00:10.000Z" outcome="Passed" testListId="11111111-1111-1111-1111-111111111111"><Output><StdOut>TestCase_283 output: Successful run.</StdOut></Output></UnitTestResult>
    <UnitTestResult executionId="00000000-0000-0000-0000-000000000284" testId="00000000-0000-0000-0000-000000000284" testName="TestCase_284" computerName="localhost" duration="00:00:10.000" startTime="2025-03-12T00:00:00.000Z" endTime="2025-03-12T00:00:10.000Z" outcome="Passed" testListId="11111111-1111-1111-1111-111111111111"><Output><StdOut>TestCase_284 output: Successful run.</StdOut></Output></UnitTestResult>
    <UnitTestResult executionId="00000000-0000-0000-0000-000000000285" testId="00000000-0000-0000-0000-000000000285" testName="TestCase_285" computerName="localhost" duration="00:00:10.000" startTime="2025-03-12T00:00:00.000Z" endTime="2025-03-12T00:00:10.000Z" outcome="Passed" testListId="11111111-1111-1111-1111-111111111111"><Output><StdOut>TestCase_285 output: Successful run.</StdOut></Output></UnitTestResult>
    <UnitTestResult executionId="00000000-0000-0000-0000-000000000286" testId="00000000-0000-0000-0000-000000000286" testName="TestCase_286" computerName="localhost" duration="00:00:10.000" startTime="2025-03-12T00:00:00.000Z" endTime="2025-03-12T00:00:10.000Z" outcome="Passed" testListId="11111111-1111-1111-1111-111111111111"><Output><StdOut>TestCase_286 output: Successful run.</StdOut></Output></UnitTestResult>
    <UnitTestResult executionId="00000000-0000-0000-0000-000000000287" testId="00000000-0000-0000-0000-000000000287" testName="TestCase_287" computerName="localhost" duration="00:00:10.000" startTime="2025-03-12T00:00:00.000Z" endTime="2025-03-12T00:00:10.000Z" outcome="Passed" testListId="11111111-1111-1111-1111-111111111111"><Output><StdOut>TestCase_287 output: Successful run.</StdOut></Output></UnitTestResult>
    <UnitTestResult executionId="00000000-0000-0000-0000-000000000288" testId="00000000-0000-0000-0000-000000000288" testName="TestCase_288" computerName="localhost" duration="00:00:10.000" startTime="2025-03-12T00:00:00.000Z" endTime="2025-03-12T00:00:10.000Z" outcome="Passed" testListId="11111111-1111-1111-1111-111111111111"><Output><StdOut>TestCase_288 output: Successful run.</StdOut></Output></UnitTestResult>
    <UnitTestResult executionId="00000000-0000-0000-0000-000000000289" testId="00000000-0000-0000-0000-000000000289" testName="TestCase_289" computerName="localhost" duration="00:00:10.000" startTime="2025-03-12T00:00:00.000Z" endTime="2025-03-12T00:00:10.000Z" outcome="Passed" testListId="11111111-1111-1111-1111-111111111111"><Output><StdOut>TestCase_289 output: Successful run.</StdOut></Output></UnitTestResult>
    <UnitTestResult executionId="00000000-0000-0000-0000-000000000290" testId="00000000-0000-0000-0000-000000000290" testName="TestCase_290" computerName="localhost" duration="00:00:10.000" startTime="2025-03-12T00:00:00.000Z" endTime="2025-03-12T00:00:10.000Z" outcome="Passed" testListId="11111111-1111-1111-1111-111111111111"><Output><StdOut>TestCase_290 output: Successful run.</StdOut></Output></UnitTestResult>
    <UnitTestResult executionId="00000000-0000-0000-0000-000000000291" testId="00000000-0000-0000-0000-000000000291" testName="TestCase_291" computerName="localhost" duration="00:00:10.000" startTime="2025-03-12T00:00:00.000Z" endTime="2025-03-12T00:00:10.000Z" outcome="Passed" testListId="11111111-1111-1111-1111-111111111111"><Output><StdOut>TestCase_291 output: Successful run.</StdOut></Output></UnitTestResult>
    <UnitTestResult executionId="00000000-0000-0000-0000-000000000292" testId="00000000-0000-0000-0000-000000000292" testName="TestCase_292" computerName="localhost" duration="00:00:10.000" startTime="2025-03-12T00:00:00.000Z" endTime="2025-03-12T00:00:10.000Z" outcome="Passed" testListId="11111111-1111-1111-1111-111111111111"><Output><StdOut>TestCase_292 output: Successful run.</StdOut></Output></UnitTestResult>
    <UnitTestResult executionId="00000000-0000-0000-0000-000000000293" testId="00000000-0000-0000-0000-000000000293" testName="TestCase_293" computerName="localhost" duration="00:00:10.000" startTime="2025-03-12T00:00:00.000Z" endTime="2025-03-12T00:00:10.000Z" outcome="Passed" testListId="11111111-1111-1111-1111-111111111111"><Output><StdOut>TestCase_293 output: Successful run.</StdOut></Output></UnitTestResult>
    <UnitTestResult executionId="00000000-0000-0000-0000-000000000294" testId="00000000-0000-0000-0000-000000000294" testName="TestCase_294" computerName="localhost" duration="00:00:10.000" startTime="2025-03-12T00:00:00.000Z" endTime="2025-03-12T00:00:10.000Z" outcome="Passed" testListId="11111111-1111-1111-1111-111111111111"><Output><StdOut>TestCase_294 output: Successful run.</StdOut></Output></UnitTestResult>
    <UnitTestResult executionId="00000000-0000-0000-0000-000000000295" testId="00000000-0000-0000-0000-000000000295" testName="TestCase_295" computerName="localhost" duration="00:00:10.000" startTime="2025-03-12T00:00:00.000Z" endTime="2025-03-12T00:00:10.000Z" outcome="Passed" testListId="11111111-1111-1111-1111-111111111111"><Output><StdOut>TestCase_295 output: Successful run.</StdOut></Output></UnitTestResult>
    <UnitTestResult executionId="00000000-0000-0000-0000-000000000296" testId="00000000-0000-0000-0000-000000000296" testName="TestCase_296" computerName="localhost" duration="00:00:10.000" startTime="2025-03-12T00:00:00.000Z" endTime="2025-03-12T00:00:10.000Z" outcome="Passed" testListId="11111111-1111-1111-1111-111111111111"><Output><StdOut>TestCase_296 output: Successful run.</StdOut></Output></UnitTestResult>
    <UnitTestResult executionId="00000000-0000-0000-0000-000000000297" testId="00000000-0000-0000-0000-000000000297" testName="TestCase_297" computerName="localhost" duration="00:00:10.000" startTime="2025-03-12T00:00:00.000Z" endTime="2025-03-12T00:00:10.000Z" outcome="Passed" testListId="11111111-1111-1111-1111-111111111111"><Output><StdOut>TestCase_297 output: Successful run.</StdOut></Output></UnitTestResult>
    <UnitTestResult executionId="00000000-0000-0000-0000-000000000298" testId="00000000-0000-0000-0000-000000000298" testName="TestCase_298" computerName="localhost" duration="00:00:10.000" startTime="2025-03-12T00:00:00.000Z" endTime="2025-03-12T00:00:10.000Z" outcome="Passed" testListId="11111111-1111-1111-1111-111111111111"><Output><StdOut>TestCase_298 output: Successful run.</StdOut></Output></UnitTestResult>
    <UnitTestResult executionId="00000000-0000-0000-0000-000000000299" testId="00000000-0000-0000-0000-000000000299" testName="TestCase_299" computerName="localhost" duration="00:00:10.000" startTime="2025-03-12T00:00:00.000Z" endTime="2025-03-12T00:00:10.000Z" outcome="Passed" testListId="11111111-1111-1111-1111-111111111111"><Output><StdOut>TestCase_299 output: Successful run.</StdOut></Output></UnitTestResult>
    <UnitTestResult executionId="00000000-0000-0000-0000-000000000300" testId="00000000-0000-0000-0000-000000000300" testName="TestCase_300" computerName="localhost" duration="00:00:10.000" startTime="2025-03-12T00:00:00.000Z" endTime="2025-03-12T00:00:10.000Z" outcome="Passed" testListId="11111111-1111-1111-1111-111111111111"><Output><StdOut>TestCase_300 output: Successful run.</StdOut></Output></UnitTestResult>
    <UnitTestResult executionId="00000000-0000-0000-0000-000000000301" testId="00000000-0000-0000-0000-000000000301" testName="TestCase_301" computerName="localhost" duration="00:00:10.000" startTime="2025-03-12T00:00:00.000Z" endTime="2025-03-12T00:00:10.000Z" outcome="Passed" testListId="11111111-1111-1111-1111-111111111111"><Output><StdOut>TestCase_301 output: Successful run.</StdOut></Output></UnitTestResult>
    <UnitTestResult executionId="00000000-0000-0000-0000-000000000302" testId="00000000-0000-0000-0000-000000000302" testName="TestCase_302" computerName="localhost" duration="00:00:10.000" startTime="2025-03-12T00:00:00.000Z" endTime="2025-03-12T00:00:10.000Z" outcome="Passed" testListId="11111111-1111-1111-1111-111111111111"><Output><StdOut>TestCase_302 output: Successful run.</StdOut></Output></UnitTestResult>
    <UnitTestResult executionId="00000000-0000-0000-0000-000000000303" testId="00000000-0000-0000-0000-000000000303" testName="TestCase_303" computerName="localhost" duration="00:00:10.000" startTime="2025-03-12T00:00:00.000Z" endTime="2025-03-12T00:00:10.000Z" outcome="Passed" testListId="11111111-1111-1111-1111-111111111111"><Output><StdOut>TestCase_303 output: Successful run.</StdOut></Output></UnitTestResult>
    <UnitTestResult executionId="00000000-0000-0000-0000-000000000304" testId="00000000-0000-0000-0000-000000000304" testName="TestCase_304" computerName="localhost" duration="00:00:10.000" startTime="2025-03-12T00:00:00.000Z" endTime="2025-03-12T00:00:10.000Z" outcome="Passed" testListId="11111111-1111-1111-1111-111111111111"><Output><StdOut>TestCase_304 output: Successful run.</StdOut></Output></UnitTestResult>
    <UnitTestResult executionId="00000000-0000-0000-0000-000000000305" testId="00000000-0000-0000-0000-000000000305" testName="TestCase_305" computerName="localhost" duration="00:00:10.000" startTime="2025-03-12T00:00:00.000Z" endTime="2025-03-12T00:00:10.000Z" outcome="Passed" testListId="11111111-1111-1111-1111-111111111111"><Output><StdOut>TestCase_305 output: Successful run.</StdOut></Output></UnitTestResult>
    <UnitTestResult executionId="00000000-0000-0000-0000-000000000306" testId="00000000-0000-0000-0000-000000000306" testName="TestCase_306" computerName="localhost" duration="00:00:10.000" startTime="2025-03-12T00:00:00.000Z" endTime="2025-03-12T00:00:10.000Z" outcome="Passed" testListId="11111111-1111-1111-1111-111111111111"><Output><StdOut>TestCase_306 output: Successful run.</StdOut></Output></UnitTestResult>
    <UnitTestResult executionId="00000000-0000-0000-0000-000000000307" testId="00000000-0000-0000-0000-000000000307" testName="TestCase_307" computerName="localhost" duration="00:00:10.000" startTime="2025-03-12T00:00:00.000Z" endTime="2025-03-12T00:00:10.000Z" outcome="Passed" testListId="11111111-1111-1111-1111-111111111111"><Output><StdOut>TestCase_307 output: Successful run.</StdOut></Output></UnitTestResult>
    <UnitTestResult executionId="00000000-0000-0000-0000-000000000308" testId="00000000-0000-0000-0000-000000000308" testName="TestCase_308" computerName="localhost" duration="00:00:10.000" startTime="2025-03-12T00:00:00.000Z" endTime="2025-03-12T00:00:10.000Z" outcome="Passed" testListId="11111111-1111-1111-1111-111111111111"><Output><StdOut>TestCase_308 output: Successful run.</StdOut></Output></UnitTestResult>
    <UnitTestResult executionId="00000000-0000-0000-0000-000000000309" testId="00000000-0000-0000-0000-000000000309" testName="TestCase_309" computerName="localhost" duration="00:00:10.000" startTime="2025-03-12T00:00:00.000Z" endTime="2025-03-12T00:00:10.000Z" outcome="Passed" testListId="11111111-1111-1111-1111-111111111111"><Output><StdOut>TestCase_309 output: Successful run.</StdOut></Output></UnitTestResult>
    <UnitTestResult executionId="00000000-0000-0000-0000-000000000310" testId="00000000-0000-0000-0000-000000000310" testName="TestCase_310" computerName="localhost" duration="00:00:10.000" startTime="2025-03-12T00:00:00.000Z" endTime="2025-03-12T00:00:10.000Z" outcome="Passed" testListId="11111111-1111-1111-1111-111111111111"><Output><StdOut>TestCase_310 output: Successful run.</StdOut></Output></UnitTestResult>
    <UnitTestResult executionId="00000000-0000-0000-0000-000000000311" testId="00000000-0000-0000-0000-000000000311" testName="TestCase_311" computerName="localhost" duration="00:00:10.000" startTime="2025-03-12T00:00:00.000Z" endTime="2025-03-12T00:00:10.000Z" outcome="Passed" testListId="11111111-1111-1111-1111-111111111111"><Output><StdOut>TestCase_311 output: Successful run.</StdOut></Output></UnitTestResult>
    <UnitTestResult executionId="00000000-0000-0000-0000-000000000312" testId="00000000-0000-0000-0000-000000000312" testName="TestCase_312" computerName="localhost" duration="00:00:10.000" startTime="2025-03-12T00:00:00.000Z" endTime="2025-03-12T00:00:10.000Z" outcome="Passed" testListId="11111111-1111-1111-1111-111111111111"><Output><StdOut>TestCase_312 output: Successful run.</StdOut></Output></UnitTestResult>
    <UnitTestResult executionId="00000000-0000-0000-0000-000000000313" testId="00000000-0000-0000-0000-000000000313" testName="TestCase_313" computerName="localhost" duration="00:00:10.000" startTime="2025-03-12T00:00:00.000Z" endTime="2025-03-12T00:00:10.000Z" outcome="Passed" testListId="11111111-1111-1111-1111-111111111111"><Output><StdOut>TestCase_313 output: Successful run.</StdOut></Output></UnitTestResult>
    <UnitTestResult executionId="00000000-0000-0000-0000-000000000314" testId="00000000-0000-0000-0000-000000000314" testName="TestCase_314" computerName="localhost" duration="00:00:10.000" startTime="2025-03-12T00:00:00.000Z" endTime="2025-03-12T00:00:10.000Z" outcome="Passed" testListId="11111111-1111-1111-1111-111111111111"><Output><StdOut>TestCase_314 output: Successful run.</StdOut></Output></UnitTestResult>
    <UnitTestResult executionId="00000000-0000-0000-0000-000000000315" testId="00000000-0000-0000-0000-000000000315" testName="TestCase_315" computerName="localhost" duration="00:00:10.000" startTime="2025-03-12T00:00:00.000Z" endTime="2025-03-12T00:00:10.000Z" outcome="Passed" testListId="11111111-1111-1111-1111-111111111111"><Output><StdOut>TestCase_315 output: Successful run.</StdOut></Output></UnitTestResult>
    <UnitTestResult executionId="00000000-0000-0000-0000-000000000316" testId="00000000-0000-0000-0000-000000000316" testName="TestCase_316" computerName="localhost" duration="00:00:10.000" startTime="2025-03-12T00:00:00.000Z" endTime="2025-03-12T00:00:10.000Z" outcome="Passed" testListId="11111111-1111-1111-1111-111111111111"><Output><StdOut>TestCase_316 output: Successful run.</StdOut></Output></UnitTestResult>
    <UnitTestResult executionId="00000000-0000-0000-0000-000000000317" testId="00000000-0000-0000-0000-000000000317" testName="TestCase_317" computerName="localhost" duration="00:00:10.000" startTime="2025-03-12T00:00:00.000Z" endTime="2025-03-12T00:00:10.000Z" outcome="Passed" testListId="11111111-1111-1111-1111-111111111111"><Output><StdOut>TestCase_317 output: Successful run.</StdOut></Output></UnitTestResult>
    <UnitTestResult executionId="00000000-0000-0000-0000-000000000318" testId="00000000-0000-0000-0000-000000000318" testName="TestCase_318" computerName="localhost" duration="00:00:10.000" startTime="2025-03-12T00:00:00.000Z" endTime="2025-03-12T00:00:10.000Z" outcome="Passed" testListId="11111111-1111-1111-1111-111111111111"><Output><StdOut>TestCase_318 output: Successful run.</StdOut></Output></UnitTestResult>
    <UnitTestResult executionId="00000000-0000-0000-0000-000000000319" testId="00000000-0000-0000-0000-000000000319" testName="TestCase_319" computerName="localhost" duration="00:00:10.000" startTime="2025-03-12T00:00:00.000Z" endTime="2025-03-12T00:00:10.000Z" outcome="Passed" testListId="11111111-1111-1111-1111-111111111111"><Output><StdOut>TestCase_319 output: Successful run.</StdOut></Output></UnitTestResult>
    <UnitTestResult executionId="00000000-0000-0000-0000-000000000320" testId="00000000-0000-0000-0000-000000000320" testName="TestCase_320" computerName="localhost" duration="00:00:10.000" startTime="2025-03-12T00:00:00.000Z" endTime="2025-03-12T00:00:10.000Z" outcome="Passed" testListId="11111111-1111-1111-1111-111111111111"><Output><StdOut>TestCase_320 output: Successful run.</StdOut></Output></UnitTestResult>
    <UnitTestResult executionId="00000000-0000-0000-0000-000000000321" testId="00000000-0000-0000-0000-000000000321" testName="TestCase_321" computerName="localhost" duration="00:00:10.000" startTime="2025-03-12T00:00:00.000Z" endTime="2025-03-12T00:00:10.000Z" outcome="Passed" testListId="11111111-1111-1111-1111-111111111111"><Output><StdOut>TestCase_321 output: Successful run.</StdOut></Output></UnitTestResult>
    <UnitTestResult executionId="00000000-0000-0000-0000-000000000322" testId="00000000-0000-0000-0000-000000000322" testName="TestCase_322" computerName="localhost" duration="00:00:10.000" startTime="2025-03-12T00:00:00.000Z" endTime="2025-03-12T00:00:10.000Z" outcome="Passed" testListId="11111111-1111-1111-1111-111111111111"><Output><StdOut>TestCase_322 output: Successful run.</StdOut></Output></UnitTestResult>
    <UnitTestResult executionId="00000000-0000-0000-0000-000000000323" testId="00000000-0000-0000-0000-000000000323" testName="TestCase_323" computerName="localhost" duration="00:00:10.000" startTime="2025-03-12T00:00:00.000Z" endTime="2025-03-12T00:00:10.000Z" outcome="Passed" testListId="11111111-1111-1111-1111-111111111111"><Output><StdOut>TestCase_323 output: Successful run.</StdOut></Output></UnitTestResult>
    <UnitTestResult executionId="00000000-0000-0000-0000-000000000324" testId="00000000-0000-0000-0000-000000000324" testName="TestCase_324" computerName="localhost" duration="00:00:10.000" startTime="2025-03-12T00:00:00.000Z" endTime="2025-03-12T00:00:10.000Z" outcome="Passed" testListId="11111111-1111-1111-1111-111111111111"><Output><StdOut>TestCase_324 output: Successful run.</StdOut></Output></UnitTestResult>
    <UnitTestResult executionId="00000000-0000-0000-0000-000000000325" testId="00000000-0000-0000-0000-000000000325" testName="TestCase_325" computerName="localhost" duration="00:00:10.000" startTime="2025-03-12T00:00:00.000Z" endTime="2025-03-12T00:00:10.000Z" outcome="Passed" testListId="11111111-1111-1111-1111-111111111111"><Output><StdOut>TestCase_325 output: Successful run.</StdOut></Output></UnitTestResult>
    <UnitTestResult executionId="00000000-0000-0000-0000-000000000326" testId="00000000-0000-0000-0000-000000000326" testName="TestCase_326" computerName="localhost" duration="00:00:10.000" startTime="2025-03-12T00:00:00.000Z" endTime="2025-03-12T00:00:10.000Z" outcome="Passed" testListId="11111111-1111-1111-1111-111111111111"><Output><StdOut>TestCase_326 output: Successful run.</StdOut></Output></UnitTestResult>
    <UnitTestResult executionId="00000000-0000-0000-0000-000000000327" testId="00000000-0000-0000-0000-000000000327" testName="TestCase_327" computerName="localhost" duration="00:00:10.000" startTime="2025-03-12T00:00:00.000Z" endTime="2025-03-12T00:00:10.000Z" outcome="Passed" testListId="11111111-1111-1111-1111-111111111111"><Output><StdOut>TestCase_327 output: Successful run.</StdOut></Output></UnitTestResult>
    <UnitTestResult executionId="00000000-0000-0000-0000-000000000328" testId="00000000-0000-0000-0000-000000000328" testName="TestCase_328" computerName="localhost" duration="00:00:10.000" startTime="2025-03-12T00:00:00.000Z" endTime="2025-03-12T00:00:10.000Z" outcome="Passed" testListId="11111111-1111-1111-1111-111111111111"><Output><StdOut>TestCase_328 output: Successful run.</StdOut></Output></UnitTestResult>
    <UnitTestResult executionId="00000000-0000-0000-0000-000000000329" testId="00000000-0000-0000-0000-000000000329" testName="TestCase_329" computerName="localhost" duration="00:00:10.000" startTime="2025-03-12T00:00:00.000Z" endTime="2025-03-12T00:00:10.000Z" outcome="Passed" testListId="11111111-1111-1111-1111-111111111111"><Output><StdOut>TestCase_329 output: Successful run.</StdOut></Output></UnitTestResult>
    <UnitTestResult executionId="00000000-0000-0000-0000-000000000330" testId="00000000-0000-0000-0000-000000000330" testName="TestCase_330" computerName="localhost" duration="00:00:10.000" startTime="2025-03-12T00:00:00.000Z" endTime="2025-03-12T00:00:10.000Z" outcome="Passed" testListId="11111111-1111-1111-1111-111111111111"><Output><StdOut>TestCase_330 output: Successful run.</StdOut></Output></UnitTestResult>
    <UnitTestResult executionId="00000000-0000-0000-0000-000000000331" testId="00000000-0000-0000-0000-000000000331" testName="TestCase_331" computerName="localhost" duration="00:00:10.000" startTime="2025-03-12T00:00:00.000Z" endTime="2025-03-12T00:00:10.000Z" outcome="Passed" testListId="11111111-1111-1111-1111-111111111111"><Output><StdOut>TestCase_331 output: Successful run.</StdOut></Output></UnitTestResult>
    <UnitTestResult executionId="00000000-0000-0000-0000-000000000332" testId="00000000-0000-0000-0000-000000000332" testName="TestCase_332" computerName="localhost" duration="00:00:10.000" startTime="2025-03-12T00:00:00.000Z" endTime="2025-03-12T00:00:10.000Z" outcome="Passed" testListId="11111111-1111-1111-1111-111111111111"><Output><StdOut>TestCase_332 output: Successful run.</StdOut></Output></UnitTestResult>
    <UnitTestResult executionId="00000000-0000-0000-0000-000000000333" testId="00000000-0000-0000-0000-000000000333" testName="TestCase_333" computerName="localhost" duration="00:00:10.000" startTime="2025-03-12T00:00:00.000Z" endTime="2025-03-12T00:00:10.000Z" outcome="Passed" testListId="11111111-1111-1111-1111-111111111111"><Output><StdOut>TestCase_333 output: Successful run.</StdOut></Output></UnitTestResult>
    <UnitTestResult executionId="00000000-0000-0000-0000-000000000334" testId="00000000-0000-0000-0000-000000000334" testName="TestCase_334" computerName="localhost" duration="00:00:10.000" startTime="2025-03-12T00:00:00.000Z" endTime="2025-03-12T00:00:10.000Z" outcome="Passed" testListId="11111111-1111-1111-1111-111111111111"><Output><StdOut>TestCase_334 output: Successful run.</StdOut></Output></UnitTestResult>
    <UnitTestResult executionId="00000000-0000-0000-0000-000000000335" testId="00000000-0000-0000-0000-000000000335" testName="TestCase_335" computerName="localhost" duration="00:00:10.000" startTime="2025-03-12T00:00:00.000Z" endTime="2025-03-12T00:00:10.000Z" outcome="Passed" testListId="11111111-1111-1111-1111-111111111111"><Output><StdOut>TestCase_335 output: Successful run.</StdOut></Output></UnitTestResult>
    <UnitTestResult executionId="00000000-0000-0000-0000-000000000336" testId="00000000-0000-0000-0000-000000000336" testName="TestCase_336" computerName="localhost" duration="00:00:10.000" startTime="2025-03-12T00:00:00.000Z" endTime="2025-03-12T00:00:10.000Z" outcome="Passed" testListId="11111111-1111-1111-1111-111111111111"><Output><StdOut>TestCase_336 output: Successful run.</StdOut></Output></UnitTestResult>
    <UnitTestResult executionId="00000000-0000-0000-0000-000000000337" testId="00000000-0000-0000-0000-000000000337" testName="TestCase_337" computerName="localhost" duration="00:00:10.000" startTime="2025-03-12T00:00:00.000Z" endTime="2025-03-12T00:00:10.000Z" outcome="Passed" testListId="11111111-1111-1111-1111-111111111111"><Output><StdOut>TestCase_337 output: Successful run.</StdOut></Output></UnitTestResult>
    <UnitTestResult executionId="00000000-0000-0000-0000-000000000338" testId="00000000-0000-0000-0000-000000000338" testName="TestCase_338" computerName="localhost" duration="00:00:12.000" startTime="2025-03-12T00:00:00.000Z" endTime="2025-03-12T00:00:12.000Z" outcome="Failed" testListId="11111111-1111-1111-1111-111111111111"><Output><ErrorInfo><Message>Assertion failed in TestCase_338: Expected value X but got Y.</Message><StackTrace>at DummyTests.TestCase_338() in DummyTests.cs:line 177</StackTrace></ErrorInfo><StdOut>TestCase_338 output: Error encountered during execution.</StdOut></Output></UnitTestResult>
    <UnitTestResult executionId="00000000-0000-0000-0000-000000000339" testId="00000000-0000-0000-0000-000000000339" testName="TestCase_339" computerName="localhost" duration="00:00:12.000" startTime="2025-03-12T00:00:00.000Z" endTime="2025-03-12T00:00:12.000Z" outcome="Failed" testListId="11111111-1111-1111-1111-111111111111"><Output><ErrorInfo><Message>Assertion failed in TestCase_339: Expected value X but got Y.</Message><StackTrace>at DummyTests.TestCase_339() in DummyTests.cs:line 178</StackTrace></ErrorInfo><StdOut>TestCase_339 output: Error encountered during execution.</StdOut></Output></UnitTestResult>
    <UnitTestResult executionId="00000000-0000-0000-0000-000000000340" testId="00000000-0000-0000-0000-000000000340" testName="TestCase_340" computerName="localhost" duration="00:00:12.000" startTime="2025-03-12T00:00:00.000Z" endTime="2025-03-12T00:00:12.000Z" outcome="Failed" testListId="11111111-1111-1111-1111-111111111111"><Output><ErrorInfo><Message>Assertion failed in TestCase_340: Expected value X but got Y.</Message><StackTrace>at DummyTests.TestCase_340() in DummyTests.cs:line 179</StackTrace></ErrorInfo><StdOut>TestCase_340 output: Error encountered during execution.</StdOut></Output></UnitTestResult>
    <UnitTestResult executionId="00000000-0000-0000-0000-000000000341" testId="00000000-0000-0000-0000-000000000341" testName="TestCase_341" computerName="localhost" duration="00:00:12.000" startTime="2025-03-12T00:00:00.000Z" endTime="2025-03-12T00:00:12.000Z" outcome="Failed" testListId="11111111-1111-1111-1111-111111111111"><Output><ErrorInfo><Message>Assertion failed in TestCase_341: Expected value X but got Y.</Message><StackTrace>at DummyTests.TestCase_341() in DummyTests.cs:line 180</StackTrace></ErrorInfo><StdOut>TestCase_341 output: Error encountered during execution.</StdOut></Output></UnitTestResult>
    <UnitTestResult executionId="00000000-0000-0000-0000-000000000342" testId="00000000-0000-0000-0000-000000000342" testName="TestCase_342" computerName="localhost" duration="00:00:12.000" startTime="2025-03-12T00:00:00.000Z" endTime="2025-03-12T00:00:12.000Z" outcome="Failed" testListId="11111111-1111-1111-1111-111111111111"><Output><ErrorInfo><Message>Assertion failed in TestCase_342: Expected value X but got Y.</Message><StackTrace>at DummyTests.TestCase_342() in DummyTests.cs:line 181</StackTrace></ErrorInfo><StdOut>TestCase_342 output: Error encountered during execution.</StdOut></Output></UnitTestResult>
    <UnitTestResult executionId="00000000-0000-0000-0000-000000000343" testId="00000000-0000-0000-0000-000000000343" testName="TestCase_343" computerName="localhost" duration="00:00:12.000" startTime="2025-03-12T00:00:00.000Z" endTime="2025-03-12T00:00:12.000Z" outcome="Failed" testListId="11111111-1111-1111-1111-111111111111"><Output><ErrorInfo><Message>Assertion failed in TestCase_343: Expected value X but got Y.</Message><StackTrace>at DummyTests.TestCase_343() in DummyTests.cs:line 182</StackTrace></ErrorInfo><StdOut>TestCase_343 output: Error encountered during execution.</StdOut></Output></UnitTestResult>
    <UnitTestResult executionId="00000000-0000-0000-0000-000000000344" testId="00000000-0000-0000-0000-000000000344" testName="TestCase_344" computerName="localhost" duration="00:00:12.000" startTime="2025-03-12T00:00:00.000Z" endTime="2025-03-12T00:00:12.000Z" outcome="Failed" testListId="11111111-1111-1111-1111-111111111111"><Output><ErrorInfo><Message>Assertion failed in TestCase_344: Expected value X but got Y.</Message><StackTrace>at DummyTests.TestCase_344() in DummyTests.cs:line 183</StackTrace></ErrorInfo><StdOut>TestCase_344 output: Error encountered during execution.</StdOut></Output></UnitTestResult>
    <UnitTestResult executionId="00000000-0000-0000-0000-000000000345" testId="00000000-0000-0000-0000-000000000345" testName="TestCase_345" computerName="localhost" duration="00:00:12.000" startTime="2025-03-12T00:00:00.000Z" endTime="2025-03-12T00:00:12.000Z" outcome="Failed" testListId="11111111-1111-1111-1111-111111111111"><Output><ErrorInfo><Message>Assertion failed in TestCase_345: Expected value X but got Y.</Message><StackTrace>at DummyTests.TestCase_345() in DummyTests.cs:line 184</StackTrace></ErrorInfo><StdOut>TestCase_345 output: Error encountered during execution.</StdOut></Output></UnitTestResult>
    <UnitTestResult executionId="00000000-0000-0000-0000-000000000346" testId="00000000-0000-0000-0000-000000000346" testName="TestCase_346" computerName="localhost" duration="00:00:12.000" startTime="2025-03-12T00:00:00.000Z" endTime="2025-03-12T00:00:12.000Z" outcome="Failed" testListId="11111111-1111-1111-1111-111111111111"><Output><ErrorInfo><Message>Assertion failed in TestCase_346: Expected value X but got Y.</Message><StackTrace>at DummyTests.TestCase_346() in DummyTests.cs:line 185</StackTrace></ErrorInfo><StdOut>TestCase_346 output: Error encountered during execution.</StdOut></Output></UnitTestResult>
    <UnitTestResult executionId="00000000-0000-0000-0000-000000000347" testId="00000000-0000-0000-0000-000000000347" testName="TestCase_347" computerName="localhost" duration="00:00:12.000" startTime="2025-03-12T00:00:00.000Z" endTime="2025-03-12T00:00:12.000Z" outcome="Failed" testListId="11111111-1111-1111-1111-111111111111"><Output><ErrorInfo><Message>Assertion failed in TestCase_347: Expected value X but got Y.</Message><StackTrace>at DummyTests.TestCase_347() in DummyTests.cs:line 186</StackTrace></ErrorInfo><StdOut>TestCase_347 output: Error encountered during execution.</StdOut></Output></UnitTestResult>
    <UnitTestResult executionId="00000000-0000-0000-0000-000000000348" testId="00000000-0000-0000-0000-000000000348" testName="TestCase_348" computerName="localhost" duration="00:00:12.000" startTime="2025-03-12T00:00:00.000Z" endTime="2025-03-12T00:00:12.000Z" outcome="Failed" testListId="11111111-1111-1111-1111-111111111111"><Output><ErrorInfo><Message>Assertion failed in TestCase_348: Expected value X but got Y.</Message><StackTrace>at DummyTests.TestCase_348() in DummyTests.cs:line 187</StackTrace></ErrorInfo><StdOut>TestCase_348 output: Error encountered during execution.</StdOut></Output></UnitTestResult>
    <UnitTestResult executionId="00000000-0000-0000-0000-000000000349" testId="00000000-0000-0000-0000-000000000349" testName="TestCase_349" computerName="localhost" duration="00:00:12.000" startTime="2025-03-12T00:00:00.000Z" endTime="2025-03-12T00:00:12.000Z" outcome="Failed" testListId="11111111-1111-1111-1111-111111111111"><Output><ErrorInfo><Message>Assertion failed in TestCase_349: Expected value X but got Y.</Message><StackTrace>at DummyTests.TestCase_349() in DummyTests.cs:line 188</StackTrace></ErrorInfo><StdOut>TestCase_349 output: Error encountered during execution.</StdOut></Output></UnitTestResult>
    <UnitTestResult executionId="00000000-0000-0000-0000-000000000350" testId="00000000-0000-0000-0000-000000000350" testName="TestCase_350" computerName="localhost" duration="00:00:12.000" startTime="2025-03-12T00:00:00.000Z" endTime="2025-03-12T00:00:12.000Z" outcome="Failed" testListId="11111111-1111-1111-1111-111111111111"><Output><ErrorInfo><Message>Assertion failed in TestCase_350: Expected value X but got Y.</Message><StackTrace>at DummyTests.TestCase_350() in DummyTests.cs:line 189</StackTrace></ErrorInfo><StdOut>TestCase_350 output: Error encountered during execution.</StdOut></Output></UnitTestResult>
    <UnitTestResult executionId="00000000-0000-0000-0000-000000000351" testId="00000000-0000-0000-0000-000000000351" testName="TestCase_351" computerName="localhost" duration="00:00:12.000" startTime="2025-03-12T00:00:00.000Z" endTime="2025-03-12T00:00:12.000Z" outcome="Failed" testListId="11111111-1111-1111-1111-111111111111"><Output><ErrorInfo><Message>Assertion failed in TestCase_351: Expected value X but got Y.</Message><StackTrace>at DummyTests.TestCase_351() in DummyTests.cs:line 190</StackTrace></ErrorInfo><StdOut>TestCase_351 output: Error encountered during execution.</StdOut></Output></UnitTestResult>
    <UnitTestResult executionId="00000000-0000-0000-0000-000000000352" testId="00000000-0000-0000-0000-000000000352" testName="TestCase_352" computerName="localhost" duration="00:00:12.000" startTime="2025-03-12T00:00:00.000Z" endTime="2025-03-12T00:00:12.000Z" outcome="Failed" testListId="11111111-1111-1111-1111-111111111111"><Output><ErrorInfo><Message>Assertion failed in TestCase_352: Expected value X but got Y.</Message><StackTrace>at DummyTests.TestCase_352() in DummyTests.cs:line 191</StackTrace></ErrorInfo><StdOut>TestCase_352 output: Error encountered during execution.</StdOut></Output></UnitTestResult>
    <UnitTestResult executionId="00000000-0000-0000-0000-000000000353" testId="00000000-0000-0000-0000-000000000353" testName="TestCase_353" computerName="localhost" duration="00:00:12.000" startTime="2025-03-12T00:00:00.000Z" endTime="2025-03-12T00:00:12.000Z" outcome="Failed" testListId="11111111-1111-1111-1111-111111111111"><Output><ErrorInfo><Message>Assertion failed in TestCase_353: Expected value X but got Y.</Message><StackTrace>at DummyTests.TestCase_353() in DummyTests.cs:line 192</StackTrace></ErrorInfo><StdOut>TestCase_353 output: Error encountered during execution.</StdOut></Output></UnitTestResult>
    <UnitTestResult executionId="00000000-0000-0000-0000-000000000354" testId="00000000-0000-0000-0000-000000000354" testName="TestCase_354" computerName="localhost" duration="00:00:12.000" startTime="2025-03-12T00:00:00.000Z" endTime="2025-03-12T00:00:12.000Z" outcome="Failed" testListId="11111111-1111-1111-1111-111111111111"><Output><ErrorInfo><Message>Assertion failed in TestCase_354: Expected value X but got Y.</Message><StackTrace>at DummyTests.TestCase_354() in DummyTests.cs:line 193</StackTrace></ErrorInfo><StdOut>TestCase_354 output: Error encountered during execution.</StdOut></Output></UnitTestResult>
    <UnitTestResult executionId="00000000-0000-0000-0000-000000000355" testId="00000000-0000-0000-0000-000000000355" testName="TestCase_355" computerName="localhost" duration="00:00:12.000" startTime="2025-03-12T00:00:00.000Z" endTime="2025-03-12T00:00:12.000Z" outcome="Failed" testListId="11111111-1111-1111-1111-111111111111"><Output><ErrorInfo><Message>Assertion failed in TestCase_355: Expected value X but got Y.</Message><StackTrace>at DummyTests.TestCase_355() in DummyTests.cs:line 194</StackTrace></ErrorInfo><StdOut>TestCase_355 output: Error encountered during execution.</StdOut></Output></UnitTestResult>
    <UnitTestResult executionId="00000000-0000-0000-0000-000000000356" testId="00000000-0000-0000-0000-000000000356" testName="TestCase_356" computerName="localhost" duration="00:00:12.000" startTime="2025-03-12T00:00:00.000Z" endTime="2025-03-12T00:00:12.000Z" outcome="Failed" testListId="11111111-1111-1111-1111-111111111111"><Output><ErrorInfo><Message>Assertion failed in TestCase_356: Expected value X but got Y.</Message><StackTrace>at DummyTests.TestCase_356() in DummyTests.cs:line 195</StackTrace></ErrorInfo><StdOut>TestCase_356 output: Error encountered during execution.</StdOut></Output></UnitTestResult>
    <UnitTestResult executionId="00000000-0000-0000-0000-000000000357" testId="00000000-0000-0000-0000-000000000357" testName="TestCase_357" computerName="localhost" duration="00:00:12.000" startTime="2025-03-12T00:00:00.000Z" endTime="2025-03-12T00:00:12.000Z" outcome="Failed" testListId="11111111-1111-1111-1111-111111111111"><Output><ErrorInfo><Message>Assertion failed in TestCase_357: Expected value X but got Y.</Message><StackTrace>at DummyTests.TestCase_357() in DummyTests.cs:line 196</StackTrace></ErrorInfo><StdOut>TestCase_357 output: Error encountered during execution.</StdOut></Output></UnitTestResult>
    <UnitTestResult executionId="00000000-0000-0000-0000-000000000358" testId="00000000-0000-0000-0000-000000000358" testName="TestCase_358" computerName="localhost" duration="00:00:12.000" startTime="2025-03-12T00:00:00.000Z" endTime="2025-03-12T00:00:12.000Z" outcome="Failed" testListId="11111111-1111-1111-1111-111111111111"><Output><ErrorInfo><Message>Assertion failed in TestCase_358: Expected value X but got Y.</Message><StackTrace>at DummyTests.TestCase_358() in DummyTests.cs:line 197</StackTrace></ErrorInfo><StdOut>TestCase_358 output: Error encountered during execution.</StdOut></Output></UnitTestResult>
    <UnitTestResult executionId="00000000-0000-0000-0000-000000000359" testId="00000000-0000-0000-0000-000000000359" testName="TestCase_359" computerName="localhost" duration="00:00:12.000" startTime="2025-03-12T00:00:00.000Z" endTime="2025-03-12T00:00:12.000Z" outcome="Failed" testListId="11111111-1111-1111-1111-111111111111"><Output><ErrorInfo><Message>Assertion failed in TestCase_359: Expected value X but got Y.</Message><StackTrace>at DummyTests.TestCase_359() in DummyTests.cs:line 198</StackTrace></ErrorInfo><StdOut>TestCase_359 output: Error encountered during execution.</StdOut></Output></UnitTestResult>
    <UnitTestResult executionId="00000000-0000-0000-0000-000000000360" testId="00000000-0000-0000-0000-000000000360" testName="TestCase_360" computerName="localhost" duration="00:00:12.000" startTime="2025-03-12T00:00:00.000Z" endTime="2025-03-12T00:00:12.000Z" outcome="Failed" testListId="11111111-1111-1111-1111-111111111111"><Output><ErrorInfo><Message>Assertion failed in TestCase_360: Expected value X but got Y.</Message><StackTrace>at DummyTests.TestCase_360() in DummyTests.cs:line 199</StackTrace></ErrorInfo><StdOut>TestCase_360 output: Error encountered during execution.</StdOut></Output></UnitTestResult>
    <UnitTestResult executionId="00000000-0000-0000-0000-000000000361" testId="00000000-0000-0000-0000-000000000361" testName="TestCase_361" computerName="localhost" duration="00:00:12.000" startTime="2025-03-12T00:00:00.000Z" endTime="2025-03-12T00:00:12.000Z" outcome="Failed" testListId="11111111-1111-1111-1111-111111111111"><Output><ErrorInfo><Message>Assertion failed in TestCase_361: Expected value X but got Y.</Message><StackTrace>at DummyTests.TestCase_361() in DummyTests.cs:line 200</StackTrace></ErrorInfo><StdOut>TestCase_361 output: Error encountered during execution.</StdOut></Output></UnitTestResult>
    <UnitTestResult executionId="00000000-0000-0000-0000-000000000362" testId="00000000-0000-0000-0000-000000000362" testName="TestCase_362" computerName="localhost" duration="00:00:12.000" startTime="2025-03-12T00:00:00.000Z" endTime="2025-03-12T00:00:12.000Z" outcome="Failed" testListId="11111111-1111-1111-1111-111111111111"><Output><ErrorInfo><Message>Assertion failed in TestCase_362: Expected value X but got Y.</Message><StackTrace>at DummyTests.TestCase_362() in DummyTests.cs:line 20</StackTrace></ErrorInfo><StdOut>TestCase_362 output: Error encountered during execution.</StdOut></Output></UnitTestResult>
    <UnitTestResult executionId="00000000-0000-0000-0000-000000000363" testId="00000000-0000-0000-0000-000000000363" testName="TestCase_363" computerName="localhost" duration="00:00:12.000" startTime="2025-03-12T00:00:00.000Z" endTime="2025-03-12T00:00:12.000Z" outcome="Failed" testListId="11111111-1111-1111-1111-111111111111"><Output><ErrorInfo><Message>Assertion failed in TestCase_363: Expected value X but got Y.</Message><StackTrace>at DummyTests.TestCase_363() in DummyTests.cs:line 21</StackTrace></ErrorInfo><StdOut>TestCase_363 output: Error encountered during execution.</StdOut></Output></UnitTestResult>
    <UnitTestResult executionId="00000000-0000-0000-0000-000000000364" testId="00000000-0000-0000-0000-000000000364" testName="TestCase_364" computerName="localhost" duration="00:00:12.000" startTime="2025-03-12T00:00:00.000Z" endTime="2025-03-12T00:00:12.000Z" outcome="Failed" testListId="11111111-1111-1111-1111-111111111111"><Output><ErrorInfo><Message>Assertion failed in TestCase_364: Expected value X but got Y.</Message><StackTrace>at DummyTests.TestCase_364() in DummyTests.cs:line 22</StackTrace></ErrorInfo><StdOut>TestCase_364 output: Error encountered during execution.</StdOut></Output></UnitTestResult>
    <UnitTestResult executionId="00000000-0000-0000-0000-000000000365" testId="00000000-0000-0000-0000-000000000365" testName="TestCase_365" computerName="localhost" duration="00:00:12.000" startTime="2025-03-12T00:00:00.000Z" endTime="2025-03-12T00:00:12.000Z" outcome="Failed" testListId="11111111-1111-1111-1111-111111111111"><Output><ErrorInfo><Message>Assertion failed in TestCase_365: Expected value X but got Y.</Message><StackTrace>at DummyTests.TestCase_365() in DummyTests.cs:line 23</StackTrace></ErrorInfo><StdOut>TestCase_365 output: Error encountered during execution.</StdOut></Output></UnitTestResult>
    <UnitTestResult executionId="00000000-0000-0000-0000-000000000366" testId="00000000-0000-0000-0000-000000000366" testName="TestCase_366" computerName="localhost" duration="00:00:12.000" startTime="2025-03-12T00:00:00.000Z" endTime="2025-03-12T00:00:12.000Z" outcome="Failed" testListId="11111111-1111-1111-1111-111111111111"><Output><ErrorInfo><Message>Assertion failed in TestCase_366: Expected value X but got Y.</Message><StackTrace>at DummyTests.TestCase_366() in DummyTests.cs:line 24</StackTrace></ErrorInfo><StdOut>TestCase_366 output: Error encountered during execution.</StdOut></Output></UnitTestResult>
    <UnitTestResult executionId="00000000-0000-0000-0000-000000000367" testId="00000000-0000-0000-0000-000000000367" testName="TestCase_367" computerName="localhost" duration="00:00:12.000" startTime="2025-03-12T00:00:00.000Z" endTime="2025-03-12T00:00:12.000Z" outcome="Failed" testListId="11111111-1111-1111-1111-111111111111"><Output><ErrorInfo><Message>Assertion failed in TestCase_367: Expected value X but got Y.</Message><StackTrace>at DummyTests.TestCase_367() in DummyTests.cs:line 25</StackTrace></ErrorInfo><StdOut>TestCase_367 output: Error encountered during execution.</StdOut></Output></UnitTestResult>
    <UnitTestResult executionId="00000000-0000-0000-0000-000000000368" testId="00000000-0000-0000-0000-000000000368" testName="TestCase_368" computerName="localhost" duration="00:00:12.000" startTime="2025-03-12T00:00:00.000Z" endTime="2025-03-12T00:00:12.000Z" outcome="Failed" testListId="11111111-1111-1111-1111-111111111111"><Output><ErrorInfo><Message>Assertion failed in TestCase_368: Expected value X but got Y.</Message><StackTrace>at DummyTests.TestCase_368() in DummyTests.cs:line 26</StackTrace></ErrorInfo><StdOut>TestCase_368 output: Error encountered during execution.</StdOut></Output></UnitTestResult>
    <UnitTestResult executionId="00000000-0000-0000-0000-000000000369" testId="00000000-0000-0000-0000-000000000369" testName="TestCase_369" computerName="localhost" duration="00:00:12.000" startTime="2025-03-12T00:00:00.000Z" endTime="2025-03-12T00:00:12.000Z" outcome="Failed" testListId="11111111-1111-1111-1111-111111111111"><Output><ErrorInfo><Message>Assertion failed in TestCase_369: Expected value X but got Y.</Message><StackTrace>at DummyTests.TestCase_369() in DummyTests.cs:line 27</StackTrace></ErrorInfo><StdOut>TestCase_369 output: Error encountered during execution.</StdOut></Output></UnitTestResult>
    <UnitTestResult executionId="00000000-0000-0000-0000-000000000370" testId="00000000-0000-0000-0000-000000000370" testName="TestCase_370" computerName="localhost" duration="00:00:12.000" startTime="2025-03-12T00:00:00.000Z" endTime="2025-03-12T00:00:12.000Z" outcome="Failed" testListId="11111111-1111-1111-1111-111111111111"><Output><ErrorInfo><Message>Assertion failed in TestCase_370: Expected value X but got Y.</Message><StackTrace>at DummyTests.TestCase_370() in DummyTests.cs:line 28</StackTrace></ErrorInfo><StdOut>TestCase_370 output: Error encountered during execution.</StdOut></Output></UnitTestResult>
    <UnitTestResult executionId="00000000-0000-0000-0000-000000000371" testId="00000000-0000-0000-0000-000000000371" testName="TestCase_371" computerName="localhost" duration="00:00:12.000" startTime="2025-03-12T00:00:00.000Z" endTime="2025-03-12T00:00:12.000Z" outcome="Failed" testListId="11111111-1111-1111-1111-111111111111"><Output><ErrorInfo><Message>Assertion failed in TestCase_371: Expected value X but got Y.</Message><StackTrace>at DummyTests.TestCase_371() in DummyTests.cs:line 29</StackTrace></ErrorInfo><StdOut>TestCase_371 output: Error encountered during execution.</StdOut></Output></UnitTestResult>
    <UnitTestResult executionId="00000000-0000-0000-0000-000000000372" testId="00000000-0000-0000-0000-000000000372" testName="TestCase_372" computerName="localhost" duration="00:00:12.000" startTime="2025-03-12T00:00:00.000Z" endTime="2025-03-12T00:00:12.000Z" outcome="Failed" testListId="11111111-1111-1111-1111-111111111111"><Output><ErrorInfo><Message>Assertion failed in TestCase_372: Expected value X but got Y.</Message><StackTrace>at DummyTests.TestCase_372() in DummyTests.cs:line 30</StackTrace></ErrorInfo><StdOut>TestCase_372 output: Error encountered during execution.</StdOut></Output></UnitTestResult>
    <UnitTestResult executionId="00000000-0000-0000-0000-000000000373" testId="00000000-0000-0000-0000-000000000373" testName="TestCase_373" computerName="localhost" duration="00:00:12.000" startTime="2025-03-12T00:00:00.000Z" endTime="2025-03-12T00:00:12.000Z" outcome="Failed" testListId="11111111-1111-1111-1111-111111111111"><Output><ErrorInfo><Message>Assertion failed in TestCase_373: Expected value X but got Y.</Message><StackTrace>at DummyTests.TestCase_373() in DummyTests.cs:line 31</StackTrace></ErrorInfo><StdOut>TestCase_373 output: Error encountered during execution.</StdOut></Output></UnitTestResult>
    <UnitTestResult executionId="00000000-0000-0000-0000-000000000374" testId="00000000-0000-0000-0000-000000000374" testName="TestCase_374" computerName="localhost" duration="00:00:12.000" startTime="2025-03-12T00:00:00.000Z" endTime="2025-03-12T00:00:12.000Z" outcome="Failed" testListId="11111111-1111-1111-1111-111111111111"><Output><ErrorInfo><Message>Assertion failed in TestCase_374: Expected value X but got Y.</Message><StackTrace>at DummyTests.TestCase_374() in DummyTests.cs:line 32</StackTrace></ErrorInfo><StdOut>TestCase_374 output: Error encountered during execution.</StdOut></Output></UnitTestResult>
    <UnitTestResult executionId="00000000-0000-0000-0000-000000000375" testId="00000000-0000-0000-0000-000000000375" testName="TestCase_375" computerName="localhost" duration="00:00:12.000" startTime="2025-03-12T00:00:00.000Z" endTime="2025-03-12T00:00:12.000Z" outcome="Failed" testListId="11111111-1111-1111-1111-111111111111"><Output><ErrorInfo><Message>Assertion failed in TestCase_375: Expected value X but got Y.</Message><StackTrace>at DummyTests.TestCase_375() in DummyTests.cs:line 33</StackTrace></ErrorInfo><StdOut>TestCase_375 output: Error encountered during execution.</StdOut></Output></UnitTestResult>
    <UnitTestResult executionId="00000000-0000-0000-0000-000000000376" testId="00000000-0000-0000-0000-000000000376" testName="TestCase_376" computerName="localhost" duration="00:00:12.000" startTime="2025-03-12T00:00:00.000Z" endTime="2025-03-12T00:00:12.000Z" outcome="Failed" testListId="11111111-1111-1111-1111-111111111111"><Output><ErrorInfo><Message>Assertion failed in TestCase_376: Expected value X but got Y.</Message><StackTrace>at DummyTests.TestCase_376() in DummyTests.cs:line 34</StackTrace></ErrorInfo><StdOut>TestCase_376 output: Error encountered during execution.</StdOut></Output></UnitTestResult>
    <UnitTestResult executionId="00000000-0000-0000-0000-000000000377" testId="00000000-0000-0000-0000-000000000377" testName="TestCase_377" computerName="localhost" duration="00:00:12.000" startTime="2025-03-12T00:00:00.000Z" endTime="2025-03-12T00:00:12.000Z" outcome="Failed" testListId="11111111-1111-1111-1111-111111111111"><Output><ErrorInfo><Message>Assertion failed in TestCase_377: Expected value X but got Y.</Message><StackTrace>at DummyTests.TestCase_377() in DummyTests.cs:line 35</StackTrace></ErrorInfo><StdOut>TestCase_377 output: Error encountered during execution.</StdOut></Output></UnitTestResult>
    <UnitTestResult executionId="00000000-0000-0000-0000-000000000378" testId="00000000-0000-0000-0000-000000000378" testName="TestCase_378" computerName="localhost" duration="00:00:12.000" startTime="2025-03-12T00:00:00.000Z" endTime="2025-03-12T00:00:12.000Z" outcome="Failed" testListId="11111111-1111-1111-1111-111111111111"><Output><ErrorInfo><Message>Assertion failed in TestCase_378: Expected value X but got Y.</Message><StackTrace>at DummyTests.TestCase_378() in DummyTests.cs:line 36</StackTrace></ErrorInfo><StdOut>TestCase_378 output: Error encountered during execution.</StdOut></Output></UnitTestResult>
    <UnitTestResult executionId="00000000-0000-0000-0000-000000000379" testId="00000000-0000-0000-0000-000000000379" testName="TestCase_379" computerName="localhost" duration="00:00:12.000" startTime="2025-03-12T00:00:00.000Z" endTime="2025-03-12T00:00:12.000Z" outcome="Failed" testListId="11111111-1111-1111-1111-111111111111"><Output><ErrorInfo><Message>Assertion failed in TestCase_379: Expected value X but got Y.</Message><StackTrace>at DummyTests.TestCase_379() in DummyTests.cs:line 37</StackTrace></ErrorInfo><StdOut>TestCase_379 output: Error encountered during execution.</StdOut></Output></UnitTestResult>
    <UnitTestResult executionId="00000000-0000-0000-0000-000000000380" testId="00000000-0000-0000-0000-000000000380" testName="TestCase_380" computerName="localhost" duration="00:00:12.000" startTime="2025-03-12T00:00:00.000Z" endTime="2025-03-12T00:00:12.000Z" outcome="Failed" testListId="11111111-1111-1111-1111-111111111111"><Output><ErrorInfo><Message>Assertion failed in TestCase_380: Expected value X but got Y.</Message><StackTrace>at DummyTests.TestCase_380() in DummyTests.cs:line 38</StackTrace></ErrorInfo><StdOut>TestCase_380 output: Error encountered during execution.</StdOut></Output></UnitTestResult>
    <UnitTestResult executionId="00000000-0000-0000-0000-000000000381" testId="00000000-0000-0000-0000-000000000381" testName="TestCase_381" computerName="localhost" duration="00:00:12.000" startTime="2025-03-12T00:00:00.000Z" endTime="2025-03-12T00:00:12.000Z" outcome="Failed" testListId="11111111-1111-1111-1111-111111111111"><Output><ErrorInfo><Message>Assertion failed in TestCase_381: Expected value X but got Y.</Message><StackTrace>at DummyTests.TestCase_381() in DummyTests.cs:line 39</StackTrace></ErrorInfo><StdOut>TestCase_381 output: Error encountered during execution.</StdOut></Output></UnitTestResult>
    <UnitTestResult executionId="00000000-0000-0000-0000-000000000382" testId="00000000-0000-0000-0000-000000000382" testName="TestCase_382" computerName="localhost" duration="00:00:12.000" startTime="2025-03-12T00:00:00.000Z" endTime="2025-03-12T00:00:12.000Z" outcome="Failed" testListId="11111111-1111-1111-1111-111111111111"><Output><ErrorInfo><Message>Assertion failed in TestCase_382: Expected value X but got Y.</Message><StackTrace>at DummyTests.TestCase_382() in DummyTests.cs:line 40</StackTrace></ErrorInfo><StdOut>TestCase_382 output: Error encountered during execution.</StdOut></Output></UnitTestResult>
    <UnitTestResult executionId="00000000-0000-0000-0000-000000000383" testId="00000000-0000-0000-0000-000000000383" testName="TestCase_383" computerName="localhost" duration="00:00:12.000" startTime="2025-03-12T00:00:00.000Z" endTime="2025-03-12T00:00:12.000Z" outcome="Failed" testListId="11111111-1111-1111-1111-111111111111"><Output><ErrorInfo><Message>Assertion failed in TestCase_383: Expected value X but got Y.</Message><StackTrace>at DummyTests.TestCase_383() in DummyTests.cs:line 41</StackTrace></ErrorInfo><StdOut>TestCase_383 output: Error encountered during execution.</StdOut></Output></UnitTestResult>
    <UnitTestResult executionId="00000000-0000-0000-0000-000000000384" testId="00000000-0000-0000-0000-000000000384" testName="TestCase_384" computerName="localhost" duration="00:00:12.000" startTime="2025-03-12T00:00:00.000Z" endTime="2025-03-12T00:00:12.000Z" outcome="Failed" testListId="11111111-1111-1111-1111-111111111111"><Output><ErrorInfo><Message>Assertion failed in TestCase_384: Expected value X but got Y.</Message><StackTrace>at DummyTests.TestCase_384() in DummyTests.cs:line 42</StackTrace></ErrorInfo><StdOut>TestCase_384 output: Error encountered during execution.</StdOut></Output></UnitTestResult>
    <UnitTestResult executionId="00000000-0000-0000-0000-000000000385" testId="00000000-0000-0000-0000-000000000385" testName="TestCase_385" computerName="localhost" duration="00:00:12.000" startTime="2025-03-12T00:00:00.000Z" endTime="2025-03-12T00:00:12.000Z" outcome="Failed" testListId="11111111-1111-1111-1111-111111111111"><Output><ErrorInfo><Message>Assertion failed in TestCase_385: Expected value X but got Y.</Message><StackTrace>at DummyTests.TestCase_385() in DummyTests.cs:line 43</StackTrace></ErrorInfo><StdOut>TestCase_385 output: Error encountered during execution.</StdOut></Output></UnitTestResult>
    <UnitTestResult executionId="00000000-0000-0000-0000-000000000386" testId="00000000-0000-0000-0000-000000000386" testName="TestCase_386" computerName="localhost" duration="00:00:12.000" startTime="2025-03-12T00:00:00.000Z" endTime="2025-03-12T00:00:12.000Z" outcome="Failed" testListId="11111111-1111-1111-1111-111111111111"><Output><ErrorInfo><Message>Assertion failed in TestCase_386: Expected value X but got Y.</Message><StackTrace>at DummyTests.TestCase_386() in DummyTests.cs:line 44</StackTrace></ErrorInfo><StdOut>TestCase_386 output: Error encountered during execution.</StdOut></Output></UnitTestResult>
    <UnitTestResult executionId="00000000-0000-0000-0000-000000000387" testId="00000000-0000-0000-0000-000000000387" testName="TestCase_387" computerName="localhost" duration="00:00:12.000" startTime="2025-03-12T00:00:00.000Z" endTime="2025-03-12T00:00:12.000Z" outcome="Failed" testListId="11111111-1111-1111-1111-111111111111"><Output><ErrorInfo><Message>Assertion failed in TestCase_387: Expected value X but got Y.</Message><StackTrace>at DummyTests.TestCase_387() in DummyTests.cs:line 45</StackTrace></ErrorInfo><StdOut>TestCase_387 output: Error encountered during execution.</StdOut></Output></UnitTestResult>
    <UnitTestResult executionId="00000000-0000-0000-0000-000000000388" testId="00000000-0000-0000-0000-000000000388" testName="TestCase_388" computerName="localhost" duration="00:00:12.000" startTime="2025-03-12T00:00:00.000Z" endTime="2025-03-12T00:00:12.000Z" outcome="Failed" testListId="11111111-1111-1111-1111-111111111111"><Output><ErrorInfo><Message>Assertion failed in TestCase_388: Expected value X but got Y.</Message><StackTrace>at DummyTests.TestCase_388() in DummyTests.cs:line 46</StackTrace></ErrorInfo><StdOut>TestCase_388 output: Error encountered during execution.</StdOut></Output></UnitTestResult>
    <UnitTestResult executionId="00000000-0000-0000-0000-000000000389" testId="00000000-0000-0000-0000-000000000389" testName="TestCase_389" computerName="localhost" duration="00:00:12.000" startTime="2025-03-12T00:00:00.000Z" endTime="2025-03-12T00:00:12.000Z" outcome="Failed" testListId="11111111-1111-1111-1111-111111111111"><Output><ErrorInfo><Message>Assertion failed in TestCase_389: Expected value X but got Y.</Message><StackTrace>at DummyTests.TestCase_389() in DummyTests.cs:line 47</StackTrace></ErrorInfo><StdOut>TestCase_389 output: Error encountered during execution.</StdOut></Output></UnitTestResult>
    <UnitTestResult executionId="00000000-0000-0000-0000-000000000390" testId="00000000-0000-0000-0000-000000000390" testName="TestCase_390" computerName="localhost" duration="00:00:12.000" startTime="2025-03-12T00:00:00.000Z" endTime="2025-03-12T00:00:12.000Z" outcome="Failed" testListId="11111111-1111-1111-1111-111111111111"><Output><ErrorInfo><Message>Assertion failed in TestCase_390: Expected value X but got Y.</Message><StackTrace>at DummyTests.TestCase_390() in DummyTests.cs:line 48</StackTrace></ErrorInfo><StdOut>TestCase_390 output: Error encountered during execution.</StdOut></Output></UnitTestResult>
    <UnitTestResult executionId="00000000-0000-0000-0000-000000000391" testId="00000000-0000-0000-0000-000000000391" testName="TestCase_391" computerName="localhost" duration="00:00:12.000" startTime="2025-03-12T00:00:00.000Z" endTime="2025-03-12T00:00:12.000Z" outcome="Failed" testListId="11111111-1111-1111-1111-111111111111"><Output><ErrorInfo><Message>Assertion failed in TestCase_391: Expected value X but got Y.</Message><StackTrace>at DummyTests.TestCase_391() in DummyTests.cs:line 49</StackTrace></ErrorInfo><StdOut>TestCase_391 output: Error encountered during execution.</StdOut></Output></UnitTestResult>
    <UnitTestResult executionId="00000000-0000-0000-0000-000000000392" testId="00000000-0000-0000-0000-000000000392" testName="TestCase_392" computerName="localhost" duration="00:00:12.000" startTime="2025-03-12T00:00:00.000Z" endTime="2025-03-12T00:00:12.000Z" outcome="Failed" testListId="11111111-1111-1111-1111-111111111111"><Output><ErrorInfo><Message>Assertion failed in TestCase_392: Expected value X but got Y.</Message><StackTrace>at DummyTests.TestCase_392() in DummyTests.cs:line 50</StackTrace></ErrorInfo><StdOut>TestCase_392 output: Error encountered during execution.</StdOut></Output></UnitTestResult>
    <UnitTestResult executionId="00000000-0000-0000-0000-000000000393" testId="00000000-0000-0000-0000-000000000393" testName="TestCase_393" computerName="localhost" duration="00:00:12.000" startTime="2025-03-12T00:00:00.000Z" endTime="2025-03-12T00:00:12.000Z" outcome="Failed" testListId="11111111-1111-1111-1111-111111111111"><Output><ErrorInfo><Message>Assertion failed in TestCase_393: Expected value X but got Y.</Message><StackTrace>at DummyTests.TestCase_393() in DummyTests.cs:line 51</StackTrace></ErrorInfo><StdOut>TestCase_393 output: Error encountered during execution.</StdOut></Output></UnitTestResult>
    <UnitTestResult executionId="00000000-0000-0000-0000-000000000394" testId="00000000-0000-0000-0000-000000000394" testName="TestCase_394" computerName="localhost" duration="00:00:12.000" startTime="2025-03-12T00:00:00.000Z" endTime="2025-03-12T00:00:12.000Z" outcome="Failed" testListId="11111111-1111-1111-1111-111111111111"><Output><ErrorInfo><Message>Assertion failed in TestCase_394: Expected value X but got Y.</Message><StackTrace>at DummyTests.TestCase_394() in DummyTests.cs:line 52</StackTrace></ErrorInfo><StdOut>TestCase_394 output: Error encountered during execution.</StdOut></Output></UnitTestResult>
    <UnitTestResult executionId="00000000-0000-0000-0000-000000000395" testId="00000000-0000-0000-0000-000000000395" testName="TestCase_395" computerName="localhost" duration="00:00:12.000" startTime="2025-03-12T00:00:00.000Z" endTime="2025-03-12T00:00:12.000Z" outcome="Failed" testListId="11111111-1111-1111-1111-111111111111"><Output><ErrorInfo><Message>Assertion failed in TestCase_395: Expected value X but got Y.</Message><StackTrace>at DummyTests.TestCase_395() in DummyTests.cs:line 53</StackTrace></ErrorInfo><StdOut>TestCase_395 output: Error encountered during execution.</StdOut></Output></UnitTestResult>
    <UnitTestResult executionId="00000000-0000-0000-0000-000000000396" testId="00000000-0000-0000-0000-000000000396" testName="TestCase_396" computerName="localhost" duration="00:00:12.000" startTime="2025-03-12T00:00:00.000Z" endTime="2025-03-12T00:00:12.000Z" outcome="Failed" testListId="11111111-1111-1111-1111-111111111111"><Output><ErrorInfo><Message>Assertion failed in TestCase_396: Expected value X but got Y.</Message><StackTrace>at DummyTests.TestCase_396() in DummyTests.cs:line 54</StackTrace></ErrorInfo><StdOut>TestCase_396 output: Error encountered during execution.</StdOut></Output></UnitTestResult>
    <UnitTestResult executionId="00000000-0000-0000-0000-000000000397" testId="00000000-0000-0000-0000-000000000397" testName="TestCase_397" computerName="localhost" duration="00:00:12.000" startTime="2025-03-12T00:00:00.000Z" endTime="2025-03-12T00:00:12.000Z" outcome="Failed" testListId="11111111-1111-1111-1111-111111111111"><Output><ErrorInfo><Message>Assertion failed in TestCase_397: Expected value X but got Y.</Message><StackTrace>at DummyTests.TestCase_397() in DummyTests.cs:line 55</StackTrace></ErrorInfo><StdOut>TestCase_397 output: Error encountered during execution.</StdOut></Output></UnitTestResult>
    <UnitTestResult executionId="00000000-0000-0000-0000-000000000398" testId="00000000-0000-0000-0000-000000000398" testName="TestCase_398" computerName="localhost" duration="00:00:12.000" startTime="2025-03-12T00:00:00.000Z" endTime="2025-03-12T00:00:12.000Z" outcome="Failed" testListId="11111111-1111-1111-1111-111111111111"><Output><ErrorInfo><Message>Assertion failed in TestCase_398: Expected value X but got Y.</Message><StackTrace>at DummyTests.TestCase_398() in DummyTests.cs:line 56</StackTrace></ErrorInfo><StdOut>TestCase_398 output: Error encountered during execution.</StdOut></Output></UnitTestResult>
    <UnitTestResult executionId="00000000-0000-0000-0000-000000000399" testId="00000000-0000-0000-0000-000000000399" testName="TestCase_399" computerName="localhost" duration="00:00:12.000" startTime="2025-03-12T00:00:00.000Z" endTime="2025-03-12T00:00:12.000Z" outcome="Failed" testListId="11111111-1111-1111-1111-111111111111"><Output><ErrorInfo><Message>Assertion failed in TestCase_399: Expected value X but got Y.</Message><StackTrace>at DummyTests.TestCase_399() in DummyTests.cs:line 57</StackTrace></ErrorInfo><StdOut>TestCase_399 output: Error encountered during execution.</StdOut></Output></UnitTestResult>
    <UnitTestResult executionId="00000000-0000-0000-0000-000000000400" testId="00000000-0000-0000-0000-000000000400" testName="TestCase_400" computerName="localhost" duration="00:00:12.000" startTime="2025-03-12T00:00:00.000Z" endTime="2025-03-12T00:00:12.000Z" outcome="Failed" testListId="11111111-1111-1111-1111-111111111111"><Output><ErrorInfo><Message>Assertion failed in TestCase_400: Expected value X but got Y.</Message><StackTrace>at DummyTests.TestCase_400() in DummyTests.cs:line 58</StackTrace></ErrorInfo><StdOut>TestCase_400 output: Error encountered during execution.</StdOut></Output></UnitTestResult>
    <UnitTestResult executionId="00000000-0000-0000-0000-000000000401" testId="00000000-0000-0000-0000-000000000401" testName="TestCase_401" computerName="localhost" duration="00:00:12.000" startTime="2025-03-12T00:00:00.000Z" endTime="2025-03-12T00:00:12.000Z" outcome="Failed" testListId="11111111-1111-1111-1111-111111111111"><Output><ErrorInfo><Message>Assertion failed in TestCase_401: Expected value X but got Y.</Message><StackTrace>at DummyTests.TestCase_401() in DummyTests.cs:line 59</StackTrace></ErrorInfo><StdOut>TestCase_401 output: Error encountered during execution.</StdOut></Output></UnitTestResult>
    <UnitTestResult executionId="00000000-0000-0000-0000-000000000402" testId="00000000-0000-0000-0000-000000000402" testName="TestCase_402" computerName="localhost" duration="00:00:12.000" startTime="2025-03-12T00:00:00.000Z" endTime="2025-03-12T00:00:12.000Z" outcome="Failed" testListId="11111111-1111-1111-1111-111111111111"><Output><ErrorInfo><Message>Assertion failed in TestCase_402: Expected value X but got Y.</Message><StackTrace>at DummyTests.TestCase_402() in DummyTests.cs:line 60</StackTrace></ErrorInfo><StdOut>TestCase_402 output: Error encountered during execution.</StdOut></Output></UnitTestResult>
    <UnitTestResult executionId="00000000-0000-0000-0000-000000000403" testId="00000000-0000-0000-0000-000000000403" testName="TestCase_403" computerName="localhost" duration="00:00:12.000" startTime="2025-03-12T00:00:00.000Z" endTime="2025-03-12T00:00:12.000Z" outcome="Failed" testListId="11111111-1111-1111-1111-111111111111"><Output><ErrorInfo><Message>Assertion failed in TestCase_403: Expected value X but got Y.</Message><StackTrace>at DummyTests.TestCase_403() in DummyTests.cs:line 61</StackTrace></ErrorInfo><StdOut>TestCase_403 output: Error encountered during execution.</StdOut></Output></UnitTestResult>
    <UnitTestResult executionId="00000000-0000-0000-0000-000000000404" testId="00000000-0000-0000-0000-000000000404" testName="TestCase_404" computerName="localhost" duration="00:00:12.000" startTime="2025-03-12T00:00:00.000Z" endTime="2025-03-12T00:00:12.000Z" outcome="Failed" testListId="11111111-1111-1111-1111-111111111111"><Output><ErrorInfo><Message>Assertion failed in TestCase_404: Expected value X but got Y.</Message><StackTrace>at DummyTests.TestCase_404() in DummyTests.cs:line 62</StackTrace></ErrorInfo><StdOut>TestCase_404 output: Error encountered during execution.</StdOut></Output></UnitTestResult>
    <UnitTestResult executionId="00000000-0000-0000-0000-000000000405" testId="00000000-0000-0000-0000-000000000405" testName="TestCase_405" computerName="localhost" duration="00:00:12.000" startTime="2025-03-12T00:00:00.000Z" endTime="2025-03-12T00:00:12.000Z" outcome="Failed" testListId="11111111-1111-1111-1111-111111111111"><Output><ErrorInfo><Message>Assertion failed in TestCase_405: Expected value X but got Y.</Message><StackTrace>at DummyTests.TestCase_405() in DummyTests.cs:line 63</StackTrace></ErrorInfo><StdOut>TestCase_405 output: Error encountered during execution.</StdOut></Output></UnitTestResult>
    <UnitTestResult executionId="00000000-0000-0000-0000-000000000406" testId="00000000-0000-0000-0000-000000000406" testName="TestCase_406" computerName="localhost" duration="00:00:12.000" startTime="2025-03-12T00:00:00.000Z" endTime="2025-03-12T00:00:12.000Z" outcome="Failed" testListId="11111111-1111-1111-1111-111111111111"><Output><ErrorInfo><Message>Assertion failed in TestCase_406: Expected value X but got Y.</Message><StackTrace>at DummyTests.TestCase_406() in DummyTests.cs:line 64</StackTrace></ErrorInfo><StdOut>TestCase_406 output: Error encountered during execution.</StdOut></Output></UnitTestResult>
    <UnitTestResult executionId="00000000-0000-0000-0000-000000000407" testId="00000000-0000-0000-0000-000000000407" testName="TestCase_407" computerName="localhost" duration="00:00:12.000" startTime="2025-03-12T00:00:00.000Z" endTime="2025-03-12T00:00:12.000Z" outcome="Failed" testListId="11111111-1111-1111-1111-111111111111"><Output><ErrorInfo><Message>Assertion failed in TestCase_407: Expected value X but got Y.</Message><StackTrace>at DummyTests.TestCase_407() in DummyTests.cs:line 65</StackTrace></ErrorInfo><StdOut>TestCase_407 output: Error encountered during execution.</StdOut></Output></UnitTestResult>
    <UnitTestResult executionId="00000000-0000-0000-0000-000000000408" testId="00000000-0000-0000-0000-000000000408" testName="TestCase_408" computerName="localhost" duration="00:00:12.000" startTime="2025-03-12T00:00:00.000Z" endTime="2025-03-12T00:00:12.000Z" outcome="Failed" testListId="11111111-1111-1111-1111-111111111111"><Output><ErrorInfo><Message>Assertion failed in TestCase_408: Expected value X but got Y.</Message><StackTrace>at DummyTests.TestCase_408() in DummyTests.cs:line 66</StackTrace></ErrorInfo><StdOut>TestCase_408 output: Error encountered during execution.</StdOut></Output></UnitTestResult>
    <UnitTestResult executionId="00000000-0000-0000-0000-000000000409" testId="00000000-0000-0000-0000-000000000409" testName="TestCase_409" computerName="localhost" duration="00:00:12.000" startTime="2025-03-12T00:00:00.000Z" endTime="2025-03-12T00:00:12.000Z" outcome="Failed" testListId="11111111-1111-1111-1111-111111111111"><Output><ErrorInfo><Message>Assertion failed in TestCase_409: Expected value X but got Y.</Message><StackTrace>at DummyTests.TestCase_409() in DummyTests.cs:line 67</StackTrace></ErrorInfo><StdOut>TestCase_409 output: Error encountered during execution.</StdOut></Output></UnitTestResult>
    <UnitTestResult executionId="00000000-0000-0000-0000-000000000410" testId="00000000-0000-0000-0000-000000000410" testName="TestCase_410" computerName="localhost" duration="00:00:12.000" startTime="2025-03-12T00:00:00.000Z" endTime="2025-03-12T00:00:12.000Z" outcome="Failed" testListId="11111111-1111-1111-1111-111111111111"><Output><ErrorInfo><Message>Assertion failed in TestCase_410: Expected value X but got Y.</Message><StackTrace>at DummyTests.TestCase_410() in DummyTests.cs:line 68</StackTrace></ErrorInfo><StdOut>TestCase_410 output: Error encountered during execution.</StdOut></Output></UnitTestResult>
    <UnitTestResult executionId="00000000-0000-0000-0000-000000000411" testId="00000000-0000-0000-0000-000000000411" testName="TestCase_411" computerName="localhost" duration="00:00:12.000" startTime="2025-03-12T00:00:00.000Z" endTime="2025-03-12T00:00:12.000Z" outcome="Failed" testListId="11111111-1111-1111-1111-111111111111"><Output><ErrorInfo><Message>Assertion failed in TestCase_411: Expected value X but got Y.</Message><StackTrace>at DummyTests.TestCase_411() in DummyTests.cs:line 69</StackTrace></ErrorInfo><StdOut>TestCase_411 output: Error encountered during execution.</StdOut></Output></UnitTestResult>
    <UnitTestResult executionId="00000000-0000-0000-0000-000000000412" testId="00000000-0000-0000-0000-000000000412" testName="TestCase_412" computerName="localhost" duration="00:00:12.000" startTime="2025-03-12T00:00:00.000Z" endTime="2025-03-12T00:00:12.000Z" outcome="Failed" testListId="11111111-1111-1111-1111-111111111111"><Output><ErrorInfo><Message>Assertion failed in TestCase_412: Expected value X but got Y.</Message><StackTrace>at DummyTests.TestCase_412() in DummyTests.cs:line 70</StackTrace></ErrorInfo><StdOut>TestCase_412 output: Error encountered during execution.</StdOut></Output></UnitTestResult>
    <UnitTestResult executionId="00000000-0000-0000-0000-000000000413" testId="00000000-0000-0000-0000-000000000413" testName="TestCase_413" computerName="localhost" duration="00:00:12.000" startTime="2025-03-12T00:00:00.000Z" endTime="2025-03-12T00:00:12.000Z" outcome="Failed" testListId="11111111-1111-1111-1111-111111111111"><Output><ErrorInfo><Message>Assertion failed in TestCase_413: Expected value X but got Y.</Message><StackTrace>at DummyTests.TestCase_413() in DummyTests.cs:line 71</StackTrace></ErrorInfo><StdOut>TestCase_413 output: Error encountered during execution.</StdOut></Output></UnitTestResult>
    <UnitTestResult executionId="00000000-0000-0000-0000-000000000414" testId="00000000-0000-0000-0000-000000000414" testName="TestCase_414" computerName="localhost" duration="00:00:12.000" startTime="2025-03-12T00:00:00.000Z" endTime="2025-03-12T00:00:12.000Z" outcome="Failed" testListId="11111111-1111-1111-1111-111111111111"><Output><ErrorInfo><Message>Assertion failed in TestCase_414: Expected value X but got Y.</Message><StackTrace>at DummyTests.TestCase_414() in DummyTests.cs:line 72</StackTrace></ErrorInfo><StdOut>TestCase_414 output: Error encountered during execution.</StdOut></Output></UnitTestResult>
    <UnitTestResult executionId="00000000-0000-0000-0000-000000000415" testId="00000000-0000-0000-0000-000000000415" testName="TestCase_415" computerName="localhost" duration="00:00:12.000" startTime="2025-03-12T00:00:00.000Z" endTime="2025-03-12T00:00:12.000Z" outcome="Failed" testListId="11111111-1111-1111-1111-111111111111"><Output><ErrorInfo><Message>Assertion failed in TestCase_415: Expected value X but got Y.</Message><StackTrace>at DummyTests.TestCase_415() in DummyTests.cs:line 73</StackTrace></ErrorInfo><StdOut>TestCase_415 output: Error encountered during execution.</StdOut></Output></UnitTestResult>
    <UnitTestResult executionId="00000000-0000-0000-0000-000000000416" testId="00000000-0000-0000-0000-000000000416" testName="TestCase_416" computerName="localhost" duration="00:00:12.000" startTime="2025-03-12T00:00:00.000Z" endTime="2025-03-12T00:00:12.000Z" outcome="Failed" testListId="11111111-1111-1111-1111-111111111111"><Output><ErrorInfo><Message>Assertion failed in TestCase_416: Expected value X but got Y.</Message><StackTrace>at DummyTests.TestCase_416() in DummyTests.cs:line 74</StackTrace></ErrorInfo><StdOut>TestCase_416 output: Error encountered during execution.</StdOut></Output></UnitTestResult>
    <UnitTestResult executionId="00000000-0000-0000-0000-000000000417" testId="00000000-0000-0000-0000-000000000417" testName="TestCase_417" computerName="localhost" duration="00:00:12.000" startTime="2025-03-12T00:00:00.000Z" endTime="2025-03-12T00:00:12.000Z" outcome="Failed" testListId="11111111-1111-1111-1111-111111111111"><Output><ErrorInfo><Message>Assertion failed in TestCase_417: Expected value X but got Y.</Message><StackTrace>at DummyTests.TestCase_417() in DummyTests.cs:line 75</StackTrace></ErrorInfo><StdOut>TestCase_417 output: Error encountered during execution.</StdOut></Output></UnitTestResult>
    <UnitTestResult executionId="00000000-0000-0000-0000-000000000418" testId="00000000-0000-0000-0000-000000000418" testName="TestCase_418" computerName="localhost" duration="00:00:12.000" startTime="2025-03-12T00:00:00.000Z" endTime="2025-03-12T00:00:12.000Z" outcome="Failed" testListId="11111111-1111-1111-1111-111111111111"><Output><ErrorInfo><Message>Assertion failed in TestCase_418: Expected value X but got Y.</Message><StackTrace>at DummyTests.TestCase_418() in DummyTests.cs:line 76</StackTrace></ErrorInfo><StdOut>TestCase_418 output: Error encountered during execution.</StdOut></Output></UnitTestResult>
    <UnitTestResult executionId="00000000-0000-0000-0000-000000000419" testId="00000000-0000-0000-0000-000000000419" testName="TestCase_419" computerName="localhost" duration="00:00:12.000" startTime="2025-03-12T00:00:00.000Z" endTime="2025-03-12T00:00:12.000Z" outcome="Failed" testListId="11111111-1111-1111-1111-111111111111"><Output><ErrorInfo><Message>Assertion failed in TestCase_419: Expected value X but got Y.</Message><StackTrace>at DummyTests.TestCase_419() in DummyTests.cs:line 77</StackTrace></ErrorInfo><StdOut>TestCase_419 output: Error encountered during execution.</StdOut></Output></UnitTestResult>
    <UnitTestResult executionId="00000000-0000-0000-0000-000000000420" testId="00000000-0000-0000-0000-000000000420" testName="TestCase_420" computerName="localhost" duration="00:00:12.000" startTime="2025-03-12T00:00:00.000Z" endTime="2025-03-12T00:00:12.000Z" outcome="Failed" testListId="11111111-1111-1111-1111-111111111111"><Output><ErrorInfo><Message>Assertion failed in TestCase_420: Expected value X but got Y.</Message><StackTrace>at DummyTests.TestCase_420() in DummyTests.cs:line 78</StackTrace></ErrorInfo><StdOut>TestCase_420 output: Error encountered during execution.</StdOut></Output></UnitTestResult>
    <UnitTestResult executionId="00000000-0000-0000-0000-000000000421" testId="00000000-0000-0000-0000-000000000421" testName="TestCase_421" computerName="localhost" duration="00:00:12.000" startTime="2025-03-12T00:00:00.000Z" endTime="2025-03-12T00:00:12.000Z" outcome="Failed" testListId="11111111-1111-1111-1111-111111111111"><Output><ErrorInfo><Message>Assertion failed in TestCase_421: Expected value X but got Y.</Message><StackTrace>at DummyTests.TestCase_421() in DummyTests.cs:line 79</StackTrace></ErrorInfo><StdOut>TestCase_421 output: Error encountered during execution.</StdOut></Output></UnitTestResult>
    <UnitTestResult executionId="00000000-0000-0000-0000-000000000422" testId="00000000-0000-0000-0000-000000000422" testName="TestCase_422" computerName="localhost" duration="00:00:12.000" startTime="2025-03-12T00:00:00.000Z" endTime="2025-03-12T00:00:12.000Z" outcome="Failed" testListId="11111111-1111-1111-1111-111111111111"><Output><ErrorInfo><Message>Assertion failed in TestCase_422: Expected value X but got Y.</Message><StackTrace>at DummyTests.TestCase_422() in DummyTests.cs:line 80</StackTrace></ErrorInfo><StdOut>TestCase_422 output: Error encountered during execution.</StdOut></Output></UnitTestResult>
    <UnitTestResult executionId="00000000-0000-0000-0000-000000000423" testId="00000000-0000-0000-0000-000000000423" testName="TestCase_423" computerName="localhost" duration="00:00:12.000" startTime="2025-03-12T00:00:00.000Z" endTime="2025-03-12T00:00:12.000Z" outcome="Failed" testListId="11111111-1111-1111-1111-111111111111"><Output><ErrorInfo><Message>Assertion failed in TestCase_423: Expected value X but got Y.</Message><StackTrace>at DummyTests.TestCase_423() in DummyTests.cs:line 81</StackTrace></ErrorInfo><StdOut>TestCase_423 output: Error encountered during execution.</StdOut></Output></UnitTestResult>
    <UnitTestResult executionId="00000000-0000-0000-0000-000000000424" testId="00000000-0000-0000-0000-000000000424" testName="TestCase_424" computerName="localhost" duration="00:00:12.000" startTime="2025-03-12T00:00:00.000Z" endTime="2025-03-12T00:00:12.000Z" outcome="Failed" testListId="11111111-1111-1111-1111-111111111111"><Output><ErrorInfo><Message>Assertion failed in TestCase_424: Expected value X but got Y.</Message><StackTrace>at DummyTests.TestCase_424() in DummyTests.cs:line 82</StackTrace></ErrorInfo><StdOut>TestCase_424 output: Error encountered during execution.</StdOut></Output></UnitTestResult>
    <UnitTestResult executionId="00000000-0000-0000-0000-000000000425" testId="00000000-0000-0000-0000-000000000425" testName="TestCase_425" computerName="localhost" duration="00:00:12.000" startTime="2025-03-12T00:00:00.000Z" endTime="2025-03-12T00:00:12.000Z" outcome="Failed" testListId="11111111-1111-1111-1111-111111111111"><Output><ErrorInfo><Message>Assertion failed in TestCase_425: Expected value X but got Y.</Message><StackTrace>at DummyTests.TestCase_425() in DummyTests.cs:line 83</StackTrace></ErrorInfo><StdOut>TestCase_425 output: Error encountered during execution.</StdOut></Output></UnitTestResult>
    <UnitTestResult executionId="00000000-0000-0000-0000-000000000426" testId="00000000-0000-0000-0000-000000000426" testName="TestCase_426" computerName="localhost" duration="00:00:12.000" startTime="2025-03-12T00:00:00.000Z" endTime="2025-03-12T00:00:12.000Z" outcome="Failed" testListId="11111111-1111-1111-1111-111111111111"><Output><ErrorInfo><Message>Assertion failed in TestCase_426: Expected value X but got Y.</Message><StackTrace>at DummyTests.TestCase_426() in DummyTests.cs:line 84</StackTrace></ErrorInfo><StdOut>TestCase_426 output: Error encountered during execution.</StdOut></Output></UnitTestResult>
    <UnitTestResult executionId="00000000-0000-0000-0000-000000000427" testId="00000000-0000-0000-0000-000000000427" testName="TestCase_427" computerName="localhost" duration="00:00:12.000" startTime="2025-03-12T00:00:00.000Z" endTime="2025-03-12T00:00:12.000Z" outcome="Failed" testListId="11111111-1111-1111-1111-111111111111"><Output><ErrorInfo><Message>Assertion failed in TestCase_427: Expected value X but got Y.</Message><StackTrace>at DummyTests.TestCase_427() in DummyTests.cs:line 85</StackTrace></ErrorInfo><StdOut>TestCase_427 output: Error encountered during execution.</StdOut></Output></UnitTestResult>
    <UnitTestResult executionId="00000000-0000-0000-0000-000000000428" testId="00000000-0000-0000-0000-000000000428" testName="TestCase_428" computerName="localhost" duration="00:00:12.000" startTime="2025-03-12T00:00:00.000Z" endTime="2025-03-12T00:00:12.000Z" outcome="Failed" testListId="11111111-1111-1111-1111-111111111111"><Output><ErrorInfo><Message>Assertion failed in TestCase_428: Expected value X but got Y.</Message><StackTrace>at DummyTests.TestCase_428() in DummyTests.cs:line 86</StackTrace></ErrorInfo><StdOut>TestCase_428 output: Error encountered during execution.</StdOut></Output></UnitTestResult>
    <UnitTestResult executionId="00000000-0000-0000-0000-000000000429" testId="00000000-0000-0000-0000-000000000429" testName="TestCase_429" computerName="localhost" duration="00:00:12.000" startTime="2025-03-12T00:00:00.000Z" endTime="2025-03-12T00:00:12.000Z" outcome="Failed" testListId="11111111-1111-1111-1111-111111111111"><Output><ErrorInfo><Message>Assertion failed in TestCase_429: Expected value X but got Y.</Message><StackTrace>at DummyTests.TestCase_429() in DummyTests.cs:line 87</StackTrace></ErrorInfo><StdOut>TestCase_429 output: Error encountered during execution.</StdOut></Output></UnitTestResult>
    <UnitTestResult executionId="00000000-0000-0000-0000-000000000430" testId="00000000-0000-0000-0000-000000000430" testName="TestCase_430" computerName="localhost" duration="00:00:12.000" startTime="2025-03-12T00:00:00.000Z" endTime="2025-03-12T00:00:12.000Z" outcome="Failed" testListId="11111111-1111-1111-1111-111111111111"><Output><ErrorInfo><Message>Assertion failed in TestCase_430: Expected value X but got Y.</Message><StackTrace>at DummyTests.TestCase_430() in DummyTests.cs:line 88</StackTrace></ErrorInfo><StdOut>TestCase_430 output: Error encountered during execution.</StdOut></Output></UnitTestResult>
    <UnitTestResult executionId="00000000-0000-0000-0000-000000000431" testId="00000000-0000-0000-0000-000000000431" testName="TestCase_431" computerName="localhost" duration="00:00:12.000" startTime="2025-03-12T00:00:00.000Z" endTime="2025-03-12T00:00:12.000Z" outcome="Failed" testListId="11111111-1111-1111-1111-111111111111"><Output><ErrorInfo><Message>Assertion failed in TestCase_431: Expected value X but got Y.</Message><StackTrace>at DummyTests.TestCase_431() in DummyTests.cs:line 89</StackTrace></ErrorInfo><StdOut>TestCase_431 output: Error encountered during execution.</StdOut></Output></UnitTestResult>
    <UnitTestResult executionId="00000000-0000-0000-0000-000000000432" testId="00000000-0000-0000-0000-000000000432" testName="TestCase_432" computerName="localhost" duration="00:00:12.000" startTime="2025-03-12T00:00:00.000Z" endTime="2025-03-12T00:00:12.000Z" outcome="Failed" testListId="11111111-1111-1111-1111-111111111111"><Output><ErrorInfo><Message>Assertion failed in TestCase_432: Expected value X but got Y.</Message><StackTrace>at DummyTests.TestCase_432() in DummyTests.cs:line 90</StackTrace></ErrorInfo><StdOut>TestCase_432 output: Error encountered during execution.</StdOut></Output></UnitTestResult>
    <UnitTestResult executionId="00000000-0000-0000-0000-000000000433" testId="00000000-0000-0000-0000-000000000433" testName="TestCase_433" computerName="localhost" duration="00:00:12.000" startTime="2025-03-12T00:00:00.000Z" endTime="2025-03-12T00:00:12.000Z" outcome="Failed" testListId="11111111-1111-1111-1111-111111111111"><Output><ErrorInfo><Message>Assertion failed in TestCase_433: Expected value X but got Y.</Message><StackTrace>at DummyTests.TestCase_433() in DummyTests.cs:line 91</StackTrace></ErrorInfo><StdOut>TestCase_433 output: Error encountered during execution.</StdOut></Output></UnitTestResult>
    <UnitTestResult executionId="00000000-0000-0000-0000-000000000434" testId="00000000-0000-0000-0000-000000000434" testName="TestCase_434" computerName="localhost" duration="00:00:12.000" startTime="2025-03-12T00:00:00.000Z" endTime="2025-03-12T00:00:12.000Z" outcome="Failed" testListId="11111111-1111-1111-1111-111111111111"><Output><ErrorInfo><Message>Assertion failed in TestCase_434: Expected value X but got Y.</Message><StackTrace>at DummyTests.TestCase_434() in DummyTests.cs:line 92</StackTrace></ErrorInfo><StdOut>TestCase_434 output: Error encountered during execution.</StdOut></Output></UnitTestResult>
    <UnitTestResult executionId="00000000-0000-0000-0000-000000000435" testId="00000000-0000-0000-0000-000000000435" testName="TestCase_435" computerName="localhost" duration="00:00:12.000" startTime="2025-03-12T00:00:00.000Z" endTime="2025-03-12T00:00:12.000Z" outcome="Failed" testListId="11111111-1111-1111-1111-111111111111"><Output><ErrorInfo><Message>Assertion failed in TestCase_435: Expected value X but got Y.</Message><StackTrace>at DummyTests.TestCase_435() in DummyTests.cs:line 93</StackTrace></ErrorInfo><StdOut>TestCase_435 output: Error encountered during execution.</StdOut></Output></UnitTestResult>
    <UnitTestResult executionId="00000000-0000-0000-0000-000000000436" testId="00000000-0000-0000-0000-000000000436" testName="TestCase_436" computerName="localhost" duration="00:00:12.000" startTime="2025-03-12T00:00:00.000Z" endTime="2025-03-12T00:00:12.000Z" outcome="Failed" testListId="11111111-1111-1111-1111-111111111111"><Output><ErrorInfo><Message>Assertion failed in TestCase_436: Expected value X but got Y.</Message><StackTrace>at DummyTests.TestCase_436() in DummyTests.cs:line 94</StackTrace></ErrorInfo><StdOut>TestCase_436 output: Error encountered during execution.</StdOut></Output></UnitTestResult>
    <UnitTestResult executionId="00000000-0000-0000-0000-000000000437" testId="00000000-0000-0000-0000-000000000437" testName="TestCase_437" computerName="localhost" duration="00:00:12.000" startTime="2025-03-12T00:00:00.000Z" endTime="2025-03-12T00:00:12.000Z" outcome="Failed" testListId="11111111-1111-1111-1111-111111111111"><Output><ErrorInfo><Message>Assertion failed in TestCase_437: Expected value X but got Y.</Message><StackTrace>at DummyTests.TestCase_437() in DummyTests.cs:line 95</StackTrace></ErrorInfo><StdOut>TestCase_437 output: Error encountered during execution.</StdOut></Output></UnitTestResult>
    <UnitTestResult executionId="00000000-0000-0000-0000-000000000438" testId="00000000-0000-0000-0000-000000000438" testName="TestCase_438" computerName="localhost" duration="00:00:12.000" startTime="2025-03-12T00:00:00.000Z" endTime="2025-03-12T00:00:12.000Z" outcome="Failed" testListId="11111111-1111-1111-1111-111111111111"><Output><ErrorInfo><Message>Assertion failed in TestCase_438: Expected value X but got Y.</Message><StackTrace>at DummyTests.TestCase_438() in DummyTests.cs:line 96</StackTrace></ErrorInfo><StdOut>TestCase_438 output: Error encountered during execution.</StdOut></Output></UnitTestResult>
    <UnitTestResult executionId="00000000-0000-0000-0000-000000000439" testId="00000000-0000-0000-0000-000000000439" testName="TestCase_439" computerName="localhost" duration="00:00:12.000" startTime="2025-03-12T00:00:00.000Z" endTime="2025-03-12T00:00:12.000Z" outcome="Failed" testListId="11111111-1111-1111-1111-111111111111"><Output><ErrorInfo><Message>Assertion failed in TestCase_439: Expected value X but got Y.</Message><StackTrace>at DummyTests.TestCase_439() in DummyTests.cs:line 97</StackTrace></ErrorInfo><StdOut>TestCase_439 output: Error encountered during execution.</StdOut></Output></UnitTestResult>
    <UnitTestResult executionId="00000000-0000-0000-0000-000000000440" testId="00000000-0000-0000-0000-000000000440" testName="TestCase_440" computerName="localhost" duration="00:00:12.000" startTime="2025-03-12T00:00:00.000Z" endTime="2025-03-12T00:00:12.000Z" outcome="Failed" testListId="11111111-1111-1111-1111-111111111111"><Output><ErrorInfo><Message>Assertion failed in TestCase_440: Expected value X but got Y.</Message><StackTrace>at DummyTests.TestCase_440() in DummyTests.cs:line 98</StackTrace></ErrorInfo><StdOut>TestCase_440 output: Error encountered during execution.</StdOut></Output></UnitTestResult>
    <UnitTestResult executionId="00000000-0000-0000-0000-000000000441" testId="00000000-0000-0000-0000-000000000441" testName="TestCase_441" computerName="localhost" duration="00:00:12.000" startTime="2025-03-12T00:00:00.000Z" endTime="2025-03-12T00:00:12.000Z" outcome="Failed" testListId="11111111-1111-1111-1111-111111111111"><Output><ErrorInfo><Message>Assertion failed in TestCase_441: Expected value X but got Y.</Message><StackTrace>at DummyTests.TestCase_441() in DummyTests.cs:line 99</StackTrace></ErrorInfo><StdOut>TestCase_441 output: Error encountered during execution.</StdOut></Output></UnitTestResult>
    <UnitTestResult executionId="00000000-0000-0000-0000-000000000442" testId="00000000-0000-0000-0000-000000000442" testName="TestCase_442" computerName="localhost" duration="00:00:12.000" startTime="2025-03-12T00:00:00.000Z" endTime="2025-03-12T00:00:12.000Z" outcome="Failed" testListId="11111111-1111-1111-1111-111111111111"><Output><ErrorInfo><Message>Assertion failed in TestCase_442: Expected value X but got Y.</Message><StackTrace>at DummyTests.TestCase_442() in DummyTests.cs:line 100</StackTrace></ErrorInfo><StdOut>TestCase_442 output: Error encountered during execution.</StdOut></Output></UnitTestResult>
    <UnitTestResult executionId="00000000-0000-0000-0000-000000000443" testId="00000000-0000-0000-0000-000000000443" testName="TestCase_443" computerName="localhost" duration="00:00:12.000" startTime="2025-03-12T00:00:00.000Z" endTime="2025-03-12T00:00:12.000Z" outcome="Failed" testListId="11111111-1111-1111-1111-111111111111"><Output><ErrorInfo><Message>Assertion failed in TestCase_443: Expected value X but got Y.</Message><StackTrace>at DummyTests.TestCase_443() in DummyTests.cs:line 101</StackTrace></ErrorInfo><StdOut>TestCase_443 output: Error encountered during execution.</StdOut></Output></UnitTestResult>
    <UnitTestResult executionId="00000000-0000-0000-0000-000000000444" testId="00000000-0000-0000-0000-000000000444" testName="TestCase_444" computerName="localhost" duration="00:00:12.000" startTime="2025-03-12T00:00:00.000Z" endTime="2025-03-12T00:00:12.000Z" outcome="Failed" testListId="11111111-1111-1111-1111-111111111111"><Output><ErrorInfo><Message>Assertion failed in TestCase_444: Expected value X but got Y.</Message><StackTrace>at DummyTests.TestCase_444() in DummyTests.cs:line 102</StackTrace></ErrorInfo><StdOut>TestCase_444 output: Error encountered during execution.</StdOut></Output></UnitTestResult>
    <UnitTestResult executionId="00000000-0000-0000-0000-000000000445" testId="00000000-0000-0000-0000-000000000445" testName="TestCase_445" computerName="localhost" duration="00:00:12.000" startTime="2025-03-12T00:00:00.000Z" endTime="2025-03-12T00:00:12.000Z" outcome="Failed" testListId="11111111-1111-1111-1111-111111111111"><Output><ErrorInfo><Message>Assertion failed in TestCase_445: Expected value X but got Y.</Message><StackTrace>at DummyTests.TestCase_445() in DummyTests.cs:line 103</StackTrace></ErrorInfo><StdOut>TestCase_445 output: Error encountered during execution.</StdOut></Output></UnitTestResult>
    <UnitTestResult executionId="00000000-0000-0000-0000-000000000446" testId="00000000-0000-0000-0000-000000000446" testName="TestCase_446" computerName="localhost" duration="00:00:12.000" startTime="2025-03-12T00:00:00.000Z" endTime="2025-03-12T00:00:12.000Z" outcome="Failed" testListId="11111111-1111-1111-1111-111111111111"><Output><ErrorInfo><Message>Assertion failed in TestCase_446: Expected value X but got Y.</Message><StackTrace>at DummyTests.TestCase_446() in DummyTests.cs:line 104</StackTrace></ErrorInfo><StdOut>TestCase_446 output: Error encountered during execution.</StdOut></Output></UnitTestResult>
    <UnitTestResult executionId="00000000-0000-0000-0000-000000000447" testId="00000000-0000-0000-0000-000000000447" testName="TestCase_447" computerName="localhost" duration="00:00:12.000" startTime="2025-03-12T00:00:00.000Z" endTime="2025-03-12T00:00:12.000Z" outcome="Failed" testListId="11111111-1111-1111-1111-111111111111"><Output><ErrorInfo><Message>Assertion failed in TestCase_447: Expected value X but got Y.</Message><StackTrace>at DummyTests.TestCase_447() in DummyTests.cs:line 105</StackTrace></ErrorInfo><StdOut>TestCase_447 output: Error encountered during execution.</StdOut></Output></UnitTestResult>
    <UnitTestResult executionId="00000000-0000-0000-0000-000000000448" testId="00000000-0000-0000-0000-000000000448" testName="TestCase_448" computerName="localhost" duration="00:00:12.000" startTime="2025-03-12T00:00:00.000Z" endTime="2025-03-12T00:00:12.000Z" outcome="Failed" testListId="11111111-1111-1111-1111-111111111111"><Output><ErrorInfo><Message>Assertion failed in TestCase_448: Expected value X but got Y.</Message><StackTrace>at DummyTests.TestCase_448() in DummyTests.cs:line 106</StackTrace></ErrorInfo><StdOut>TestCase_448 output: Error encountered during execution.</StdOut></Output></UnitTestResult>
    <UnitTestResult executionId="00000000-0000-0000-0000-000000000449" testId="00000000-0000-0000-0000-000000000449" testName="TestCase_449" computerName="localhost" duration="00:00:12.000" startTime="2025-03-12T00:00:00.000Z" endTime="2025-03-12T00:00:12.000Z" outcome="Failed" testListId="11111111-1111-1111-1111-111111111111"><Output><ErrorInfo><Message>Assertion failed in TestCase_449: Expected value X but got Y.</Message><StackTrace>at DummyTests.TestCase_449() in DummyTests.cs:line 107</StackTrace></ErrorInfo><StdOut>TestCase_449 output: Error encountered during execution.</StdOut></Output></UnitTestResult>
    <UnitTestResult executionId="00000000-0000-0000-0000-000000000450" testId="00000000-0000-0000-0000-000000000450" testName="TestCase_450" computerName="localhost" duration="00:00:12.000" startTime="2025-03-12T00:00:00.000Z" endTime="2025-03-12T00:00:12.000Z" outcome="Failed" testListId="11111111-1111-1111-1111-111111111111"><Output><ErrorInfo><Message>Assertion failed in TestCase_450: Expected value X but got Y.</Message><StackTrace>at DummyTests.TestCase_450() in DummyTests.cs:line 108</StackTrace></ErrorInfo><StdOut>TestCase_450 output: Error encountered during execution.</StdOut></Output></UnitTestResult>
    <UnitTestResult executionId="00000000-0000-0000-0000-000000000451" testId="00000000-0000-0000-0000-000000000451" testName="TestCase_451" computerName="localhost" duration="00:00:12.000" startTime="2025-03-12T00:00:00.000Z" endTime="2025-03-12T00:00:12.000Z" outcome="Failed" testListId="11111111-1111-1111-1111-111111111111"><Output><ErrorInfo><Message>Assertion failed in TestCase_451: Expected value X but got Y.</Message><StackTrace>at DummyTests.TestCase_451() in DummyTests.cs:line 109</StackTrace></ErrorInfo><StdOut>TestCase_451 output: Error encountered during execution.</StdOut></Output></UnitTestResult>
    <UnitTestResult executionId="00000000-0000-0000-0000-000000000452" testId="00000000-0000-0000-0000-000000000452" testName="TestCase_452" computerName="localhost" duration="00:00:12.000" startTime="2025-03-12T00:00:00.000Z" endTime="2025-03-12T00:00:12.000Z" outcome="Failed" testListId="11111111-1111-1111-1111-111111111111"><Output><ErrorInfo><Message>Assertion failed in TestCase_452: Expected value X but got Y.</Message><StackTrace>at DummyTests.TestCase_452() in DummyTests.cs:line 110</StackTrace></ErrorInfo><StdOut>TestCase_452 output: Error encountered during execution.</StdOut></Output></UnitTestResult>
    <UnitTestResult executionId="00000000-0000-0000-0000-000000000453" testId="00000000-0000-0000-0000-000000000453" testName="TestCase_453" computerName="localhost" duration="00:00:12.000" startTime="2025-03-12T00:00:00.000Z" endTime="2025-03-12T00:00:12.000Z" outcome="Failed" testListId="11111111-1111-1111-1111-111111111111"><Output><ErrorInfo><Message>Assertion failed in TestCase_453: Expected value X but got Y.</Message><StackTrace>at DummyTests.TestCase_453() in DummyTests.cs:line 111</StackTrace></ErrorInfo><StdOut>TestCase_453 output: Error encountered during execution.</StdOut></Output></UnitTestResult>
    <UnitTestResult executionId="00000000-0000-0000-0000-000000000454" testId="00000000-0000-0000-0000-000000000454" testName="TestCase_454" computerName="localhost" duration="00:00:12.000" startTime="2025-03-12T00:00:00.000Z" endTime="2025-03-12T00:00:12.000Z" outcome="Failed" testListId="11111111-1111-1111-1111-111111111111"><Output><ErrorInfo><Message>Assertion failed in TestCase_454: Expected value X but got Y.</Message><StackTrace>at DummyTests.TestCase_454() in DummyTests.cs:line 112</StackTrace></ErrorInfo><StdOut>TestCase_454 output: Error encountered during execution.</StdOut></Output></UnitTestResult>
    <UnitTestResult executionId="00000000-0000-0000-0000-000000000455" testId="00000000-0000-0000-0000-000000000455" testName="TestCase_455" computerName="localhost" duration="00:00:12.000" startTime="2025-03-12T00:00:00.000Z" endTime="2025-03-12T00:00:12.000Z" outcome="Failed" testListId="11111111-1111-1111-1111-111111111111"><Output><ErrorInfo><Message>Assertion failed in TestCase_455: Expected value X but got Y.</Message><StackTrace>at DummyTests.TestCase_455() in DummyTests.cs:line 113</StackTrace></ErrorInfo><StdOut>TestCase_455 output: Error encountered during execution.</StdOut></Output></UnitTestResult>
    <UnitTestResult executionId="00000000-0000-0000-0000-000000000456" testId="00000000-0000-0000-0000-000000000456" testName="TestCase_456" computerName="localhost" duration="00:00:12.000" startTime="2025-03-12T00:00:00.000Z" endTime="2025-03-12T00:00:12.000Z" outcome="Failed" testListId="11111111-1111-1111-1111-111111111111"><Output><ErrorInfo><Message>Assertion failed in TestCase_456: Expected value X but got Y.</Message><StackTrace>at DummyTests.TestCase_456() in DummyTests.cs:line 114</StackTrace></ErrorInfo><StdOut>TestCase_456 output: Error encountered during execution.</StdOut></Output></UnitTestResult>
    <UnitTestResult executionId="00000000-0000-0000-0000-000000000457" testId="00000000-0000-0000-0000-000000000457" testName="TestCase_457" computerName="localhost" duration="00:00:12.000" startTime="2025-03-12T00:00:00.000Z" endTime="2025-03-12T00:00:12.000Z" outcome="Failed" testListId="11111111-1111-1111-1111-111111111111"><Output><ErrorInfo><Message>Assertion failed in TestCase_457: Expected value X but got Y.</Message><StackTrace>at DummyTests.TestCase_457() in DummyTests.cs:line 115</StackTrace></ErrorInfo><StdOut>TestCase_457 output: Error encountered during execution.</StdOut></Output></UnitTestResult>
    <UnitTestResult executionId="00000000-0000-0000-0000-000000000458" testId="00000000-0000-0000-0000-000000000458" testName="TestCase_458" computerName="localhost" duration="00:00:12.000" startTime="2025-03-12T00:00:00.000Z" endTime="2025-03-12T00:00:12.000Z" outcome="Failed" testListId="11111111-1111-1111-1111-111111111111"><Output><ErrorInfo><Message>Assertion failed in TestCase_458: Expected value X but got Y.</Message><StackTrace>at DummyTests.TestCase_458() in DummyTests.cs:line 116</StackTrace></ErrorInfo><StdOut>TestCase_458 output: Error encountered during execution.</StdOut></Output></UnitTestResult>
    <UnitTestResult executionId="00000000-0000-0000-0000-000000000459" testId="00000000-0000-0000-0000-000000000459" testName="TestCase_459" computerName="localhost" duration="00:00:12.000" startTime="2025-03-12T00:00:00.000Z" endTime="2025-03-12T00:00:12.000Z" outcome="Failed" testListId="11111111-1111-1111-1111-111111111111"><Output><ErrorInfo><Message>Assertion failed in TestCase_459: Expected value X but got Y.</Message><StackTrace>at DummyTests.TestCase_459() in DummyTests.cs:line 117</StackTrace></ErrorInfo><StdOut>TestCase_459 output: Error encountered during execution.</StdOut></Output></UnitTestResult>
    <UnitTestResult executionId="00000000-0000-0000-0000-000000000460" testId="00000000-0000-0000-0000-000000000460" testName="TestCase_460" computerName="localhost" duration="00:00:12.000" startTime="2025-03-12T00:00:00.000Z" endTime="2025-03-12T00:00:12.000Z" outcome="Failed" testListId="11111111-1111-1111-1111-111111111111"><Output><ErrorInfo><Message>Assertion failed in TestCase_460: Expected value X but got Y.</Message><StackTrace>at DummyTests.TestCase_460() in DummyTests.cs:line 118</StackTrace></ErrorInfo><StdOut>TestCase_460 output: Error encountered during execution.</StdOut></Output></UnitTestResult>
    <UnitTestResult executionId="00000000-0000-0000-0000-000000000461" testId="00000000-0000-0000-0000-000000000461" testName="TestCase_461" computerName="localhost" duration="00:00:12.000" startTime="2025-03-12T00:00:00.000Z" endTime="2025-03-12T00:00:12.000Z" outcome="Failed" testListId="11111111-1111-1111-1111-111111111111"><Output><ErrorInfo><Message>Assertion failed in TestCase_461: Expected value X but got Y.</Message><StackTrace>at DummyTests.TestCase_461() in DummyTests.cs:line 119</StackTrace></ErrorInfo><StdOut>TestCase_461 output: Error encountered during execution.</StdOut></Output></UnitTestResult>
    <UnitTestResult executionId="00000000-0000-0000-0000-000000000462" testId="00000000-0000-0000-0000-000000000462" testName="TestCase_462" computerName="localhost" duration="00:00:12.000" startTime="2025-03-12T00:00:00.000Z" endTime="2025-03-12T00:00:12.000Z" outcome="Failed" testListId="11111111-1111-1111-1111-111111111111"><Output><ErrorInfo><Message>Assertion failed in TestCase_462: Expected value X but got Y.</Message><StackTrace>at DummyTests.TestCase_462() in DummyTests.cs:line 120</StackTrace></ErrorInfo><StdOut>TestCase_462 output: Error encountered during execution.</StdOut></Output></UnitTestResult>
    <UnitTestResult executionId="00000000-0000-0000-0000-000000000463" testId="00000000-0000-0000-0000-000000000463" testName="TestCase_463" computerName="localhost" duration="00:00:12.000" startTime="2025-03-12T00:00:00.000Z" endTime="2025-03-12T00:00:12.000Z" outcome="Failed" testListId="11111111-1111-1111-1111-111111111111"><Output><ErrorInfo><Message>Assertion failed in TestCase_463: Expected value X but got Y.</Message><StackTrace>at DummyTests.TestCase_463() in DummyTests.cs:line 121</StackTrace></ErrorInfo><StdOut>TestCase_463 output: Error encountered during execution.</StdOut></Output></UnitTestResult>
    <UnitTestResult executionId="00000000-0000-0000-0000-000000000464" testId="00000000-0000-0000-0000-000000000464" testName="TestCase_464" computerName="localhost" duration="00:00:12.000" startTime="2025-03-12T00:00:00.000Z" endTime="2025-03-12T00:00:12.000Z" outcome="Failed" testListId="11111111-1111-1111-1111-111111111111"><Output><ErrorInfo><Message>Assertion failed in TestCase_464: Expected value X but got Y.</Message><StackTrace>at DummyTests.TestCase_464() in DummyTests.cs:line 122</StackTrace></ErrorInfo><StdOut>TestCase_464 output: Error encountered during execution.</StdOut></Output></UnitTestResult>
    <UnitTestResult executionId="00000000-0000-0000-0000-000000000465" testId="00000000-0000-0000-0000-000000000465" testName="TestCase_465" computerName="localhost" duration="00:00:12.000" startTime="2025-03-12T00:00:00.000Z" endTime="2025-03-12T00:00:12.000Z" outcome="Failed" testListId="11111111-1111-1111-1111-111111111111"><Output><ErrorInfo><Message>Assertion failed in TestCase_465: Expected value X but got Y.</Message><StackTrace>at DummyTests.TestCase_465() in DummyTests.cs:line 123</StackTrace></ErrorInfo><StdOut>TestCase_465 output: Error encountered during execution.</StdOut></Output></UnitTestResult>
    <UnitTestResult executionId="00000000-0000-0000-0000-000000000466" testId="00000000-0000-0000-0000-000000000466" testName="TestCase_466" computerName="localhost" duration="00:00:12.000" startTime="2025-03-12T00:00:00.000Z" endTime="2025-03-12T00:00:12.000Z" outcome="Failed" testListId="11111111-1111-1111-1111-111111111111"><Output><ErrorInfo><Message>Assertion failed in TestCase_466: Expected value X but got Y.</Message><StackTrace>at DummyTests.TestCase_466() in DummyTests.cs:line 124</StackTrace></ErrorInfo><StdOut>TestCase_466 output: Error encountered during execution.</StdOut></Output></UnitTestResult>
    <UnitTestResult executionId="00000000-0000-0000-0000-000000000467" testId="00000000-0000-0000-0000-000000000467" testName="TestCase_467" computerName="localhost" duration="00:00:12.000" startTime="2025-03-12T00:00:00.000Z" endTime="2025-03-12T00:00:12.000Z" outcome="Failed" testListId="11111111-1111-1111-1111-111111111111"><Output><ErrorInfo><Message>Assertion failed in TestCase_467: Expected value X but got Y.</Message><StackTrace>at DummyTests.TestCase_467() in DummyTests.cs:line 125</StackTrace></ErrorInfo><StdOut>TestCase_467 output: Error encountered during execution.</StdOut></Output></UnitTestResult>
    <UnitTestResult executionId="00000000-0000-0000-0000-000000000468" testId="00000000-0000-0000-0000-000000000468" testName="TestCase_468" computerName="localhost" duration="00:00:12.000" startTime="2025-03-12T00:00:00.000Z" endTime="2025-03-12T00:00:12.000Z" outcome="Failed" testListId="11111111-1111-1111-1111-111111111111"><Output><ErrorInfo><Message>Assertion failed in TestCase_468: Expected value X but got Y.</Message><StackTrace>at DummyTests.TestCase_468() in DummyTests.cs:line 126</StackTrace></ErrorInfo><StdOut>TestCase_468 output: Error encountered during execution.</StdOut></Output></UnitTestResult>
    <UnitTestResult executionId="00000000-0000-0000-0000-000000000469" testId="00000000-0000-0000-0000-000000000469" testName="TestCase_469" computerName="localhost" duration="00:00:12.000" startTime="2025-03-12T00:00:00.000Z" endTime="2025-03-12T00:00:12.000Z" outcome="Failed" testListId="11111111-1111-1111-1111-111111111111"><Output><ErrorInfo><Message>Assertion failed in TestCase_469: Expected value X but got Y.</Message><StackTrace>at DummyTests.TestCase_469() in DummyTests.cs:line 127</StackTrace></ErrorInfo><StdOut>TestCase_469 output: Error encountered during execution.</StdOut></Output></UnitTestResult>
    <UnitTestResult executionId="00000000-0000-0000-0000-000000000470" testId="00000000-0000-0000-0000-000000000470" testName="TestCase_470" computerName="localhost" duration="00:00:12.000" startTime="2025-03-12T00:00:00.000Z" endTime="2025-03-12T00:00:12.000Z" outcome="Failed" testListId="11111111-1111-1111-1111-111111111111"><Output><ErrorInfo><Message>Assertion failed in TestCase_470: Expected value X but got Y.</Message><StackTrace>at DummyTests.TestCase_470() in DummyTests.cs:line 128</StackTrace></ErrorInfo><StdOut>TestCase_470 output: Error encountered during execution.</StdOut></Output></UnitTestResult>
    <UnitTestResult executionId="00000000-0000-0000-0000-000000000471" testId="00000000-0000-0000-0000-000000000471" testName="TestCase_471" computerName="localhost" duration="00:00:12.000" startTime="2025-03-12T00:00:00.000Z" endTime="2025-03-12T00:00:12.000Z" outcome="Failed" testListId="11111111-1111-1111-1111-111111111111"><Output><ErrorInfo><Message>Assertion failed in TestCase_471: Expected value X but got Y.</Message><StackTrace>at DummyTests.TestCase_471() in DummyTests.cs:line 129</StackTrace></ErrorInfo><StdOut>TestCase_471 output: Error encountered during execution.</StdOut></Output></UnitTestResult>
    <UnitTestResult executionId="00000000-0000-0000-0000-000000000472" testId="00000000-0000-0000-0000-000000000472" testName="TestCase_472" computerName="localhost" duration="00:00:12.000" startTime="2025-03-12T00:00:00.000Z" endTime="2025-03-12T00:00:12.000Z" outcome="Failed" testListId="11111111-1111-1111-1111-111111111111"><Output><ErrorInfo><Message>Assertion failed in TestCase_472: Expected value X but got Y.</Message><StackTrace>at DummyTests.TestCase_472() in DummyTests.cs:line 130</StackTrace></ErrorInfo><StdOut>TestCase_472 output: Error encountered during execution.</StdOut></Output></UnitTestResult>
    <UnitTestResult executionId="00000000-0000-0000-0000-000000000473" testId="00000000-0000-0000-0000-000000000473" testName="TestCase_473" computerName="localhost" duration="00:00:12.000" startTime="2025-03-12T00:00:00.000Z" endTime="2025-03-12T00:00:12.000Z" outcome="Failed" testListId="11111111-1111-1111-1111-111111111111"><Output><ErrorInfo><Message>Assertion failed in TestCase_473: Expected value X but got Y.</Message><StackTrace>at DummyTests.TestCase_473() in DummyTests.cs:line 131</StackTrace></ErrorInfo><StdOut>TestCase_473 output: Error encountered during execution.</StdOut></Output></UnitTestResult>
    <UnitTestResult executionId="00000000-0000-0000-0000-000000000474" testId="00000000-0000-0000-0000-000000000474" testName="TestCase_474" computerName="localhost" duration="00:00:12.000" startTime="2025-03-12T00:00:00.000Z" endTime="2025-03-12T00:00:12.000Z" outcome="Failed" testListId="11111111-1111-1111-1111-111111111111"><Output><ErrorInfo><Message>Assertion failed in TestCase_474: Expected value X but got Y.</Message><StackTrace>at DummyTests.TestCase_474() in DummyTests.cs:line 132</StackTrace></ErrorInfo><StdOut>TestCase_474 output: Error encountered during execution.</StdOut></Output></UnitTestResult>
    <UnitTestResult executionId="00000000-0000-0000-0000-000000000475" testId="00000000-0000-0000-0000-000000000475" testName="TestCase_475" computerName="localhost" duration="00:00:12.000" startTime="2025-03-12T00:00:00.000Z" endTime="2025-03-12T00:00:12.000Z" outcome="Failed" testListId="11111111-1111-1111-1111-111111111111"><Output><ErrorInfo><Message>Assertion failed in TestCase_475: Expected value X but got Y.</Message><StackTrace>at DummyTests.TestCase_475() in DummyTests.cs:line 133</StackTrace></ErrorInfo><StdOut>TestCase_475 output: Error encountered during execution.</StdOut></Output></UnitTestResult>
    <UnitTestResult executionId="00000000-0000-0000-0000-000000000476" testId="00000000-0000-0000-0000-000000000476" testName="TestCase_476" computerName="localhost" duration="00:00:12.000" startTime="2025-03-12T00:00:00.000Z" endTime="2025-03-12T00:00:12.000Z" outcome="Failed" testListId="11111111-1111-1111-1111-111111111111"><Output><ErrorInfo><Message>Assertion failed in TestCase_476: Expected value X but got Y.</Message><StackTrace>at DummyTests.TestCase_476() in DummyTests.cs:line 134</StackTrace></ErrorInfo><StdOut>TestCase_476 output: Error encountered during execution.</StdOut></Output></UnitTestResult>
    <UnitTestResult executionId="00000000-0000-0000-0000-000000000477" testId="00000000-0000-0000-0000-000000000477" testName="TestCase_477" computerName="localhost" duration="00:00:12.000" startTime="2025-03-12T00:00:00.000Z" endTime="2025-03-12T00:00:12.000Z" outcome="Failed" testListId="11111111-1111-1111-1111-111111111111"><Output><ErrorInfo><Message>Assertion failed in TestCase_477: Expected value X but got Y.</Message><StackTrace>at DummyTests.TestCase_477() in DummyTests.cs:line 135</StackTrace></ErrorInfo><StdOut>TestCase_477 output: Error encountered during execution.</StdOut></Output></UnitTestResult>
    <UnitTestResult executionId="00000000-0000-0000-0000-000000000478" testId="00000000-0000-0000-0000-000000000478" testName="TestCase_478" computerName="localhost" duration="00:00:12.000" startTime="2025-03-12T00:00:00.000Z" endTime="2025-03-12T00:00:12.000Z" outcome="Failed" testListId="11111111-1111-1111-1111-111111111111"><Output><ErrorInfo><Message>Assertion failed in TestCase_478: Expected value X but got Y.</Message><StackTrace>at DummyTests.TestCase_478() in DummyTests.cs:line 136</StackTrace></ErrorInfo><StdOut>TestCase_478 output: Error encountered during execution.</StdOut></Output></UnitTestResult>
    <UnitTestResult executionId="00000000-0000-0000-0000-000000000479" testId="00000000-0000-0000-0000-000000000479" testName="TestCase_479" computerName="localhost" duration="00:00:12.000" startTime="2025-03-12T00:00:00.000Z" endTime="2025-03-12T00:00:12.000Z" outcome="Failed" testListId="11111111-1111-1111-1111-111111111111"><Output><ErrorInfo><Message>Assertion failed in TestCase_479: Expected value X but got Y.</Message><StackTrace>at DummyTests.TestCase_479() in DummyTests.cs:line 137</StackTrace></ErrorInfo><StdOut>TestCase_479 output: Error encountered during execution.</StdOut></Output></UnitTestResult>
    <UnitTestResult executionId="00000000-0000-0000-0000-000000000480" testId="00000000-0000-0000-0000-000000000480" testName="TestCase_480" computerName="localhost" duration="00:00:12.000" startTime="2025-03-12T00:00:00.000Z" endTime="2025-03-12T00:00:12.000Z" outcome="Failed" testListId="11111111-1111-1111-1111-111111111111"><Output><ErrorInfo><Message>Assertion failed in TestCase_480: Expected value X but got Y.</Message><StackTrace>at DummyTests.TestCase_480() in DummyTests.cs:line 138</StackTrace></ErrorInfo><StdOut>TestCase_480 output: Error encountered during execution.</StdOut></Output></UnitTestResult>
    <UnitTestResult executionId="00000000-0000-0000-0000-000000000481" testId="00000000-0000-0000-0000-000000000481" testName="TestCase_481" computerName="localhost" duration="00:00:12.000" startTime="2025-03-12T00:00:00.000Z" endTime="2025-03-12T00:00:12.000Z" outcome="Failed" testListId="11111111-1111-1111-1111-111111111111"><Output><ErrorInfo><Message>Assertion failed in TestCase_481: Expected value X but got Y.</Message><StackTrace>at DummyTests.TestCase_481() in DummyTests.cs:line 139</StackTrace></ErrorInfo><StdOut>TestCase_481 output: Error encountered during execution.</StdOut></Output></UnitTestResult>
    <UnitTestResult executionId="00000000-0000-0000-0000-000000000482" testId="00000000-0000-0000-0000-000000000482" testName="TestCase_482" computerName="localhost" duration="00:00:12.000" startTime="2025-03-12T00:00:00.000Z" endTime="2025-03-12T00:00:12.000Z" outcome="Failed" testListId="11111111-1111-1111-1111-111111111111"><Output><ErrorInfo><Message>Assertion failed in TestCase_482: Expected value X but got Y.</Message><StackTrace>at DummyTests.TestCase_482() in DummyTests.cs:line 140</StackTrace></ErrorInfo><StdOut>TestCase_482 output: Error encountered during execution.</StdOut></Output></UnitTestResult>
    <UnitTestResult executionId="00000000-0000-0000-0000-000000000483" testId="00000000-0000-0000-0000-000000000483" testName="TestCase_483" computerName="localhost" duration="00:00:12.000" startTime="2025-03-12T00:00:00.000Z" endTime="2025-03-12T00:00:12.000Z" outcome="Failed" testListId="11111111-1111-1111-1111-111111111111"><Output><ErrorInfo><Message>Assertion failed in TestCase_483: Expected value X but got Y.</Message><StackTrace>at DummyTests.TestCase_483() in DummyTests.cs:line 141</StackTrace></ErrorInfo><StdOut>TestCase_483 output: Error encountered during execution.</StdOut></Output></UnitTestResult>
    <UnitTestResult executionId="00000000-0000-0000-0000-000000000484" testId="00000000-0000-0000-0000-000000000484" testName="TestCase_484" computerName="localhost" duration="00:00:12.000" startTime="2025-03-12T00:00:00.000Z" endTime="2025-03-12T00:00:12.000Z" outcome="Failed" testListId="11111111-1111-1111-1111-111111111111"><Output><ErrorInfo><Message>Assertion failed in TestCase_484: Expected value X but got Y.</Message><StackTrace>at DummyTests.TestCase_484() in DummyTests.cs:line 142</StackTrace></ErrorInfo><StdOut>TestCase_484 output: Error encountered during execution.</StdOut></Output></UnitTestResult>
    <UnitTestResult executionId="00000000-0000-0000-0000-000000000485" testId="00000000-0000-0000-0000-000000000485" testName="TestCase_485" computerName="localhost" duration="00:00:12.000" startTime="2025-03-12T00:00:00.000Z" endTime="2025-03-12T00:00:12.000Z" outcome="Failed" testListId="11111111-1111-1111-1111-111111111111"><Output><ErrorInfo><Message>Assertion failed in TestCase_485: Expected value X but got Y.</Message><StackTrace>at DummyTests.TestCase_485() in DummyTests.cs:line 143</StackTrace></ErrorInfo><StdOut>TestCase_485 output: Error encountered during execution.</StdOut></Output></UnitTestResult>
    <UnitTestResult executionId="00000000-0000-0000-0000-000000000486" testId="00000000-0000-0000-0000-000000000486" testName="TestCase_486" computerName="localhost" duration="00:00:12.000" startTime="2025-03-12T00:00:00.000Z" endTime="2025-03-12T00:00:12.000Z" outcome="Failed" testListId="11111111-1111-1111-1111-111111111111"><Output><ErrorInfo><Message>Assertion failed in TestCase_486: Expected value X but got Y.</Message><StackTrace>at DummyTests.TestCase_486() in DummyTests.cs:line 144</StackTrace></ErrorInfo><StdOut>TestCase_486 output: Error encountered during execution.</StdOut></Output></UnitTestResult>
    <UnitTestResult executionId="00000000-0000-0000-0000-000000000487" testId="00000000-0000-0000-0000-000000000487" testName="TestCase_487" computerName="localhost" duration="00:00:12.000" startTime="2025-03-12T00:00:00.000Z" endTime="2025-03-12T00:00:12.000Z" outcome="Failed" testListId="11111111-1111-1111-1111-111111111111"><Output><ErrorInfo><Message>Assertion failed in TestCase_487: Expected value X but got Y.</Message><StackTrace>at DummyTests.TestCase_487() in DummyTests.cs:line 145</StackTrace></ErrorInfo><StdOut>TestCase_487 output: Error encountered during execution.</StdOut></Output></UnitTestResult>
    <UnitTestResult executionId="00000000-0000-0000-0000-000000000488" testId="00000000-0000-0000-0000-000000000488" testName="TestCase_488" computerName="localhost" duration="00:00:12.000" startTime="2025-03-12T00:00:00.000Z" endTime="2025-03-12T00:00:12.000Z" outcome="Failed" testListId="11111111-1111-1111-1111-111111111111"><Output><ErrorInfo><Message>Assertion failed in TestCase_488: Expected value X but got Y.</Message><StackTrace>at DummyTests.TestCase_488() in DummyTests.cs:line 146</StackTrace></ErrorInfo><StdOut>TestCase_488 output: Error encountered during execution.</StdOut></Output></UnitTestResult>
    <UnitTestResult executionId="00000000-0000-0000-0000-000000000489" testId="00000000-0000-0000-0000-000000000489" testName="TestCase_489" computerName="localhost" duration="00:00:12.000" startTime="2025-03-12T00:00:00.000Z" endTime="2025-03-12T00:00:12.000Z" outcome="Failed" testListId="11111111-1111-1111-1111-111111111111"><Output><ErrorInfo><Message>Assertion failed in TestCase_489: Expected value X but got Y.</Message><StackTrace>at DummyTests.TestCase_489() in DummyTests.cs:line 147</StackTrace></ErrorInfo><StdOut>TestCase_489 output: Error encountered during execution.</StdOut></Output></UnitTestResult>
    <UnitTestResult executionId="00000000-0000-0000-0000-000000000490" testId="00000000-0000-0000-0000-000000000490" testName="TestCase_490" computerName="localhost" duration="00:00:12.000" startTime="2025-03-12T00:00:00.000Z" endTime="2025-03-12T00:00:12.000Z" outcome="Failed" testListId="11111111-1111-1111-1111-111111111111"><Output><ErrorInfo><Message>Assertion failed in TestCase_490: Expected value X but got Y.</Message><StackTrace>at DummyTests.TestCase_490() in DummyTests.cs:line 148</StackTrace></ErrorInfo><StdOut>TestCase_490 output: Error encountered during execution.</StdOut></Output></UnitTestResult>
    <UnitTestResult executionId="00000000-0000-0000-0000-000000000491" testId="00000000-0000-0000-0000-000000000491" testName="TestCase_491" computerName="localhost" duration="00:00:12.000" startTime="2025-03-12T00:00:00.000Z" endTime="2025-03-12T00:00:12.000Z" outcome="Failed" testListId="11111111-1111-1111-1111-111111111111"><Output><ErrorInfo><Message>Assertion failed in TestCase_491: Expected value X but got Y.</Message><StackTrace>at DummyTests.TestCase_491() in DummyTests.cs:line 149</StackTrace></ErrorInfo><StdOut>TestCase_491 output: Error encountered during execution.</StdOut></Output></UnitTestResult>
    <UnitTestResult executionId="00000000-0000-0000-0000-000000000492" testId="00000000-0000-0000-0000-000000000492" testName="TestCase_492" computerName="localhost" duration="00:00:12.000" startTime="2025-03-12T00:00:00.000Z" endTime="2025-03-12T00:00:12.000Z" outcome="Failed" testListId="11111111-1111-1111-1111-111111111111"><Output><ErrorInfo><Message>Assertion failed in TestCase_492: Expected value X but got Y.</Message><StackTrace>at DummyTests.TestCase_492() in DummyTests.cs:line 150</StackTrace></ErrorInfo><StdOut>TestCase_492 output: Error encountered during execution.</StdOut></Output></UnitTestResult>
    <UnitTestResult executionId="00000000-0000-0000-0000-000000000493" testId="00000000-0000-0000-0000-000000000493" testName="TestCase_493" computerName="localhost" duration="00:00:12.000" startTime="2025-03-12T00:00:00.000Z" endTime="2025-03-12T00:00:12.000Z" outcome="Failed" testListId="11111111-1111-1111-1111-111111111111"><Output><ErrorInfo><Message>Assertion failed in TestCase_493: Expected value X but got Y.</Message><StackTrace>at DummyTests.TestCase_493() in DummyTests.cs:line 151</StackTrace></ErrorInfo><StdOut>TestCase_493 output: Error encountered during execution.</StdOut></Output></UnitTestResult>
    <UnitTestResult executionId="00000000-0000-0000-0000-000000000494" testId="00000000-0000-0000-0000-000000000494" testName="TestCase_494" computerName="localhost" duration="00:00:12.000" startTime="2025-03-12T00:00:00.000Z" endTime="2025-03-12T00:00:12.000Z" outcome="Failed" testListId="11111111-1111-1111-1111-111111111111"><Output><ErrorInfo><Message>Assertion failed in TestCase_494: Expected value X but got Y.</Message><StackTrace>at DummyTests.TestCase_494() in DummyTests.cs:line 152</StackTrace></ErrorInfo><StdOut>TestCase_494 output: Error encountered during execution.</StdOut></Output></UnitTestResult>
    <UnitTestResult executionId="00000000-0000-0000-0000-000000000495" testId="00000000-0000-0000-0000-000000000495" testName="TestCase_495" computerName="localhost" duration="00:00:12.000" startTime="2025-03-12T00:00:00.000Z" endTime="2025-03-12T00:00:12.000Z" outcome="Failed" testListId="11111111-1111-1111-1111-111111111111"><Output><ErrorInfo><Message>Assertion failed in TestCase_495: Expected value X but got Y.</Message><StackTrace>at DummyTests.TestCase_495() in DummyTests.cs:line 153</StackTrace></ErrorInfo><StdOut>TestCase_495 output: Error encountered during execution.</StdOut></Output></UnitTestResult>
    <UnitTestResult executionId="00000000-0000-0000-0000-000000000496" testId="00000000-0000-0000-0000-000000000496" testName="TestCase_496" computerName="localhost" duration="00:00:12.000" startTime="2025-03-12T00:00:00.000Z" endTime="2025-03-12T00:00:12.000Z" outcome="Failed" testListId="11111111-1111-1111-1111-111111111111"><Output><ErrorInfo><Message>Assertion failed in TestCase_496: Expected value X but got Y.</Message><StackTrace>at DummyTests.TestCase_496() in DummyTests.cs:line 154</StackTrace></ErrorInfo><StdOut>TestCase_496 output: Error encountered during execution.</StdOut></Output></UnitTestResult>
    <UnitTestResult executionId="00000000-0000-0000-0000-000000000497" testId="00000000-0000-0000-0000-000000000497" testName="TestCase_497" computerName="localhost" duration="00:00:12.000" startTime="2025-03-12T00:00:00.000Z" endTime="2025-03-12T00:00:12.000Z" outcome="Failed" testListId="11111111-1111-1111-1111-111111111111"><Output><ErrorInfo><Message>Assertion failed in TestCase_497: Expected value X but got Y.</Message><StackTrace>at DummyTests.TestCase_497() in DummyTests.cs:line 155</StackTrace></ErrorInfo><StdOut>TestCase_497 output: Error encountered during execution.</StdOut></Output></UnitTestResult>
    <UnitTestResult executionId="00000000-0000-0000-0000-000000000498" testId="00000000-0000-0000-0000-000000000498" testName="TestCase_498" computerName="localhost" duration="00:00:12.000" startTime="2025-03-12T00:00:00.000Z" endTime="2025-03-12T00:00:12.000Z" outcome="Failed" testListId="11111111-1111-1111-1111-111111111111"><Output><ErrorInfo><Message>Assertion failed in TestCase_498: Expected value X but got Y.</Message><StackTrace>at DummyTests.TestCase_498() in DummyTests.cs:line 156</StackTrace></ErrorInfo><StdOut>TestCase_498 output: Error encountered during execution.</StdOut></Output></UnitTestResult>
    <UnitTestResult executionId="00000000-0000-0000-0000-000000000499" testId="00000000-0000-0000-0000-000000000499" testName="TestCase_499" computerName="localhost" duration="00:00:12.000" startTime="2025-03-12T00:00:00.000Z" endTime="2025-03-12T00:00:12.000Z" outcome="Failed" testListId="11111111-1111-1111-1111-111111111111"><Output><ErrorInfo><Message>Assertion failed in TestCase_499: Expected value X but got Y.</Message><StackTrace>at DummyTests.TestCase_499() in DummyTests.cs:line 157</StackTrace></ErrorInfo><StdOut>TestCase_499 output: Error encountered during execution.</StdOut></Output></UnitTestResult>
    <UnitTestResult executionId="00000000-0000-0000-0000-000000000500" testId="00000000-0000-0000-0000-000000000500" testName="TestCase_500" computerName="localhost" duration="00:00:12.000" startTime="2025-03-12T00:00:00.000Z" endTime="2025-03-12T00:00:12.000Z" outcome="Failed" testListId="11111111-1111-1111-1111-111111111111"><Output><ErrorInfo><Message>Assertion failed in TestCase_500: Expected value X but got Y.</Message><StackTrace>at DummyTests.TestCase_500() in DummyTests.cs:line 158</StackTrace></ErrorInfo><StdOut>TestCase_500 output: Error encountered during execution.</StdOut></Output></UnitTestResult>
    <UnitTestResult executionId="00000000-0000-0000-0000-000000000501" testId="00000000-0000-0000-0000-000000000501" testName="TestCase_501" computerName="localhost" duration="00:00:12.000" startTime="2025-03-12T00:00:00.000Z" endTime="2025-03-12T00:00:12.000Z" outcome="Failed" testListId="11111111-1111-1111-1111-111111111111"><Output><ErrorInfo><Message>Assertion failed in TestCase_501: Expected value X but got Y.</Message><StackTrace>at DummyTests.TestCase_501() in DummyTests.cs:line 159</StackTrace></ErrorInfo><StdOut>TestCase_501 output: Error encountered during execution.</StdOut></Output></UnitTestResult>
    <UnitTestResult executionId="00000000-0000-0000-0000-000000000502" testId="00000000-0000-0000-0000-000000000502" testName="TestCase_502" computerName="localhost" duration="00:00:12.000" startTime="2025-03-12T00:00:00.000Z" endTime="2025-03-12T00:00:12.000Z" outcome="Failed" testListId="11111111-1111-1111-1111-111111111111"><Output><ErrorInfo><Message>Assertion failed in TestCase_502: Expected value X but got Y.</Message><StackTrace>at DummyTests.TestCase_502() in DummyTests.cs:line 160</StackTrace></ErrorInfo><StdOut>TestCase_502 output: Error encountered during execution.</StdOut></Output></UnitTestResult>
    <UnitTestResult executionId="00000000-0000-0000-0000-000000000503" testId="00000000-0000-0000-0000-000000000503" testName="TestCase_503" computerName="localhost" duration="00:00:12.000" startTime="2025-03-12T00:00:00.000Z" endTime="2025-03-12T00:00:12.000Z" outcome="Failed" testListId="11111111-1111-1111-1111-111111111111"><Output><ErrorInfo><Message>Assertion failed in TestCase_503: Expected value X but got Y.</Message><StackTrace>at DummyTests.TestCase_503() in DummyTests.cs:line 161</StackTrace></ErrorInfo><StdOut>TestCase_503 output: Error encountered during execution.</StdOut></Output></UnitTestResult>
    <UnitTestResult executionId="00000000-0000-0000-0000-000000000504" testId="00000000-0000-0000-0000-000000000504" testName="TestCase_504" computerName="localhost" duration="00:00:12.000" startTime="2025-03-12T00:00:00.000Z" endTime="2025-03-12T00:00:12.000Z" outcome="Failed" testListId="11111111-1111-1111-1111-111111111111"><Output><ErrorInfo><Message>Assertion failed in TestCase_504: Expected value X but got Y.</Message><StackTrace>at DummyTests.TestCase_504() in DummyTests.cs:line 162</StackTrace></ErrorInfo><StdOut>TestCase_504 output: Error encountered during execution.</StdOut></Output></UnitTestResult>
    <UnitTestResult executionId="00000000-0000-0000-0000-000000000505" testId="00000000-0000-0000-0000-000000000505" testName="TestCase_505" computerName="localhost" duration="00:00:12.000" startTime="2025-03-12T00:00:00.000Z" endTime="2025-03-12T00:00:12.000Z" outcome="Failed" testListId="11111111-1111-1111-1111-111111111111"><Output><ErrorInfo><Message>Assertion failed in TestCase_505: Expected value X but got Y.</Message><StackTrace>at DummyTests.TestCase_505() in DummyTests.cs:line 163</StackTrace></ErrorInfo><StdOut>TestCase_505 output: Error encountered during execution.</StdOut></Output></UnitTestResult>
    <UnitTestResult executionId="00000000-0000-0000-0000-000000000506" testId="00000000-0000-0000-0000-000000000506" testName="TestCase_506" computerName="localhost" duration="00:00:12.000" startTime="2025-03-12T00:00:00.000Z" endTime="2025-03-12T00:00:12.000Z" outcome="Failed" testListId="11111111-1111-1111-1111-111111111111"><Output><ErrorInfo><Message>Assertion failed in TestCase_506: Expected value X but got Y.</Message><StackTrace>at DummyTests.TestCase_506() in DummyTests.cs:line 164</StackTrace></ErrorInfo><StdOut>TestCase_506 output: Error encountered during execution.</StdOut></Output></UnitTestResult>
    <UnitTestResult executionId="00000000-0000-0000-0000-000000000507" testId="00000000-0000-0000-0000-000000000507" testName="TestCase_507" computerName="localhost" duration="00:00:12.000" startTime="2025-03-12T00:00:00.000Z" endTime="2025-03-12T00:00:12.000Z" outcome="Failed" testListId="11111111-1111-1111-1111-111111111111"><Output><ErrorInfo><Message>Assertion failed in TestCase_507: Expected value X but got Y.</Message><StackTrace>at DummyTests.TestCase_507() in DummyTests.cs:line 165</StackTrace></ErrorInfo><StdOut>TestCase_507 output: Error encountered during execution.</StdOut></Output></UnitTestResult>
    <UnitTestResult executionId="00000000-0000-0000-0000-000000000508" testId="00000000-0000-0000-0000-000000000508" testName="TestCase_508" computerName="localhost" duration="00:00:12.000" startTime="2025-03-12T00:00:00.000Z" endTime="2025-03-12T00:00:12.000Z" outcome="Failed" testListId="11111111-1111-1111-1111-111111111111"><Output><ErrorInfo><Message>Assertion failed in TestCase_508: Expected value X but got Y.</Message><StackTrace>at DummyTests.TestCase_508() in DummyTests.cs:line 166</StackTrace></ErrorInfo><StdOut>TestCase_508 output: Error encountered during execution.</StdOut></Output></UnitTestResult>
    <UnitTestResult executionId="00000000-0000-0000-0000-000000000509" testId="00000000-0000-0000-0000-000000000509" testName="TestCase_509" computerName="localhost" duration="00:00:12.000" startTime="2025-03-12T00:00:00.000Z" endTime="2025-03-12T00:00:12.000Z" outcome="Failed" testListId="11111111-1111-1111-1111-111111111111"><Output><ErrorInfo><Message>Assertion failed in TestCase_509: Expected value X but got Y.</Message><StackTrace>at DummyTests.TestCase_509() in DummyTests.cs:line 167</StackTrace></ErrorInfo><StdOut>TestCase_509 output: Error encountered during execution.</StdOut></Output></UnitTestResult>
    <UnitTestResult executionId="00000000-0000-0000-0000-000000000510" testId="00000000-0000-0000-0000-000000000510" testName="TestCase_510" computerName="localhost" duration="00:00:12.000" startTime="2025-03-12T00:00:00.000Z" endTime="2025-03-12T00:00:12.000Z" outcome="Failed" testListId="11111111-1111-1111-1111-111111111111"><Output><ErrorInfo><Message>Assertion failed in TestCase_510: Expected value X but got Y.</Message><StackTrace>at DummyTests.TestCase_510() in DummyTests.cs:line 168</StackTrace></ErrorInfo><StdOut>TestCase_510 output: Error encountered during execution.</StdOut></Output></UnitTestResult>
    <UnitTestResult executionId="00000000-0000-0000-0000-000000000511" testId="00000000-0000-0000-0000-000000000511" testName="TestCase_511" computerName="localhost" duration="00:00:12.000" startTime="2025-03-12T00:00:00.000Z" endTime="2025-03-12T00:00:12.000Z" outcome="Failed" testListId="11111111-1111-1111-1111-111111111111"><Output><ErrorInfo><Message>Assertion failed in TestCase_511: Expected value X but got Y.</Message><StackTrace>at DummyTests.TestCase_511() in DummyTests.cs:line 169</StackTrace></ErrorInfo><StdOut>TestCase_511 output: Error encountered during execution.</StdOut></Output></UnitTestResult>
    <UnitTestResult executionId="00000000-0000-0000-0000-000000000512" testId="00000000-0000-0000-0000-000000000512" testName="TestCase_512" computerName="localhost" duration="00:00:12.000" startTime="2025-03-12T00:00:00.000Z" endTime="2025-03-12T00:00:12.000Z" outcome="Failed" testListId="11111111-1111-1111-1111-111111111111"><Output><ErrorInfo><Message>Assertion failed in TestCase_512: Expected value X but got Y.</Message><StackTrace>at DummyTests.TestCase_512() in DummyTests.cs:line 170</StackTrace></ErrorInfo><StdOut>TestCase_512 output: Error encountered during execution.</StdOut></Output></UnitTestResult>
    <UnitTestResult executionId="00000000-0000-0000-0000-000000000513" testId="00000000-0000-0000-0000-000000000513" testName="TestCase_513" computerName="localhost" duration="00:00:12.000" startTime="2025-03-12T00:00:00.000Z" endTime="2025-03-12T00:00:12.000Z" outcome="Failed" testListId="11111111-1111-1111-1111-111111111111"><Output><ErrorInfo><Message>Assertion failed in TestCase_513: Expected value X but got Y.</Message><StackTrace>at DummyTests.TestCase_513() in DummyTests.cs:line 171</StackTrace></ErrorInfo><StdOut>TestCase_513 output: Error encountered during execution.</StdOut></Output></UnitTestResult>
    <UnitTestResult executionId="00000000-0000-0000-0000-000000000514" testId="00000000-0000-0000-0000-000000000514" testName="TestCase_514" computerName="localhost" duration="00:00:12.000" startTime="2025-03-12T00:00:00.000Z" endTime="2025-03-12T00:00:12.000Z" outcome="Failed" testListId="11111111-1111-1111-1111-111111111111"><Output><ErrorInfo><Message>Assertion failed in TestCase_514: Expected value X but got Y.</Message><StackTrace>at DummyTests.TestCase_514() in DummyTests.cs:line 172</StackTrace></ErrorInfo><StdOut>TestCase_514 output: Error encountered during execution.</StdOut></Output></UnitTestResult>
    <UnitTestResult executionId="00000000-0000-0000-0000-000000000515" testId="00000000-0000-0000-0000-000000000515" testName="TestCase_515" computerName="localhost" duration="00:00:12.000" startTime="2025-03-12T00:00:00.000Z" endTime="2025-03-12T00:00:12.000Z" outcome="Failed" testListId="11111111-1111-1111-1111-111111111111"><Output><ErrorInfo><Message>Assertion failed in TestCase_515: Expected value X but got Y.</Message><StackTrace>at DummyTests.TestCase_515() in DummyTests.cs:line 173</StackTrace></ErrorInfo><StdOut>TestCase_515 output: Error encountered during execution.</StdOut></Output></UnitTestResult>
    <UnitTestResult executionId="00000000-0000-0000-0000-000000000516" testId="00000000-0000-0000-0000-000000000516" testName="TestCase_516" computerName="localhost" duration="00:00:12.000" startTime="2025-03-12T00:00:00.000Z" endTime="2025-03-12T00:00:12.000Z" outcome="Failed" testListId="11111111-1111-1111-1111-111111111111"><Output><ErrorInfo><Message>Assertion failed in TestCase_516: Expected value X but got Y.</Message><StackTrace>at DummyTests.TestCase_516() in DummyTests.cs:line 174</StackTrace></ErrorInfo><StdOut>TestCase_516 output: Error encountered during execution.</StdOut></Output></UnitTestResult>
    <UnitTestResult executionId="00000000-0000-0000-0000-000000000517" testId="00000000-0000-0000-0000-000000000517" testName="TestCase_517" computerName="localhost" duration="00:00:12.000" startTime="2025-03-12T00:00:00.000Z" endTime="2025-03-12T00:00:12.000Z" outcome="Failed" testListId="11111111-1111-1111-1111-111111111111"><Output><ErrorInfo><Message>Assertion failed in TestCase_517: Expected value X but got Y.</Message><StackTrace>at DummyTests.TestCase_517() in DummyTests.cs:line 175</StackTrace></ErrorInfo><StdOut>TestCase_517 output: Error encountered during execution.</StdOut></Output></UnitTestResult>
    <UnitTestResult executionId="00000000-0000-0000-0000-000000000518" testId="00000000-0000-0000-0000-000000000518" testName="TestCase_518" computerName="localhost" duration="00:00:12.000" startTime="2025-03-12T00:00:00.000Z" endTime="2025-03-12T00:00:12.000Z" outcome="Failed" testListId="11111111-1111-1111-1111-111111111111"><Output><ErrorInfo><Message>Assertion failed in TestCase_518: Expected value X but got Y.</Message><StackTrace>at DummyTests.TestCase_518() in DummyTests.cs:line 176</StackTrace></ErrorInfo><StdOut>TestCase_518 output: Error encountered during execution.</StdOut></Output></UnitTestResult>
    <UnitTestResult executionId="00000000-0000-0000-0000-000000000519" testId="00000000-0000-0000-0000-000000000519" testName="TestCase_519" computerName="localhost" duration="00:00:12.000" startTime="2025-03-12T00:00:00.000Z" endTime="2025-03-12T00:00:12.000Z" outcome="Failed" testListId="11111111-1111-1111-1111-111111111111"><Output><ErrorInfo><Message>Assertion failed in TestCase_519: Expected value X but got Y.</Message><StackTrace>at DummyTests.TestCase_519() in DummyTests.cs:line 177</StackTrace></ErrorInfo><StdOut>TestCase_519 output: Error encountered during execution.</StdOut></Output></UnitTestResult>
    <UnitTestResult executionId="00000000-0000-0000-0000-000000000520" testId="00000000-0000-0000-0000-000000000520" testName="TestCase_520" computerName="localhost" duration="00:00:12.000" startTime="2025-03-12T00:00:00.000Z" endTime="2025-03-12T00:00:12.000Z" outcome="Failed" testListId="11111111-1111-1111-1111-111111111111"><Output><ErrorInfo><Message>Assertion failed in TestCase_520: Expected value X but got Y.</Message><StackTrace>at DummyTests.TestCase_520() in DummyTests.cs:line 178</StackTrace></ErrorInfo><StdOut>TestCase_520 output: Error encountered during execution.</StdOut></Output></UnitTestResult>
    <UnitTestResult executionId="00000000-0000-0000-0000-000000000521" testId="00000000-0000-0000-0000-000000000521" testName="TestCase_521" computerName="localhost" duration="00:00:12.000" startTime="2025-03-12T00:00:00.000Z" endTime="2025-03-12T00:00:12.000Z" outcome="Failed" testListId="11111111-1111-1111-1111-111111111111"><Output><ErrorInfo><Message>Assertion failed in TestCase_521: Expected value X but got Y.</Message><StackTrace>at DummyTests.TestCase_521() in DummyTests.cs:line 179</StackTrace></ErrorInfo><StdOut>TestCase_521 output: Error encountered during execution.</StdOut></Output></UnitTestResult>
    <UnitTestResult executionId="00000000-0000-0000-0000-000000000522" testId="00000000-0000-0000-0000-000000000522" testName="TestCase_522" computerName="localhost" duration="00:00:12.000" startTime="2025-03-12T00:00:00.000Z" endTime="2025-03-12T00:00:12.000Z" outcome="Failed" testListId="11111111-1111-1111-1111-111111111111"><Output><ErrorInfo><Message>Assertion failed in TestCase_522: Expected value X but got Y.</Message><StackTrace>at DummyTests.TestCase_522() in DummyTests.cs:line 180</StackTrace></ErrorInfo><StdOut>TestCase_522 output: Error encountered during execution.</StdOut></Output></UnitTestResult>
    <UnitTestResult executionId="00000000-0000-0000-0000-000000000523" testId="00000000-0000-0000-0000-000000000523" testName="TestCase_523" computerName="localhost" duration="00:00:12.000" startTime="2025-03-12T00:00:00.000Z" endTime="2025-03-12T00:00:12.000Z" outcome="Failed" testListId="11111111-1111-1111-1111-111111111111"><Output><ErrorInfo><Message>Assertion failed in TestCase_523: Expected value X but got Y.</Message><StackTrace>at DummyTests.TestCase_523() in DummyTests.cs:line 181</StackTrace></ErrorInfo><StdOut>TestCase_523 output: Error encountered during execution.</StdOut></Output></UnitTestResult>
    <UnitTestResult executionId="00000000-0000-0000-0000-000000000524" testId="00000000-0000-0000-0000-000000000524" testName="TestCase_524" computerName="localhost" duration="00:00:12.000" startTime="2025-03-12T00:00:00.000Z" endTime="2025-03-12T00:00:12.000Z" outcome="Failed" testListId="11111111-1111-1111-1111-111111111111"><Output><ErrorInfo><Message>Assertion failed in TestCase_524: Expected value X but got Y.</Message><StackTrace>at DummyTests.TestCase_524() in DummyTests.cs:line 182</StackTrace></ErrorInfo><StdOut>TestCase_524 output: Error encountered during execution.</StdOut></Output></UnitTestResult>
    <UnitTestResult executionId="00000000-0000-0000-0000-000000000525" testId="00000000-0000-0000-0000-000000000525" testName="TestCase_525" computerName="localhost" duration="00:00:12.000" startTime="2025-03-12T00:00:00.000Z" endTime="2025-03-12T00:00:12.000Z" outcome="Failed" testListId="11111111-1111-1111-1111-111111111111"><Output><ErrorInfo><Message>Assertion failed in TestCase_525: Expected value X but got Y.</Message><StackTrace>at DummyTests.TestCase_525() in DummyTests.cs:line 183</StackTrace></ErrorInfo><StdOut>TestCase_525 output: Error encountered during execution.</StdOut></Output></UnitTestResult>
    <UnitTestResult executionId="00000000-0000-0000-0000-000000000526" testId="00000000-0000-0000-0000-000000000526" testName="TestCase_526" computerName="localhost" duration="00:00:12.000" startTime="2025-03-12T00:00:00.000Z" endTime="2025-03-12T00:00:12.000Z" outcome="Failed" testListId="11111111-1111-1111-1111-111111111111"><Output><ErrorInfo><Message>Assertion failed in TestCase_526: Expected value X but got Y.</Message><StackTrace>at DummyTests.TestCase_526() in DummyTests.cs:line 184</StackTrace></ErrorInfo><StdOut>TestCase_526 output: Error encountered during execution.</StdOut></Output></UnitTestResult>
    <UnitTestResult executionId="00000000-0000-0000-0000-000000000527" testId="00000000-0000-0000-0000-000000000527" testName="TestCase_527" computerName="localhost" duration="00:00:12.000" startTime="2025-03-12T00:00:00.000Z" endTime="2025-03-12T00:00:12.000Z" outcome="Failed" testListId="11111111-1111-1111-1111-111111111111"><Output><ErrorInfo><Message>Assertion failed in TestCase_527: Expected value X but got Y.</Message><StackTrace>at DummyTests.TestCase_527() in DummyTests.cs:line 185</StackTrace></ErrorInfo><StdOut>TestCase_527 output: Error encountered during execution.</StdOut></Output></UnitTestResult>
    <UnitTestResult executionId="00000000-0000-0000-0000-000000000528" testId="00000000-0000-0000-0000-000000000528" testName="TestCase_528" computerName="localhost" duration="00:00:12.000" startTime="2025-03-12T00:00:00.000Z" endTime="2025-03-12T00:00:12.000Z" outcome="Failed" testListId="11111111-1111-1111-1111-111111111111"><Output><ErrorInfo><Message>Assertion failed in TestCase_528: Expected value X but got Y.</Message><StackTrace>at DummyTests.TestCase_528() in DummyTests.cs:line 186</StackTrace></ErrorInfo><StdOut>TestCase_528 output: Error encountered during execution.</StdOut></Output></UnitTestResult>
    <UnitTestResult executionId="00000000-0000-0000-0000-000000000529" testId="00000000-0000-0000-0000-000000000529" testName="TestCase_529" computerName="localhost" duration="00:00:12.000" startTime="2025-03-12T00:00:00.000Z" endTime="2025-03-12T00:00:12.000Z" outcome="Failed" testListId="11111111-1111-1111-1111-111111111111"><Output><ErrorInfo><Message>Assertion failed in TestCase_529: Expected value X but got Y.</Message><StackTrace>at DummyTests.TestCase_529() in DummyTests.cs:line 187</StackTrace></ErrorInfo><StdOut>TestCase_529 output: Error encountered during execution.</StdOut></Output></UnitTestResult>
    <UnitTestResult executionId="00000000-0000-0000-0000-000000000530" testId="00000000-0000-0000-0000-000000000530" testName="TestCase_530" computerName="localhost" duration="00:00:12.000" startTime="2025-03-12T00:00:00.000Z" endTime="2025-03-12T00:00:12.000Z" outcome="Failed" testListId="11111111-1111-1111-1111-111111111111"><Output><ErrorInfo><Message>Assertion failed in TestCase_530: Expected value X but got Y.</Message><StackTrace>at DummyTests.TestCase_530() in DummyTests.cs:line 188</StackTrace></ErrorInfo><StdOut>TestCase_530 output: Error encountered during execution.</StdOut></Output></UnitTestResult>
    <UnitTestResult executionId="00000000-0000-0000-0000-000000000531" testId="00000000-0000-0000-0000-000000000531" testName="TestCase_531" computerName="localhost" duration="00:00:12.000" startTime="2025-03-12T00:00:00.000Z" endTime="2025-03-12T00:00:12.000Z" outcome="Failed" testListId="11111111-1111-1111-1111-111111111111"><Output><ErrorInfo><Message>Assertion failed in TestCase_531: Expected value X but got Y.</Message><StackTrace>at DummyTests.TestCase_531() in DummyTests.cs:line 189</StackTrace></ErrorInfo><StdOut>TestCase_531 output: Error encountered during execution.</StdOut></Output></UnitTestResult>
    <UnitTestResult executionId="00000000-0000-0000-0000-000000000532" testId="00000000-0000-0000-0000-000000000532" testName="TestCase_532" computerName="localhost" duration="00:00:12.000" startTime="2025-03-12T00:00:00.000Z" endTime="2025-03-12T00:00:12.000Z" outcome="Failed" testListId="11111111-1111-1111-1111-111111111111"><Output><ErrorInfo><Message>Assertion failed in TestCase_532: Expected value X but got Y.</Message><StackTrace>at DummyTests.TestCase_532() in DummyTests.cs:line 190</StackTrace></ErrorInfo><StdOut>TestCase_532 output: Error encountered during execution.</StdOut></Output></UnitTestResult>
    <UnitTestResult executionId="00000000-0000-0000-0000-000000000533" testId="00000000-0000-0000-0000-000000000533" testName="TestCase_533" computerName="localhost" duration="00:00:12.000" startTime="2025-03-12T00:00:00.000Z" endTime="2025-03-12T00:00:12.000Z" outcome="Failed" testListId="11111111-1111-1111-1111-111111111111"><Output><ErrorInfo><Message>Assertion failed in TestCase_533: Expected value X but got Y.</Message><StackTrace>at DummyTests.TestCase_533() in DummyTests.cs:line 191</StackTrace></ErrorInfo><StdOut>TestCase_533 output: Error encountered during execution.</StdOut></Output></UnitTestResult>
    <UnitTestResult executionId="00000000-0000-0000-0000-000000000534" testId="00000000-0000-0000-0000-000000000534" testName="TestCase_534" computerName="localhost" duration="00:00:12.000" startTime="2025-03-12T00:00:00.000Z" endTime="2025-03-12T00:00:12.000Z" outcome="Failed" testListId="11111111-1111-1111-1111-111111111111"><Output><ErrorInfo><Message>Assertion failed in TestCase_534: Expected value X but got Y.</Message><StackTrace>at DummyTests.TestCase_534() in DummyTests.cs:line 192</StackTrace></ErrorInfo><StdOut>TestCase_534 output: Error encountered during execution.</StdOut></Output></UnitTestResult>
    <UnitTestResult executionId="00000000-0000-0000-0000-000000000535" testId="00000000-0000-0000-0000-000000000535" testName="TestCase_535" computerName="localhost" duration="00:00:12.000" startTime="2025-03-12T00:00:00.000Z" endTime="2025-03-12T00:00:12.000Z" outcome="Failed" testListId="11111111-1111-1111-1111-111111111111"><Output><ErrorInfo><Message>Assertion failed in TestCase_535: Expected value X but got Y.</Message><StackTrace>at DummyTests.TestCase_535() in DummyTests.cs:line 193</StackTrace></ErrorInfo><StdOut>TestCase_535 output: Error encountered during execution.</StdOut></Output></UnitTestResult>
    <UnitTestResult executionId="00000000-0000-0000-0000-000000000536" testId="00000000-0000-0000-0000-000000000536" testName="TestCase_536" computerName="localhost" duration="00:00:12.000" startTime="2025-03-12T00:00:00.000Z" endTime="2025-03-12T00:00:12.000Z" outcome="Failed" testListId="11111111-1111-1111-1111-111111111111"><Output><ErrorInfo><Message>Assertion failed in TestCase_536: Expected value X but got Y.</Message><StackTrace>at DummyTests.TestCase_536() in DummyTests.cs:line 194</StackTrace></ErrorInfo><StdOut>TestCase_536 output: Error encountered during execution.</StdOut></Output></UnitTestResult>
    <UnitTestResult executionId="00000000-0000-0000-0000-000000000537" testId="00000000-0000-0000-0000-000000000537" testName="TestCase_537" computerName="localhost" duration="00:00:12.000" startTime="2025-03-12T00:00:00.000Z" endTime="2025-03-12T00:00:12.000Z" outcome="Failed" testListId="11111111-1111-1111-1111-111111111111"><Output><ErrorInfo><Message>Assertion failed in TestCase_537: Expected value X but got Y.</Message><StackTrace>at DummyTests.TestCase_537() in DummyTests.cs:line 195</StackTrace></ErrorInfo><StdOut>TestCase_537 output: Error encountered during execution.</StdOut></Output></UnitTestResult>
    <UnitTestResult executionId="00000000-0000-0000-0000-000000000538" testId="00000000-0000-0000-0000-000000000538" testName="TestCase_538" computerName="localhost" duration="00:00:12.000" startTime="2025-03-12T00:00:00.000Z" endTime="2025-03-12T00:00:12.000Z" outcome="Failed" testListId="11111111-1111-1111-1111-111111111111"><Output><ErrorInfo><Message>Assertion failed in TestCase_538: Expected value X but got Y.</Message><StackTrace>at DummyTests.TestCase_538() in DummyTests.cs:line 196</StackTrace></ErrorInfo><StdOut>TestCase_538 output: Error encountered during execution.</StdOut></Output></UnitTestResult>
    <UnitTestResult executionId="00000000-0000-0000-0000-000000000539" testId="00000000-0000-0000-0000-000000000539" testName="TestCase_539" computerName="localhost" duration="00:00:00.000" startTime="2025-03-12T00:00:00.000Z" endTime="2025-03-12T00:00:00.000Z" outcome="NotExecuted" testListId="11111111-1111-1111-1111-111111111111"><Output><StdOut>TestCase_539 output: Test skipped due to configuration.</StdOut></Output></UnitTestResult>
    <UnitTestResult executionId="00000000-0000-0000-0000-000000000540" testId="00000000-0000-0000-0000-000000000540" testName="TestCase_540" computerName="localhost" duration="00:00:00.000" startTime="2025-03-12T00:00:00.000Z" endTime="2025-03-12T00:00:00.000Z" outcome="NotExecuted" testListId="11111111-1111-1111-1111-111111111111"><Output><StdOut>TestCase_540 output: Test skipped due to configuration.</StdOut></Output></UnitTestResult>
    <UnitTestResult executionId="00000000-0000-0000-0000-000000000541" testId="00000000-0000-0000-0000-000000000541" testName="TestCase_541" computerName="localhost" duration="00:00:00.000" startTime="2025-03-12T00:00:00.000Z" endTime="2025-03-12T00:00:00.000Z" outcome="NotExecuted" testListId="11111111-1111-1111-1111-111111111111"><Output><StdOut>TestCase_541 output: Test skipped due to configuration.</StdOut></Output></UnitTestResult>
    <UnitTestResult executionId="00000000-0000-0000-0000-000000000542" testId="00000000-0000-0000-0000-000000000542" testName="TestCase_542" computerName="localhost" duration="00:00:00.000" startTime="2025-03-12T00:00:00.000Z" endTime="2025-03-12T00:00:00.000Z" outcome="NotExecuted" testListId="11111111-1111-1111-1111-111111111111"><Output><StdOut>TestCase_542 output: Test skipped due to configuration.</StdOut></Output></UnitTestResult>
    <UnitTestResult executionId="00000000-0000-0000-0000-000000000543" testId="00000000-0000-0000-0000-000000000543" testName="TestCase_543" computerName="localhost" duration="00:00:00.000" startTime="2025-03-12T00:00:00.000Z" endTime="2025-03-12T00:00:00.000Z" outcome="NotExecuted" testListId="11111111-1111-1111-1111-111111111111"><Output><StdOut>TestCase_543 output: Test skipped due to configuration.</StdOut></Output></UnitTestResult>
    <UnitTestResult executionId="00000000-0000-0000-0000-000000000544" testId="00000000-0000-0000-0000-000000000544" testName="TestCase_544" computerName="localhost" duration="00:00:00.000" startTime="2025-03-12T00:00:00.000Z" endTime="2025-03-12T00:00:00.000Z" outcome="NotExecuted" testListId="11111111-1111-1111-1111-111111111111"><Output><StdOut>TestCase_544 output: Test skipped due to configuration.</StdOut></Output></UnitTestResult>
    <UnitTestResult executionId="00000000-0000-0000-0000-000000000545" testId="00000000-0000-0000-0000-000000000545" testName="TestCase_545" computerName="localhost" duration="00:00:00.000" startTime="2025-03-12T00:00:00.000Z" endTime="2025-03-12T00:00:00.000Z" outcome="NotExecuted" testListId="11111111-1111-1111-1111-111111111111"><Output><StdOut>TestCase_545 output: Test skipped due to configuration.</StdOut></Output></UnitTestResult>
    <UnitTestResult executionId="00000000-0000-0000-0000-000000000546" testId="00000000-0000-0000-0000-000000000546" testName="TestCase_546" computerName="localhost" duration="00:00:00.000" startTime="2025-03-12T00:00:00.000Z" endTime="2025-03-12T00:00:00.000Z" outcome="NotExecuted" testListId="11111111-1111-1111-1111-111111111111"><Output><StdOut>TestCase_546 output: Test skipped due to configuration.</StdOut></Output></UnitTestResult>
    <UnitTestResult executionId="00000000-0000-0000-0000-000000000547" testId="00000000-0000-0000-0000-000000000547" testName="TestCase_547" computerName="localhost" duration="00:00:00.000" startTime="2025-03-12T00:00:00.000Z" endTime="2025-03-12T00:00:00.000Z" outcome="NotExecuted" testListId="11111111-1111-1111-1111-111111111111"><Output><StdOut>TestCase_547 output: Test skipped due to configuration.</StdOut></Output></UnitTestResult>
    <UnitTestResult executionId="00000000-0000-0000-0000-000000000548" testId="00000000-0000-0000-0000-000000000548" testName="TestCase_548" computerName="localhost" duration="00:00:00.000" startTime="2025-03-12T00:00:00.000Z" endTime="2025-03-12T00:00:00.000Z" outcome="NotExecuted" testListId="11111111-1111-1111-1111-111111111111"><Output><StdOut>TestCase_548 output: Test skipped due to configuration.</StdOut></Output></UnitTestResult>
    <UnitTestResult executionId="00000000-0000-0000-0000-000000000549" testId="00000000-0000-0000-0000-000000000549" testName="TestCase_549" computerName="localhost" duration="00:00:00.000" startTime="2025-03-12T00:00:00.000Z" endTime="2025-03-12T00:00:00.000Z" outcome="NotExecuted" testListId="11111111-1111-1111-1111-111111111111"><Output><StdOut>TestCase_549 output: Test skipped due to configuration.</StdOut></Output></UnitTestResult>
    <UnitTestResult executionId="00000000-0000-0000-0000-000000000550" testId="00000000-0000-0000-0000-000000000550" testName="TestCase_550" computerName="localhost" duration="00:00:00.000" startTime="2025-03-12T00:00:00.000Z" endTime="2025-03-12T00:00:00.000Z" outcome="NotExecuted" testListId="11111111-1111-1111-1111-111111111111"><Output><StdOut>TestCase_550 output: Test skipped due to configuration.</StdOut></Output></UnitTestResult>
    <UnitTestResult executionId="00000000-0000-0000-0000-000000000551" testId="00000000-0000-0000-0000-000000000551" testName="TestCase_551" computerName="localhost" duration="00:00:00.000" startTime="2025-03-12T00:00:00.000Z" endTime="2025-03-12T00:00:00.000Z" outcome="NotExecuted" testListId="11111111-1111-1111-1111-111111111111"><Output><StdOut>TestCase_551 output: Test skipped due to configuration.</StdOut></Output></UnitTestResult>
    <UnitTestResult executionId="00000000-0000-0000-0000-000000000552" testId="00000000-0000-0000-0000-000000000552" testName="TestCase_552" computerName="localhost" duration="00:00:00.000" startTime="2025-03-12T00:00:00.000Z" endTime="2025-03-12T00:00:00.000Z" outcome="NotExecuted" testListId="11111111-1111-1111-1111-111111111111"><Output><StdOut>TestCase_552 output: Test skipped due to configuration.</StdOut></Output></UnitTestResult>
    <UnitTestResult executionId="00000000-0000-0000-0000-000000000553" testId="00000000-0000-0000-0000-000000000553" testName="TestCase_553" computerName="localhost" duration="00:00:00.000" startTime="2025-03-12T00:00:00.000Z" endTime="2025-03-12T00:00:00.000Z" outcome="NotExecuted" testListId="11111111-1111-1111-1111-111111111111"><Output><StdOut>TestCase_553 output: Test skipped due to configuration.</StdOut></Output></UnitTestResult>
    <UnitTestResult executionId="00000000-0000-0000-0000-000000000554" testId="00000000-0000-0000-0000-000000000554" testName="TestCase_554" computerName="localhost" duration="00:00:00.000" startTime="2025-03-12T00:00:00.000Z" endTime="2025-03-12T00:00:00.000Z" outcome="NotExecuted" testListId="11111111-1111-1111-1111-111111111111"><Output><StdOut>TestCase_554 output: Test skipped due to configuration.</StdOut></Output></UnitTestResult>
    <UnitTestResult executionId="00000000-0000-0000-0000-000000000555" testId="00000000-0000-0000-0000-000000000555" testName="TestCase_555" computerName="localhost" duration="00:00:00.000" startTime="2025-03-12T00:00:00.000Z" endTime="2025-03-12T00:00:00.000Z" outcome="NotExecuted" testListId="11111111-1111-1111-1111-111111111111"><Output><StdOut>TestCase_555 output: Test skipped due to configuration.</StdOut></Output></UnitTestResult>
    <UnitTestResult executionId="00000000-0000-0000-0000-000000000556" testId="00000000-0000-0000-0000-000000000556" testName="TestCase_556" computerName="localhost" duration="00:00:00.000" startTime="2025-03-12T00:00:00.000Z" endTime="2025-03-12T00:00:00.000Z" outcome="NotExecuted" testListId="11111111-1111-1111-1111-111111111111"><Output><StdOut>TestCase_556 output: Test skipped due to configuration.</StdOut></Output></UnitTestResult>
    <UnitTestResult executionId="00000000-0000-0000-0000-000000000557" testId="00000000-0000-0000-0000-000000000557" testName="TestCase_557" computerName="localhost" duration="00:00:00.000" startTime="2025-03-12T00:00:00.000Z" endTime="2025-03-12T00:00:00.000Z" outcome="NotExecuted" testListId="11111111-1111-1111-1111-111111111111"><Output><StdOut>TestCase_557 output: Test skipped due to configuration.</StdOut></Output></UnitTestResult>
    <UnitTestResult executionId="00000000-0000-0000-0000-000000000558" testId="00000000-0000-0000-0000-000000000558" testName="TestCase_558" computerName="localhost" duration="00:00:00.000" startTime="2025-03-12T00:00:00.000Z" endTime="2025-03-12T00:00:00.000Z" outcome="NotExecuted" testListId="11111111-1111-1111-1111-111111111111"><Output><StdOut>TestCase_558 output: Test skipped due to configuration.</StdOut></Output></UnitTestResult>
    <UnitTestResult executionId="00000000-0000-0000-0000-000000000559" testId="00000000-0000-0000-0000-000000000559" testName="TestCase_559" computerName="localhost" duration="00:00:00.000" startTime="2025-03-12T00:00:00.000Z" endTime="2025-03-12T00:00:00.000Z" outcome="NotExecuted" testListId="11111111-1111-1111-1111-111111111111"><Output><StdOut>TestCase_559 output: Test skipped due to configuration.</StdOut></Output></UnitTestResult>
    <UnitTestResult executionId="00000000-0000-0000-0000-000000000560" testId="00000000-0000-0000-0000-000000000560" testName="TestCase_560" computerName="localhost" duration="00:00:00.000" startTime="2025-03-12T00:00:00.000Z" endTime="2025-03-12T00:00:00.000Z" outcome="NotExecuted" testListId="11111111-1111-1111-1111-111111111111"><Output><StdOut>TestCase_560 output: Test skipped due to configuration.</StdOut></Output></UnitTestResult>
    <UnitTestResult executionId="00000000-0000-0000-0000-000000000561" testId="00000000-0000-0000-0000-000000000561" testName="TestCase_561" computerName="localhost" duration="00:00:00.000" startTime="2025-03-12T00:00:00.000Z" endTime="2025-03-12T00:00:00.000Z" outcome="NotExecuted" testListId="11111111-1111-1111-1111-111111111111"><Output><StdOut>TestCase_561 output: Test skipped due to configuration.</StdOut></Output></UnitTestResult>
    <UnitTestResult executionId="00000000-0000-0000-0000-000000000562" testId="00000000-0000-0000-0000-000000000562" testName="TestCase_562" computerName="localhost" duration="00:00:00.000" startTime="2025-03-12T00:00:00.000Z" endTime="2025-03-12T00:00:00.000Z" outcome="NotExecuted" testListId="11111111-1111-1111-1111-111111111111"><Output><StdOut>TestCase_562 output: Test skipped due to configuration.</StdOut></Output></UnitTestResult>
    <UnitTestResult executionId="00000000-0000-0000-0000-000000000563" testId="00000000-0000-0000-0000-000000000563" testName="TestCase_563" computerName="localhost" duration="00:00:00.000" startTime="2025-03-12T00:00:00.000Z" endTime="2025-03-12T00:00:00.000Z" outcome="NotExecuted" testListId="11111111-1111-1111-1111-111111111111"><Output><StdOut>TestCase_563 output: Test skipped due to configuration.</StdOut></Output></UnitTestResult>
    <UnitTestResult executionId="00000000-0000-0000-0000-000000000564" testId="00000000-0000-0000-0000-000000000564" testName="TestCase_564" computerName="localhost" duration="00:00:00.000" startTime="2025-03-12T00:00:00.000Z" endTime="2025-03-12T00:00:00.000Z" outcome="NotExecuted" testListId="11111111-1111-1111-1111-111111111111"><Output><StdOut>TestCase_564 output: Test skipped due to configuration.</StdOut></Output></UnitTestResult>
    <UnitTestResult executionId="00000000-0000-0000-0000-000000000565" testId="00000000-0000-0000-0000-000000000565" testName="TestCase_565" computerName="localhost" duration="00:00:00.000" startTime="2025-03-12T00:00:00.000Z" endTime="2025-03-12T00:00:00.000Z" outcome="NotExecuted" testListId="11111111-1111-1111-1111-111111111111"><Output><StdOut>TestCase_565 output: Test skipped due to configuration.</StdOut></Output></UnitTestResult>
    <UnitTestResult executionId="00000000-0000-0000-0000-000000000566" testId="00000000-0000-0000-0000-000000000566" testName="TestCase_566" computerName="localhost" duration="00:00:00.000" startTime="2025-03-12T00:00:00.000Z" endTime="2025-03-12T00:00:00.000Z" outcome="NotExecuted" testListId="11111111-1111-1111-1111-111111111111"><Output><StdOut>TestCase_566 output: Test skipped due to configuration.</StdOut></Output></UnitTestResult>
    <UnitTestResult executionId="00000000-0000-0000-0000-000000000567" testId="00000000-0000-0000-0000-000000000567" testName="TestCase_567" computerName="localhost" duration="00:00:00.000" startTime="2025-03-12T00:00:00.000Z" endTime="2025-03-12T00:00:00.000Z" outcome="NotExecuted" testListId="11111111-1111-1111-1111-111111111111"><Output><StdOut>TestCase_567 output: Test skipped due to configuration.</StdOut></Output></UnitTestResult>
    <UnitTestResult executionId="00000000-0000-0000-0000-000000000568" testId="00000000-0000-0000-0000-000000000568" testName="TestCase_568" computerName="localhost" duration="00:00:00.000" startTime="2025-03-12T00:00:00.000Z" endTime="2025-03-12T00:00:00.000Z" outcome="NotExecuted" testListId="11111111-1111-1111-1111-111111111111"><Output><StdOut>TestCase_568 output: Test skipped due to configuration.</StdOut></Output></UnitTestResult>
    <UnitTestResult executionId="00000000-0000-0000-0000-000000000569" testId="00000000-0000-0000-0000-000000000569" testName="TestCase_569" computerName="localhost" duration="00:00:00.000" startTime="2025-03-12T00:00:00.000Z" endTime="2025-03-12T00:00:00.000Z" outcome="NotExecuted" testListId="11111111-1111-1111-1111-111111111111"><Output><StdOut>TestCase_569 output: Test skipped due to configuration.</StdOut></Output></UnitTestResult>
    <UnitTestResult executionId="00000000-0000-0000-0000-000000000570" testId="00000000-0000-0000-0000-000000000570" testName="TestCase_570" computerName="localhost" duration="00:00:00.000" startTime="2025-03-12T00:00:00.000Z" endTime="2025-03-12T00:00:00.000Z" outcome="NotExecuted" testListId="11111111-1111-1111-1111-111111111111"><Output><StdOut>TestCase_570 output: Test skipped due to configuration.</StdOut></Output></UnitTestResult>
    <UnitTestResult executionId="00000000-0000-0000-0000-000000000571" testId="00000000-0000-0000-0000-000000000571" testName="TestCase_571" computerName="localhost" duration="00:00:00.000" startTime="2025-03-12T00:00:00.000Z" endTime="2025-03-12T00:00:00.000Z" outcome="NotExecuted" testListId="11111111-1111-1111-1111-111111111111"><Output><StdOut>TestCase_571 output: Test skipped due to configuration.</StdOut></Output></UnitTestResult>
    <UnitTestResult executionId="00000000-0000-0000-0000-000000000572" testId="00000000-0000-0000-0000-000000000572" testName="TestCase_572" computerName="localhost" duration="00:00:00.000" startTime="2025-03-12T00:00:00.000Z" endTime="2025-03-12T00:00:00.000Z" outcome="NotExecuted" testListId="11111111-1111-1111-1111-111111111111"><Output><StdOut>TestCase_572 output: Test skipped due to configuration.</StdOut></Output></UnitTestResult>
    <UnitTestResult executionId="00000000-0000-0000-0000-000000000573" testId="00000000-0000-0000-0000-000000000573" testName="TestCase_573" computerName="localhost" duration="00:00:00.000" startTime="2025-03-12T00:00:00.000Z" endTime="2025-03-12T00:00:00.000Z" outcome="NotExecuted" testListId="11111111-1111-1111-1111-111111111111"><Output><StdOut>TestCase_573 output: Test skipped due to configuration.</StdOut></Output></UnitTestResult>
    <UnitTestResult executionId="00000000-0000-0000-0000-000000000574" testId="00000000-0000-0000-0000-000000000574" testName="TestCase_574" computerName="localhost" duration="00:00:00.000" startTime="2025-03-12T00:00:00.000Z" endTime="2025-03-12T00:00:00.000Z" outcome="NotExecuted" testListId="11111111-1111-1111-1111-111111111111"><Output><StdOut>TestCase_574 output: Test skipped due to configuration.</StdOut></Output></UnitTestResult>
    <UnitTestResult executionId="00000000-0000-0000-0000-000000000575" testId="00000000-0000-0000-0000-000000000575" testName="TestCase_575" computerName="localhost" duration="00:00:00.000" startTime="2025-03-12T00:00:00.000Z" endTime="2025-03-12T00:00:00.000Z" outcome="NotExecuted" testListId="11111111-1111-1111-1111-111111111111"><Output><StdOut>TestCase_575 output: Test skipped due to configuration.</StdOut></Output></UnitTestResult>
    <UnitTestResult executionId="00000000-0000-0000-0000-000000000576" testId="00000000-0000-0000-0000-000000000576" testName="TestCase_576" computerName="localhost" duration="00:00:00.000" startTime="2025-03-12T00:00:00.000Z" endTime="2025-03-12T00:00:00.000Z" outcome="NotExecuted" testListId="11111111-1111-1111-1111-111111111111"><Output><StdOut>TestCase_576 output: Test skipped due to configuration.</StdOut></Output></UnitTestResult>
    <UnitTestResult executionId="00000000-0000-0000-0000-000000000577" testId="00000000-0000-0000-0000-000000000577" testName="TestCase_577" computerName="localhost" duration="00:00:00.000" startTime="2025-03-12T00:00:00.000Z" endTime="2025-03-12T00:00:00.000Z" outcome="NotExecuted" testListId="11111111-1111-1111-1111-111111111111"><Output><StdOut>TestCase_577 output: Test skipped due to configuration.</StdOut></Output></UnitTestResult>
    <UnitTestResult executionId="00000000-0000-0000-0000-000000000578" testId="00000000-0000-0000-0000-000000000578" testName="TestCase_578" computerName="localhost" duration="00:00:00.000" startTime="2025-03-12T00:00:00.000Z" endTime="2025-03-12T00:00:00.000Z" outcome="NotExecuted" testListId="11111111-1111-1111-1111-111111111111"><Output><StdOut>TestCase_578 output: Test skipped due to configuration.</StdOut></Output></UnitTestResult>
    <UnitTestResult executionId="00000000-0000-0000-0000-000000000579" testId="00000000-0000-0000-0000-000000000579" testName="TestCase_579" computerName="localhost" duration="00:00:00.000" startTime="2025-03-12T00:00:00.000Z" endTime="2025-03-12T00:00:00.000Z" outcome="NotExecuted" testListId="11111111-1111-1111-1111-111111111111"><Output><StdOut>TestCase_579 output: Test skipped due to configuration.</StdOut></Output></UnitTestResult>
    <UnitTestResult executionId="00000000-0000-0000-0000-000000000580" testId="00000000-0000-0000-0000-000000000580" testName="TestCase_580" computerName="localhost" duration="00:00:00.000" startTime="2025-03-12T00:00:00.000Z" endTime="2025-03-12T00:00:00.000Z" outcome="NotExecuted" testListId="11111111-1111-1111-1111-111111111111"><Output><StdOut>TestCase_580 output: Test skipped due to configuration.</StdOut></Output></UnitTestResult>
    <UnitTestResult executionId="00000000-0000-0000-0000-000000000581" testId="00000000-0000-0000-0000-000000000581" testName="TestCase_581" computerName="localhost" duration="00:00:00.000" startTime="2025-03-12T00:00:00.000Z" endTime="2025-03-12T00:00:00.000Z" outcome="NotExecuted" testListId="11111111-1111-1111-1111-111111111111"><Output><StdOut>TestCase_581 output: Test skipped due to configuration.</StdOut></Output></UnitTestResult>
    <UnitTestResult executionId="00000000-0000-0000-0000-000000000582" testId="00000000-0000-0000-0000-000000000582" testName="TestCase_582" computerName="localhost" duration="00:00:00.000" startTime="2025-03-12T00:00:00.000Z" endTime="2025-03-12T00:00:00.000Z" outcome="NotExecuted" testListId="11111111-1111-1111-1111-111111111111"><Output><StdOut>TestCase_582 output: Test skipped due to configuration.</StdOut></Output></UnitTestResult>
    <UnitTestResult executionId="00000000-0000-0000-0000-000000000583" testId="00000000-0000-0000-0000-000000000583" testName="TestCase_583" computerName="localhost" duration="00:00:00.000" startTime="2025-03-12T00:00:00.000Z" endTime="2025-03-12T00:00:00.000Z" outcome="NotExecuted" testListId="11111111-1111-1111-1111-111111111111"><Output><StdOut>TestCase_583 output: Test skipped due to configuration.</StdOut></Output></UnitTestResult>
    <UnitTestResult executionId="00000000-0000-0000-0000-000000000584" testId="00000000-0000-0000-0000-000000000584" testName="TestCase_584" computerName="localhost" duration="00:00:00.000" startTime="2025-03-12T00:00:00.000Z" endTime="2025-03-12T00:00:00.000Z" outcome="NotExecuted" testListId="11111111-1111-1111-1111-111111111111"><Output><StdOut>TestCase_584 output: Test skipped due to configuration.</StdOut></Output></UnitTestResult>
    <UnitTestResult executionId="00000000-0000-0000-0000-000000000585" testId="00000000-0000-0000-0000-000000000585" testName="TestCase_585" computerName="localhost" duration="00:00:00.000" startTime="2025-03-12T00:00:00.000Z" endTime="2025-03-12T00:00:00.000Z" outcome="NotExecuted" testListId="11111111-1111-1111-1111-111111111111"><Output><StdOut>TestCase_585 output: Test skipped due to configuration.</StdOut></Output></UnitTestResult>
    <UnitTestResult executionId="00000000-0000-0000-0000-000000000586" testId="00000000-0000-0000-0000-000000000586" testName="TestCase_586" computerName="localhost" duration="00:00:00.000" startTime="2025-03-12T00:00:00.000Z" endTime="2025-03-12T00:00:00.000Z" outcome="NotExecuted" testListId="11111111-1111-1111-1111-111111111111"><Output><StdOut>TestCase_586 output: Test skipped due to configuration.</StdOut></Output></UnitTestResult>
    <UnitTestResult executionId="00000000-0000-0000-0000-000000000587" testId="00000000-0000-0000-0000-000000000587" testName="TestCase_587" computerName="localhost" duration="00:00:00.000" startTime="2025-03-12T00:00:00.000Z" endTime="2025-03-12T00:00:00.000Z" outcome="NotExecuted" testListId="11111111-1111-1111-1111-111111111111"><Output><StdOut>TestCase_587 output: Test skipped due to configuration.</StdOut></Output></UnitTestResult>
    <UnitTestResult executionId="00000000-0000-0000-0000-000000000588" testId="00000000-0000-0000-0000-000000000588" testName="TestCase_588" computerName="localhost" duration="00:00:00.000" startTime="2025-03-12T00:00:00.000Z" endTime="2025-03-12T00:00:00.000Z" outcome="NotExecuted" testListId="11111111-1111-1111-1111-111111111111"><Output><StdOut>TestCase_588 output: Test skipped due to configuration.</StdOut></Output></UnitTestResult>
    <UnitTestResult executionId="00000000-0000-0000-0000-000000000589" testId="00000000-0000-0000-0000-000000000589" testName="TestCase_589" computerName="localhost" duration="00:00:00.000" startTime="2025-03-12T00:00:00.000Z" endTime="2025-03-12T00:00:00.000Z" outcome="NotExecuted" testListId="11111111-1111-1111-1111-111111111111"><Output><StdOut>TestCase_589 output: Test skipped due to configuration.</StdOut></Output></UnitTestResult>
    <UnitTestResult executionId="00000000-0000-0000-0000-000000000590" testId="00000000-0000-0000-0000-000000000590" testName="TestCase_590" computerName="localhost" duration="00:00:00.000" startTime="2025-03-12T00:00:00.000Z" endTime="2025-03-12T00:00:00.000Z" outcome="NotExecuted" testListId="11111111-1111-1111-1111-111111111111"><Output><StdOut>TestCase_590 output: Test skipped due to configuration.</StdOut></Output></UnitTestResult>
    <UnitTestResult executionId="00000000-0000-0000-0000-000000000591" testId="00000000-0000-0000-0000-000000000591" testName="TestCase_591" computerName="localhost" duration="00:00:00.000" startTime="2025-03-12T00:00:00.000Z" endTime="2025-03-12T00:00:00.000Z" outcome="NotExecuted" testListId="11111111-1111-1111-1111-111111111111"><Output><StdOut>TestCase_591 output: Test skipped due to configuration.</StdOut></Output></UnitTestResult>
    <UnitTestResult executionId="00000000-0000-0000-0000-000000000592" testId="00000000-0000-0000-0000-000000000592" testName="TestCase_592" computerName="localhost" duration="00:00:00.000" startTime="2025-03-12T00:00:00.000Z" endTime="2025-03-12T00:00:00.000Z" outcome="NotExecuted" testListId="11111111-1111-1111-1111-111111111111"><Output><StdOut>TestCase_592 output: Test skipped due to configuration.</StdOut></Output></UnitTestResult>
    <UnitTestResult executionId="00000000-0000-0000-0000-000000000593" testId="00000000-0000-0000-0000-000000000593" testName="TestCase_593" computerName="localhost" duration="00:00:00.000" startTime="2025-03-12T00:00:00.000Z" endTime="2025-03-12T00:00:00.000Z" outcome="NotExecuted" testListId="11111111-1111-1111-1111-111111111111"><Output><StdOut>TestCase_593 output: Test skipped due to configuration.</StdOut></Output></UnitTestResult>
    <UnitTestResult executionId="00000000-0000-0000-0000-000000000594" testId="00000000-0000-0000-0000-000000000594" testName="TestCase_594" computerName="localhost" duration="00:00:00.000" startTime="2025-03-12T00:00:00.000Z" endTime="2025-03-12T00:00:00.000Z" outcome="NotExecuted" testListId="11111111-1111-1111-1111-111111111111"><Output><StdOut>TestCase_594 output: Test skipped due to configuration.</StdOut></Output></UnitTestResult>
    <UnitTestResult executionId="00000000-0000-0000-0000-000000000595" testId="00000000-0000-0000-0000-000000000595" testName="TestCase_595" computerName="localhost" duration="00:00:00.000" startTime="2025-03-12T00:00:00.000Z" endTime="2025-03-12T00:00:00.000Z" outcome="NotExecuted" testListId="11111111-1111-1111-1111-111111111111"><Output><StdOut>TestCase_595 output: Test skipped due to configuration.</StdOut></Output></UnitTestResult>
    <UnitTestResult executionId="00000000-0000-0000-0000-000000000596" testId="00000000-0000-0000-0000-000000000596" testName="TestCase_596" computerName="localhost" duration="00:00:00.000" startTime="2025-03-12T00:00:00.000Z" endTime="2025-03-12T00:00:00.000Z" outcome="NotExecuted" testListId="11111111-1111-1111-1111-111111111111"><Output><StdOut>TestCase_596 output: Test skipped due to configuration.</StdOut></Output></UnitTestResult>
    <UnitTestResult executionId="00000000-0000-0000-0000-000000000597" testId="00000000-0000-0000-0000-000000000597" testName="TestCase_597" computerName="localhost" duration="00:00:00.000" startTime="2025-03-12T00:00:00.000Z" endTime="2025-03-12T00:00:00.000Z" outcome="NotExecuted" testListId="11111111-1111-1111-1111-111111111111"><Output><StdOut>TestCase_597 output: Test skipped due to configuration.</StdOut></Output></UnitTestResult>
    <UnitTestResult executionId="00000000-0000-0000-0000-000000000598" testId="00000000-0000-0000-0000-000000000598" testName="TestCase_598" computerName="localhost" duration="00:00:00.000" startTime="2025-03-12T00:00:00.000Z" endTime="2025-03-12T00:00:00.000Z" outcome="NotExecuted" testListId="11111111-1111-1111-1111-111111111111"><Output><StdOut>TestCase_598 output: Test skipped due to configuration.</StdOut></Output></UnitTestResult>
    <UnitTestResult executionId="00000000-0000-0000-0000-000000000599" testId="00000000-0000-0000-0000-000000000599" testName="TestCase_599" computerName="localhost" duration="00:00:00.000" startTime="2025-03-12T00:00:00.000Z" endTime="2025-03-12T00:00:00.000Z" outcome="NotExecuted" testListId="11111111-1111-1111-1111-111111111111"><Output><StdOut>TestCase_599 output: Test skipped due to configuration.</StdOut></Output></UnitTestResult>
    <UnitTestResult executionId="00000000-0000-0000-0000-000000000600" testId="00000000-0000-0000-0000-000000000600" testName="TestCase_600" computerName="localhost" duration="00:00:00.000" startTime="2025-03-12T00:00:00.000Z" endTime="2025-03-12T00:00:00.000Z" outcome="NotExecuted" testListId="11111111-1111-1111-1111-111111111111"><Output><StdOut>TestCase_600 output: Test skipped due to configuration.</StdOut></Output></UnitTestResult>
    <UnitTestResult executionId="00000000-0000-0000-0000-000000000601" testId="00000000-0000-0000-0000-000000000601" testName="TestCase_601" computerName="localhost" duration="00:00:00.000" startTime="2025-03-12T00:00:00.000Z" endTime="2025-03-12T00:00:00.000Z" outcome="NotExecuted" testListId="11111111-1111-1111-1111-111111111111"><Output><StdOut>TestCase_601 output: Test skipped due to configuration.</StdOut></Output></UnitTestResult>
    <UnitTestResult executionId="00000000-0000-0000-0000-000000000602" testId="00000000-0000-0000-0000-000000000602" testName="TestCase_602" computerName="localhost" duration="00:00:00.000" startTime="2025-03-12T00:00:00.000Z" endTime="2025-03-12T00:00:00.000Z" outcome="NotExecuted" testListId="11111111-1111-1111-1111-111111111111"><Output><StdOut>TestCase_602 output: Test skipped due to configuration.</StdOut></Output></UnitTestResult>
    <UnitTestResult executionId="00000000-0000-0000-0000-000000000603" testId="00000000-0000-0000-0000-000000000603" testName="TestCase_603" computerName="localhost" duration="00:00:00.000" startTime="2025-03-12T00:00:00.000Z" endTime="2025-03-12T00:00:00.000Z" outcome="NotExecuted" testListId="11111111-1111-1111-1111-111111111111"><Output><StdOut>TestCase_603 output: Test skipped due to configuration.</StdOut></Output></UnitTestResult>
    <UnitTestResult executionId="00000000-0000-0000-0000-000000000604" testId="00000000-0000-0000-0000-000000000604" testName="TestCase_604" computerName="localhost" duration="00:00:00.000" startTime="2025-03-12T00:00:00.000Z" endTime="2025-03-12T00:00:00.000Z" outcome="NotExecuted" testListId="11111111-1111-1111-1111-111111111111"><Output><StdOut>TestCase_604 output: Test skipped due to configuration.</StdOut></Output></UnitTestResult>
    <UnitTestResult executionId="00000000-0000-0000-0000-000000000605" testId="00000000-0000-0000-0000-000000000605" testName="TestCase_605" computerName="localhost" duration="00:00:00.000" startTime="2025-03-12T00:00:00.000Z" endTime="2025-03-12T00:00:00.000Z" outcome="NotExecuted" testListId="11111111-1111-1111-1111-111111111111"><Output><StdOut>TestCase_605 output: Test skipped due to configuration.</StdOut></Output></UnitTestResult>
    <UnitTestResult executionId="00000000-0000-0000-0000-000000000606" testId="00000000-0000-0000-0000-000000000606" testName="TestCase_606" computerName="localhost" duration="00:00:00.000" startTime="2025-03-12T00:00:00.000Z" endTime="2025-03-12T00:00:00.000Z" outcome="NotExecuted" testListId="11111111-1111-1111-1111-111111111111"><Output><StdOut>TestCase_606 output: Test skipped due to configuration.</StdOut></Output></UnitTestResult>
    <UnitTestResult executionId="00000000-0000-0000-0000-000000000607" testId="00000000-0000-0000-0000-000000000607" testName="TestCase_607" computerName="localhost" duration="00:00:00.000" startTime="2025-03-12T00:00:00.000Z" endTime="2025-03-12T00:00:00.000Z" outcome="NotExecuted" testListId="11111111-1111-1111-1111-111111111111"><Output><StdOut>TestCase_607 output: Test skipped due to configuration.</StdOut></Output></UnitTestResult>
    <UnitTestResult executionId="00000000-0000-0000-0000-000000000608" testId="00000000-0000-0000-0000-000000000608" testName="TestCase_608" computerName="localhost" duration="00:00:00.000" startTime="2025-03-12T00:00:00.000Z" endTime="2025-03-12T00:00:00.000Z" outcome="NotExecuted" testListId="11111111-1111-1111-1111-111111111111"><Output><StdOut>TestCase_608 output: Test skipped due to configuration.</StdOut></Output></UnitTestResult>
    <UnitTestResult executionId="00000000-0000-0000-0000-000000000609" testId="00000000-0000-0000-0000-000000000609" testName="TestCase_609" computerName="localhost" duration="00:00:00.000" startTime="2025-03-12T00:00:00.000Z" endTime="2025-03-12T00:00:00.000Z" outcome="NotExecuted" testListId="11111111-1111-1111-1111-111111111111"><Output><StdOut>TestCase_609 output: Test skipped due to configuration.</StdOut></Output></UnitTestResult>
    <UnitTestResult executionId="00000000-0000-0000-0000-000000000610" testId="00000000-0000-0000-0000-000000000610" testName="TestCase_610" computerName="localhost" duration="00:00:00.000" startTime="2025-03-12T00:00:00.000Z" endTime="2025-03-12T00:00:00.000Z" outcome="NotExecuted" testListId="11111111-1111-1111-1111-111111111111"><Output><StdOut>TestCase_610 output: Test skipped due to configuration.</StdOut></Output></UnitTestResult>
    <UnitTestResult executionId="00000000-0000-0000-0000-000000000611" testId="00000000-0000-0000-0000-000000000611" testName="TestCase_611" computerName="localhost" duration="00:00:00.000" startTime="2025-03-12T00:00:00.000Z" endTime="2025-03-12T00:00:00.000Z" outcome="NotExecuted" testListId="11111111-1111-1111-1111-111111111111"><Output><StdOut>TestCase_611 output: Test skipped due to configuration.</StdOut></Output></UnitTestResult>
    <UnitTestResult executionId="00000000-0000-0000-0000-000000000612" testId="00000000-0000-0000-0000-000000000612" testName="TestCase_612" computerName="localhost" duration="00:00:00.000" startTime="2025-03-12T00:00:00.000Z" endTime="2025-03-12T00:00:00.000Z" outcome="NotExecuted" testListId="11111111-1111-1111-1111-111111111111"><Output><StdOut>TestCase_612 output: Test skipped due to configuration.</StdOut></Output></UnitTestResult>
    <UnitTestResult executionId="00000000-0000-0000-0000-000000000613" testId="00000000-0000-0000-0000-000000000613" testName="TestCase_613" computerName="localhost" duration="00:00:00.000" startTime="2025-03-12T00:00:00.000Z" endTime="2025-03-12T00:00:00.000Z" outcome="NotExecuted" testListId="11111111-1111-1111-1111-111111111111"><Output><StdOut>TestCase_613 output: Test skipped due to configuration.</StdOut></Output></UnitTestResult>
    <UnitTestResult executionId="00000000-0000-0000-0000-000000000614" testId="00000000-0000-0000-0000-000000000614" testName="TestCase_614" computerName="localhost" duration="00:00:00.000" startTime="2025-03-12T00:00:00.000Z" endTime="2025-03-12T00:00:00.000Z" outcome="NotExecuted" testListId="11111111-1111-1111-1111-111111111111"><Output><StdOut>TestCase_614 output: Test skipped due to configuration.</StdOut></Output></UnitTestResult>
    <UnitTestResult executionId="00000000-0000-0000-0000-000000000615" testId="00000000-0000-0000-0000-000000000615" testName="TestCase_615" computerName="localhost" duration="00:00:00.000" startTime="2025-03-12T00:00:00.000Z" endTime="2025-03-12T00:00:00.000Z" outcome="NotExecuted" testListId="11111111-1111-1111-1111-111111111111"><Output><StdOut>TestCase_615 output: Test skipped due to configuration.</StdOut></Output></UnitTestResult>
    <UnitTestResult executionId="00000000-0000-0000-0000-000000000616" testId="00000000-0000-0000-0000-000000000616" testName="TestCase_616" computerName="localhost" duration="00:00:00.000" startTime="2025-03-12T00:00:00.000Z" endTime="2025-03-12T00:00:00.000Z" outcome="NotExecuted" testListId="11111111-1111-1111-1111-111111111111"><Output><StdOut>TestCase_616 output: Test skipped due to configuration.</StdOut></Output></UnitTestResult>
    <UnitTestResult executionId="00000000-0000-0000-0000-000000000617" testId="00000000-0000-0000-0000-000000000617" testName="TestCase_617" computerName="localhost" duration="00:00:00.000" startTime="2025-03-12T00:00:00.000Z" endTime="2025-03-12T00:00:00.000Z" outcome="NotExecuted" testListId="11111111-1111-1111-1111-111111111111"><Output><StdOut>TestCase_617 output: Test skipped due to configuration.</StdOut></Output></UnitTestResult>
    <UnitTestResult executionId="00000000-0000-0000-0000-000000000618" testId="00000000-0000-0000-0000-000000000618" testName="TestCase_618" computerName="localhost" duration="00:00:00.000" startTime="2025-03-12T00:00:00.000Z" endTime="2025-03-12T00:00:00.000Z" outcome="NotExecuted" testListId="11111111-1111-1111-1111-111111111111"><Output><StdOut>TestCase_618 output: Test skipped due to configuration.</StdOut></Output></UnitTestResult>
    <UnitTestResult executionId="00000000-0000-0000-0000-000000000619" testId="00000000-0000-0000-0000-000000000619" testName="TestCase_619" computerName="localhost" duration="00:00:00.000" startTime="2025-03-12T00:00:00.000Z" endTime="2025-03-12T00:00:00.000Z" outcome="NotExecuted" testListId="11111111-1111-1111-1111-111111111111"><Output><StdOut>TestCase_619 output: Test skipped due to configuration.</StdOut></Output></UnitTestResult>
    <UnitTestResult executionId="00000000-0000-0000-0000-000000000620" testId="00000000-0000-0000-0000-000000000620" testName="TestCase_620" computerName="localhost" duration="00:00:00.000" startTime="2025-03-12T00:00:00.000Z" endTime="2025-03-12T00:00:00.000Z" outcome="NotExecuted" testListId="11111111-1111-1111-1111-111111111111"><Output><StdOut>TestCase_620 output: Test skipped due to configuration.</StdOut></Output></UnitTestResult>
    <UnitTestResult executionId="00000000-0000-0000-0000-000000000621" testId="00000000-0000-0000-0000-000000000621" testName="TestCase_621" computerName="localhost" duration="00:00:00.000" startTime="2025-03-12T00:00:00.000Z" endTime="2025-03-12T00:00:00.000Z" outcome="NotExecuted" testListId="11111111-1111-1111-1111-111111111111"><Output><StdOut>TestCase_621 output: Test skipped due to configuration.</StdOut></Output></UnitTestResult>
    <UnitTestResult executionId="00000000-0000-0000-0000-000000000622" testId="00000000-0000-0000-0000-000000000622" testName="TestCase_622" computerName="localhost" duration="00:00:00.000" startTime="2025-03-12T00:00:00.000Z" endTime="2025-03-12T00:00:00.000Z" outcome="NotExecuted" testListId="11111111-1111-1111-1111-111111111111"><Output><StdOut>TestCase_622 output: Test skipped due to configuration.</StdOut></Output></UnitTestResult>
    <UnitTestResult executionId="00000000-0000-0000-0000-000000000623" testId="00000000-0000-0000-0000-000000000623" testName="TestCase_623" computerName="localhost" duration="00:00:00.000" startTime="2025-03-12T00:00:00.000Z" endTime="2025-03-12T00:00:00.000Z" outcome="NotExecuted" testListId="11111111-1111-1111-1111-111111111111"><Output><StdOut>TestCase_623 output: Test skipped due to configuration.</StdOut></Output></UnitTestResult>
    <UnitTestResult executionId="00000000-0000-0000-0000-000000000624" testId="00000000-0000-0000-0000-000000000624" testName="TestCase_624" computerName="localhost" duration="00:00:00.000" startTime="2025-03-12T00:00:00.000Z" endTime="2025-03-12T00:00:00.000Z" outcome="NotExecuted" testListId="11111111-1111-1111-1111-111111111111"><Output><StdOut>TestCase_624 output: Test skipped due to configuration.</StdOut></Output></UnitTestResult>
    <UnitTestResult executionId="00000000-0000-0000-0000-000000000625" testId="00000000-0000-0000-0000-000000000625" testName="TestCase_625" computerName="localhost" duration="00:00:00.000" startTime="2025-03-12T00:00:00.000Z" endTime="2025-03-12T00:00:00.000Z" outcome="NotExecuted" testListId="11111111-1111-1111-1111-111111111111"><Output><StdOut>TestCase_625 output: Test skipped due to configuration.</StdOut></Output></UnitTestResult>
    <UnitTestResult executionId="00000000-0000-0000-0000-000000000626" testId="00000000-0000-0000-0000-000000000626" testName="TestCase_626" computerName="localhost" duration="00:00:00.000" startTime="2025-03-12T00:00:00.000Z" endTime="2025-03-12T00:00:00.000Z" outcome="NotExecuted" testListId="11111111-1111-1111-1111-111111111111"><Output><StdOut>TestCase_626 output: Test skipped due to configuration.</StdOut></Output></UnitTestResult>
    <UnitTestResult executionId="00000000-0000-0000-0000-000000000627" testId="00000000-0000-0000-0000-000000000627" testName="TestCase_627" computerName="localhost" duration="00:00:00.000" startTime="2025-03-12T00:00:00.000Z" endTime="2025-03-12T00:00:00.000Z" outcome="NotExecuted" testListId="11111111-1111-1111-1111-111111111111"><Output><StdOut>TestCase_627 output: Test skipped due to configuration.</StdOut></Output></UnitTestResult>
    <UnitTestResult executionId="00000000-0000-0000-0000-000000000628" testId="00000000-0000-0000-0000-000000000628" testName="TestCase_628" computerName="localhost" duration="00:00:00.000" startTime="2025-03-12T00:00:00.000Z" endTime="2025-03-12T00:00:00.000Z" outcome="NotExecuted" testListId="11111111-1111-1111-1111-111111111111"><Output><StdOut>TestCase_628 output: Test skipped due to configuration.</StdOut></Output></UnitTestResult>
    <UnitTestResult executionId="00000000-0000-0000-0000-000000000629" testId="00000000-0000-0000-0000-000000000629" testName="TestCase_629" computerName="localhost" duration="00:00:00.000" startTime="2025-03-12T00:00:00.000Z" endTime="2025-03-12T00:00:00.000Z" outcome="NotExecuted" testListId="11111111-1111-1111-1111-111111111111"><Output><StdOut>TestCase_629 output: Test skipped due to configuration.</StdOut></Output></UnitTestResult>
    <UnitTestResult executionId="00000000-0000-0000-0000-000000000630" testId="00000000-0000-0000-0000-000000000630" testName="TestCase_630" computerName="localhost" duration="00:00:00.000" startTime="2025-03-12T00:00:00.000Z" endTime="2025-03-12T00:00:00.000Z" outcome="NotExecuted" testListId="11111111-1111-1111-1111-111111111111"><Output><StdOut>TestCase_630 output: Test skipped due to configuration.</StdOut></Output></UnitTestResult>
    <UnitTestResult executionId="00000000-0000-0000-0000-000000000631" testId="00000000-0000-0000-0000-000000000631" testName="TestCase_631" computerName="localhost" duration="00:00:00.000" startTime="2025-03-12T00:00:00.000Z" endTime="2025-03-12T00:00:00.000Z" outcome="NotExecuted" testListId="11111111-1111-1111-1111-111111111111"><Output><StdOut>TestCase_631 output: Test skipped due to configuration.</StdOut></Output></UnitTestResult>
    <UnitTestResult executionId="00000000-0000-0000-0000-000000000632" testId="00000000-0000-0000-0000-000000000632" testName="TestCase_632" computerName="localhost" duration="00:00:00.000" startTime="2025-03-12T00:00:00.000Z" endTime="2025-03-12T00:00:00.000Z" outcome="NotExecuted" testListId="11111111-1111-1111-1111-111111111111"><Output><StdOut>TestCase_632 output: Test skipped due to configuration.</StdOut></Output></UnitTestResult>
    <UnitTestResult executionId="00000000-0000-0000-0000-000000000633" testId="00000000-0000-0000-0000-000000000633" testName="TestCase_633" computerName="localhost" duration="00:00:00.000" startTime="2025-03-12T00:00:00.000Z" endTime="2025-03-12T00:00:00.000Z" outcome="NotExecuted" testListId="11111111-1111-1111-1111-111111111111"><Output><StdOut>TestCase_633 output: Test skipped due to configuration.</StdOut></Output></UnitTestResult>
    <UnitTestResult executionId="00000000-0000-0000-0000-000000000634" testId="00000000-0000-0000-0000-000000000634" testName="TestCase_634" computerName="localhost" duration="00:00:00.000" startTime="2025-03-12T00:00:00.000Z" endTime="2025-03-12T00:00:00.000Z" outcome="NotExecuted" testListId="11111111-1111-1111-1111-111111111111"><Output><StdOut>TestCase_634 output: Test skipped due to configuration.</StdOut></Output></UnitTestResult>
    <UnitTestResult executionId="00000000-0000-0000-0000-000000000635" testId="00000000-0000-0000-0000-000000000635" testName="TestCase_635" computerName="localhost" duration="00:00:00.000" startTime="2025-03-12T00:00:00.000Z" endTime="2025-03-12T00:00:00.000Z" outcome="NotExecuted" testListId="11111111-1111-1111-1111-111111111111"><Output><StdOut>TestCase_635 output: Test skipped due to configuration.</StdOut></Output></UnitTestResult>
    <UnitTestResult executionId="00000000-0000-0000-0000-000000000636" testId="00000000-0000-0000-0000-000000000636" testName="TestCase_636" computerName="localhost" duration="00:00:00.000" startTime="2025-03-12T00:00:00.000Z" endTime="2025-03-12T00:00:00.000Z" outcome="NotExecuted" testListId="11111111-1111-1111-1111-111111111111"><Output><StdOut>TestCase_636 output: Test skipped due to configuration.</StdOut></Output></UnitTestResult>
    <UnitTestResult executionId="00000000-0000-0000-0000-000000000637" testId="00000000-0000-0000-0000-000000000637" testName="TestCase_637" computerName="localhost" duration="00:00:00.000" startTime="2025-03-12T00:00:00.000Z" endTime="2025-03-12T00:00:00.000Z" outcome="NotExecuted" testListId="11111111-1111-1111-1111-111111111111"><Output><StdOut>TestCase_637 output: Test skipped due to configuration.</StdOut></Output></UnitTestResult>
    <UnitTestResult executionId="00000000-0000-0000-0000-000000000638" testId="00000000-0000-0000-0000-000000000638" testName="TestCase_638" computerName="localhost" duration="00:00:00.000" startTime="2025-03-12T00:00:00.000Z" endTime="2025-03-12T00:00:00.000Z" outcome="NotExecuted" testListId="11111111-1111-1111-1111-111111111111"><Output><StdOut>TestCase_638 output: Test skipped due to configuration.</StdOut></Output></UnitTestResult>
    <UnitTestResult executionId="00000000-0000-0000-0000-000000000639" testId="00000000-0000-0000-0000-000000000639" testName="TestCase_639" computerName="localhost" duration="00:00:00.000" startTime="2025-03-12T00:00:00.000Z" endTime="2025-03-12T00:00:00.000Z" outcome="NotExecuted" testListId="11111111-1111-1111-1111-111111111111"><Output><StdOut>TestCase_639 output: Test skipped due to configuration.</StdOut></Output></UnitTestResult>
    <UnitTestResult executionId="00000000-0000-0000-0000-000000000640" testId="00000000-0000-0000-0000-000000000640" testName="TestCase_640" computerName="localhost" duration="00:00:00.000" startTime="2025-03-12T00:00:00.000Z" endTime="2025-03-12T00:00:00.000Z" outcome="NotExecuted" testListId="11111111-1111-1111-1111-111111111111"><Output><StdOut>TestCase_640 output: Test skipped due to configuration.</StdOut></Output></UnitTestResult>
    <UnitTestResult executionId="00000000-0000-0000-0000-000000000641" testId="00000000-0000-0000-0000-000000000641" testName="TestCase_641" computerName="localhost" duration="00:00:00.000" startTime="2025-03-12T00:00:00.000Z" endTime="2025-03-12T00:00:00.000Z" outcome="NotExecuted" testListId="11111111-1111-1111-1111-111111111111"><Output><StdOut>TestCase_641 output: Test skipped due to configuration.</StdOut></Output></UnitTestResult>
    <UnitTestResult executionId="00000000-0000-0000-0000-000000000642" testId="00000000-0000-0000-0000-000000000642" testName="TestCase_642" computerName="localhost" duration="00:00:00.000" startTime="2025-03-12T00:00:00.000Z" endTime="2025-03-12T00:00:00.000Z" outcome="NotExecuted" testListId="11111111-1111-1111-1111-111111111111"><Output><StdOut>TestCase_642 output: Test skipped due to configuration.</StdOut></Output></UnitTestResult>
    <UnitTestResult executionId="00000000-0000-0000-0000-000000000643" testId="00000000-0000-0000-0000-000000000643" testName="TestCase_643" computerName="localhost" duration="00:00:00.000" startTime="2025-03-12T00:00:00.000Z" endTime="2025-03-12T00:00:00.000Z" outcome="NotExecuted" testListId="11111111-1111-1111-1111-111111111111"><Output><StdOut>TestCase_643 output: Test skipped due to configuration.</StdOut></Output></UnitTestResult>
    <UnitTestResult executionId="00000000-0000-0000-0000-000000000644" testId="00000000-0000-0000-0000-000000000644" testName="TestCase_644" computerName="localhost" duration="00:00:00.000" startTime="2025-03-12T00:00:00.000Z" endTime="2025-03-12T00:00:00.000Z" outcome="NotExecuted" testListId="11111111-1111-1111-1111-111111111111"><Output><StdOut>TestCase_644 output: Test skipped due to configuration.</StdOut></Output></UnitTestResult>
    <UnitTestResult executionId="00000000-0000-0000-0000-000000000645" testId="00000000-0000-0000-0000-000000000645" testName="TestCase_645" computerName="localhost" duration="00:00:00.000" startTime="2025-03-12T00:00:00.000Z" endTime="2025-03-12T00:00:00.000Z" outcome="NotExecuted" testListId="11111111-1111-1111-1111-111111111111"><Output><StdOut>TestCase_645 output: Test skipped due to configuration.</StdOut></Output></UnitTestResult>
    <UnitTestResult executionId="00000000-0000-0000-0000-000000000646" testId="00000000-0000-0000-0000-000000000646" testName="TestCase_646" computerName="localhost" duration="00:00:00.000" startTime="2025-03-12T00:00:00.000Z" endTime="2025-03-12T00:00:00.000Z" outcome="NotExecuted" testListId="11111111-1111-1111-1111-111111111111"><Output><StdOut>TestCase_646 output: Test skipped due to configuration.</StdOut></Output></UnitTestResult>
    <UnitTestResult executionId="00000000-0000-0000-0000-000000000647" testId="00000000-0000-0000-0000-000000000647" testName="TestCase_647" computerName="localhost" duration="00:00:00.000" startTime="2025-03-12T00:00:00.000Z" endTime="2025-03-12T00:00:00.000Z" outcome="NotExecuted" testListId="11111111-1111-1111-1111-111111111111"><Output><StdOut>TestCase_647 output: Test skipped due to configuration.</StdOut></Output></UnitTestResult>
    <UnitTestResult executionId="00000000-0000-0000-0000-000000000648" testId="00000000-0000-0000-0000-000000000648" testName="TestCase_648" computerName="localhost" duration="00:00:00.000" startTime="2025-03-12T00:00:00.000Z" endTime="2025-03-12T00:00:00.000Z" outcome="NotExecuted" testListId="11111111-1111-1111-1111-111111111111"><Output><StdOut>TestCase_648 output: Test skipped due to configuration.</StdOut></Output></UnitTestResult>
    <UnitTestResult executionId="00000000-0000-0000-0000-000000000649" testId="00000000-0000-0000-0000-000000000649" testName="TestCase_649" computerName="localhost" duration="00:00:00.000" startTime="2025-03-12T00:00:00.000Z" endTime="2025-03-12T00:00:00.000Z" outcome="NotExecuted" testListId="11111111-1111-1111-1111-111111111111"><Output><StdOut>TestCase_649 output: Test skipped due to configuration.</StdOut></Output></UnitTestResult>
    <UnitTestResult executionId="00000000-0000-0000-0000-000000000650" testId="00000000-0000-0000-0000-000000000650" testName="TestCase_650" computerName="localhost" duration="00:00:00.000" startTime="2025-03-12T00:00:00.000Z" endTime="2025-03-12T00:00:00.000Z" outcome="NotExecuted" testListId="11111111-1111-1111-1111-111111111111"><Output><StdOut>TestCase_650 output: Test skipped due to configuration.</StdOut></Output></UnitTestResult>
    <UnitTestResult executionId="00000000-0000-0000-0000-000000000651" testId="00000000-0000-0000-0000-000000000651" testName="TestCase_651" computerName="localhost" duration="00:00:00.000" startTime="2025-03-12T00:00:00.000Z" endTime="2025-03-12T00:00:00.000Z" outcome="NotExecuted" testListId="11111111-1111-1111-1111-111111111111"><Output><StdOut>TestCase_651 output: Test skipped due to configuration.</StdOut></Output></UnitTestResult>
    <UnitTestResult executionId="00000000-0000-0000-0000-000000000652" testId="00000000-0000-0000-0000-000000000652" testName="TestCase_652" computerName="localhost" duration="00:00:00.000" startTime="2025-03-12T00:00:00.000Z" endTime="2025-03-12T00:00:00.000Z" outcome="NotExecuted" testListId="11111111-1111-1111-1111-111111111111"><Output><StdOut>TestCase_652 output: Test skipped due to configuration.</StdOut></Output></UnitTestResult>
    <UnitTestResult executionId="00000000-0000-0000-0000-000000000653" testId="00000000-0000-0000-0000-000000000653" testName="TestCase_653" computerName="localhost" duration="00:00:00.000" startTime="2025-03-12T00:00:00.000Z" endTime="2025-03-12T00:00:00.000Z" outcome="NotExecuted" testListId="11111111-1111-1111-1111-111111111111"><Output><StdOut>TestCase_653 output: Test skipped due to configuration.</StdOut></Output></UnitTestResult>
    <UnitTestResult executionId="00000000-0000-0000-0000-000000000654" testId="00000000-0000-0000-0000-000000000654" testName="TestCase_654" computerName="localhost" duration="00:00:00.000" startTime="2025-03-12T00:00:00.000Z" endTime="2025-03-12T00:00:00.000Z" outcome="NotExecuted" testListId="11111111-1111-1111-1111-111111111111"><Output><StdOut>TestCase_654 output: Test skipped due to configuration.</StdOut></Output></UnitTestResult>
    <UnitTestResult executionId="00000000-0000-0000-0000-000000000655" testId="00000000-0000-0000-0000-000000000655" testName="TestCase_655" computerName="localhost" duration="00:00:00.000" startTime="2025-03-12T00:00:00.000Z" endTime="2025-03-12T00:00:00.000Z" outcome="NotExecuted" testListId="11111111-1111-1111-1111-111111111111"><Output><StdOut>TestCase_655 output: Test skipped due to configuration.</StdOut></Output></UnitTestResult>
    <UnitTestResult executionId="00000000-0000-0000-0000-000000000656" testId="00000000-0000-0000-0000-000000000656" testName="TestCase_656" computerName="localhost" duration="00:00:00.000" startTime="2025-03-12T00:00:00.000Z" endTime="2025-03-12T00:00:00.000Z" outcome="NotExecuted" testListId="11111111-1111-1111-1111-111111111111"><Output><StdOut>TestCase_656 output: Test skipped due to configuration.</StdOut></Output></UnitTestResult>
    <UnitTestResult executionId="00000000-0000-0000-0000-000000000657" testId="00000000-0000-0000-0000-000000000657" testName="TestCase_657" computerName="localhost" duration="00:00:00.000" startTime="2025-03-12T00:00:00.000Z" endTime="2025-03-12T00:00:00.000Z" outcome="NotExecuted" testListId="11111111-1111-1111-1111-111111111111"><Output><StdOut>TestCase_657 output: Test skipped due to configuration.</StdOut></Output></UnitTestResult>
    <UnitTestResult executionId="00000000-0000-0000-0000-000000000658" testId="00000000-0000-0000-0000-000000000658" testName="TestCase_658" computerName="localhost" duration="00:00:00.000" startTime="2025-03-12T00:00:00.000Z" endTime="2025-03-12T00:00:00.000Z" outcome="NotExecuted" testListId="11111111-1111-1111-1111-111111111111"><Output><StdOut>TestCase_658 output: Test skipped due to configuration.</StdOut></Output></UnitTestResult>
    <UnitTestResult executionId="00000000-0000-0000-0000-000000000659" testId="00000000-0000-0000-0000-000000000659" testName="TestCase_659" computerName="localhost" duration="00:00:00.000" startTime="2025-03-12T00:00:00.000Z" endTime="2025-03-12T00:00:00.000Z" outcome="NotExecuted" testListId="11111111-1111-1111-1111-111111111111"><Output><StdOut>TestCase_659 output: Test skipped due to configuration.</StdOut></Output></UnitTestResult>
    <UnitTestResult executionId="00000000-0000-0000-0000-000000000660" testId="00000000-0000-0000-0000-000000000660" testName="TestCase_660" computerName="localhost" duration="00:00:00.000" startTime="2025-03-12T00:00:00.000Z" endTime="2025-03-12T00:00:00.000Z" outcome="NotExecuted" testListId="11111111-1111-1111-1111-111111111111"><Output><StdOut>TestCase_660 output: Test skipped due to configuration.</StdOut></Output></UnitTestResult>
    <UnitTestResult executionId="00000000-0000-0000-0000-000000000661" testId="00000000-0000-0000-0000-000000000661" testName="TestCase_661" computerName="localhost" duration="00:00:00.000" startTime="2025-03-12T00:00:00.000Z" endTime="2025-03-12T00:00:00.000Z" outcome="NotExecuted" testListId="11111111-1111-1111-1111-111111111111"><Output><StdOut>TestCase_661 output: Test skipped due to configuration.</StdOut></Output></UnitTestResult>
    <UnitTestResult executionId="00000000-0000-0000-0000-000000000662" testId="00000000-0000-0000-0000-000000000662" testName="TestCase_662" computerName="localhost" duration="00:00:00.000" startTime="2025-03-12T00:00:00.000Z" endTime="2025-03-12T00:00:00.000Z" outcome="NotExecuted" testListId="11111111-1111-1111-1111-111111111111"><Output><StdOut>TestCase_662 output: Test skipped due to configuration.</StdOut></Output></UnitTestResult>
    <UnitTestResult executionId="00000000-0000-0000-0000-000000000663" testId="00000000-0000-0000-0000-000000000663" testName="TestCase_663" computerName="localhost" duration="00:00:00.000" startTime="2025-03-12T00:00:00.000Z" endTime="2025-03-12T00:00:00.000Z" outcome="NotExecuted" testListId="11111111-1111-1111-1111-111111111111"><Output><StdOut>TestCase_663 output: Test skipped due to configuration.</StdOut></Output></UnitTestResult>
    <UnitTestResult executionId="00000000-0000-0000-0000-000000000664" testId="00000000-0000-0000-0000-000000000664" testName="TestCase_664" computerName="localhost" duration="00:00:00.000" startTime="2025-03-12T00:00:00.000Z" endTime="2025-03-12T00:00:00.000Z" outcome="NotExecuted" testListId="11111111-1111-1111-1111-111111111111"><Output><StdOut>TestCase_664 output: Test skipped due to configuration.</StdOut></Output></UnitTestResult>
    <UnitTestResult executionId="00000000-0000-0000-0000-000000000665" testId="00000000-0000-0000-0000-000000000665" testName="TestCase_665" computerName="localhost" duration="00:00:00.000" startTime="2025-03-12T00:00:00.000Z" endTime="2025-03-12T00:00:00.000Z" outcome="NotExecuted" testListId="11111111-1111-1111-1111-111111111111"><Output><StdOut>TestCase_665 output: Test skipped due to configuration.</StdOut></Output></UnitTestResult>
    <UnitTestResult executionId="00000000-0000-0000-0000-000000000666" testId="00000000-0000-0000-0000-000000000666" testName="TestCase_666" computerName="localhost" duration="00:00:00.000" startTime="2025-03-12T00:00:00.000Z" endTime="2025-03-12T00:00:00.000Z" outcome="NotExecuted" testListId="11111111-1111-1111-1111-111111111111"><Output><StdOut>TestCase_666 output: Test skipped due to configuration.</StdOut></Output></UnitTestResult>
    <UnitTestResult executionId="00000000-0000-0000-0000-000000000667" testId="00000000-0000-0000-0000-000000000667" testName="TestCase_667" computerName="localhost" duration="00:00:00.000" startTime="2025-03-12T00:00:00.000Z" endTime="2025-03-12T00:00:00.000Z" outcome="NotExecuted" testListId="11111111-1111-1111-1111-111111111111"><Output><StdOut>TestCase_667 output: Test skipped due to configuration.</StdOut></Output></UnitTestResult>
    <UnitTestResult executionId="00000000-0000-0000-0000-000000000668" testId="00000000-0000-0000-0000-000000000668" testName="TestCase_668" computerName="localhost" duration="00:00:00.000" startTime="2025-03-12T00:00:00.000Z" endTime="2025-03-12T00:00:00.000Z" outcome="NotExecuted" testListId="11111111-1111-1111-1111-111111111111"><Output><StdOut>TestCase_668 output: Test skipped due to configuration.</StdOut></Output></UnitTestResult>
    <UnitTestResult executionId="00000000-0000-0000-0000-000000000669" testId="00000000-0000-0000-0000-000000000669" testName="TestCase_669" computerName="localhost" duration="00:00:00.000" startTime="2025-03-12T00:00:00.000Z" endTime="2025-03-12T00:00:00.000Z" outcome="NotExecuted" testListId="11111111-1111-1111-1111-111111111111"><Output><StdOut>TestCase_669 output: Test skipped due to configuration.</StdOut></Output></UnitTestResult>
    <UnitTestResult executionId="00000000-0000-0000-0000-000000000670" testId="00000000-0000-0000-0000-000000000670" testName="TestCase_670" computerName="localhost" duration="00:00:00.000" startTime="2025-03-12T00:00:00.000Z" endTime="2025-03-12T00:00:00.000Z" outcome="NotExecuted" testListId="11111111-1111-1111-1111-111111111111"><Output><StdOut>TestCase_670 output: Test skipped due to configuration.</StdOut></Output></UnitTestResult>
    <UnitTestResult executionId="00000000-0000-0000-0000-000000000671" testId="00000000-0000-0000-0000-000000000671" testName="TestCase_671" computerName="localhost" duration="00:00:00.000" startTime="2025-03-12T00:00:00.000Z" endTime="2025-03-12T00:00:00.000Z" outcome="NotExecuted" testListId="11111111-1111-1111-1111-111111111111"><Output><StdOut>TestCase_671 output: Test skipped due to configuration.</StdOut></Output></UnitTestResult>
    <UnitTestResult executionId="00000000-0000-0000-0000-000000000672" testId="00000000-0000-0000-0000-000000000672" testName="TestCase_672" computerName="localhost" duration="00:00:00.000" startTime="2025-03-12T00:00:00.000Z" endTime="2025-03-12T00:00:00.000Z" outcome="NotExecuted" testListId="11111111-1111-1111-1111-111111111111"><Output><StdOut>TestCase_672 output: Test skipped due to configuration.</StdOut></Output></UnitTestResult>
    <UnitTestResult executionId="00000000-0000-0000-0000-000000000673" testId="00000000-0000-0000-0000-000000000673" testName="TestCase_673" computerName="localhost" duration="00:00:00.000" startTime="2025-03-12T00:00:00.000Z" endTime="2025-03-12T00:00:00.000Z" outcome="NotExecuted" testListId="11111111-1111-1111-1111-111111111111"><Output><StdOut>TestCase_673 output: Test skipped due to configuration.</StdOut></Output></UnitTestResult>
  </Results>
  <TestDefinitions>
    <UnitTest name="TestCase_1" id="00000000-0000-0000-0000-000000000001"><Execution id="00000000-0000-0000-0000-000000000001" /><TestMethod codeBase="Dummy.dll" adapterTypeName="MSTestAdapter" className="DummyTests" name="TestCase_1" /></UnitTest>
    <UnitTest name="TestCase_2" id="00000000-0000-0000-0000-000000000002"><Execution id="00000000-0000-0000-0000-000000000002" /><TestMethod codeBase="Dummy.dll" adapterTypeName="MSTestAdapter" className="DummyTests" name="TestCase_2" /></UnitTest>
    <UnitTest name="TestCase_3" id="00000000-0000-0000-0000-000000000003"><Execution id="00000000-0000-0000-0000-000000000003" /><TestMethod codeBase="Dummy.dll" adapterTypeName="MSTestAdapter" className="DummyTests" name="TestCase_3" /></UnitTest>
    <UnitTest name="TestCase_4" id="00000000-0000-0000-0000-000000000004"><Execution id="00000000-0000-0000-0000-000000000004" /><TestMethod codeBase="Dummy.dll" adapterTypeName="MSTestAdapter" className="DummyTests" name="TestCase_4" /></UnitTest>
    <UnitTest name="TestCase_5" id="00000000-0000-0000-0000-000000000005"><Execution id="00000000-0000-0000-0000-000000000005" /><TestMethod codeBase="Dummy.dll" adapterTypeName="MSTestAdapter" className="DummyTests" name="TestCase_5" /></UnitTest>
    <UnitTest name="TestCase_6" id="00000000-0000-0000-0000-000000000006"><Execution id="00000000-0000-0000-0000-000000000006" /><TestMethod codeBase="Dummy.dll" adapterTypeName="MSTestAdapter" className="DummyTests" name="TestCase_6" /></UnitTest>
    <UnitTest name="TestCase_7" id="00000000-0000-0000-0000-000000000007"><Execution id="00000000-0000-0000-0000-000000000007" /><TestMethod codeBase="Dummy.dll" adapterTypeName="MSTestAdapter" className="DummyTests" name="TestCase_7" /></UnitTest>
    <UnitTest name="TestCase_8" id="00000000-0000-0000-0000-000000000008"><Execution id="00000000-0000-0000-0000-000000000008" /><TestMethod codeBase="Dummy.dll" adapterTypeName="MSTestAdapter" className="DummyTests" name="TestCase_8" /></UnitTest>
    <UnitTest name="TestCase_9" id="00000000-0000-0000-0000-000000000009"><Execution id="00000000-0000-0000-0000-000000000009" /><TestMethod codeBase="Dummy.dll" adapterTypeName="MSTestAdapter" className="DummyTests" name="TestCase_9" /></UnitTest>
    <UnitTest name="TestCase_10" id="00000000-0000-0000-0000-000000000010"><Execution id="00000000-0000-0000-0000-000000000010" /><TestMethod codeBase="Dummy.dll" adapterTypeName="MSTestAdapter" className="DummyTests" name="TestCase_10" /></UnitTest>
    <UnitTest name="TestCase_11" id="00000000-0000-0000-0000-000000000011"><Execution id="00000000-0000-0000-0000-000000000011" /><TestMethod codeBase="Dummy.dll" adapterTypeName="MSTestAdapter" className="DummyTests" name="TestCase_11" /></UnitTest>
    <UnitTest name="TestCase_12" id="00000000-0000-0000-0000-000000000012"><Execution id="00000000-0000-0000-0000-000000000012" /><TestMethod codeBase="Dummy.dll" adapterTypeName="MSTestAdapter" className="DummyTests" name="TestCase_12" /></UnitTest>
    <UnitTest name="TestCase_13" id="00000000-0000-0000-0000-000000000013"><Execution id="00000000-0000-0000-0000-000000000013" /><TestMethod codeBase="Dummy.dll" adapterTypeName="MSTestAdapter" className="DummyTests" name="TestCase_13" /></UnitTest>
    <UnitTest name="TestCase_14" id="00000000-0000-0000-0000-000000000014"><Execution id="00000000-0000-0000-0000-000000000014" /><TestMethod codeBase="Dummy.dll" adapterTypeName="MSTestAdapter" className="DummyTests" name="TestCase_14" /></UnitTest>
    <UnitTest name="TestCase_15" id="00000000-0000-0000-0000-000000000015"><Execution id="00000000-0000-0000-0000-000000000015" /><TestMethod codeBase="Dummy.dll" adapterTypeName="MSTestAdapter" className="DummyTests" name="TestCase_15" /></UnitTest>
    <UnitTest name="TestCase_16" id="00000000-0000-0000-0000-000000000016"><Execution id="00000000-0000-0000-0000-000000000016" /><TestMethod codeBase="Dummy.dll" adapterTypeName="MSTestAdapter" className="DummyTests" name="TestCase_16" /></UnitTest>
    <UnitTest name="TestCase_17" id="00000000-0000-0000-0000-000000000017"><Execution id="00000000-0000-0000-0000-000000000017" /><TestMethod codeBase="Dummy.dll" adapterTypeName="MSTestAdapter" className="DummyTests" name="TestCase_17" /></UnitTest>
    <UnitTest name="TestCase_18" id="00000000-0000-0000-0000-000000000018"><Execution id="00000000-0000-0000-0000-000000000018" /><TestMethod codeBase="Dummy.dll" adapterTypeName="MSTestAdapter" className="DummyTests" name="TestCase_18" /></UnitTest>
    <UnitTest name="TestCase_19" id="00000000-0000-0000-0000-000000000019"><Execution id="00000000-0000-0000-0000-000000000019" /><TestMethod codeBase="Dummy.dll" adapterTypeName="MSTestAdapter" className="DummyTests" name="TestCase_19" /></UnitTest>
    <UnitTest name="TestCase_20" id="00000000-0000-0000-0000-000000000020"><Execution id="00000000-0000-0000-0000-000000000020" /><TestMethod codeBase="Dummy.dll" adapterTypeName="MSTestAdapter" className="DummyTests" name="TestCase_20" /></UnitTest>
    <UnitTest name="TestCase_21" id="00000000-0000-0000-0000-000000000021"><Execution id="00000000-0000-0000-0000-000000000021" /><TestMethod codeBase="Dummy.dll" adapterTypeName="MSTestAdapter" className="DummyTests" name="TestCase_21" /></UnitTest>
    <UnitTest name="TestCase_22" id="00000000-0000-0000-0000-000000000022"><Execution id="00000000-0000-0000-0000-000000000022" /><TestMethod codeBase="Dummy.dll" adapterTypeName="MSTestAdapter" className="DummyTests" name="TestCase_22" /></UnitTest>
    <UnitTest name="TestCase_23" id="00000000-0000-0000-0000-000000000023"><Execution id="00000000-0000-0000-0000-000000000023" /><TestMethod codeBase="Dummy.dll" adapterTypeName="MSTestAdapter" className="DummyTests" name="TestCase_23" /></UnitTest>
    <UnitTest name="TestCase_24" id="00000000-0000-0000-0000-000000000024"><Execution id="00000000-0000-0000-0000-000000000024" /><TestMethod codeBase="Dummy.dll" adapterTypeName="MSTestAdapter" className="DummyTests" name="TestCase_24" /></UnitTest>
    <UnitTest name="TestCase_25" id="00000000-0000-0000-0000-000000000025"><Execution id="00000000-0000-0000-0000-000000000025" /><TestMethod codeBase="Dummy.dll" adapterTypeName="MSTestAdapter" className="DummyTests" name="TestCase_25" /></UnitTest>
    <UnitTest name="TestCase_26" id="00000000-0000-0000-0000-000000000026"><Execution id="00000000-0000-0000-0000-000000000026" /><TestMethod codeBase="Dummy.dll" adapterTypeName="MSTestAdapter" className="DummyTests" name="TestCase_26" /></UnitTest>
    <UnitTest name="TestCase_27" id="00000000-0000-0000-0000-000000000027"><Execution id="00000000-0000-0000-0000-000000000027" /><TestMethod codeBase="Dummy.dll" adapterTypeName="MSTestAdapter" className="DummyTests" name="TestCase_27" /></UnitTest>
    <UnitTest name="TestCase_28" id="00000000-0000-0000-0000-000000000028"><Execution id="00000000-0000-0000-0000-000000000028" /><TestMethod codeBase="Dummy.dll" adapterTypeName="MSTestAdapter" className="DummyTests" name="TestCase_28" /></UnitTest>
    <UnitTest name="TestCase_29" id="00000000-0000-0000-0000-000000000029"><Execution id="00000000-0000-0000-0000-000000000029" /><TestMethod codeBase="Dummy.dll" adapterTypeName="MSTestAdapter" className="DummyTests" name="TestCase_29" /></UnitTest>
    <UnitTest name="TestCase_30" id="00000000-0000-0000-0000-000000000030"><Execution id="00000000-0000-0000-0000-000000000030" /><TestMethod codeBase="Dummy.dll" adapterTypeName="MSTestAdapter" className="DummyTests" name="TestCase_30" /></UnitTest>
    <UnitTest name="TestCase_31" id="00000000-0000-0000-0000-000000000031"><Execution id="00000000-0000-0000-0000-000000000031" /><TestMethod codeBase="Dummy.dll" adapterTypeName="MSTestAdapter" className="DummyTests" name="TestCase_31" /></UnitTest>
    <UnitTest name="TestCase_32" id="00000000-0000-0000-0000-000000000032"><Execution id="00000000-0000-0000-0000-000000000032" /><TestMethod codeBase="Dummy.dll" adapterTypeName="MSTestAdapter" className="DummyTests" name="TestCase_32" /></UnitTest>
    <UnitTest name="TestCase_33" id="00000000-0000-0000-0000-000000000033"><Execution id="00000000-0000-0000-0000-000000000033" /><TestMethod codeBase="Dummy.dll" adapterTypeName="MSTestAdapter" className="DummyTests" name="TestCase_33" /></UnitTest>
    <UnitTest name="TestCase_34" id="00000000-0000-0000-0000-000000000034"><Execution id="00000000-0000-0000-0000-000000000034" /><TestMethod codeBase="Dummy.dll" adapterTypeName="MSTestAdapter" className="DummyTests" name="TestCase_34" /></UnitTest>
    <UnitTest name="TestCase_35" id="00000000-0000-0000-0000-000000000035"><Execution id="00000000-0000-0000-0000-000000000035" /><TestMethod codeBase="Dummy.dll" adapterTypeName="MSTestAdapter" className="DummyTests" name="TestCase_35" /></UnitTest>
    <UnitTest name="TestCase_36" id="00000000-0000-0000-0000-000000000036"><Execution id="00000000-0000-0000-0000-000000000036" /><TestMethod codeBase="Dummy.dll" adapterTypeName="MSTestAdapter" className="DummyTests" name="TestCase_36" /></UnitTest>
    <UnitTest name="TestCase_37" id="00000000-0000-0000-0000-000000000037"><Execution id="00000000-0000-0000-0000-000000000037" /><TestMethod codeBase="Dummy.dll" adapterTypeName="MSTestAdapter" className="DummyTests" name="TestCase_37" /></UnitTest>
    <UnitTest name="TestCase_38" id="00000000-0000-0000-0000-000000000038"><Execution id="00000000-0000-0000-0000-000000000038" /><TestMethod codeBase="Dummy.dll" adapterTypeName="MSTestAdapter" className="DummyTests" name="TestCase_38" /></UnitTest>
    <UnitTest name="TestCase_39" id="00000000-0000-0000-0000-000000000039"><Execution id="00000000-0000-0000-0000-000000000039" /><TestMethod codeBase="Dummy.dll" adapterTypeName="MSTestAdapter" className="DummyTests" name="TestCase_39" /></UnitTest>
    <UnitTest name="TestCase_40" id="00000000-0000-0000-0000-000000000040"><Execution id="00000000-0000-0000-0000-000000000040" /><TestMethod codeBase="Dummy.dll" adapterTypeName="MSTestAdapter" className="DummyTests" name="TestCase_40" /></UnitTest>
    <UnitTest name="TestCase_41" id="00000000-0000-0000-0000-000000000041"><Execution id="00000000-0000-0000-0000-000000000041" /><TestMethod codeBase="Dummy.dll" adapterTypeName="MSTestAdapter" className="DummyTests" name="TestCase_41" /></UnitTest>
    <UnitTest name="TestCase_42" id="00000000-0000-0000-0000-000000000042"><Execution id="00000000-0000-0000-0000-000000000042" /><TestMethod codeBase="Dummy.dll" adapterTypeName="MSTestAdapter" className="DummyTests" name="TestCase_42" /></UnitTest>
    <UnitTest name="TestCase_43" id="00000000-0000-0000-0000-000000000043"><Execution id="00000000-0000-0000-0000-000000000043" /><TestMethod codeBase="Dummy.dll" adapterTypeName="MSTestAdapter" className="DummyTests" name="TestCase_43" /></UnitTest>
    <UnitTest name="TestCase_44" id="00000000-0000-0000-0000-000000000044"><Execution id="00000000-0000-0000-0000-000000000044" /><TestMethod codeBase="Dummy.dll" adapterTypeName="MSTestAdapter" className="DummyTests" name="TestCase_44" /></UnitTest>
    <UnitTest name="TestCase_45" id="00000000-0000-0000-0000-000000000045"><Execution id="00000000-0000-0000-0000-000000000045" /><TestMethod codeBase="Dummy.dll" adapterTypeName="MSTestAdapter" className="DummyTests" name="TestCase_45" /></UnitTest>
    <UnitTest name="TestCase_46" id="00000000-0000-0000-0000-000000000046"><Execution id="00000000-0000-0000-0000-000000000046" /><TestMethod codeBase="Dummy.dll" adapterTypeName="MSTestAdapter" className="DummyTests" name="TestCase_46" /></UnitTest>
    <UnitTest name="TestCase_47" id="00000000-0000-0000-0000-000000000047"><Execution id="00000000-0000-0000-0000-000000000047" /><TestMethod codeBase="Dummy.dll" adapterTypeName="MSTestAdapter" className="DummyTests" name="TestCase_47" /></UnitTest>
    <UnitTest name="TestCase_48" id="00000000-0000-0000-0000-000000000048"><Execution id="00000000-0000-0000-0000-000000000048" /><TestMethod codeBase="Dummy.dll" adapterTypeName="MSTestAdapter" className="DummyTests" name="TestCase_48" /></UnitTest>
    <UnitTest name="TestCase_49" id="00000000-0000-0000-0000-000000000049"><Execution id="00000000-0000-0000-0000-000000000049" /><TestMethod codeBase="Dummy.dll" adapterTypeName="MSTestAdapter" className="DummyTests" name="TestCase_49" /></UnitTest>
    <UnitTest name="TestCase_50" id="00000000-0000-0000-0000-000000000050"><Execution id="00000000-0000-0000-0000-000000000050" /><TestMethod codeBase="Dummy.dll" adapterTypeName="MSTestAdapter" className="DummyTests" name="TestCase_50" /></UnitTest>
    <UnitTest name="TestCase_51" id="00000000-0000-0000-0000-000000000051"><Execution id="00000000-0000-0000-0000-000000000051" /><TestMethod codeBase="Dummy.dll" adapterTypeName="MSTestAdapter" className="DummyTests" name="TestCase_51" /></UnitTest>
    <UnitTest name="TestCase_52" id="00000000-0000-0000-0000-000000000052"><Execution id="00000000-0000-0000-0000-000000000052" /><TestMethod codeBase="Dummy.dll" adapterTypeName="MSTestAdapter" className="DummyTests" name="TestCase_52" /></UnitTest>
    <UnitTest name="TestCase_53" id="00000000-0000-0000-0000-000000000053"><Execution id="00000000-0000-0000-0000-000000000053" /><TestMethod codeBase="Dummy.dll" adapterTypeName="MSTestAdapter" className="DummyTests" name="TestCase_53" /></UnitTest>
    <UnitTest name="TestCase_54" id="00000000-0000-0000-0000-000000000054"><Execution id="00000000-0000-0000-0000-000000000054" /><TestMethod codeBase="Dummy.dll" adapterTypeName="MSTestAdapter" className="DummyTests" name="TestCase_54" /></UnitTest>
    <UnitTest name="TestCase_55" id="00000000-0000-0000-0000-000000000055"><Execution id="00000000-0000-0000-0000-000000000055" /><TestMethod codeBase="Dummy.dll" adapterTypeName="MSTestAdapter" className="DummyTests" name="TestCase_55" /></UnitTest>
    <UnitTest name="TestCase_56" id="00000000-0000-0000-0000-000000000056"><Execution id="00000000-0000-0000-0000-000000000056" /><TestMethod codeBase="Dummy.dll" adapterTypeName="MSTestAdapter" className="DummyTests" name="TestCase_56" /></UnitTest>
    <UnitTest name="TestCase_57" id="00000000-0000-0000-0000-000000000057"><Execution id="00000000-0000-0000-0000-000000000057" /><TestMethod codeBase="Dummy.dll" adapterTypeName="MSTestAdapter" className="DummyTests" name="TestCase_57" /></UnitTest>
    <UnitTest name="TestCase_58" id="00000000-0000-0000-0000-000000000058"><Execution id="00000000-0000-0000-0000-000000000058" /><TestMethod codeBase="Dummy.dll" adapterTypeName="MSTestAdapter" className="DummyTests" name="TestCase_58" /></UnitTest>
    <UnitTest name="TestCase_59" id="00000000-0000-0000-0000-000000000059"><Execution id="00000000-0000-0000-0000-000000000059" /><TestMethod codeBase="Dummy.dll" adapterTypeName="MSTestAdapter" className="DummyTests" name="TestCase_59" /></UnitTest>
    <UnitTest name="TestCase_60" id="00000000-0000-0000-0000-000000000060"><Execution id="00000000-0000-0000-0000-000000000060" /><TestMethod codeBase="Dummy.dll" adapterTypeName="MSTestAdapter" className="DummyTests" name="TestCase_60" /></UnitTest>
    <UnitTest name="TestCase_61" id="00000000-0000-0000-0000-000000000061"><Execution id="00000000-0000-0000-0000-000000000061" /><TestMethod codeBase="Dummy.dll" adapterTypeName="MSTestAdapter" className="DummyTests" name="TestCase_61" /></UnitTest>
    <UnitTest name="TestCase_62" id="00000000-0000-0000-0000-000000000062"><Execution id="00000000-0000-0000-0000-000000000062" /><TestMethod codeBase="Dummy.dll" adapterTypeName="MSTestAdapter" className="DummyTests" name="TestCase_62" /></UnitTest>
    <UnitTest name="TestCase_63" id="00000000-0000-0000-0000-000000000063"><Execution id="00000000-0000-0000-0000-000000000063" /><TestMethod codeBase="Dummy.dll" adapterTypeName="MSTestAdapter" className="DummyTests" name="TestCase_63" /></UnitTest>
    <UnitTest name="TestCase_64" id="00000000-0000-0000-0000-000000000064"><Execution id="00000000-0000-0000-0000-000000000064" /><TestMethod codeBase="Dummy.dll" adapterTypeName="MSTestAdapter" className="DummyTests" name="TestCase_64" /></UnitTest>
    <UnitTest name="TestCase_65" id="00000000-0000-0000-0000-000000000065"><Execution id="00000000-0000-0000-0000-000000000065" /><TestMethod codeBase="Dummy.dll" adapterTypeName="MSTestAdapter" className="DummyTests" name="TestCase_65" /></UnitTest>
    <UnitTest name="TestCase_66" id="00000000-0000-0000-0000-000000000066"><Execution id="00000000-0000-0000-0000-000000000066" /><TestMethod codeBase="Dummy.dll" adapterTypeName="MSTestAdapter" className="DummyTests" name="TestCase_66" /></UnitTest>
    <UnitTest name="TestCase_67" id="00000000-0000-0000-0000-000000000067"><Execution id="00000000-0000-0000-0000-000000000067" /><TestMethod codeBase="Dummy.dll" adapterTypeName="MSTestAdapter" className="DummyTests" name="TestCase_67" /></UnitTest>
    <UnitTest name="TestCase_68" id="00000000-0000-0000-0000-000000000068"><Execution id="00000000-0000-0000-0000-000000000068" /><TestMethod codeBase="Dummy.dll" adapterTypeName="MSTestAdapter" className="DummyTests" name="TestCase_68" /></UnitTest>
    <UnitTest name="TestCase_69" id="00000000-0000-0000-0000-000000000069"><Execution id="00000000-0000-0000-0000-000000000069" /><TestMethod codeBase="Dummy.dll" adapterTypeName="MSTestAdapter" className="DummyTests" name="TestCase_69" /></UnitTest>
    <UnitTest name="TestCase_70" id="00000000-0000-0000-0000-000000000070"><Execution id="00000000-0000-0000-0000-000000000070" /><TestMethod codeBase="Dummy.dll" adapterTypeName="MSTestAdapter" className="DummyTests" name="TestCase_70" /></UnitTest>
    <UnitTest name="TestCase_71" id="00000000-0000-0000-0000-000000000071"><Execution id="00000000-0000-0000-0000-000000000071" /><TestMethod codeBase="Dummy.dll" adapterTypeName="MSTestAdapter" className="DummyTests" name="TestCase_71" /></UnitTest>
    <UnitTest name="TestCase_72" id="00000000-0000-0000-0000-000000000072"><Execution id="00000000-0000-0000-0000-000000000072" /><TestMethod codeBase="Dummy.dll" adapterTypeName="MSTestAdapter" className="DummyTests" name="TestCase_72" /></UnitTest>
    <UnitTest name="TestCase_73" id="00000000-0000-0000-0000-000000000073"><Execution id="00000000-0000-0000-0000-000000000073" /><TestMethod codeBase="Dummy.dll" adapterTypeName="MSTestAdapter" className="DummyTests" name="TestCase_73" /></UnitTest>
    <UnitTest name="TestCase_74" id="00000000-0000-0000-0000-000000000074"><Execution id="00000000-0000-0000-0000-000000000074" /><TestMethod codeBase="Dummy.dll" adapterTypeName="MSTestAdapter" className="DummyTests" name="TestCase_74" /></UnitTest>
    <UnitTest name="TestCase_75" id="00000000-0000-0000-0000-000000000075"><Execution id="00000000-0000-0000-0000-000000000075" /><TestMethod codeBase="Dummy.dll" adapterTypeName="MSTestAdapter" className="DummyTests" name="TestCase_75" /></UnitTest>
    <UnitTest name="TestCase_76" id="00000000-0000-0000-0000-000000000076"><Execution id="00000000-0000-0000-0000-000000000076" /><TestMethod codeBase="Dummy.dll" adapterTypeName="MSTestAdapter" className="DummyTests" name="TestCase_76" /></UnitTest>
    <UnitTest name="TestCase_77" id="00000000-0000-0000-0000-000000000077"><Execution id="00000000-0000-0000-0000-000000000077" /><TestMethod codeBase="Dummy.dll" adapterTypeName="MSTestAdapter" className="DummyTests" name="TestCase_77" /></UnitTest>
    <UnitTest name="TestCase_78" id="00000000-0000-0000-0000-000000000078"><Execution id="00000000-0000-0000-0000-000000000078" /><TestMethod codeBase="Dummy.dll" adapterTypeName="MSTestAdapter" className="DummyTests" name="TestCase_78" /></UnitTest>
    <UnitTest name="TestCase_79" id="00000000-0000-0000-0000-000000000079"><Execution id="00000000-0000-0000-0000-000000000079" /><TestMethod codeBase="Dummy.dll" adapterTypeName="MSTestAdapter" className="DummyTests" name="TestCase_79" /></UnitTest>
    <UnitTest name="TestCase_80" id="00000000-0000-0000-0000-000000000080"><Execution id="00000000-0000-0000-0000-000000000080" /><TestMethod codeBase="Dummy.dll" adapterTypeName="MSTestAdapter" className="DummyTests" name="TestCase_80" /></UnitTest>
    <UnitTest name="TestCase_81" id="00000000-0000-0000-0000-000000000081"><Execution id="00000000-0000-0000-0000-000000000081" /><TestMethod codeBase="Dummy.dll" adapterTypeName="MSTestAdapter" className="DummyTests" name="TestCase_81" /></UnitTest>
    <UnitTest name="TestCase_82" id="00000000-0000-0000-0000-000000000082"><Execution id="00000000-0000-0000-0000-000000000082" /><TestMethod codeBase="Dummy.dll" adapterTypeName="MSTestAdapter" className="DummyTests" name="TestCase_82" /></UnitTest>
    <UnitTest name="TestCase_83" id="00000000-0000-0000-0000-000000000083"><Execution id="00000000-0000-0000-0000-000000000083" /><TestMethod codeBase="Dummy.dll" adapterTypeName="MSTestAdapter" className="DummyTests" name="TestCase_83" /></UnitTest>
    <UnitTest name="TestCase_84" id="00000000-0000-0000-0000-000000000084"><Execution id="00000000-0000-0000-0000-000000000084" /><TestMethod codeBase="Dummy.dll" adapterTypeName="MSTestAdapter" className="DummyTests" name="TestCase_84" /></UnitTest>
    <UnitTest name="TestCase_85" id="00000000-0000-0000-0000-000000000085"><Execution id="00000000-0000-0000-0000-000000000085" /><TestMethod codeBase="Dummy.dll" adapterTypeName="MSTestAdapter" className="DummyTests" name="TestCase_85" /></UnitTest>
    <UnitTest name="TestCase_86" id="00000000-0000-0000-0000-000000000086"><Execution id="00000000-0000-0000-0000-000000000086" /><TestMethod codeBase="Dummy.dll" adapterTypeName="MSTestAdapter" className="DummyTests" name="TestCase_86" /></UnitTest>
    <UnitTest name="TestCase_87" id="00000000-0000-0000-0000-000000000087"><Execution id="00000000-0000-0000-0000-000000000087" /><TestMethod codeBase="Dummy.dll" adapterTypeName="MSTestAdapter" className="DummyTests" name="TestCase_87" /></UnitTest>
    <UnitTest name="TestCase_88" id="00000000-0000-0000-0000-000000000088"><Execution id="00000000-0000-0000-0000-000000000088" /><TestMethod codeBase="Dummy.dll" adapterTypeName="MSTestAdapter" className="DummyTests" name="TestCase_88" /></UnitTest>
    <UnitTest name="TestCase_89" id="00000000-0000-0000-0000-000000000089"><Execution id="00000000-0000-0000-0000-000000000089" /><TestMethod codeBase="Dummy.dll" adapterTypeName="MSTestAdapter" className="DummyTests" name="TestCase_89" /></UnitTest>
    <UnitTest name="TestCase_90" id="00000000-0000-0000-0000-000000000090"><Execution id="00000000-0000-0000-0000-000000000090" /><TestMethod codeBase="Dummy.dll" adapterTypeName="MSTestAdapter" className="DummyTests" name="TestCase_90" /></UnitTest>
    <UnitTest name="TestCase_91" id="00000000-0000-0000-0000-000000000091"><Execution id="00000000-0000-0000-0000-000000000091" /><TestMethod codeBase="Dummy.dll" adapterTypeName="MSTestAdapter" className="DummyTests" name="TestCase_91" /></UnitTest>
    <UnitTest name="TestCase_92" id="00000000-0000-0000-0000-000000000092"><Execution id="00000000-0000-0000-0000-000000000092" /><TestMethod codeBase="Dummy.dll" adapterTypeName="MSTestAdapter" className="DummyTests" name="TestCase_92" /></UnitTest>
    <UnitTest name="TestCase_93" id="00000000-0000-0000-0000-000000000093"><Execution id="00000000-0000-0000-0000-000000000093" /><TestMethod codeBase="Dummy.dll" adapterTypeName="MSTestAdapter" className="DummyTests" name="TestCase_93" /></UnitTest>
    <UnitTest name="TestCase_94" id="00000000-0000-0000-0000-000000000094"><Execution id="00000000-0000-0000-0000-000000000094" /><TestMethod codeBase="Dummy.dll" adapterTypeName="MSTestAdapter" className="DummyTests" name="TestCase_94" /></UnitTest>
    <UnitTest name="TestCase_95" id="00000000-0000-0000-0000-000000000095"><Execution id="00000000-0000-0000-0000-000000000095" /><TestMethod codeBase="Dummy.dll" adapterTypeName="MSTestAdapter" className="DummyTests" name="TestCase_95" /></UnitTest>
    <UnitTest name="TestCase_96" id="00000000-0000-0000-0000-000000000096"><Execution id="00000000-0000-0000-0000-000000000096" /><TestMethod codeBase="Dummy.dll" adapterTypeName="MSTestAdapter" className="DummyTests" name="TestCase_96" /></UnitTest>
    <UnitTest name="TestCase_97" id="00000000-0000-0000-0000-000000000097"><Execution id="00000000-0000-0000-0000-000000000097" /><TestMethod codeBase="Dummy.dll" adapterTypeName="MSTestAdapter" className="DummyTests" name="TestCase_97" /></UnitTest>
    <UnitTest name="TestCase_98" id="00000000-0000-0000-0000-000000000098"><Execution id="00000000-0000-0000-0000-000000000098" /><TestMethod codeBase="Dummy.dll" adapterTypeName="MSTestAdapter" className="DummyTests" name="TestCase_98" /></UnitTest>
    <UnitTest name="TestCase_99" id="00000000-0000-0000-0000-000000000099"><Execution id="00000000-0000-0000-0000-000000000099" /><TestMethod codeBase="Dummy.dll" adapterTypeName="MSTestAdapter" className="DummyTests" name="TestCase_99" /></UnitTest>
    <UnitTest name="TestCase_100" id="00000000-0000-0000-0000-000000000100"><Execution id="00000000-0000-0000-0000-000000000100" /><TestMethod codeBase="Dummy.dll" adapterTypeName="MSTestAdapter" className="DummyTests" name="TestCase_100" /></UnitTest>
    <UnitTest name="TestCase_101" id="00000000-0000-0000-0000-000000000101"><Execution id="00000000-0000-0000-0000-000000000101" /><TestMethod codeBase="Dummy.dll" adapterTypeName="MSTestAdapter" className="DummyTests" name="TestCase_101" /></UnitTest>
    <UnitTest name="TestCase_102" id="00000000-0000-0000-0000-000000000102"><Execution id="00000000-0000-0000-0000-000000000102" /><TestMethod codeBase="Dummy.dll" adapterTypeName="MSTestAdapter" className="DummyTests" name="TestCase_102" /></UnitTest>
    <UnitTest name="TestCase_103" id="00000000-0000-0000-0000-000000000103"><Execution id="00000000-0000-0000-0000-000000000103" /><TestMethod codeBase="Dummy.dll" adapterTypeName="MSTestAdapter" className="DummyTests" name="TestCase_103" /></UnitTest>
    <UnitTest name="TestCase_104" id="00000000-0000-0000-0000-000000000104"><Execution id="00000000-0000-0000-0000-000000000104" /><TestMethod codeBase="Dummy.dll" adapterTypeName="MSTestAdapter" className="DummyTests" name="TestCase_104" /></UnitTest>
    <UnitTest name="TestCase_105" id="00000000-0000-0000-0000-000000000105"><Execution id="00000000-0000-0000-0000-000000000105" /><TestMethod codeBase="Dummy.dll" adapterTypeName="MSTestAdapter" className="DummyTests" name="TestCase_105" /></UnitTest>
    <UnitTest name="TestCase_106" id="00000000-0000-0000-0000-000000000106"><Execution id="00000000-0000-0000-0000-000000000106" /><TestMethod codeBase="Dummy.dll" adapterTypeName="MSTestAdapter" className="DummyTests" name="TestCase_106" /></UnitTest>
    <UnitTest name="TestCase_107" id="00000000-0000-0000-0000-000000000107"><Execution id="00000000-0000-0000-0000-000000000107" /><TestMethod codeBase="Dummy.dll" adapterTypeName="MSTestAdapter" className="DummyTests" name="TestCase_107" /></UnitTest>
    <UnitTest name="TestCase_108" id="00000000-0000-0000-0000-000000000108"><Execution id="00000000-0000-0000-0000-000000000108" /><TestMethod codeBase="Dummy.dll" adapterTypeName="MSTestAdapter" className="DummyTests" name="TestCase_108" /></UnitTest>
    <UnitTest name="TestCase_109" id="00000000-0000-0000-0000-000000000109"><Execution id="00000000-0000-0000-0000-000000000109" /><TestMethod codeBase="Dummy.dll" adapterTypeName="MSTestAdapter" className="DummyTests" name="TestCase_109" /></UnitTest>
    <UnitTest name="TestCase_110" id="00000000-0000-0000-0000-000000000110"><Execution id="00000000-0000-0000-0000-000000000110" /><TestMethod codeBase="Dummy.dll" adapterTypeName="MSTestAdapter" className="DummyTests" name="TestCase_110" /></UnitTest>
    <UnitTest name="TestCase_111" id="00000000-0000-0000-0000-000000000111"><Execution id="00000000-0000-0000-0000-000000000111" /><TestMethod codeBase="Dummy.dll" adapterTypeName="MSTestAdapter" className="DummyTests" name="TestCase_111" /></UnitTest>
    <UnitTest name="TestCase_112" id="00000000-0000-0000-0000-000000000112"><Execution id="00000000-0000-0000-0000-000000000112" /><TestMethod codeBase="Dummy.dll" adapterTypeName="MSTestAdapter" className="DummyTests" name="TestCase_112" /></UnitTest>
    <UnitTest name="TestCase_113" id="00000000-0000-0000-0000-000000000113"><Execution id="00000000-0000-0000-0000-000000000113" /><TestMethod codeBase="Dummy.dll" adapterTypeName="MSTestAdapter" className="DummyTests" name="TestCase_113" /></UnitTest>
    <UnitTest name="TestCase_114" id="00000000-0000-0000-0000-000000000114"><Execution id="00000000-0000-0000-0000-000000000114" /><TestMethod codeBase="Dummy.dll" adapterTypeName="MSTestAdapter" className="DummyTests" name="TestCase_114" /></UnitTest>
    <UnitTest name="TestCase_115" id="00000000-0000-0000-0000-000000000115"><Execution id="00000000-0000-0000-0000-000000000115" /><TestMethod codeBase="Dummy.dll" adapterTypeName="MSTestAdapter" className="DummyTests" name="TestCase_115" /></UnitTest>
    <UnitTest name="TestCase_116" id="00000000-0000-0000-0000-000000000116"><Execution id="00000000-0000-0000-0000-000000000116" /><TestMethod codeBase="Dummy.dll" adapterTypeName="MSTestAdapter" className="DummyTests" name="TestCase_116" /></UnitTest>
    <UnitTest name="TestCase_117" id="00000000-0000-0000-0000-000000000117"><Execution id="00000000-0000-0000-0000-000000000117" /><TestMethod codeBase="Dummy.dll" adapterTypeName="MSTestAdapter" className="DummyTests" name="TestCase_117" /></UnitTest>
    <UnitTest name="TestCase_118" id="00000000-0000-0000-0000-000000000118"><Execution id="00000000-0000-0000-0000-000000000118" /><TestMethod codeBase="Dummy.dll" adapterTypeName="MSTestAdapter" className="DummyTests" name="TestCase_118" /></UnitTest>
    <UnitTest name="TestCase_119" id="00000000-0000-0000-0000-000000000119"><Execution id="00000000-0000-0000-0000-000000000119" /><TestMethod codeBase="Dummy.dll" adapterTypeName="MSTestAdapter" className="DummyTests" name="TestCase_119" /></UnitTest>
    <UnitTest name="TestCase_120" id="00000000-0000-0000-0000-000000000120"><Execution id="00000000-0000-0000-0000-000000000120" /><TestMethod codeBase="Dummy.dll" adapterTypeName="MSTestAdapter" className="DummyTests" name="TestCase_120" /></UnitTest>
    <UnitTest name="TestCase_121" id="00000000-0000-0000-0000-000000000121"><Execution id="00000000-0000-0000-0000-000000000121" /><TestMethod codeBase="Dummy.dll" adapterTypeName="MSTestAdapter" className="DummyTests" name="TestCase_121" /></UnitTest>
    <UnitTest name="TestCase_122" id="00000000-0000-0000-0000-000000000122"><Execution id="00000000-0000-0000-0000-000000000122" /><TestMethod codeBase="Dummy.dll" adapterTypeName="MSTestAdapter" className="DummyTests" name="TestCase_122" /></UnitTest>
    <UnitTest name="TestCase_123" id="00000000-0000-0000-0000-000000000123"><Execution id="00000000-0000-0000-0000-000000000123" /><TestMethod codeBase="Dummy.dll" adapterTypeName="MSTestAdapter" className="DummyTests" name="TestCase_123" /></UnitTest>
    <UnitTest name="TestCase_124" id="00000000-0000-0000-0000-000000000124"><Execution id="00000000-0000-0000-0000-000000000124" /><TestMethod codeBase="Dummy.dll" adapterTypeName="MSTestAdapter" className="DummyTests" name="TestCase_124" /></UnitTest>
    <UnitTest name="TestCase_125" id="00000000-0000-0000-0000-000000000125"><Execution id="00000000-0000-0000-0000-000000000125" /><TestMethod codeBase="Dummy.dll" adapterTypeName="MSTestAdapter" className="DummyTests" name="TestCase_125" /></UnitTest>
    <UnitTest name="TestCase_126" id="00000000-0000-0000-0000-000000000126"><Execution id="00000000-0000-0000-0000-000000000126" /><TestMethod codeBase="Dummy.dll" adapterTypeName="MSTestAdapter" className="DummyTests" name="TestCase_126" /></UnitTest>
    <UnitTest name="TestCase_127" id="00000000-0000-0000-0000-000000000127"><Execution id="00000000-0000-0000-0000-000000000127" /><TestMethod codeBase="Dummy.dll" adapterTypeName="MSTestAdapter" className="DummyTests" name="TestCase_127" /></UnitTest>
    <UnitTest name="TestCase_128" id="00000000-0000-0000-0000-000000000128"><Execution id="00000000-0000-0000-0000-000000000128" /><TestMethod codeBase="Dummy.dll" adapterTypeName="MSTestAdapter" className="DummyTests" name="TestCase_128" /></UnitTest>
    <UnitTest name="TestCase_129" id="00000000-0000-0000-0000-000000000129"><Execution id="00000000-0000-0000-0000-000000000129" /><TestMethod codeBase="Dummy.dll" adapterTypeName="MSTestAdapter" className="DummyTests" name="TestCase_129" /></UnitTest>
    <UnitTest name="TestCase_130" id="00000000-0000-0000-0000-000000000130"><Execution id="00000000-0000-0000-0000-000000000130" /><TestMethod codeBase="Dummy.dll" adapterTypeName="MSTestAdapter" className="DummyTests" name="TestCase_130" /></UnitTest>
    <UnitTest name="TestCase_131" id="00000000-0000-0000-0000-000000000131"><Execution id="00000000-0000-0000-0000-000000000131" /><TestMethod codeBase="Dummy.dll" adapterTypeName="MSTestAdapter" className="DummyTests" name="TestCase_131" /></UnitTest>
    <UnitTest name="TestCase_132" id="00000000-0000-0000-0000-000000000132"><Execution id="00000000-0000-0000-0000-000000000132" /><TestMethod codeBase="Dummy.dll" adapterTypeName="MSTestAdapter" className="DummyTests" name="TestCase_132" /></UnitTest>
    <UnitTest name="TestCase_133" id="00000000-0000-0000-0000-000000000133"><Execution id="00000000-0000-0000-0000-000000000133" /><TestMethod codeBase="Dummy.dll" adapterTypeName="MSTestAdapter" className="DummyTests" name="TestCase_133" /></UnitTest>
    <UnitTest name="TestCase_134" id="00000000-0000-0000-0000-000000000134"><Execution id="00000000-0000-0000-0000-000000000134" /><TestMethod codeBase="Dummy.dll" adapterTypeName="MSTestAdapter" className="DummyTests" name="TestCase_134" /></UnitTest>
    <UnitTest name="TestCase_135" id="00000000-0000-0000-0000-000000000135"><Execution id="00000000-0000-0000-0000-000000000135" /><TestMethod codeBase="Dummy.dll" adapterTypeName="MSTestAdapter" className="DummyTests" name="TestCase_135" /></UnitTest>
    <UnitTest name="TestCase_136" id="00000000-0000-0000-0000-000000000136"><Execution id="00000000-0000-0000-0000-000000000136" /><TestMethod codeBase="Dummy.dll" adapterTypeName="MSTestAdapter" className="DummyTests" name="TestCase_136" /></UnitTest>
    <UnitTest name="TestCase_137" id="00000000-0000-0000-0000-000000000137"><Execution id="00000000-0000-0000-0000-000000000137" /><TestMethod codeBase="Dummy.dll" adapterTypeName="MSTestAdapter" className="DummyTests" name="TestCase_137" /></UnitTest>
    <UnitTest name="TestCase_138" id="00000000-0000-0000-0000-000000000138"><Execution id="00000000-0000-0000-0000-000000000138" /><TestMethod codeBase="Dummy.dll" adapterTypeName="MSTestAdapter" className="DummyTests" name="TestCase_138" /></UnitTest>
    <UnitTest name="TestCase_139" id="00000000-0000-0000-0000-000000000139"><Execution id="00000000-0000-0000-0000-000000000139" /><TestMethod codeBase="Dummy.dll" adapterTypeName="MSTestAdapter" className="DummyTests" name="TestCase_139" /></UnitTest>
    <UnitTest name="TestCase_140" id="00000000-0000-0000-0000-000000000140"><Execution id="00000000-0000-0000-0000-000000000140" /><TestMethod codeBase="Dummy.dll" adapterTypeName="MSTestAdapter" className="DummyTests" name="TestCase_140" /></UnitTest>
    <UnitTest name="TestCase_141" id="00000000-0000-0000-0000-000000000141"><Execution id="00000000-0000-0000-0000-000000000141" /><TestMethod codeBase="Dummy.dll" adapterTypeName="MSTestAdapter" className="DummyTests" name="TestCase_141" /></UnitTest>
    <UnitTest name="TestCase_142" id="00000000-0000-0000-0000-000000000142"><Execution id="00000000-0000-0000-0000-000000000142" /><TestMethod codeBase="Dummy.dll" adapterTypeName="MSTestAdapter" className="DummyTests" name="TestCase_142" /></UnitTest>
    <UnitTest name="TestCase_143" id="00000000-0000-0000-0000-000000000143"><Execution id="00000000-0000-0000-0000-000000000143" /><TestMethod codeBase="Dummy.dll" adapterTypeName="MSTestAdapter" className="DummyTests" name="TestCase_143" /></UnitTest>
    <UnitTest name="TestCase_144" id="00000000-0000-0000-0000-000000000144"><Execution id="00000000-0000-0000-0000-000000000144" /><TestMethod codeBase="Dummy.dll" adapterTypeName="MSTestAdapter" className="DummyTests" name="TestCase_144" /></UnitTest>
    <UnitTest name="TestCase_145" id="00000000-0000-0000-0000-000000000145"><Execution id="00000000-0000-0000-0000-000000000145" /><TestMethod codeBase="Dummy.dll" adapterTypeName="MSTestAdapter" className="DummyTests" name="TestCase_145" /></UnitTest>
    <UnitTest name="TestCase_146" id="00000000-0000-0000-0000-000000000146"><Execution id="00000000-0000-0000-0000-000000000146" /><TestMethod codeBase="Dummy.dll" adapterTypeName="MSTestAdapter" className="DummyTests" name="TestCase_146" /></UnitTest>
    <UnitTest name="TestCase_147" id="00000000-0000-0000-0000-000000000147"><Execution id="00000000-0000-0000-0000-000000000147" /><TestMethod codeBase="Dummy.dll" adapterTypeName="MSTestAdapter" className="DummyTests" name="TestCase_147" /></UnitTest>
    <UnitTest name="TestCase_148" id="00000000-0000-0000-0000-000000000148"><Execution id="00000000-0000-0000-0000-000000000148" /><TestMethod codeBase="Dummy.dll" adapterTypeName="MSTestAdapter" className="DummyTests" name="TestCase_148" /></UnitTest>
    <UnitTest name="TestCase_149" id="00000000-0000-0000-0000-000000000149"><Execution id="00000000-0000-0000-0000-000000000149" /><TestMethod codeBase="Dummy.dll" adapterTypeName="MSTestAdapter" className="DummyTests" name="TestCase_149" /></UnitTest>
    <UnitTest name="TestCase_150" id="00000000-0000-0000-0000-000000000150"><Execution id="00000000-0000-0000-0000-000000000150" /><TestMethod codeBase="Dummy.dll" adapterTypeName="MSTestAdapter" className="DummyTests" name="TestCase_150" /></UnitTest>
    <UnitTest name="TestCase_151" id="00000000-0000-0000-0000-000000000151"><Execution id="00000000-0000-0000-0000-000000000151" /><TestMethod codeBase="Dummy.dll" adapterTypeName="MSTestAdapter" className="DummyTests" name="TestCase_151" /></UnitTest>
    <UnitTest name="TestCase_152" id="00000000-0000-0000-0000-000000000152"><Execution id="00000000-0000-0000-0000-000000000152" /><TestMethod codeBase="Dummy.dll" adapterTypeName="MSTestAdapter" className="DummyTests" name="TestCase_152" /></UnitTest>
    <UnitTest name="TestCase_153" id="00000000-0000-0000-0000-000000000153"><Execution id="00000000-0000-0000-0000-000000000153" /><TestMethod codeBase="Dummy.dll" adapterTypeName="MSTestAdapter" className="DummyTests" name="TestCase_153" /></UnitTest>
    <UnitTest name="TestCase_154" id="00000000-0000-0000-0000-000000000154"><Execution id="00000000-0000-0000-0000-000000000154" /><TestMethod codeBase="Dummy.dll" adapterTypeName="MSTestAdapter" className="DummyTests" name="TestCase_154" /></UnitTest>
    <UnitTest name="TestCase_155" id="00000000-0000-0000-0000-000000000155"><Execution id="00000000-0000-0000-0000-000000000155" /><TestMethod codeBase="Dummy.dll" adapterTypeName="MSTestAdapter" className="DummyTests" name="TestCase_155" /></UnitTest>
    <UnitTest name="TestCase_156" id="00000000-0000-0000-0000-000000000156"><Execution id="00000000-0000-0000-0000-000000000156" /><TestMethod codeBase="Dummy.dll" adapterTypeName="MSTestAdapter" className="DummyTests" name="TestCase_156" /></UnitTest>
    <UnitTest name="TestCase_157" id="00000000-0000-0000-0000-000000000157"><Execution id="00000000-0000-0000-0000-000000000157" /><TestMethod codeBase="Dummy.dll" adapterTypeName="MSTestAdapter" className="DummyTests" name="TestCase_157" /></UnitTest>
    <UnitTest name="TestCase_158" id="00000000-0000-0000-0000-000000000158"><Execution id="00000000-0000-0000-0000-000000000158" /><TestMethod codeBase="Dummy.dll" adapterTypeName="MSTestAdapter" className="DummyTests" name="TestCase_158" /></UnitTest>
    <UnitTest name="TestCase_159" id="00000000-0000-0000-0000-000000000159"><Execution id="00000000-0000-0000-0000-000000000159" /><TestMethod codeBase="Dummy.dll" adapterTypeName="MSTestAdapter" className="DummyTests" name="TestCase_159" /></UnitTest>
    <UnitTest name="TestCase_160" id="00000000-0000-0000-0000-000000000160"><Execution id="00000000-0000-0000-0000-000000000160" /><TestMethod codeBase="Dummy.dll" adapterTypeName="MSTestAdapter" className="DummyTests" name="TestCase_160" /></UnitTest>
    <UnitTest name="TestCase_161" id="00000000-0000-0000-0000-000000000161"><Execution id="00000000-0000-0000-0000-000000000161" /><TestMethod codeBase="Dummy.dll" adapterTypeName="MSTestAdapter" className="DummyTests" name="TestCase_161" /></UnitTest>
    <UnitTest name="TestCase_162" id="00000000-0000-0000-0000-000000000162"><Execution id="00000000-0000-0000-0000-000000000162" /><TestMethod codeBase="Dummy.dll" adapterTypeName="MSTestAdapter" className="DummyTests" name="TestCase_162" /></UnitTest>
    <UnitTest name="TestCase_163" id="00000000-0000-0000-0000-000000000163"><Execution id="00000000-0000-0000-0000-000000000163" /><TestMethod codeBase="Dummy.dll" adapterTypeName="MSTestAdapter" className="DummyTests" name="TestCase_163" /></UnitTest>
    <UnitTest name="TestCase_164" id="00000000-0000-0000-0000-000000000164"><Execution id="00000000-0000-0000-0000-000000000164" /><TestMethod codeBase="Dummy.dll" adapterTypeName="MSTestAdapter" className="DummyTests" name="TestCase_164" /></UnitTest>
    <UnitTest name="TestCase_165" id="00000000-0000-0000-0000-000000000165"><Execution id="00000000-0000-0000-0000-000000000165" /><TestMethod codeBase="Dummy.dll" adapterTypeName="MSTestAdapter" className="DummyTests" name="TestCase_165" /></UnitTest>
    <UnitTest name="TestCase_166" id="00000000-0000-0000-0000-000000000166"><Execution id="00000000-0000-0000-0000-000000000166" /><TestMethod codeBase="Dummy.dll" adapterTypeName="MSTestAdapter" className="DummyTests" name="TestCase_166" /></UnitTest>
    <UnitTest name="TestCase_167" id="00000000-0000-0000-0000-000000000167"><Execution id="00000000-0000-0000-0000-000000000167" /><TestMethod codeBase="Dummy.dll" adapterTypeName="MSTestAdapter" className="DummyTests" name="TestCase_167" /></UnitTest>
    <UnitTest name="TestCase_168" id="00000000-0000-0000-0000-000000000168"><Execution id="00000000-0000-0000-0000-000000000168" /><TestMethod codeBase="Dummy.dll" adapterTypeName="MSTestAdapter" className="DummyTests" name="TestCase_168" /></UnitTest>
    <UnitTest name="TestCase_169" id="00000000-0000-0000-0000-000000000169"><Execution id="00000000-0000-0000-0000-000000000169" /><TestMethod codeBase="Dummy.dll" adapterTypeName="MSTestAdapter" className="DummyTests" name="TestCase_169" /></UnitTest>
    <UnitTest name="TestCase_170" id="00000000-0000-0000-0000-000000000170"><Execution id="00000000-0000-0000-0000-000000000170" /><TestMethod codeBase="Dummy.dll" adapterTypeName="MSTestAdapter" className="DummyTests" name="TestCase_170" /></UnitTest>
    <UnitTest name="TestCase_171" id="00000000-0000-0000-0000-000000000171"><Execution id="00000000-0000-0000-0000-000000000171" /><TestMethod codeBase="Dummy.dll" adapterTypeName="MSTestAdapter" className="DummyTests" name="TestCase_171" /></UnitTest>
    <UnitTest name="TestCase_172" id="00000000-0000-0000-0000-000000000172"><Execution id="00000000-0000-0000-0000-000000000172" /><TestMethod codeBase="Dummy.dll" adapterTypeName="MSTestAdapter" className="DummyTests" name="TestCase_172" /></UnitTest>
    <UnitTest name="TestCase_173" id="00000000-0000-0000-0000-000000000173"><Execution id="00000000-0000-0000-0000-000000000173" /><TestMethod codeBase="Dummy.dll" adapterTypeName="MSTestAdapter" className="DummyTests" name="TestCase_173" /></UnitTest>
    <UnitTest name="TestCase_174" id="00000000-0000-0000-0000-000000000174"><Execution id="00000000-0000-0000-0000-000000000174" /><TestMethod codeBase="Dummy.dll" adapterTypeName="MSTestAdapter" className="DummyTests" name="TestCase_174" /></UnitTest>
    <UnitTest name="TestCase_175" id="00000000-0000-0000-0000-000000000175"><Execution id="00000000-0000-0000-0000-000000000175" /><TestMethod codeBase="Dummy.dll" adapterTypeName="MSTestAdapter" className="DummyTests" name="TestCase_175" /></UnitTest>
    <UnitTest name="TestCase_176" id="00000000-0000-0000-0000-000000000176"><Execution id="00000000-0000-0000-0000-000000000176" /><TestMethod codeBase="Dummy.dll" adapterTypeName="MSTestAdapter" className="DummyTests" name="TestCase_176" /></UnitTest>
    <UnitTest name="TestCase_177" id="00000000-0000-0000-0000-000000000177"><Execution id="00000000-0000-0000-0000-000000000177" /><TestMethod codeBase="Dummy.dll" adapterTypeName="MSTestAdapter" className="DummyTests" name="TestCase_177" /></UnitTest>
    <UnitTest name="TestCase_178" id="00000000-0000-0000-0000-000000000178"><Execution id="00000000-0000-0000-0000-000000000178" /><TestMethod codeBase="Dummy.dll" adapterTypeName="MSTestAdapter" className="DummyTests" name="TestCase_178" /></UnitTest>
    <UnitTest name="TestCase_179" id="00000000-0000-0000-0000-000000000179"><Execution id="00000000-0000-0000-0000-000000000179" /><TestMethod codeBase="Dummy.dll" adapterTypeName="MSTestAdapter" className="DummyTests" name="TestCase_179" /></UnitTest>
    <UnitTest name="TestCase_180" id="00000000-0000-0000-0000-000000000180"><Execution id="00000000-0000-0000-0000-000000000180" /><TestMethod codeBase="Dummy.dll" adapterTypeName="MSTestAdapter" className="DummyTests" name="TestCase_180" /></UnitTest>
    <UnitTest name="TestCase_181" id="00000000-0000-0000-0000-000000000181"><Execution id="00000000-0000-0000-0000-000000000181" /><TestMethod codeBase="Dummy.dll" adapterTypeName="MSTestAdapter" className="DummyTests" name="TestCase_181" /></UnitTest>
    <UnitTest name="TestCase_182" id="00000000-0000-0000-0000-000000000182"><Execution id="00000000-0000-0000-0000-000000000182" /><TestMethod codeBase="Dummy.dll" adapterTypeName="MSTestAdapter" className="DummyTests" name="TestCase_182" /></UnitTest>
    <UnitTest name="TestCase_183" id="00000000-0000-0000-0000-000000000183"><Execution id="00000000-0000-0000-0000-000000000183" /><TestMethod codeBase="Dummy.dll" adapterTypeName="MSTestAdapter" className="DummyTests" name="TestCase_183" /></UnitTest>
    <UnitTest name="TestCase_184" id="00000000-0000-0000-0000-000000000184"><Execution id="00000000-0000-0000-0000-000000000184" /><TestMethod codeBase="Dummy.dll" adapterTypeName="MSTestAdapter" className="DummyTests" name="TestCase_184" /></UnitTest>
    <UnitTest name="TestCase_185" id="00000000-0000-0000-0000-000000000185"><Execution id="00000000-0000-0000-0000-000000000185" /><TestMethod codeBase="Dummy.dll" adapterTypeName="MSTestAdapter" className="DummyTests" name="TestCase_185" /></UnitTest>
    <UnitTest name="TestCase_186" id="00000000-0000-0000-0000-000000000186"><Execution id="00000000-0000-0000-0000-000000000186" /><TestMethod codeBase="Dummy.dll" adapterTypeName="MSTestAdapter" className="DummyTests" name="TestCase_186" /></UnitTest>
    <UnitTest name="TestCase_187" id="00000000-0000-0000-0000-000000000187"><Execution id="00000000-0000-0000-0000-000000000187" /><TestMethod codeBase="Dummy.dll" adapterTypeName="MSTestAdapter" className="DummyTests" name="TestCase_187" /></UnitTest>
    <UnitTest name="TestCase_188" id="00000000-0000-0000-0000-000000000188"><Execution id="00000000-0000-0000-0000-000000000188" /><TestMethod codeBase="Dummy.dll" adapterTypeName="MSTestAdapter" className="DummyTests" name="TestCase_188" /></UnitTest>
    <UnitTest name="TestCase_189" id="00000000-0000-0000-0000-000000000189"><Execution id="00000000-0000-0000-0000-000000000189" /><TestMethod codeBase="Dummy.dll" adapterTypeName="MSTestAdapter" className="DummyTests" name="TestCase_189" /></UnitTest>
    <UnitTest name="TestCase_190" id="00000000-0000-0000-0000-000000000190"><Execution id="00000000-0000-0000-0000-000000000190" /><TestMethod codeBase="Dummy.dll" adapterTypeName="MSTestAdapter" className="DummyTests" name="TestCase_190" /></UnitTest>
    <UnitTest name="TestCase_191" id="00000000-0000-0000-0000-000000000191"><Execution id="00000000-0000-0000-0000-000000000191" /><TestMethod codeBase="Dummy.dll" adapterTypeName="MSTestAdapter" className="DummyTests" name="TestCase_191" /></UnitTest>
    <UnitTest name="TestCase_192" id="00000000-0000-0000-0000-000000000192"><Execution id="00000000-0000-0000-0000-000000000192" /><TestMethod codeBase="Dummy.dll" adapterTypeName="MSTestAdapter" className="DummyTests" name="TestCase_192" /></UnitTest>
    <UnitTest name="TestCase_193" id="00000000-0000-0000-0000-000000000193"><Execution id="00000000-0000-0000-0000-000000000193" /><TestMethod codeBase="Dummy.dll" adapterTypeName="MSTestAdapter" className="DummyTests" name="TestCase_193" /></UnitTest>
    <UnitTest name="TestCase_194" id="00000000-0000-0000-0000-000000000194"><Execution id="00000000-0000-0000-0000-000000000194" /><TestMethod codeBase="Dummy.dll" adapterTypeName="MSTestAdapter" className="DummyTests" name="TestCase_194" /></UnitTest>
    <UnitTest name="TestCase_195" id="00000000-0000-0000-0000-000000000195"><Execution id="00000000-0000-0000-0000-000000000195" /><TestMethod codeBase="Dummy.dll" adapterTypeName="MSTestAdapter" className="DummyTests" name="TestCase_195" /></UnitTest>
    <UnitTest name="TestCase_196" id="00000000-0000-0000-0000-000000000196"><Execution id="00000000-0000-0000-0000-000000000196" /><TestMethod codeBase="Dummy.dll" adapterTypeName="MSTestAdapter" className="DummyTests" name="TestCase_196" /></UnitTest>
    <UnitTest name="TestCase_197" id="00000000-0000-0000-0000-000000000197"><Execution id="00000000-0000-0000-0000-000000000197" /><TestMethod codeBase="Dummy.dll" adapterTypeName="MSTestAdapter" className="DummyTests" name="TestCase_197" /></UnitTest>
    <UnitTest name="TestCase_198" id="00000000-0000-0000-0000-000000000198"><Execution id="00000000-0000-0000-0000-000000000198" /><TestMethod codeBase="Dummy.dll" adapterTypeName="MSTestAdapter" className="DummyTests" name="TestCase_198" /></UnitTest>
    <UnitTest name="TestCase_199" id="00000000-0000-0000-0000-000000000199"><Execution id="00000000-0000-0000-0000-000000000199" /><TestMethod codeBase="Dummy.dll" adapterTypeName="MSTestAdapter" className="DummyTests" name="TestCase_199" /></UnitTest>
    <UnitTest name="TestCase_200" id="00000000-0000-0000-0000-000000000200"><Execution id="00000000-0000-0000-0000-000000000200" /><TestMethod codeBase="Dummy.dll" adapterTypeName="MSTestAdapter" className="DummyTests" name="TestCase_200" /></UnitTest>
    <UnitTest name="TestCase_201" id="00000000-0000-0000-0000-000000000201"><Execution id="00000000-0000-0000-0000-000000000201" /><TestMethod codeBase="Dummy.dll" adapterTypeName="MSTestAdapter" className="DummyTests" name="TestCase_201" /></UnitTest>
    <UnitTest name="TestCase_202" id="00000000-0000-0000-0000-000000000202"><Execution id="00000000-0000-0000-0000-000000000202" /><TestMethod codeBase="Dummy.dll" adapterTypeName="MSTestAdapter" className="DummyTests" name="TestCase_202" /></UnitTest>
    <UnitTest name="TestCase_203" id="00000000-0000-0000-0000-000000000203"><Execution id="00000000-0000-0000-0000-000000000203" /><TestMethod codeBase="Dummy.dll" adapterTypeName="MSTestAdapter" className="DummyTests" name="TestCase_203" /></UnitTest>
    <UnitTest name="TestCase_204" id="00000000-0000-0000-0000-000000000204"><Execution id="00000000-0000-0000-0000-000000000204" /><TestMethod codeBase="Dummy.dll" adapterTypeName="MSTestAdapter" className="DummyTests" name="TestCase_204" /></UnitTest>
    <UnitTest name="TestCase_205" id="00000000-0000-0000-0000-000000000205"><Execution id="00000000-0000-0000-0000-000000000205" /><TestMethod codeBase="Dummy.dll" adapterTypeName="MSTestAdapter" className="DummyTests" name="TestCase_205" /></UnitTest>
    <UnitTest name="TestCase_206" id="00000000-0000-0000-0000-000000000206"><Execution id="00000000-0000-0000-0000-000000000206" /><TestMethod codeBase="Dummy.dll" adapterTypeName="MSTestAdapter" className="DummyTests" name="TestCase_206" /></UnitTest>
    <UnitTest name="TestCase_207" id="00000000-0000-0000-0000-000000000207"><Execution id="00000000-0000-0000-0000-000000000207" /><TestMethod codeBase="Dummy.dll" adapterTypeName="MSTestAdapter" className="DummyTests" name="TestCase_207" /></UnitTest>
    <UnitTest name="TestCase_208" id="00000000-0000-0000-0000-000000000208"><Execution id="00000000-0000-0000-0000-000000000208" /><TestMethod codeBase="Dummy.dll" adapterTypeName="MSTestAdapter" className="DummyTests" name="TestCase_208" /></UnitTest>
    <UnitTest name="TestCase_209" id="00000000-0000-0000-0000-000000000209"><Execution id="00000000-0000-0000-0000-000000000209" /><TestMethod codeBase="Dummy.dll" adapterTypeName="MSTestAdapter" className="DummyTests" name="TestCase_209" /></UnitTest>
    <UnitTest name="TestCase_210" id="00000000-0000-0000-0000-000000000210"><Execution id="00000000-0000-0000-0000-000000000210" /><TestMethod codeBase="Dummy.dll" adapterTypeName="MSTestAdapter" className="DummyTests" name="TestCase_210" /></UnitTest>
    <UnitTest name="TestCase_211" id="00000000-0000-0000-0000-000000000211"><Execution id="00000000-0000-0000-0000-000000000211" /><TestMethod codeBase="Dummy.dll" adapterTypeName="MSTestAdapter" className="DummyTests" name="TestCase_211" /></UnitTest>
    <UnitTest name="TestCase_212" id="00000000-0000-0000-0000-000000000212"><Execution id="00000000-0000-0000-0000-000000000212" /><TestMethod codeBase="Dummy.dll" adapterTypeName="MSTestAdapter" className="DummyTests" name="TestCase_212" /></UnitTest>
    <UnitTest name="TestCase_213" id="00000000-0000-0000-0000-000000000213"><Execution id="00000000-0000-0000-0000-000000000213" /><TestMethod codeBase="Dummy.dll" adapterTypeName="MSTestAdapter" className="DummyTests" name="TestCase_213" /></UnitTest>
    <UnitTest name="TestCase_214" id="00000000-0000-0000-0000-000000000214"><Execution id="00000000-0000-0000-0000-000000000214" /><TestMethod codeBase="Dummy.dll" adapterTypeName="MSTestAdapter" className="DummyTests" name="TestCase_214" /></UnitTest>
    <UnitTest name="TestCase_215" id="00000000-0000-0000-0000-000000000215"><Execution id="00000000-0000-0000-0000-000000000215" /><TestMethod codeBase="Dummy.dll" adapterTypeName="MSTestAdapter" className="DummyTests" name="TestCase_215" /></UnitTest>
    <UnitTest name="TestCase_216" id="00000000-0000-0000-0000-000000000216"><Execution id="00000000-0000-0000-0000-000000000216" /><TestMethod codeBase="Dummy.dll" adapterTypeName="MSTestAdapter" className="DummyTests" name="TestCase_216" /></UnitTest>
    <UnitTest name="TestCase_217" id="00000000-0000-0000-0000-000000000217"><Execution id="00000000-0000-0000-0000-000000000217" /><TestMethod codeBase="Dummy.dll" adapterTypeName="MSTestAdapter" className="DummyTests" name="TestCase_217" /></UnitTest>
    <UnitTest name="TestCase_218" id="00000000-0000-0000-0000-000000000218"><Execution id="00000000-0000-0000-0000-000000000218" /><TestMethod codeBase="Dummy.dll" adapterTypeName="MSTestAdapter" className="DummyTests" name="TestCase_218" /></UnitTest>
    <UnitTest name="TestCase_219" id="00000000-0000-0000-0000-000000000219"><Execution id="00000000-0000-0000-0000-000000000219" /><TestMethod codeBase="Dummy.dll" adapterTypeName="MSTestAdapter" className="DummyTests" name="TestCase_219" /></UnitTest>
    <UnitTest name="TestCase_220" id="00000000-0000-0000-0000-000000000220"><Execution id="00000000-0000-0000-0000-000000000220" /><TestMethod codeBase="Dummy.dll" adapterTypeName="MSTestAdapter" className="DummyTests" name="TestCase_220" /></UnitTest>
    <UnitTest name="TestCase_221" id="00000000-0000-0000-0000-000000000221"><Execution id="00000000-0000-0000-0000-000000000221" /><TestMethod codeBase="Dummy.dll" adapterTypeName="MSTestAdapter" className="DummyTests" name="TestCase_221" /></UnitTest>
    <UnitTest name="TestCase_222" id="00000000-0000-0000-0000-000000000222"><Execution id="00000000-0000-0000-0000-000000000222" /><TestMethod codeBase="Dummy.dll" adapterTypeName="MSTestAdapter" className="DummyTests" name="TestCase_222" /></UnitTest>
    <UnitTest name="TestCase_223" id="00000000-0000-0000-0000-000000000223"><Execution id="00000000-0000-0000-0000-000000000223" /><TestMethod codeBase="Dummy.dll" adapterTypeName="MSTestAdapter" className="DummyTests" name="TestCase_223" /></UnitTest>
    <UnitTest name="TestCase_224" id="00000000-0000-0000-0000-000000000224"><Execution id="00000000-0000-0000-0000-000000000224" /><TestMethod codeBase="Dummy.dll" adapterTypeName="MSTestAdapter" className="DummyTests" name="TestCase_224" /></UnitTest>
    <UnitTest name="TestCase_225" id="00000000-0000-0000-0000-000000000225"><Execution id="00000000-0000-0000-0000-000000000225" /><TestMethod codeBase="Dummy.dll" adapterTypeName="MSTestAdapter" className="DummyTests" name="TestCase_225" /></UnitTest>
    <UnitTest name="TestCase_226" id="00000000-0000-0000-0000-000000000226"><Execution id="00000000-0000-0000-0000-000000000226" /><TestMethod codeBase="Dummy.dll" adapterTypeName="MSTestAdapter" className="DummyTests" name="TestCase_226" /></UnitTest>
    <UnitTest name="TestCase_227" id="00000000-0000-0000-0000-000000000227"><Execution id="00000000-0000-0000-0000-000000000227" /><TestMethod codeBase="Dummy.dll" adapterTypeName="MSTestAdapter" className="DummyTests" name="TestCase_227" /></UnitTest>
    <UnitTest name="TestCase_228" id="00000000-0000-0000-0000-000000000228"><Execution id="00000000-0000-0000-0000-000000000228" /><TestMethod codeBase="Dummy.dll" adapterTypeName="MSTestAdapter" className="DummyTests" name="TestCase_228" /></UnitTest>
    <UnitTest name="TestCase_229" id="00000000-0000-0000-0000-000000000229"><Execution id="00000000-0000-0000-0000-000000000229" /><TestMethod codeBase="Dummy.dll" adapterTypeName="MSTestAdapter" className="DummyTests" name="TestCase_229" /></UnitTest>
    <UnitTest name="TestCase_230" id="00000000-0000-0000-0000-000000000230"><Execution id="00000000-0000-0000-0000-000000000230" /><TestMethod codeBase="Dummy.dll" adapterTypeName="MSTestAdapter" className="DummyTests" name="TestCase_230" /></UnitTest>
    <UnitTest name="TestCase_231" id="00000000-0000-0000-0000-000000000231"><Execution id="00000000-0000-0000-0000-000000000231" /><TestMethod codeBase="Dummy.dll" adapterTypeName="MSTestAdapter" className="DummyTests" name="TestCase_231" /></UnitTest>
    <UnitTest name="TestCase_232" id="00000000-0000-0000-0000-000000000232"><Execution id="00000000-0000-0000-0000-000000000232" /><TestMethod codeBase="Dummy.dll" adapterTypeName="MSTestAdapter" className="DummyTests" name="TestCase_232" /></UnitTest>
    <UnitTest name="TestCase_233" id="00000000-0000-0000-0000-000000000233"><Execution id="00000000-0000-0000-0000-000000000233" /><TestMethod codeBase="Dummy.dll" adapterTypeName="MSTestAdapter" className="DummyTests" name="TestCase_233" /></UnitTest>
    <UnitTest name="TestCase_234" id="00000000-0000-0000-0000-000000000234"><Execution id="00000000-0000-0000-0000-000000000234" /><TestMethod codeBase="Dummy.dll" adapterTypeName="MSTestAdapter" className="DummyTests" name="TestCase_234" /></UnitTest>
    <UnitTest name="TestCase_235" id="00000000-0000-0000-0000-000000000235"><Execution id="00000000-0000-0000-0000-000000000235" /><TestMethod codeBase="Dummy.dll" adapterTypeName="MSTestAdapter" className="DummyTests" name="TestCase_235" /></UnitTest>
    <UnitTest name="TestCase_236" id="00000000-0000-0000-0000-000000000236"><Execution id="00000000-0000-0000-0000-000000000236" /><TestMethod codeBase="Dummy.dll" adapterTypeName="MSTestAdapter" className="DummyTests" name="TestCase_236" /></UnitTest>
    <UnitTest name="TestCase_237" id="00000000-0000-0000-0000-000000000237"><Execution id="00000000-0000-0000-0000-000000000237" /><TestMethod codeBase="Dummy.dll" adapterTypeName="MSTestAdapter" className="DummyTests" name="TestCase_237" /></UnitTest>
    <UnitTest name="TestCase_238" id="00000000-0000-0000-0000-000000000238"><Execution id="00000000-0000-0000-0000-000000000238" /><TestMethod codeBase="Dummy.dll" adapterTypeName="MSTestAdapter" className="DummyTests" name="TestCase_238" /></UnitTest>
    <UnitTest name="TestCase_239" id="00000000-0000-0000-0000-000000000239"><Execution id="00000000-0000-0000-0000-000000000239" /><TestMethod codeBase="Dummy.dll" adapterTypeName="MSTestAdapter" className="DummyTests" name="TestCase_239" /></UnitTest>
    <UnitTest name="TestCase_240" id="00000000-0000-0000-0000-000000000240"><Execution id="00000000-0000-0000-0000-000000000240" /><TestMethod codeBase="Dummy.dll" adapterTypeName="MSTestAdapter" className="DummyTests" name="TestCase_240" /></UnitTest>
    <UnitTest name="TestCase_241" id="00000000-0000-0000-0000-000000000241"><Execution id="00000000-0000-0000-0000-000000000241" /><TestMethod codeBase="Dummy.dll" adapterTypeName="MSTestAdapter" className="DummyTests" name="TestCase_241" /></UnitTest>
    <UnitTest name="TestCase_242" id="00000000-0000-0000-0000-000000000242"><Execution id="00000000-0000-0000-0000-000000000242" /><TestMethod codeBase="Dummy.dll" adapterTypeName="MSTestAdapter" className="DummyTests" name="TestCase_242" /></UnitTest>
    <UnitTest name="TestCase_243" id="00000000-0000-0000-0000-000000000243"><Execution id="00000000-0000-0000-0000-000000000243" /><TestMethod codeBase="Dummy.dll" adapterTypeName="MSTestAdapter" className="DummyTests" name="TestCase_243" /></UnitTest>
    <UnitTest name="TestCase_244" id="00000000-0000-0000-0000-000000000244"><Execution id="00000000-0000-0000-0000-000000000244" /><TestMethod codeBase="Dummy.dll" adapterTypeName="MSTestAdapter" className="DummyTests" name="TestCase_244" /></UnitTest>
    <UnitTest name="TestCase_245" id="00000000-0000-0000-0000-000000000245"><Execution id="00000000-0000-0000-0000-000000000245" /><TestMethod codeBase="Dummy.dll" adapterTypeName="MSTestAdapter" className="DummyTests" name="TestCase_245" /></UnitTest>
    <UnitTest name="TestCase_246" id="00000000-0000-0000-0000-000000000246"><Execution id="00000000-0000-0000-0000-000000000246" /><TestMethod codeBase="Dummy.dll" adapterTypeName="MSTestAdapter" className="DummyTests" name="TestCase_246" /></UnitTest>
    <UnitTest name="TestCase_247" id="00000000-0000-0000-0000-000000000247"><Execution id="00000000-0000-0000-0000-000000000247" /><TestMethod codeBase="Dummy.dll" adapterTypeName="MSTestAdapter" className="DummyTests" name="TestCase_247" /></UnitTest>
    <UnitTest name="TestCase_248" id="00000000-0000-0000-0000-000000000248"><Execution id="00000000-0000-0000-0000-000000000248" /><TestMethod codeBase="Dummy.dll" adapterTypeName="MSTestAdapter" className="DummyTests" name="TestCase_248" /></UnitTest>
    <UnitTest name="TestCase_249" id="00000000-0000-0000-0000-000000000249"><Execution id="00000000-0000-0000-0000-000000000249" /><TestMethod codeBase="Dummy.dll" adapterTypeName="MSTestAdapter" className="DummyTests" name="TestCase_249" /></UnitTest>
    <UnitTest name="TestCase_250" id="00000000-0000-0000-0000-000000000250"><Execution id="00000000-0000-0000-0000-000000000250" /><TestMethod codeBase="Dummy.dll" adapterTypeName="MSTestAdapter" className="DummyTests" name="TestCase_250" /></UnitTest>
    <UnitTest name="TestCase_251" id="00000000-0000-0000-0000-000000000251"><Execution id="00000000-0000-0000-0000-000000000251" /><TestMethod codeBase="Dummy.dll" adapterTypeName="MSTestAdapter" className="DummyTests" name="TestCase_251" /></UnitTest>
    <UnitTest name="TestCase_252" id="00000000-0000-0000-0000-000000000252"><Execution id="00000000-0000-0000-0000-000000000252" /><TestMethod codeBase="Dummy.dll" adapterTypeName="MSTestAdapter" className="DummyTests" name="TestCase_252" /></UnitTest>
    <UnitTest name="TestCase_253" id="00000000-0000-0000-0000-000000000253"><Execution id="00000000-0000-0000-0000-000000000253" /><TestMethod codeBase="Dummy.dll" adapterTypeName="MSTestAdapter" className="DummyTests" name="TestCase_253" /></UnitTest>
    <UnitTest name="TestCase_254" id="00000000-0000-0000-0000-000000000254"><Execution id="00000000-0000-0000-0000-000000000254" /><TestMethod codeBase="Dummy.dll" adapterTypeName="MSTestAdapter" className="DummyTests" name="TestCase_254" /></UnitTest>
    <UnitTest name="TestCase_255" id="00000000-0000-0000-0000-000000000255"><Execution id="00000000-0000-0000-0000-000000000255" /><TestMethod codeBase="Dummy.dll" adapterTypeName="MSTestAdapter" className="DummyTests" name="TestCase_255" /></UnitTest>
    <UnitTest name="TestCase_256" id="00000000-0000-0000-0000-000000000256"><Execution id="00000000-0000-0000-0000-000000000256" /><TestMethod codeBase="Dummy.dll" adapterTypeName="MSTestAdapter" className="DummyTests" name="TestCase_256" /></UnitTest>
    <UnitTest name="TestCase_257" id="00000000-0000-0000-0000-000000000257"><Execution id="00000000-0000-0000-0000-000000000257" /><TestMethod codeBase="Dummy.dll" adapterTypeName="MSTestAdapter" className="DummyTests" name="TestCase_257" /></UnitTest>
    <UnitTest name="TestCase_258" id="00000000-0000-0000-0000-000000000258"><Execution id="00000000-0000-0000-0000-000000000258" /><TestMethod codeBase="Dummy.dll" adapterTypeName="MSTestAdapter" className="DummyTests" name="TestCase_258" /></UnitTest>
    <UnitTest name="TestCase_259" id="00000000-0000-0000-0000-000000000259"><Execution id="00000000-0000-0000-0000-000000000259" /><TestMethod codeBase="Dummy.dll" adapterTypeName="MSTestAdapter" className="DummyTests" name="TestCase_259" /></UnitTest>
    <UnitTest name="TestCase_260" id="00000000-0000-0000-0000-000000000260"><Execution id="00000000-0000-0000-0000-000000000260" /><TestMethod codeBase="Dummy.dll" adapterTypeName="MSTestAdapter" className="DummyTests" name="TestCase_260" /></UnitTest>
    <UnitTest name="TestCase_261" id="00000000-0000-0000-0000-000000000261"><Execution id="00000000-0000-0000-0000-000000000261" /><TestMethod codeBase="Dummy.dll" adapterTypeName="MSTestAdapter" className="DummyTests" name="TestCase_261" /></UnitTest>
    <UnitTest name="TestCase_262" id="00000000-0000-0000-0000-000000000262"><Execution id="00000000-0000-0000-0000-000000000262" /><TestMethod codeBase="Dummy.dll" adapterTypeName="MSTestAdapter" className="DummyTests" name="TestCase_262" /></UnitTest>
    <UnitTest name="TestCase_263" id="00000000-0000-0000-0000-000000000263"><Execution id="00000000-0000-0000-0000-000000000263" /><TestMethod codeBase="Dummy.dll" adapterTypeName="MSTestAdapter" className="DummyTests" name="TestCase_263" /></UnitTest>
    <UnitTest name="TestCase_264" id="00000000-0000-0000-0000-000000000264"><Execution id="00000000-0000-0000-0000-000000000264" /><TestMethod codeBase="Dummy.dll" adapterTypeName="MSTestAdapter" className="DummyTests" name="TestCase_264" /></UnitTest>
    <UnitTest name="TestCase_265" id="00000000-0000-0000-0000-000000000265"><Execution id="00000000-0000-0000-0000-000000000265" /><TestMethod codeBase="Dummy.dll" adapterTypeName="MSTestAdapter" className="DummyTests" name="TestCase_265" /></UnitTest>
    <UnitTest name="TestCase_266" id="00000000-0000-0000-0000-000000000266"><Execution id="00000000-0000-0000-0000-000000000266" /><TestMethod codeBase="Dummy.dll" adapterTypeName="MSTestAdapter" className="DummyTests" name="TestCase_266" /></UnitTest>
    <UnitTest name="TestCase_267" id="00000000-0000-0000-0000-000000000267"><Execution id="00000000-0000-0000-0000-000000000267" /><TestMethod codeBase="Dummy.dll" adapterTypeName="MSTestAdapter" className="DummyTests" name="TestCase_267" /></UnitTest>
    <UnitTest name="TestCase_268" id="00000000-0000-0000-0000-000000000268"><Execution id="00000000-0000-0000-0000-000000000268" /><TestMethod codeBase="Dummy.dll" adapterTypeName="MSTestAdapter" className="DummyTests" name="TestCase_268" /></UnitTest>
    <UnitTest name="TestCase_269" id="00000000-0000-0000-0000-000000000269"><Execution id="00000000-0000-0000-0000-000000000269" /><TestMethod codeBase="Dummy.dll" adapterTypeName="MSTestAdapter" className="DummyTests" name="TestCase_269" /></UnitTest>
    <UnitTest name="TestCase_270" id="00000000-0000-0000-0000-000000000270"><Execution id="00000000-0000-0000-0000-000000000270" /><TestMethod codeBase="Dummy.dll" adapterTypeName="MSTestAdapter" className="DummyTests" name="TestCase_270" /></UnitTest>
    <UnitTest name="TestCase_271" id="00000000-0000-0000-0000-000000000271"><Execution id="00000000-0000-0000-0000-000000000271" /><TestMethod codeBase="Dummy.dll" adapterTypeName="MSTestAdapter" className="DummyTests" name="TestCase_271" /></UnitTest>
    <UnitTest name="TestCase_272" id="00000000-0000-0000-0000-000000000272"><Execution id="00000000-0000-0000-0000-000000000272" /><TestMethod codeBase="Dummy.dll" adapterTypeName="MSTestAdapter" className="DummyTests" name="TestCase_272" /></UnitTest>
    <UnitTest name="TestCase_273" id="00000000-0000-0000-0000-000000000273"><Execution id="00000000-0000-0000-0000-000000000273" /><TestMethod codeBase="Dummy.dll" adapterTypeName="MSTestAdapter" className="DummyTests" name="TestCase_273" /></UnitTest>
    <UnitTest name="TestCase_274" id="00000000-0000-0000-0000-000000000274"><Execution id="00000000-0000-0000-0000-000000000274" /><TestMethod codeBase="Dummy.dll" adapterTypeName="MSTestAdapter" className="DummyTests" name="TestCase_274" /></UnitTest>
    <UnitTest name="TestCase_275" id="00000000-0000-0000-0000-000000000275"><Execution id="00000000-0000-0000-0000-000000000275" /><TestMethod codeBase="Dummy.dll" adapterTypeName="MSTestAdapter" className="DummyTests" name="TestCase_275" /></UnitTest>
    <UnitTest name="TestCase_276" id="00000000-0000-0000-0000-000000000276"><Execution id="00000000-0000-0000-0000-000000000276" /><TestMethod codeBase="Dummy.dll" adapterTypeName="MSTestAdapter" className="DummyTests" name="TestCase_276" /></UnitTest>
    <UnitTest name="TestCase_277" id="00000000-0000-0000-0000-000000000277"><Execution id="00000000-0000-0000-0000-000000000277" /><TestMethod codeBase="Dummy.dll" adapterTypeName="MSTestAdapter" className="DummyTests" name="TestCase_277" /></UnitTest>
    <UnitTest name="TestCase_278" id="00000000-0000-0000-0000-000000000278"><Execution id="00000000-0000-0000-0000-000000000278" /><TestMethod codeBase="Dummy.dll" adapterTypeName="MSTestAdapter" className="DummyTests" name="TestCase_278" /></UnitTest>
    <UnitTest name="TestCase_279" id="00000000-0000-0000-0000-000000000279"><Execution id="00000000-0000-0000-0000-000000000279" /><TestMethod codeBase="Dummy.dll" adapterTypeName="MSTestAdapter" className="DummyTests" name="TestCase_279" /></UnitTest>
    <UnitTest name="TestCase_280" id="00000000-0000-0000-0000-000000000280"><Execution id="00000000-0000-0000-0000-000000000280" /><TestMethod codeBase="Dummy.dll" adapterTypeName="MSTestAdapter" className="DummyTests" name="TestCase_280" /></UnitTest>
    <UnitTest name="TestCase_281" id="00000000-0000-0000-0000-000000000281"><Execution id="00000000-0000-0000-0000-000000000281" /><TestMethod codeBase="Dummy.dll" adapterTypeName="MSTestAdapter" className="DummyTests" name="TestCase_281" /></UnitTest>
    <UnitTest name="TestCase_282" id="00000000-0000-0000-0000-000000000282"><Execution id="00000000-0000-0000-0000-000000000282" /><TestMethod codeBase="Dummy.dll" adapterTypeName="MSTestAdapter" className="DummyTests" name="TestCase_282" /></UnitTest>
    <UnitTest name="TestCase_283" id="00000000-0000-0000-0000-000000000283"><Execution id="00000000-0000-0000-0000-000000000283" /><TestMethod codeBase="Dummy.dll" adapterTypeName="MSTestAdapter" className="DummyTests" name="TestCase_283" /></UnitTest>
    <UnitTest name="TestCase_284" id="00000000-0000-0000-0000-000000000284"><Execution id="00000000-0000-0000-0000-000000000284" /><TestMethod codeBase="Dummy.dll" adapterTypeName="MSTestAdapter" className="DummyTests" name="TestCase_284" /></UnitTest>
    <UnitTest name="TestCase_285" id="00000000-0000-0000-0000-000000000285"><Execution id="00000000-0000-0000-0000-000000000285" /><TestMethod codeBase="Dummy.dll" adapterTypeName="MSTestAdapter" className="DummyTests" name="TestCase_285" /></UnitTest>
    <UnitTest name="TestCase_286" id="00000000-0000-0000-0000-000000000286"><Execution id="00000000-0000-0000-0000-000000000286" /><TestMethod codeBase="Dummy.dll" adapterTypeName="MSTestAdapter" className="DummyTests" name="TestCase_286" /></UnitTest>
    <UnitTest name="TestCase_287" id="00000000-0000-0000-0000-000000000287"><Execution id="00000000-0000-0000-0000-000000000287" /><TestMethod codeBase="Dummy.dll" adapterTypeName="MSTestAdapter" className="DummyTests" name="TestCase_287" /></UnitTest>
    <UnitTest name="TestCase_288" id="00000000-0000-0000-0000-000000000288"><Execution id="00000000-0000-0000-0000-000000000288" /><TestMethod codeBase="Dummy.dll" adapterTypeName="MSTestAdapter" className="DummyTests" name="TestCase_288" /></UnitTest>
    <UnitTest name="TestCase_289" id="00000000-0000-0000-0000-000000000289"><Execution id="00000000-0000-0000-0000-000000000289" /><TestMethod codeBase="Dummy.dll" adapterTypeName="MSTestAdapter" className="DummyTests" name="TestCase_289" /></UnitTest>
    <UnitTest name="TestCase_290" id="00000000-0000-0000-0000-000000000290"><Execution id="00000000-0000-0000-0000-000000000290" /><TestMethod codeBase="Dummy.dll" adapterTypeName="MSTestAdapter" className="DummyTests" name="TestCase_290" /></UnitTest>
    <UnitTest name="TestCase_291" id="00000000-0000-0000-0000-000000000291"><Execution id="00000000-0000-0000-0000-000000000291" /><TestMethod codeBase="Dummy.dll" adapterTypeName="MSTestAdapter" className="DummyTests" name="TestCase_291" /></UnitTest>
    <UnitTest name="TestCase_292" id="00000000-0000-0000-0000-000000000292"><Execution id="00000000-0000-0000-0000-000000000292" /><TestMethod codeBase="Dummy.dll" adapterTypeName="MSTestAdapter" className="DummyTests" name="TestCase_292" /></UnitTest>
    <UnitTest name="TestCase_293" id="00000000-0000-0000-0000-000000000293"><Execution id="00000000-0000-0000-0000-000000000293" /><TestMethod codeBase="Dummy.dll" adapterTypeName="MSTestAdapter" className="DummyTests" name="TestCase_293" /></UnitTest>
    <UnitTest name="TestCase_294" id="00000000-0000-0000-0000-000000000294"><Execution id="00000000-0000-0000-0000-000000000294" /><TestMethod codeBase="Dummy.dll" adapterTypeName="MSTestAdapter" className="DummyTests" name="TestCase_294" /></UnitTest>
    <UnitTest name="TestCase_295" id="00000000-0000-0000-0000-000000000295"><Execution id="00000000-0000-0000-0000-000000000295" /><TestMethod codeBase="Dummy.dll" adapterTypeName="MSTestAdapter" className="DummyTests" name="TestCase_295" /></UnitTest>
    <UnitTest name="TestCase_296" id="00000000-0000-0000-0000-000000000296"><Execution id="00000000-0000-0000-0000-000000000296" /><TestMethod codeBase="Dummy.dll" adapterTypeName="MSTestAdapter" className="DummyTests" name="TestCase_296" /></UnitTest>
    <UnitTest name="TestCase_297" id="00000000-0000-0000-0000-000000000297"><Execution id="00000000-0000-0000-0000-000000000297" /><TestMethod codeBase="Dummy.dll" adapterTypeName="MSTestAdapter" className="DummyTests" name="TestCase_297" /></UnitTest>
    <UnitTest name="TestCase_298" id="00000000-0000-0000-0000-000000000298"><Execution id="00000000-0000-0000-0000-000000000298" /><TestMethod codeBase="Dummy.dll" adapterTypeName="MSTestAdapter" className="DummyTests" name="TestCase_298" /></UnitTest>
    <UnitTest name="TestCase_299" id="00000000-0000-0000-0000-000000000299"><Execution id="00000000-0000-0000-0000-000000000299" /><TestMethod codeBase="Dummy.dll" adapterTypeName="MSTestAdapter" className="DummyTests" name="TestCase_299" /></UnitTest>
    <UnitTest name="TestCase_300" id="00000000-0000-0000-0000-000000000300"><Execution id="00000000-0000-0000-0000-000000000300" /><TestMethod codeBase="Dummy.dll" adapterTypeName="MSTestAdapter" className="DummyTests" name="TestCase_300" /></UnitTest>
    <UnitTest name="TestCase_301" id="00000000-0000-0000-0000-000000000301"><Execution id="00000000-0000-0000-0000-000000000301" /><TestMethod codeBase="Dummy.dll" adapterTypeName="MSTestAdapter" className="DummyTests" name="TestCase_301" /></UnitTest>
    <UnitTest name="TestCase_302" id="00000000-0000-0000-0000-000000000302"><Execution id="00000000-0000-0000-0000-000000000302" /><TestMethod codeBase="Dummy.dll" adapterTypeName="MSTestAdapter" className="DummyTests" name="TestCase_302" /></UnitTest>
    <UnitTest name="TestCase_303" id="00000000-0000-0000-0000-000000000303"><Execution id="00000000-0000-0000-0000-000000000303" /><TestMethod codeBase="Dummy.dll" adapterTypeName="MSTestAdapter" className="DummyTests" name="TestCase_303" /></UnitTest>
    <UnitTest name="TestCase_304" id="00000000-0000-0000-0000-000000000304"><Execution id="00000000-0000-0000-0000-000000000304" /><TestMethod codeBase="Dummy.dll" adapterTypeName="MSTestAdapter" className="DummyTests" name="TestCase_304" /></UnitTest>
    <UnitTest name="TestCase_305" id="00000000-0000-0000-0000-000000000305"><Execution id="00000000-0000-0000-0000-000000000305" /><TestMethod codeBase="Dummy.dll" adapterTypeName="MSTestAdapter" className="DummyTests" name="TestCase_305" /></UnitTest>
    <UnitTest name="TestCase_306" id="00000000-0000-0000-0000-000000000306"><Execution id="00000000-0000-0000-0000-000000000306" /><TestMethod codeBase="Dummy.dll" adapterTypeName="MSTestAdapter" className="DummyTests" name="TestCase_306" /></UnitTest>
    <UnitTest name="TestCase_307" id="00000000-0000-0000-0000-000000000307"><Execution id="00000000-0000-0000-0000-000000000307" /><TestMethod codeBase="Dummy.dll" adapterTypeName="MSTestAdapter" className="DummyTests" name="TestCase_307" /></UnitTest>
    <UnitTest name="TestCase_308" id="00000000-0000-0000-0000-000000000308"><Execution id="00000000-0000-0000-0000-000000000308" /><TestMethod codeBase="Dummy.dll" adapterTypeName="MSTestAdapter" className="DummyTests" name="TestCase_308" /></UnitTest>
    <UnitTest name="TestCase_309" id="00000000-0000-0000-0000-000000000309"><Execution id="00000000-0000-0000-0000-000000000309" /><TestMethod codeBase="Dummy.dll" adapterTypeName="MSTestAdapter" className="DummyTests" name="TestCase_309" /></UnitTest>
    <UnitTest name="TestCase_310" id="00000000-0000-0000-0000-000000000310"><Execution id="00000000-0000-0000-0000-000000000310" /><TestMethod codeBase="Dummy.dll" adapterTypeName="MSTestAdapter" className="DummyTests" name="TestCase_310" /></UnitTest>
    <UnitTest name="TestCase_311" id="00000000-0000-0000-0000-000000000311"><Execution id="00000000-0000-0000-0000-000000000311" /><TestMethod codeBase="Dummy.dll" adapterTypeName="MSTestAdapter" className="DummyTests" name="TestCase_311" /></UnitTest>
    <UnitTest name="TestCase_312" id="00000000-0000-0000-0000-000000000312"><Execution id="00000000-0000-0000-0000-000000000312" /><TestMethod codeBase="Dummy.dll" adapterTypeName="MSTestAdapter" className="DummyTests" name="TestCase_312" /></UnitTest>
    <UnitTest name="TestCase_313" id="00000000-0000-0000-0000-000000000313"><Execution id="00000000-0000-0000-0000-000000000313" /><TestMethod codeBase="Dummy.dll" adapterTypeName="MSTestAdapter" className="DummyTests" name="TestCase_313" /></UnitTest>
    <UnitTest name="TestCase_314" id="00000000-0000-0000-0000-000000000314"><Execution id="00000000-0000-0000-0000-000000000314" /><TestMethod codeBase="Dummy.dll" adapterTypeName="MSTestAdapter" className="DummyTests" name="TestCase_314" /></UnitTest>
    <UnitTest name="TestCase_315" id="00000000-0000-0000-0000-000000000315"><Execution id="00000000-0000-0000-0000-000000000315" /><TestMethod codeBase="Dummy.dll" adapterTypeName="MSTestAdapter" className="DummyTests" name="TestCase_315" /></UnitTest>
    <UnitTest name="TestCase_316" id="00000000-0000-0000-0000-000000000316"><Execution id="00000000-0000-0000-0000-000000000316" /><TestMethod codeBase="Dummy.dll" adapterTypeName="MSTestAdapter" className="DummyTests" name="TestCase_316" /></UnitTest>
    <UnitTest name="TestCase_317" id="00000000-0000-0000-0000-000000000317"><Execution id="00000000-0000-0000-0000-000000000317" /><TestMethod codeBase="Dummy.dll" adapterTypeName="MSTestAdapter" className="DummyTests" name="TestCase_317" /></UnitTest>
    <UnitTest name="TestCase_318" id="00000000-0000-0000-0000-000000000318"><Execution id="00000000-0000-0000-0000-000000000318" /><TestMethod codeBase="Dummy.dll" adapterTypeName="MSTestAdapter" className="DummyTests" name="TestCase_318" /></UnitTest>
    <UnitTest name="TestCase_319" id="00000000-0000-0000-0000-000000000319"><Execution id="00000000-0000-0000-0000-000000000319" /><TestMethod codeBase="Dummy.dll" adapterTypeName="MSTestAdapter" className="DummyTests" name="TestCase_319" /></UnitTest>
    <UnitTest name="TestCase_320" id="00000000-0000-0000-0000-000000000320"><Execution id="00000000-0000-0000-0000-000000000320" /><TestMethod codeBase="Dummy.dll" adapterTypeName="MSTestAdapter" className="DummyTests" name="TestCase_320" /></UnitTest>
    <UnitTest name="TestCase_321" id="00000000-0000-0000-0000-000000000321"><Execution id="00000000-0000-0000-0000-000000000321" /><TestMethod codeBase="Dummy.dll" adapterTypeName="MSTestAdapter" className="DummyTests" name="TestCase_321" /></UnitTest>
    <UnitTest name="TestCase_322" id="00000000-0000-0000-0000-000000000322"><Execution id="00000000-0000-0000-0000-000000000322" /><TestMethod codeBase="Dummy.dll" adapterTypeName="MSTestAdapter" className="DummyTests" name="TestCase_322" /></UnitTest>
    <UnitTest name="TestCase_323" id="00000000-0000-0000-0000-000000000323"><Execution id="00000000-0000-0000-0000-000000000323" /><TestMethod codeBase="Dummy.dll" adapterTypeName="MSTestAdapter" className="DummyTests" name="TestCase_323" /></UnitTest>
    <UnitTest name="TestCase_324" id="00000000-0000-0000-0000-000000000324"><Execution id="00000000-0000-0000-0000-000000000324" /><TestMethod codeBase="Dummy.dll" adapterTypeName="MSTestAdapter" className="DummyTests" name="TestCase_324" /></UnitTest>
    <UnitTest name="TestCase_325" id="00000000-0000-0000-0000-000000000325"><Execution id="00000000-0000-0000-0000-000000000325" /><TestMethod codeBase="Dummy.dll" adapterTypeName="MSTestAdapter" className="DummyTests" name="TestCase_325" /></UnitTest>
    <UnitTest name="TestCase_326" id="00000000-0000-0000-0000-000000000326"><Execution id="00000000-0000-0000-0000-000000000326" /><TestMethod codeBase="Dummy.dll" adapterTypeName="MSTestAdapter" className="DummyTests" name="TestCase_326" /></UnitTest>
    <UnitTest name="TestCase_327" id="00000000-0000-0000-0000-000000000327"><Execution id="00000000-0000-0000-0000-000000000327" /><TestMethod codeBase="Dummy.dll" adapterTypeName="MSTestAdapter" className="DummyTests" name="TestCase_327" /></UnitTest>
    <UnitTest name="TestCase_328" id="00000000-0000-0000-0000-000000000328"><Execution id="00000000-0000-0000-0000-000000000328" /><TestMethod codeBase="Dummy.dll" adapterTypeName="MSTestAdapter" className="DummyTests" name="TestCase_328" /></UnitTest>
    <UnitTest name="TestCase_329" id="00000000-0000-0000-0000-000000000329"><Execution id="00000000-0000-0000-0000-000000000329" /><TestMethod codeBase="Dummy.dll" adapterTypeName="MSTestAdapter" className="DummyTests" name="TestCase_329" /></UnitTest>
    <UnitTest name="TestCase_330" id="00000000-0000-0000-0000-000000000330"><Execution id="00000000-0000-0000-0000-000000000330" /><TestMethod codeBase="Dummy.dll" adapterTypeName="MSTestAdapter" className="DummyTests" name="TestCase_330" /></UnitTest>
    <UnitTest name="TestCase_331" id="00000000-0000-0000-0000-000000000331"><Execution id="00000000-0000-0000-0000-000000000331" /><TestMethod codeBase="Dummy.dll" adapterTypeName="MSTestAdapter" className="DummyTests" name="TestCase_331" /></UnitTest>
    <UnitTest name="TestCase_332" id="00000000-0000-0000-0000-000000000332"><Execution id="00000000-0000-0000-0000-000000000332" /><TestMethod codeBase="Dummy.dll" adapterTypeName="MSTestAdapter" className="DummyTests" name="TestCase_332" /></UnitTest>
    <UnitTest name="TestCase_333" id="00000000-0000-0000-0000-000000000333"><Execution id="00000000-0000-0000-0000-000000000333" /><TestMethod codeBase="Dummy.dll" adapterTypeName="MSTestAdapter" className="DummyTests" name="TestCase_333" /></UnitTest>
    <UnitTest name="TestCase_334" id="00000000-0000-0000-0000-000000000334"><Execution id="00000000-0000-0000-0000-000000000334" /><TestMethod codeBase="Dummy.dll" adapterTypeName="MSTestAdapter" className="DummyTests" name="TestCase_334" /></UnitTest>
    <UnitTest name="TestCase_335" id="00000000-0000-0000-0000-000000000335"><Execution id="00000000-0000-0000-0000-000000000335" /><TestMethod codeBase="Dummy.dll" adapterTypeName="MSTestAdapter" className="DummyTests" name="TestCase_335" /></UnitTest>
    <UnitTest name="TestCase_336" id="00000000-0000-0000-0000-000000000336"><Execution id="00000000-0000-0000-0000-000000000336" /><TestMethod codeBase="Dummy.dll" adapterTypeName="MSTestAdapter" className="DummyTests" name="TestCase_336" /></UnitTest>
    <UnitTest name="TestCase_337" id="00000000-0000-0000-0000-000000000337"><Execution id="00000000-0000-0000-0000-000000000337" /><TestMethod codeBase="Dummy.dll" adapterTypeName="MSTestAdapter" className="DummyTests" name="TestCase_337" /></UnitTest>
    <UnitTest name="TestCase_338" id="00000000-0000-0000-0000-000000000338"><Execution id="00000000-0000-0000-0000-000000000338" /><TestMethod codeBase="Dummy.dll" adapterTypeName="MSTestAdapter" className="DummyTests" name="TestCase_338" /></UnitTest>
    <UnitTest name="TestCase_339" id="00000000-0000-0000-0000-000000000339"><Execution id="00000000-0000-0000-0000-000000000339" /><TestMethod codeBase="Dummy.dll" adapterTypeName="MSTestAdapter" className="DummyTests" name="TestCase_339" /></UnitTest>
    <UnitTest name="TestCase_340" id="00000000-0000-0000-0000-000000000340"><Execution id="00000000-0000-0000-0000-000000000340" /><TestMethod codeBase="Dummy.dll" adapterTypeName="MSTestAdapter" className="DummyTests" name="TestCase_340" /></UnitTest>
    <UnitTest name="TestCase_341" id="00000000-0000-0000-0000-000000000341"><Execution id="00000000-0000-0000-0000-000000000341" /><TestMethod codeBase="Dummy.dll" adapterTypeName="MSTestAdapter" className="DummyTests" name="TestCase_341" /></UnitTest>
    <UnitTest name="TestCase_342" id="00000000-0000-0000-0000-000000000342"><Execution id="00000000-0000-0000-0000-000000000342" /><TestMethod codeBase="Dummy.dll" adapterTypeName="MSTestAdapter" className="DummyTests" name="TestCase_342" /></UnitTest>
    <UnitTest name="TestCase_343" id="00000000-0000-0000-0000-000000000343"><Execution id="00000000-0000-0000-0000-000000000343" /><TestMethod codeBase="Dummy.dll" adapterTypeName="MSTestAdapter" className="DummyTests" name="TestCase_343" /></UnitTest>
    <UnitTest name="TestCase_344" id="00000000-0000-0000-0000-000000000344"><Execution id="00000000-0000-0000-0000-000000000344" /><TestMethod codeBase="Dummy.dll" adapterTypeName="MSTestAdapter" className="DummyTests" name="TestCase_344" /></UnitTest>
    <UnitTest name="TestCase_345" id="00000000-0000-0000-0000-000000000345"><Execution id="00000000-0000-0000-0000-000000000345" /><TestMethod codeBase="Dummy.dll" adapterTypeName="MSTestAdapter" className="DummyTests" name="TestCase_345" /></UnitTest>
    <UnitTest name="TestCase_346" id="00000000-0000-0000-0000-000000000346"><Execution id="00000000-0000-0000-0000-000000000346" /><TestMethod codeBase="Dummy.dll" adapterTypeName="MSTestAdapter" className="DummyTests" name="TestCase_346" /></UnitTest>
    <UnitTest name="TestCase_347" id="00000000-0000-0000-0000-000000000347"><Execution id="00000000-0000-0000-0000-000000000347" /><TestMethod codeBase="Dummy.dll" adapterTypeName="MSTestAdapter" className="DummyTests" name="TestCase_347" /></UnitTest>
    <UnitTest name="TestCase_348" id="00000000-0000-0000-0000-000000000348"><Execution id="00000000-0000-0000-0000-000000000348" /><TestMethod codeBase="Dummy.dll" adapterTypeName="MSTestAdapter" className="DummyTests" name="TestCase_348" /></UnitTest>
    <UnitTest name="TestCase_349" id="00000000-0000-0000-0000-000000000349"><Execution id="00000000-0000-0000-0000-000000000349" /><TestMethod codeBase="Dummy.dll" adapterTypeName="MSTestAdapter" className="DummyTests" name="TestCase_349" /></UnitTest>
    <UnitTest name="TestCase_350" id="00000000-0000-0000-0000-000000000350"><Execution id="00000000-0000-0000-0000-000000000350" /><TestMethod codeBase="Dummy.dll" adapterTypeName="MSTestAdapter" className="DummyTests" name="TestCase_350" /></UnitTest>
    <UnitTest name="TestCase_351" id="00000000-0000-0000-0000-000000000351"><Execution id="00000000-0000-0000-0000-000000000351" /><TestMethod codeBase="Dummy.dll" adapterTypeName="MSTestAdapter" className="DummyTests" name="TestCase_351" /></UnitTest>
    <UnitTest name="TestCase_352" id="00000000-0000-0000-0000-000000000352"><Execution id="00000000-0000-0000-0000-000000000352" /><TestMethod codeBase="Dummy.dll" adapterTypeName="MSTestAdapter" className="DummyTests" name="TestCase_352" /></UnitTest>
    <UnitTest name="TestCase_353" id="00000000-0000-0000-0000-000000000353"><Execution id="00000000-0000-0000-0000-000000000353" /><TestMethod codeBase="Dummy.dll" adapterTypeName="MSTestAdapter" className="DummyTests" name="TestCase_353" /></UnitTest>
    <UnitTest name="TestCase_354" id="00000000-0000-0000-0000-000000000354"><Execution id="00000000-0000-0000-0000-000000000354" /><TestMethod codeBase="Dummy.dll" adapterTypeName="MSTestAdapter" className="DummyTests" name="TestCase_354" /></UnitTest>
    <UnitTest name="TestCase_355" id="00000000-0000-0000-0000-000000000355"><Execution id="00000000-0000-0000-0000-000000000355" /><TestMethod codeBase="Dummy.dll" adapterTypeName="MSTestAdapter" className="DummyTests" name="TestCase_355" /></UnitTest>
    <UnitTest name="TestCase_356" id="00000000-0000-0000-0000-000000000356"><Execution id="00000000-0000-0000-0000-000000000356" /><TestMethod codeBase="Dummy.dll" adapterTypeName="MSTestAdapter" className="DummyTests" name="TestCase_356" /></UnitTest>
    <UnitTest name="TestCase_357" id="00000000-0000-0000-0000-000000000357"><Execution id="00000000-0000-0000-0000-000000000357" /><TestMethod codeBase="Dummy.dll" adapterTypeName="MSTestAdapter" className="DummyTests" name="TestCase_357" /></UnitTest>
    <UnitTest name="TestCase_358" id="00000000-0000-0000-0000-000000000358"><Execution id="00000000-0000-0000-0000-000000000358" /><TestMethod codeBase="Dummy.dll" adapterTypeName="MSTestAdapter" className="DummyTests" name="TestCase_358" /></UnitTest>
    <UnitTest name="TestCase_359" id="00000000-0000-0000-0000-000000000359"><Execution id="00000000-0000-0000-0000-000000000359" /><TestMethod codeBase="Dummy.dll" adapterTypeName="MSTestAdapter" className="DummyTests" name="TestCase_359" /></UnitTest>
    <UnitTest name="TestCase_360" id="00000000-0000-0000-0000-000000000360"><Execution id="00000000-0000-0000-0000-000000000360" /><TestMethod codeBase="Dummy.dll" adapterTypeName="MSTestAdapter" className="DummyTests" name="TestCase_360" /></UnitTest>
    <UnitTest name="TestCase_361" id="00000000-0000-0000-0000-000000000361"><Execution id="00000000-0000-0000-0000-000000000361" /><TestMethod codeBase="Dummy.dll" adapterTypeName="MSTestAdapter" className="DummyTests" name="TestCase_361" /></UnitTest>
    <UnitTest name="TestCase_362" id="00000000-0000-0000-0000-000000000362"><Execution id="00000000-0000-0000-0000-000000000362" /><TestMethod codeBase="Dummy.dll" adapterTypeName="MSTestAdapter" className="DummyTests" name="TestCase_362" /></UnitTest>
    <UnitTest name="TestCase_363" id="00000000-0000-0000-0000-000000000363"><Execution id="00000000-0000-0000-0000-000000000363" /><TestMethod codeBase="Dummy.dll" adapterTypeName="MSTestAdapter" className="DummyTests" name="TestCase_363" /></UnitTest>
    <UnitTest name="TestCase_364" id="00000000-0000-0000-0000-000000000364"><Execution id="00000000-0000-0000-0000-000000000364" /><TestMethod codeBase="Dummy.dll" adapterTypeName="MSTestAdapter" className="DummyTests" name="TestCase_364" /></UnitTest>
    <UnitTest name="TestCase_365" id="00000000-0000-0000-0000-000000000365"><Execution id="00000000-0000-0000-0000-000000000365" /><TestMethod codeBase="Dummy.dll" adapterTypeName="MSTestAdapter" className="DummyTests" name="TestCase_365" /></UnitTest>
    <UnitTest name="TestCase_366" id="00000000-0000-0000-0000-000000000366"><Execution id="00000000-0000-0000-0000-000000000366" /><TestMethod codeBase="Dummy.dll" adapterTypeName="MSTestAdapter" className="DummyTests" name="TestCase_366" /></UnitTest>
    <UnitTest name="TestCase_367" id="00000000-0000-0000-0000-000000000367"><Execution id="00000000-0000-0000-0000-000000000367" /><TestMethod codeBase="Dummy.dll" adapterTypeName="MSTestAdapter" className="DummyTests" name="TestCase_367" /></UnitTest>
    <UnitTest name="TestCase_368" id="00000000-0000-0000-0000-000000000368"><Execution id="00000000-0000-0000-0000-000000000368" /><TestMethod codeBase="Dummy.dll" adapterTypeName="MSTestAdapter" className="DummyTests" name="TestCase_368" /></UnitTest>
    <UnitTest name="TestCase_369" id="00000000-0000-0000-0000-000000000369"><Execution id="00000000-0000-0000-0000-000000000369" /><TestMethod codeBase="Dummy.dll" adapterTypeName="MSTestAdapter" className="DummyTests" name="TestCase_369" /></UnitTest>
    <UnitTest name="TestCase_370" id="00000000-0000-0000-0000-000000000370"><Execution id="00000000-0000-0000-0000-000000000370" /><TestMethod codeBase="Dummy.dll" adapterTypeName="MSTestAdapter" className="DummyTests" name="TestCase_370" /></UnitTest>
    <UnitTest name="TestCase_371" id="00000000-0000-0000-0000-000000000371"><Execution id="00000000-0000-0000-0000-000000000371" /><TestMethod codeBase="Dummy.dll" adapterTypeName="MSTestAdapter" className="DummyTests" name="TestCase_371" /></UnitTest>
    <UnitTest name="TestCase_372" id="00000000-0000-0000-0000-000000000372"><Execution id="00000000-0000-0000-0000-000000000372" /><TestMethod codeBase="Dummy.dll" adapterTypeName="MSTestAdapter" className="DummyTests" name="TestCase_372" /></UnitTest>
    <UnitTest name="TestCase_373" id="00000000-0000-0000-0000-000000000373"><Execution id="00000000-0000-0000-0000-000000000373" /><TestMethod codeBase="Dummy.dll" adapterTypeName="MSTestAdapter" className="DummyTests" name="TestCase_373" /></UnitTest>
    <UnitTest name="TestCase_374" id="00000000-0000-0000-0000-000000000374"><Execution id="00000000-0000-0000-0000-000000000374" /><TestMethod codeBase="Dummy.dll" adapterTypeName="MSTestAdapter" className="DummyTests" name="TestCase_374" /></UnitTest>
    <UnitTest name="TestCase_375" id="00000000-0000-0000-0000-000000000375"><Execution id="00000000-0000-0000-0000-000000000375" /><TestMethod codeBase="Dummy.dll" adapterTypeName="MSTestAdapter" className="DummyTests" name="TestCase_375" /></UnitTest>
    <UnitTest name="TestCase_376" id="00000000-0000-0000-0000-000000000376"><Execution id="00000000-0000-0000-0000-000000000376" /><TestMethod codeBase="Dummy.dll" adapterTypeName="MSTestAdapter" className="DummyTests" name="TestCase_376" /></UnitTest>
    <UnitTest name="TestCase_377" id="00000000-0000-0000-0000-000000000377"><Execution id="00000000-0000-0000-0000-000000000377" /><TestMethod codeBase="Dummy.dll" adapterTypeName="MSTestAdapter" className="DummyTests" name="TestCase_377" /></UnitTest>
    <UnitTest name="TestCase_378" id="00000000-0000-0000-0000-000000000378"><Execution id="00000000-0000-0000-0000-000000000378" /><TestMethod codeBase="Dummy.dll" adapterTypeName="MSTestAdapter" className="DummyTests" name="TestCase_378" /></UnitTest>
    <UnitTest name="TestCase_379" id="00000000-0000-0000-0000-000000000379"><Execution id="00000000-0000-0000-0000-000000000379" /><TestMethod codeBase="Dummy.dll" adapterTypeName="MSTestAdapter" className="DummyTests" name="TestCase_379" /></UnitTest>
    <UnitTest name="TestCase_380" id="00000000-0000-0000-0000-000000000380"><Execution id="00000000-0000-0000-0000-000000000380" /><TestMethod codeBase="Dummy.dll" adapterTypeName="MSTestAdapter" className="DummyTests" name="TestCase_380" /></UnitTest>
    <UnitTest name="TestCase_381" id="00000000-0000-0000-0000-000000000381"><Execution id="00000000-0000-0000-0000-000000000381" /><TestMethod codeBase="Dummy.dll" adapterTypeName="MSTestAdapter" className="DummyTests" name="TestCase_381" /></UnitTest>
    <UnitTest name="TestCase_382" id="00000000-0000-0000-0000-000000000382"><Execution id="00000000-0000-0000-0000-000000000382" /><TestMethod codeBase="Dummy.dll" adapterTypeName="MSTestAdapter" className="DummyTests" name="TestCase_382" /></UnitTest>
    <UnitTest name="TestCase_383" id="00000000-0000-0000-0000-000000000383"><Execution id="00000000-0000-0000-0000-000000000383" /><TestMethod codeBase="Dummy.dll" adapterTypeName="MSTestAdapter" className="DummyTests" name="TestCase_383" /></UnitTest>
    <UnitTest name="TestCase_384" id="00000000-0000-0000-0000-000000000384"><Execution id="00000000-0000-0000-0000-000000000384" /><TestMethod codeBase="Dummy.dll" adapterTypeName="MSTestAdapter" className="DummyTests" name="TestCase_384" /></UnitTest>
    <UnitTest name="TestCase_385" id="00000000-0000-0000-0000-000000000385"><Execution id="00000000-0000-0000-0000-000000000385" /><TestMethod codeBase="Dummy.dll" adapterTypeName="MSTestAdapter" className="DummyTests" name="TestCase_385" /></UnitTest>
    <UnitTest name="TestCase_386" id="00000000-0000-0000-0000-000000000386"><Execution id="00000000-0000-0000-0000-000000000386" /><TestMethod codeBase="Dummy.dll" adapterTypeName="MSTestAdapter" className="DummyTests" name="TestCase_386" /></UnitTest>
    <UnitTest name="TestCase_387" id="00000000-0000-0000-0000-000000000387"><Execution id="00000000-0000-0000-0000-000000000387" /><TestMethod codeBase="Dummy.dll" adapterTypeName="MSTestAdapter" className="DummyTests" name="TestCase_387" /></UnitTest>
    <UnitTest name="TestCase_388" id="00000000-0000-0000-0000-000000000388"><Execution id="00000000-0000-0000-0000-000000000388" /><TestMethod codeBase="Dummy.dll" adapterTypeName="MSTestAdapter" className="DummyTests" name="TestCase_388" /></UnitTest>
    <UnitTest name="TestCase_389" id="00000000-0000-0000-0000-000000000389"><Execution id="00000000-0000-0000-0000-000000000389" /><TestMethod codeBase="Dummy.dll" adapterTypeName="MSTestAdapter" className="DummyTests" name="TestCase_389" /></UnitTest>
    <UnitTest name="TestCase_390" id="00000000-0000-0000-0000-000000000390"><Execution id="00000000-0000-0000-0000-000000000390" /><TestMethod codeBase="Dummy.dll" adapterTypeName="MSTestAdapter" className="DummyTests" name="TestCase_390" /></UnitTest>
    <UnitTest name="TestCase_391" id="00000000-0000-0000-0000-000000000391"><Execution id="00000000-0000-0000-0000-000000000391" /><TestMethod codeBase="Dummy.dll" adapterTypeName="MSTestAdapter" className="DummyTests" name="TestCase_391" /></UnitTest>
    <UnitTest name="TestCase_392" id="00000000-0000-0000-0000-000000000392"><Execution id="00000000-0000-0000-0000-000000000392" /><TestMethod codeBase="Dummy.dll" adapterTypeName="MSTestAdapter" className="DummyTests" name="TestCase_392" /></UnitTest>
    <UnitTest name="TestCase_393" id="00000000-0000-0000-0000-000000000393"><Execution id="00000000-0000-0000-0000-000000000393" /><TestMethod codeBase="Dummy.dll" adapterTypeName="MSTestAdapter" className="DummyTests" name="TestCase_393" /></UnitTest>
    <UnitTest name="TestCase_394" id="00000000-0000-0000-0000-000000000394"><Execution id="00000000-0000-0000-0000-000000000394" /><TestMethod codeBase="Dummy.dll" adapterTypeName="MSTestAdapter" className="DummyTests" name="TestCase_394" /></UnitTest>
    <UnitTest name="TestCase_395" id="00000000-0000-0000-0000-000000000395"><Execution id="00000000-0000-0000-0000-000000000395" /><TestMethod codeBase="Dummy.dll" adapterTypeName="MSTestAdapter" className="DummyTests" name="TestCase_395" /></UnitTest>
    <UnitTest name="TestCase_396" id="00000000-0000-0000-0000-000000000396"><Execution id="00000000-0000-0000-0000-000000000396" /><TestMethod codeBase="Dummy.dll" adapterTypeName="MSTestAdapter" className="DummyTests" name="TestCase_396" /></UnitTest>
    <UnitTest name="TestCase_397" id="00000000-0000-0000-0000-000000000397"><Execution id="00000000-0000-0000-0000-000000000397" /><TestMethod codeBase="Dummy.dll" adapterTypeName="MSTestAdapter" className="DummyTests" name="TestCase_397" /></UnitTest>
    <UnitTest name="TestCase_398" id="00000000-0000-0000-0000-000000000398"><Execution id="00000000-0000-0000-0000-000000000398" /><TestMethod codeBase="Dummy.dll" adapterTypeName="MSTestAdapter" className="DummyTests" name="TestCase_398" /></UnitTest>
    <UnitTest name="TestCase_399" id="00000000-0000-0000-0000-000000000399"><Execution id="00000000-0000-0000-0000-000000000399" /><TestMethod codeBase="Dummy.dll" adapterTypeName="MSTestAdapter" className="DummyTests" name="TestCase_399" /></UnitTest>
    <UnitTest name="TestCase_400" id="00000000-0000-0000-0000-000000000400"><Execution id="00000000-0000-0000-0000-000000000400" /><TestMethod codeBase="Dummy.dll" adapterTypeName="MSTestAdapter" className="DummyTests" name="TestCase_400" /></UnitTest>
    <UnitTest name="TestCase_401" id="00000000-0000-0000-0000-000000000401"><Execution id="00000000-0000-0000-0000-000000000401" /><TestMethod codeBase="Dummy.dll" adapterTypeName="MSTestAdapter" className="DummyTests" name="TestCase_401" /></UnitTest>
    <UnitTest name="TestCase_402" id="00000000-0000-0000-0000-000000000402"><Execution id="00000000-0000-0000-0000-000000000402" /><TestMethod codeBase="Dummy.dll" adapterTypeName="MSTestAdapter" className="DummyTests" name="TestCase_402" /></UnitTest>
    <UnitTest name="TestCase_403" id="00000000-0000-0000-0000-000000000403"><Execution id="00000000-0000-0000-0000-000000000403" /><TestMethod codeBase="Dummy.dll" adapterTypeName="MSTestAdapter" className="DummyTests" name="TestCase_403" /></UnitTest>
    <UnitTest name="TestCase_404" id="00000000-0000-0000-0000-000000000404"><Execution id="00000000-0000-0000-0000-000000000404" /><TestMethod codeBase="Dummy.dll" adapterTypeName="MSTestAdapter" className="DummyTests" name="TestCase_404" /></UnitTest>
    <UnitTest name="TestCase_405" id="00000000-0000-0000-0000-000000000405"><Execution id="00000000-0000-0000-0000-000000000405" /><TestMethod codeBase="Dummy.dll" adapterTypeName="MSTestAdapter" className="DummyTests" name="TestCase_405" /></UnitTest>
    <UnitTest name="TestCase_406" id="00000000-0000-0000-0000-000000000406"><Execution id="00000000-0000-0000-0000-000000000406" /><TestMethod codeBase="Dummy.dll" adapterTypeName="MSTestAdapter" className="DummyTests" name="TestCase_406" /></UnitTest>
    <UnitTest name="TestCase_407" id="00000000-0000-0000-0000-000000000407"><Execution id="00000000-0000-0000-0000-000000000407" /><TestMethod codeBase="Dummy.dll" adapterTypeName="MSTestAdapter" className="DummyTests" name="TestCase_407" /></UnitTest>
    <UnitTest name="TestCase_408" id="00000000-0000-0000-0000-000000000408"><Execution id="00000000-0000-0000-0000-000000000408" /><TestMethod codeBase="Dummy.dll" adapterTypeName="MSTestAdapter" className="DummyTests" name="TestCase_408" /></UnitTest>
    <UnitTest name="TestCase_409" id="00000000-0000-0000-0000-000000000409"><Execution id="00000000-0000-0000-0000-000000000409" /><TestMethod codeBase="Dummy.dll" adapterTypeName="MSTestAdapter" className="DummyTests" name="TestCase_409" /></UnitTest>
    <UnitTest name="TestCase_410" id="00000000-0000-0000-0000-000000000410"><Execution id="00000000-0000-0000-0000-000000000410" /><TestMethod codeBase="Dummy.dll" adapterTypeName="MSTestAdapter" className="DummyTests" name="TestCase_410" /></UnitTest>
    <UnitTest name="TestCase_411" id="00000000-0000-0000-0000-000000000411"><Execution id="00000000-0000-0000-0000-000000000411" /><TestMethod codeBase="Dummy.dll" adapterTypeName="MSTestAdapter" className="DummyTests" name="TestCase_411" /></UnitTest>
    <UnitTest name="TestCase_412" id="00000000-0000-0000-0000-000000000412"><Execution id="00000000-0000-0000-0000-000000000412" /><TestMethod codeBase="Dummy.dll" adapterTypeName="MSTestAdapter" className="DummyTests" name="TestCase_412" /></UnitTest>
    <UnitTest name="TestCase_413" id="00000000-0000-0000-0000-000000000413"><Execution id="00000000-0000-0000-0000-000000000413" /><TestMethod codeBase="Dummy.dll" adapterTypeName="MSTestAdapter" className="DummyTests" name="TestCase_413" /></UnitTest>
    <UnitTest name="TestCase_414" id="00000000-0000-0000-0000-000000000414"><Execution id="00000000-0000-0000-0000-000000000414" /><TestMethod codeBase="Dummy.dll" adapterTypeName="MSTestAdapter" className="DummyTests" name="TestCase_414" /></UnitTest>
    <UnitTest name="TestCase_415" id="00000000-0000-0000-0000-000000000415"><Execution id="00000000-0000-0000-0000-000000000415" /><TestMethod codeBase="Dummy.dll" adapterTypeName="MSTestAdapter" className="DummyTests" name="TestCase_415" /></UnitTest>
    <UnitTest name="TestCase_416" id="00000000-0000-0000-0000-000000000416"><Execution id="00000000-0000-0000-0000-000000000416" /><TestMethod codeBase="Dummy.dll" adapterTypeName="MSTestAdapter" className="DummyTests" name="TestCase_416" /></UnitTest>
    <UnitTest name="TestCase_417" id="00000000-0000-0000-0000-000000000417"><Execution id="00000000-0000-0000-0000-000000000417" /><TestMethod codeBase="Dummy.dll" adapterTypeName="MSTestAdapter" className="DummyTests" name="TestCase_417" /></UnitTest>
    <UnitTest name="TestCase_418" id="00000000-0000-0000-0000-000000000418"><Execution id="00000000-0000-0000-0000-000000000418" /><TestMethod codeBase="Dummy.dll" adapterTypeName="MSTestAdapter" className="DummyTests" name="TestCase_418" /></UnitTest>
    <UnitTest name="TestCase_419" id="00000000-0000-0000-0000-000000000419"><Execution id="00000000-0000-0000-0000-000000000419" /><TestMethod codeBase="Dummy.dll" adapterTypeName="MSTestAdapter" className="DummyTests" name="TestCase_419" /></UnitTest>
    <UnitTest name="TestCase_420" id="00000000-0000-0000-0000-000000000420"><Execution id="00000000-0000-0000-0000-000000000420" /><TestMethod codeBase="Dummy.dll" adapterTypeName="MSTestAdapter" className="DummyTests" name="TestCase_420" /></UnitTest>
    <UnitTest name="TestCase_421" id="00000000-0000-0000-0000-000000000421"><Execution id="00000000-0000-0000-0000-000000000421" /><TestMethod codeBase="Dummy.dll" adapterTypeName="MSTestAdapter" className="DummyTests" name="TestCase_421" /></UnitTest>
    <UnitTest name="TestCase_422" id="00000000-0000-0000-0000-000000000422"><Execution id="00000000-0000-0000-0000-000000000422" /><TestMethod codeBase="Dummy.dll" adapterTypeName="MSTestAdapter" className="DummyTests" name="TestCase_422" /></UnitTest>
    <UnitTest name="TestCase_423" id="00000000-0000-0000-0000-000000000423"><Execution id="00000000-0000-0000-0000-000000000423" /><TestMethod codeBase="Dummy.dll" adapterTypeName="MSTestAdapter" className="DummyTests" name="TestCase_423" /></UnitTest>
    <UnitTest name="TestCase_424" id="00000000-0000-0000-0000-000000000424"><Execution id="00000000-0000-0000-0000-000000000424" /><TestMethod codeBase="Dummy.dll" adapterTypeName="MSTestAdapter" className="DummyTests" name="TestCase_424" /></UnitTest>
    <UnitTest name="TestCase_425" id="00000000-0000-0000-0000-000000000425"><Execution id="00000000-0000-0000-0000-000000000425" /><TestMethod codeBase="Dummy.dll" adapterTypeName="MSTestAdapter" className="DummyTests" name="TestCase_425" /></UnitTest>
    <UnitTest name="TestCase_426" id="00000000-0000-0000-0000-000000000426"><Execution id="00000000-0000-0000-0000-000000000426" /><TestMethod codeBase="Dummy.dll" adapterTypeName="MSTestAdapter" className="DummyTests" name="TestCase_426" /></UnitTest>
    <UnitTest name="TestCase_427" id="00000000-0000-0000-0000-000000000427"><Execution id="00000000-0000-0000-0000-000000000427" /><TestMethod codeBase="Dummy.dll" adapterTypeName="MSTestAdapter" className="DummyTests" name="TestCase_427" /></UnitTest>
    <UnitTest name="TestCase_428" id="00000000-0000-0000-0000-000000000428"><Execution id="00000000-0000-0000-0000-000000000428" /><TestMethod codeBase="Dummy.dll" adapterTypeName="MSTestAdapter" className="DummyTests" name="TestCase_428" /></UnitTest>
    <UnitTest name="TestCase_429" id="00000000-0000-0000-0000-000000000429"><Execution id="00000000-0000-0000-0000-000000000429" /><TestMethod codeBase="Dummy.dll" adapterTypeName="MSTestAdapter" className="DummyTests" name="TestCase_429" /></UnitTest>
    <UnitTest name="TestCase_430" id="00000000-0000-0000-0000-000000000430"><Execution id="00000000-0000-0000-0000-000000000430" /><TestMethod codeBase="Dummy.dll" adapterTypeName="MSTestAdapter" className="DummyTests" name="TestCase_430" /></UnitTest>
    <UnitTest name="TestCase_431" id="00000000-0000-0000-0000-000000000431"><Execution id="00000000-0000-0000-0000-000000000431" /><TestMethod codeBase="Dummy.dll" adapterTypeName="MSTestAdapter" className="DummyTests" name="TestCase_431" /></UnitTest>
    <UnitTest name="TestCase_432" id="00000000-0000-0000-0000-000000000432"><Execution id="00000000-0000-0000-0000-000000000432" /><TestMethod codeBase="Dummy.dll" adapterTypeName="MSTestAdapter" className="DummyTests" name="TestCase_432" /></UnitTest>
    <UnitTest name="TestCase_433" id="00000000-0000-0000-0000-000000000433"><Execution id="00000000-0000-0000-0000-000000000433" /><TestMethod codeBase="Dummy.dll" adapterTypeName="MSTestAdapter" className="DummyTests" name="TestCase_433" /></UnitTest>
    <UnitTest name="TestCase_434" id="00000000-0000-0000-0000-000000000434"><Execution id="00000000-0000-0000-0000-000000000434" /><TestMethod codeBase="Dummy.dll" adapterTypeName="MSTestAdapter" className="DummyTests" name="TestCase_434" /></UnitTest>
    <UnitTest name="TestCase_435" id="00000000-0000-0000-0000-000000000435"><Execution id="00000000-0000-0000-0000-000000000435" /><TestMethod codeBase="Dummy.dll" adapterTypeName="MSTestAdapter" className="DummyTests" name="TestCase_435" /></UnitTest>
    <UnitTest name="TestCase_436" id="00000000-0000-0000-0000-000000000436"><Execution id="00000000-0000-0000-0000-000000000436" /><TestMethod codeBase="Dummy.dll" adapterTypeName="MSTestAdapter" className="DummyTests" name="TestCase_436" /></UnitTest>
    <UnitTest name="TestCase_437" id="00000000-0000-0000-0000-000000000437"><Execution id="00000000-0000-0000-0000-000000000437" /><TestMethod codeBase="Dummy.dll" adapterTypeName="MSTestAdapter" className="DummyTests" name="TestCase_437" /></UnitTest>
    <UnitTest name="TestCase_438" id="00000000-0000-0000-0000-000000000438"><Execution id="00000000-0000-0000-0000-000000000438" /><TestMethod codeBase="Dummy.dll" adapterTypeName="MSTestAdapter" className="DummyTests" name="TestCase_438" /></UnitTest>
    <UnitTest name="TestCase_439" id="00000000-0000-0000-0000-000000000439"><Execution id="00000000-0000-0000-0000-000000000439" /><TestMethod codeBase="Dummy.dll" adapterTypeName="MSTestAdapter" className="DummyTests" name="TestCase_439" /></UnitTest>
    <UnitTest name="TestCase_440" id="00000000-0000-0000-0000-000000000440"><Execution id="00000000-0000-0000-0000-000000000440" /><TestMethod codeBase="Dummy.dll" adapterTypeName="MSTestAdapter" className="DummyTests" name="TestCase_440" /></UnitTest>
    <UnitTest name="TestCase_441" id="00000000-0000-0000-0000-000000000441"><Execution id="00000000-0000-0000-0000-000000000441" /><TestMethod codeBase="Dummy.dll" adapterTypeName="MSTestAdapter" className="DummyTests" name="TestCase_441" /></UnitTest>
    <UnitTest name="TestCase_442" id="00000000-0000-0000-0000-000000000442"><Execution id="00000000-0000-0000-0000-000000000442" /><TestMethod codeBase="Dummy.dll" adapterTypeName="MSTestAdapter" className="DummyTests" name="TestCase_442" /></UnitTest>
    <UnitTest name="TestCase_443" id="00000000-0000-0000-0000-000000000443"><Execution id="00000000-0000-0000-0000-000000000443" /><TestMethod codeBase="Dummy.dll" adapterTypeName="MSTestAdapter" className="DummyTests" name="TestCase_443" /></UnitTest>
    <UnitTest name="TestCase_444" id="00000000-0000-0000-0000-000000000444"><Execution id="00000000-0000-0000-0000-000000000444" /><TestMethod codeBase="Dummy.dll" adapterTypeName="MSTestAdapter" className="DummyTests" name="TestCase_444" /></UnitTest>
    <UnitTest name="TestCase_445" id="00000000-0000-0000-0000-000000000445"><Execution id="00000000-0000-0000-0000-000000000445" /><TestMethod codeBase="Dummy.dll" adapterTypeName="MSTestAdapter" className="DummyTests" name="TestCase_445" /></UnitTest>
    <UnitTest name="TestCase_446" id="00000000-0000-0000-0000-000000000446"><Execution id="00000000-0000-0000-0000-000000000446" /><TestMethod codeBase="Dummy.dll" adapterTypeName="MSTestAdapter" className="DummyTests" name="TestCase_446" /></UnitTest>
    <UnitTest name="TestCase_447" id="00000000-0000-0000-0000-000000000447"><Execution id="00000000-0000-0000-0000-000000000447" /><TestMethod codeBase="Dummy.dll" adapterTypeName="MSTestAdapter" className="DummyTests" name="TestCase_447" /></UnitTest>
    <UnitTest name="TestCase_448" id="00000000-0000-0000-0000-000000000448"><Execution id="00000000-0000-0000-0000-000000000448" /><TestMethod codeBase="Dummy.dll" adapterTypeName="MSTestAdapter" className="DummyTests" name="TestCase_448" /></UnitTest>
    <UnitTest name="TestCase_449" id="00000000-0000-0000-0000-000000000449"><Execution id="00000000-0000-0000-0000-000000000449" /><TestMethod codeBase="Dummy.dll" adapterTypeName="MSTestAdapter" className="DummyTests" name="TestCase_449" /></UnitTest>
    <UnitTest name="TestCase_450" id="00000000-0000-0000-0000-000000000450"><Execution id="00000000-0000-0000-0000-000000000450" /><TestMethod codeBase="Dummy.dll" adapterTypeName="MSTestAdapter" className="DummyTests" name="TestCase_450" /></UnitTest>
    <UnitTest name="TestCase_451" id="00000000-0000-0000-0000-000000000451"><Execution id="00000000-0000-0000-0000-000000000451" /><TestMethod codeBase="Dummy.dll" adapterTypeName="MSTestAdapter" className="DummyTests" name="TestCase_451" /></UnitTest>
    <UnitTest name="TestCase_452" id="00000000-0000-0000-0000-000000000452"><Execution id="00000000-0000-0000-0000-000000000452" /><TestMethod codeBase="Dummy.dll" adapterTypeName="MSTestAdapter" className="DummyTests" name="TestCase_452" /></UnitTest>
    <UnitTest name="TestCase_453" id="00000000-0000-0000-0000-000000000453"><Execution id="00000000-0000-0000-0000-000000000453" /><TestMethod codeBase="Dummy.dll" adapterTypeName="MSTestAdapter" className="DummyTests" name="TestCase_453" /></UnitTest>
    <UnitTest name="TestCase_454" id="00000000-0000-0000-0000-000000000454"><Execution id="00000000-0000-0000-0000-000000000454" /><TestMethod codeBase="Dummy.dll" adapterTypeName="MSTestAdapter" className="DummyTests" name="TestCase_454" /></UnitTest>
    <UnitTest name="TestCase_455" id="00000000-0000-0000-0000-000000000455"><Execution id="00000000-0000-0000-0000-000000000455" /><TestMethod codeBase="Dummy.dll" adapterTypeName="MSTestAdapter" className="DummyTests" name="TestCase_455" /></UnitTest>
    <UnitTest name="TestCase_456" id="00000000-0000-0000-0000-000000000456"><Execution id="00000000-0000-0000-0000-000000000456" /><TestMethod codeBase="Dummy.dll" adapterTypeName="MSTestAdapter" className="DummyTests" name="TestCase_456" /></UnitTest>
    <UnitTest name="TestCase_457" id="00000000-0000-0000-0000-000000000457"><Execution id="00000000-0000-0000-0000-000000000457" /><TestMethod codeBase="Dummy.dll" adapterTypeName="MSTestAdapter" className="DummyTests" name="TestCase_457" /></UnitTest>
    <UnitTest name="TestCase_458" id="00000000-0000-0000-0000-000000000458"><Execution id="00000000-0000-0000-0000-000000000458" /><TestMethod codeBase="Dummy.dll" adapterTypeName="MSTestAdapter" className="DummyTests" name="TestCase_458" /></UnitTest>
    <UnitTest name="TestCase_459" id="00000000-0000-0000-0000-000000000459"><Execution id="00000000-0000-0000-0000-000000000459" /><TestMethod codeBase="Dummy.dll" adapterTypeName="MSTestAdapter" className="DummyTests" name="TestCase_459" /></UnitTest>
    <UnitTest name="TestCase_460" id="00000000-0000-0000-0000-000000000460"><Execution id="00000000-0000-0000-0000-000000000460" /><TestMethod codeBase="Dummy.dll" adapterTypeName="MSTestAdapter" className="DummyTests" name="TestCase_460" /></UnitTest>
    <UnitTest name="TestCase_461" id="00000000-0000-0000-0000-000000000461"><Execution id="00000000-0000-0000-0000-000000000461" /><TestMethod codeBase="Dummy.dll" adapterTypeName="MSTestAdapter" className="DummyTests" name="TestCase_461" /></UnitTest>
    <UnitTest name="TestCase_462" id="00000000-0000-0000-0000-000000000462"><Execution id="00000000-0000-0000-0000-000000000462" /><TestMethod codeBase="Dummy.dll" adapterTypeName="MSTestAdapter" className="DummyTests" name="TestCase_462" /></UnitTest>
    <UnitTest name="TestCase_463" id="00000000-0000-0000-0000-000000000463"><Execution id="00000000-0000-0000-0000-000000000463" /><TestMethod codeBase="Dummy.dll" adapterTypeName="MSTestAdapter" className="DummyTests" name="TestCase_463" /></UnitTest>
    <UnitTest name="TestCase_464" id="00000000-0000-0000-0000-000000000464"><Execution id="00000000-0000-0000-0000-000000000464" /><TestMethod codeBase="Dummy.dll" adapterTypeName="MSTestAdapter" className="DummyTests" name="TestCase_464" /></UnitTest>
    <UnitTest name="TestCase_465" id="00000000-0000-0000-0000-000000000465"><Execution id="00000000-0000-0000-0000-000000000465" /><TestMethod codeBase="Dummy.dll" adapterTypeName="MSTestAdapter" className="DummyTests" name="TestCase_465" /></UnitTest>
    <UnitTest name="TestCase_466" id="00000000-0000-0000-0000-000000000466"><Execution id="00000000-0000-0000-0000-000000000466" /><TestMethod codeBase="Dummy.dll" adapterTypeName="MSTestAdapter" className="DummyTests" name="TestCase_466" /></UnitTest>
    <UnitTest name="TestCase_467" id="00000000-0000-0000-0000-000000000467"><Execution id="00000000-0000-0000-0000-000000000467" /><TestMethod codeBase="Dummy.dll" adapterTypeName="MSTestAdapter" className="DummyTests" name="TestCase_467" /></UnitTest>
    <UnitTest name="TestCase_468" id="00000000-0000-0000-0000-000000000468"><Execution id="00000000-0000-0000-0000-000000000468" /><TestMethod codeBase="Dummy.dll" adapterTypeName="MSTestAdapter" className="DummyTests" name="TestCase_468" /></UnitTest>
    <UnitTest name="TestCase_469" id="00000000-0000-0000-0000-000000000469"><Execution id="00000000-0000-0000-0000-000000000469" /><TestMethod codeBase="Dummy.dll" adapterTypeName="MSTestAdapter" className="DummyTests" name="TestCase_469" /></UnitTest>
    <UnitTest name="TestCase_470" id="00000000-0000-0000-0000-000000000470"><Execution id="00000000-0000-0000-0000-000000000470" /><TestMethod codeBase="Dummy.dll" adapterTypeName="MSTestAdapter" className="DummyTests" name="TestCase_470" /></UnitTest>
    <UnitTest name="TestCase_471" id="00000000-0000-0000-0000-000000000471"><Execution id="00000000-0000-0000-0000-000000000471" /><TestMethod codeBase="Dummy.dll" adapterTypeName="MSTestAdapter" className="DummyTests" name="TestCase_471" /></UnitTest>
    <UnitTest name="TestCase_472" id="00000000-0000-0000-0000-000000000472"><Execution id="00000000-0000-0000-0000-000000000472" /><TestMethod codeBase="Dummy.dll" adapterTypeName="MSTestAdapter" className="DummyTests" name="TestCase_472" /></UnitTest>
    <UnitTest name="TestCase_473" id="00000000-0000-0000-0000-000000000473"><Execution id="00000000-0000-0000-0000-000000000473" /><TestMethod codeBase="Dummy.dll" adapterTypeName="MSTestAdapter" className="DummyTests" name="TestCase_473" /></UnitTest>
    <UnitTest name="TestCase_474" id="00000000-0000-0000-0000-000000000474"><Execution id="00000000-0000-0000-0000-000000000474" /><TestMethod codeBase="Dummy.dll" adapterTypeName="MSTestAdapter" className="DummyTests" name="TestCase_474" /></UnitTest>
    <UnitTest name="TestCase_475" id="00000000-0000-0000-0000-000000000475"><Execution id="00000000-0000-0000-0000-000000000475" /><TestMethod codeBase="Dummy.dll" adapterTypeName="MSTestAdapter" className="DummyTests" name="TestCase_475" /></UnitTest>
    <UnitTest name="TestCase_476" id="00000000-0000-0000-0000-000000000476"><Execution id="00000000-0000-0000-0000-000000000476" /><TestMethod codeBase="Dummy.dll" adapterTypeName="MSTestAdapter" className="DummyTests" name="TestCase_476" /></UnitTest>
    <UnitTest name="TestCase_477" id="00000000-0000-0000-0000-000000000477"><Execution id="00000000-0000-0000-0000-000000000477" /><TestMethod codeBase="Dummy.dll" adapterTypeName="MSTestAdapter" className="DummyTests" name="TestCase_477" /></UnitTest>
    <UnitTest name="TestCase_478" id="00000000-0000-0000-0000-000000000478"><Execution id="00000000-0000-0000-0000-000000000478" /><TestMethod codeBase="Dummy.dll" adapterTypeName="MSTestAdapter" className="DummyTests" name="TestCase_478" /></UnitTest>
    <UnitTest name="TestCase_479" id="00000000-0000-0000-0000-000000000479"><Execution id="00000000-0000-0000-0000-000000000479" /><TestMethod codeBase="Dummy.dll" adapterTypeName="MSTestAdapter" className="DummyTests" name="TestCase_479" /></UnitTest>
    <UnitTest name="TestCase_480" id="00000000-0000-0000-0000-000000000480"><Execution id="00000000-0000-0000-0000-000000000480" /><TestMethod codeBase="Dummy.dll" adapterTypeName="MSTestAdapter" className="DummyTests" name="TestCase_480" /></UnitTest>
    <UnitTest name="TestCase_481" id="00000000-0000-0000-0000-000000000481"><Execution id="00000000-0000-0000-0000-000000000481" /><TestMethod codeBase="Dummy.dll" adapterTypeName="MSTestAdapter" className="DummyTests" name="TestCase_481" /></UnitTest>
    <UnitTest name="TestCase_482" id="00000000-0000-0000-0000-000000000482"><Execution id="00000000-0000-0000-0000-000000000482" /><TestMethod codeBase="Dummy.dll" adapterTypeName="MSTestAdapter" className="DummyTests" name="TestCase_482" /></UnitTest>
    <UnitTest name="TestCase_483" id="00000000-0000-0000-0000-000000000483"><Execution id="00000000-0000-0000-0000-000000000483" /><TestMethod codeBase="Dummy.dll" adapterTypeName="MSTestAdapter" className="DummyTests" name="TestCase_483" /></UnitTest>
    <UnitTest name="TestCase_484" id="00000000-0000-0000-0000-000000000484"><Execution id="00000000-0000-0000-0000-000000000484" /><TestMethod codeBase="Dummy.dll" adapterTypeName="MSTestAdapter" className="DummyTests" name="TestCase_484" /></UnitTest>
    <UnitTest name="TestCase_485" id="00000000-0000-0000-0000-000000000485"><Execution id="00000000-0000-0000-0000-000000000485" /><TestMethod codeBase="Dummy.dll" adapterTypeName="MSTestAdapter" className="DummyTests" name="TestCase_485" /></UnitTest>
    <UnitTest name="TestCase_486" id="00000000-0000-0000-0000-000000000486"><Execution id="00000000-0000-0000-0000-000000000486" /><TestMethod codeBase="Dummy.dll" adapterTypeName="MSTestAdapter" className="DummyTests" name="TestCase_486" /></UnitTest>
    <UnitTest name="TestCase_487" id="00000000-0000-0000-0000-000000000487"><Execution id="00000000-0000-0000-0000-000000000487" /><TestMethod codeBase="Dummy.dll" adapterTypeName="MSTestAdapter" className="DummyTests" name="TestCase_487" /></UnitTest>
    <UnitTest name="TestCase_488" id="00000000-0000-0000-0000-000000000488"><Execution id="00000000-0000-0000-0000-000000000488" /><TestMethod codeBase="Dummy.dll" adapterTypeName="MSTestAdapter" className="DummyTests" name="TestCase_488" /></UnitTest>
    <UnitTest name="TestCase_489" id="00000000-0000-0000-0000-000000000489"><Execution id="00000000-0000-0000-0000-000000000489" /><TestMethod codeBase="Dummy.dll" adapterTypeName="MSTestAdapter" className="DummyTests" name="TestCase_489" /></UnitTest>
    <UnitTest name="TestCase_490" id="00000000-0000-0000-0000-000000000490"><Execution id="00000000-0000-0000-0000-000000000490" /><TestMethod codeBase="Dummy.dll" adapterTypeName="MSTestAdapter" className="DummyTests" name="TestCase_490" /></UnitTest>
    <UnitTest name="TestCase_491" id="00000000-0000-0000-0000-000000000491"><Execution id="00000000-0000-0000-0000-000000000491" /><TestMethod codeBase="Dummy.dll" adapterTypeName="MSTestAdapter" className="DummyTests" name="TestCase_491" /></UnitTest>
    <UnitTest name="TestCase_492" id="00000000-0000-0000-0000-000000000492"><Execution id="00000000-0000-0000-0000-000000000492" /><TestMethod codeBase="Dummy.dll" adapterTypeName="MSTestAdapter" className="DummyTests" name="TestCase_492" /></UnitTest>
    <UnitTest name="TestCase_493" id="00000000-0000-0000-0000-000000000493"><Execution id="00000000-0000-0000-0000-000000000493" /><TestMethod codeBase="Dummy.dll" adapterTypeName="MSTestAdapter" className="DummyTests" name="TestCase_493" /></UnitTest>
    <UnitTest name="TestCase_494" id="00000000-0000-0000-0000-000000000494"><Execution id="00000000-0000-0000-0000-000000000494" /><TestMethod codeBase="Dummy.dll" adapterTypeName="MSTestAdapter" className="DummyTests" name="TestCase_494" /></UnitTest>
    <UnitTest name="TestCase_495" id="00000000-0000-0000-0000-000000000495"><Execution id="00000000-0000-0000-0000-000000000495" /><TestMethod codeBase="Dummy.dll" adapterTypeName="MSTestAdapter" className="DummyTests" name="TestCase_495" /></UnitTest>
    <UnitTest name="TestCase_496" id="00000000-0000-0000-0000-000000000496"><Execution id="00000000-0000-0000-0000-000000000496" /><TestMethod codeBase="Dummy.dll" adapterTypeName="MSTestAdapter" className="DummyTests" name="TestCase_496" /></UnitTest>
    <UnitTest name="TestCase_497" id="00000000-0000-0000-0000-000000000497"><Execution id="00000000-0000-0000-0000-000000000497" /><TestMethod codeBase="Dummy.dll" adapterTypeName="MSTestAdapter" className="DummyTests" name="TestCase_497" /></UnitTest>
    <UnitTest name="TestCase_498" id="00000000-0000-0000-0000-000000000498"><Execution id="00000000-0000-0000-0000-000000000498" /><TestMethod codeBase="Dummy.dll" adapterTypeName="MSTestAdapter" className="DummyTests" name="TestCase_498" /></UnitTest>
    <UnitTest name="TestCase_499" id="00000000-0000-0000-0000-000000000499"><Execution id="00000000-0000-0000-0000-000000000499" /><TestMethod codeBase="Dummy.dll" adapterTypeName="MSTestAdapter" className="DummyTests" name="TestCase_499" /></UnitTest>
    <UnitTest name="TestCase_500" id="00000000-0000-0000-0000-000000000500"><Execution id="00000000-0000-0000-0000-000000000500" /><TestMethod codeBase="Dummy.dll" adapterTypeName="MSTestAdapter" className="DummyTests" name="TestCase_500" /></UnitTest>
    <UnitTest name="TestCase_501" id="00000000-0000-0000-0000-000000000501"><Execution id="00000000-0000-0000-0000-000000000501" /><TestMethod codeBase="Dummy.dll" adapterTypeName="MSTestAdapter" className="DummyTests" name="TestCase_501" /></UnitTest>
    <UnitTest name="TestCase_502" id="00000000-0000-0000-0000-000000000502"><Execution id="00000000-0000-0000-0000-000000000502" /><TestMethod codeBase="Dummy.dll" adapterTypeName="MSTestAdapter" className="DummyTests" name="TestCase_502" /></UnitTest>
    <UnitTest name="TestCase_503" id="00000000-0000-0000-0000-000000000503"><Execution id="00000000-0000-0000-0000-000000000503" /><TestMethod codeBase="Dummy.dll" adapterTypeName="MSTestAdapter" className="DummyTests" name="TestCase_503" /></UnitTest>
    <UnitTest name="TestCase_504" id="00000000-0000-0000-0000-000000000504"><Execution id="00000000-0000-0000-0000-000000000504" /><TestMethod codeBase="Dummy.dll" adapterTypeName="MSTestAdapter" className="DummyTests" name="TestCase_504" /></UnitTest>
    <UnitTest name="TestCase_505" id="00000000-0000-0000-0000-000000000505"><Execution id="00000000-0000-0000-0000-000000000505" /><TestMethod codeBase="Dummy.dll" adapterTypeName="MSTestAdapter" className="DummyTests" name="TestCase_505" /></UnitTest>
    <UnitTest name="TestCase_506" id="00000000-0000-0000-0000-000000000506"><Execution id="00000000-0000-0000-0000-000000000506" /><TestMethod codeBase="Dummy.dll" adapterTypeName="MSTestAdapter" className="DummyTests" name="TestCase_506" /></UnitTest>
    <UnitTest name="TestCase_507" id="00000000-0000-0000-0000-000000000507"><Execution id="00000000-0000-0000-0000-000000000507" /><TestMethod codeBase="Dummy.dll" adapterTypeName="MSTestAdapter" className="DummyTests" name="TestCase_507" /></UnitTest>
    <UnitTest name="TestCase_508" id="00000000-0000-0000-0000-000000000508"><Execution id="00000000-0000-0000-0000-000000000508" /><TestMethod codeBase="Dummy.dll" adapterTypeName="MSTestAdapter" className="DummyTests" name="TestCase_508" /></UnitTest>
    <UnitTest name="TestCase_509" id="00000000-0000-0000-0000-000000000509"><Execution id="00000000-0000-0000-0000-000000000509" /><TestMethod codeBase="Dummy.dll" adapterTypeName="MSTestAdapter" className="DummyTests" name="TestCase_509" /></UnitTest>
    <UnitTest name="TestCase_510" id="00000000-0000-0000-0000-000000000510"><Execution id="00000000-0000-0000-0000-000000000510" /><TestMethod codeBase="Dummy.dll" adapterTypeName="MSTestAdapter" className="DummyTests" name="TestCase_510" /></UnitTest>
    <UnitTest name="TestCase_511" id="00000000-0000-0000-0000-000000000511"><Execution id="00000000-0000-0000-0000-000000000511" /><TestMethod codeBase="Dummy.dll" adapterTypeName="MSTestAdapter" className="DummyTests" name="TestCase_511" /></UnitTest>
    <UnitTest name="TestCase_512" id="00000000-0000-0000-0000-000000000512"><Execution id="00000000-0000-0000-0000-000000000512" /><TestMethod codeBase="Dummy.dll" adapterTypeName="MSTestAdapter" className="DummyTests" name="TestCase_512" /></UnitTest>
    <UnitTest name="TestCase_513" id="00000000-0000-0000-0000-000000000513"><Execution id="00000000-0000-0000-0000-000000000513" /><TestMethod codeBase="Dummy.dll" adapterTypeName="MSTestAdapter" className="DummyTests" name="TestCase_513" /></UnitTest>
    <UnitTest name="TestCase_514" id="00000000-0000-0000-0000-000000000514"><Execution id="00000000-0000-0000-0000-000000000514" /><TestMethod codeBase="Dummy.dll" adapterTypeName="MSTestAdapter" className="DummyTests" name="TestCase_514" /></UnitTest>
    <UnitTest name="TestCase_515" id="00000000-0000-0000-0000-000000000515"><Execution id="00000000-0000-0000-0000-000000000515" /><TestMethod codeBase="Dummy.dll" adapterTypeName="MSTestAdapter" className="DummyTests" name="TestCase_515" /></UnitTest>
    <UnitTest name="TestCase_516" id="00000000-0000-0000-0000-000000000516"><Execution id="00000000-0000-0000-0000-000000000516" /><TestMethod codeBase="Dummy.dll" adapterTypeName="MSTestAdapter" className="DummyTests" name="TestCase_516" /></UnitTest>
    <UnitTest name="TestCase_517" id="00000000-0000-0000-0000-000000000517"><Execution id="00000000-0000-0000-0000-000000000517" /><TestMethod codeBase="Dummy.dll" adapterTypeName="MSTestAdapter" className="DummyTests" name="TestCase_517" /></UnitTest>
    <UnitTest name="TestCase_518" id="00000000-0000-0000-0000-000000000518"><Execution id="00000000-0000-0000-0000-000000000518" /><TestMethod codeBase="Dummy.dll" adapterTypeName="MSTestAdapter" className="DummyTests" name="TestCase_518" /></UnitTest>
    <UnitTest name="TestCase_519" id="00000000-0000-0000-0000-000000000519"><Execution id="00000000-0000-0000-0000-000000000519" /><TestMethod codeBase="Dummy.dll" adapterTypeName="MSTestAdapter" className="DummyTests" name="TestCase_519" /></UnitTest>
    <UnitTest name="TestCase_520" id="00000000-0000-0000-0000-000000000520"><Execution id="00000000-0000-0000-0000-000000000520" /><TestMethod codeBase="Dummy.dll" adapterTypeName="MSTestAdapter" className="DummyTests" name="TestCase_520" /></UnitTest>
    <UnitTest name="TestCase_521" id="00000000-0000-0000-0000-000000000521"><Execution id="00000000-0000-0000-0000-000000000521" /><TestMethod codeBase="Dummy.dll" adapterTypeName="MSTestAdapter" className="DummyTests" name="TestCase_521" /></UnitTest>
    <UnitTest name="TestCase_522" id="00000000-0000-0000-0000-000000000522"><Execution id="00000000-0000-0000-0000-000000000522" /><TestMethod codeBase="Dummy.dll" adapterTypeName="MSTestAdapter" className="DummyTests" name="TestCase_522" /></UnitTest>
    <UnitTest name="TestCase_523" id="00000000-0000-0000-0000-000000000523"><Execution id="00000000-0000-0000-0000-000000000523" /><TestMethod codeBase="Dummy.dll" adapterTypeName="MSTestAdapter" className="DummyTests" name="TestCase_523" /></UnitTest>
    <UnitTest name="TestCase_524" id="00000000-0000-0000-0000-000000000524"><Execution id="00000000-0000-0000-0000-000000000524" /><TestMethod codeBase="Dummy.dll" adapterTypeName="MSTestAdapter" className="DummyTests" name="TestCase_524" /></UnitTest>
    <UnitTest name="TestCase_525" id="00000000-0000-0000-0000-000000000525"><Execution id="00000000-0000-0000-0000-000000000525" /><TestMethod codeBase="Dummy.dll" adapterTypeName="MSTestAdapter" className="DummyTests" name="TestCase_525" /></UnitTest>
    <UnitTest name="TestCase_526" id="00000000-0000-0000-0000-000000000526"><Execution id="00000000-0000-0000-0000-000000000526" /><TestMethod codeBase="Dummy.dll" adapterTypeName="MSTestAdapter" className="DummyTests" name="TestCase_526" /></UnitTest>
    <UnitTest name="TestCase_527" id="00000000-0000-0000-0000-000000000527"><Execution id="00000000-0000-0000-0000-000000000527" /><TestMethod codeBase="Dummy.dll" adapterTypeName="MSTestAdapter" className="DummyTests" name="TestCase_527" /></UnitTest>
    <UnitTest name="TestCase_528" id="00000000-0000-0000-0000-000000000528"><Execution id="00000000-0000-0000-0000-000000000528" /><TestMethod codeBase="Dummy.dll" adapterTypeName="MSTestAdapter" className="DummyTests" name="TestCase_528" /></UnitTest>
    <UnitTest name="TestCase_529" id="00000000-0000-0000-0000-000000000529"><Execution id="00000000-0000-0000-0000-000000000529" /><TestMethod codeBase="Dummy.dll" adapterTypeName="MSTestAdapter" className="DummyTests" name="TestCase_529" /></UnitTest>
    <UnitTest name="TestCase_530" id="00000000-0000-0000-0000-000000000530"><Execution id="00000000-0000-0000-0000-000000000530" /><TestMethod codeBase="Dummy.dll" adapterTypeName="MSTestAdapter" className="DummyTests" name="TestCase_530" /></UnitTest>
    <UnitTest name="TestCase_531" id="00000000-0000-0000-0000-000000000531"><Execution id="00000000-0000-0000-0000-000000000531" /><TestMethod codeBase="Dummy.dll" adapterTypeName="MSTestAdapter" className="DummyTests" name="TestCase_531" /></UnitTest>
    <UnitTest name="TestCase_532" id="00000000-0000-0000-0000-000000000532"><Execution id="00000000-0000-0000-0000-000000000532" /><TestMethod codeBase="Dummy.dll" adapterTypeName="MSTestAdapter" className="DummyTests" name="TestCase_532" /></UnitTest>
    <UnitTest name="TestCase_533" id="00000000-0000-0000-0000-000000000533"><Execution id="00000000-0000-0000-0000-000000000533" /><TestMethod codeBase="Dummy.dll" adapterTypeName="MSTestAdapter" className="DummyTests" name="TestCase_533" /></UnitTest>
    <UnitTest name="TestCase_534" id="00000000-0000-0000-0000-000000000534"><Execution id="00000000-0000-0000-0000-000000000534" /><TestMethod codeBase="Dummy.dll" adapterTypeName="MSTestAdapter" className="DummyTests" name="TestCase_534" /></UnitTest>
    <UnitTest name="TestCase_535" id="00000000-0000-0000-0000-000000000535"><Execution id="00000000-0000-0000-0000-000000000535" /><TestMethod codeBase="Dummy.dll" adapterTypeName="MSTestAdapter" className="DummyTests" name="TestCase_535" /></UnitTest>
    <UnitTest name="TestCase_536" id="00000000-0000-0000-0000-000000000536"><Execution id="00000000-0000-0000-0000-000000000536" /><TestMethod codeBase="Dummy.dll" adapterTypeName="MSTestAdapter" className="DummyTests" name="TestCase_536" /></UnitTest>
    <UnitTest name="TestCase_537" id="00000000-0000-0000-0000-000000000537"><Execution id="00000000-0000-0000-0000-000000000537" /><TestMethod codeBase="Dummy.dll" adapterTypeName="MSTestAdapter" className="DummyTests" name="TestCase_537" /></UnitTest>
    <UnitTest name="TestCase_538" id="00000000-0000-0000-0000-000000000538"><Execution id="00000000-0000-0000-0000-000000000538" /><TestMethod codeBase="Dummy.dll" adapterTypeName="MSTestAdapter" className="DummyTests" name="TestCase_538" /></UnitTest>
    <UnitTest name="TestCase_539" id="00000000-0000-0000-0000-000000000539"><Execution id="00000000-0000-0000-0000-000000000539" /><TestMethod codeBase="Dummy.dll" adapterTypeName="MSTestAdapter" className="DummyTests" name="TestCase_539" /></UnitTest>
    <UnitTest name="TestCase_540" id="00000000-0000-0000-0000-000000000540"><Execution id="00000000-0000-0000-0000-000000000540" /><TestMethod codeBase="Dummy.dll" adapterTypeName="MSTestAdapter" className="DummyTests" name="TestCase_540" /></UnitTest>
    <UnitTest name="TestCase_541" id="00000000-0000-0000-0000-000000000541"><Execution id="00000000-0000-0000-0000-000000000541" /><TestMethod codeBase="Dummy.dll" adapterTypeName="MSTestAdapter" className="DummyTests" name="TestCase_541" /></UnitTest>
    <UnitTest name="TestCase_542" id="00000000-0000-0000-0000-000000000542"><Execution id="00000000-0000-0000-0000-000000000542" /><TestMethod codeBase="Dummy.dll" adapterTypeName="MSTestAdapter" className="DummyTests" name="TestCase_542" /></UnitTest>
    <UnitTest name="TestCase_543" id="00000000-0000-0000-0000-000000000543"><Execution id="00000000-0000-0000-0000-000000000543" /><TestMethod codeBase="Dummy.dll" adapterTypeName="MSTestAdapter" className="DummyTests" name="TestCase_543" /></UnitTest>
    <UnitTest name="TestCase_544" id="00000000-0000-0000-0000-000000000544"><Execution id="00000000-0000-0000-0000-000000000544" /><TestMethod codeBase="Dummy.dll" adapterTypeName="MSTestAdapter" className="DummyTests" name="TestCase_544" /></UnitTest>
    <UnitTest name="TestCase_545" id="00000000-0000-0000-0000-000000000545"><Execution id="00000000-0000-0000-0000-000000000545" /><TestMethod codeBase="Dummy.dll" adapterTypeName="MSTestAdapter" className="DummyTests" name="TestCase_545" /></UnitTest>
    <UnitTest name="TestCase_546" id="00000000-0000-0000-0000-000000000546"><Execution id="00000000-0000-0000-0000-000000000546" /><TestMethod codeBase="Dummy.dll" adapterTypeName="MSTestAdapter" className="DummyTests" name="TestCase_546" /></UnitTest>
    <UnitTest name="TestCase_547" id="00000000-0000-0000-0000-000000000547"><Execution id="00000000-0000-0000-0000-000000000547" /><TestMethod codeBase="Dummy.dll" adapterTypeName="MSTestAdapter" className="DummyTests" name="TestCase_547" /></UnitTest>
    <UnitTest name="TestCase_548" id="00000000-0000-0000-0000-000000000548"><Execution id="00000000-0000-0000-0000-000000000548" /><TestMethod codeBase="Dummy.dll" adapterTypeName="MSTestAdapter" className="DummyTests" name="TestCase_548" /></UnitTest>
    <UnitTest name="TestCase_549" id="00000000-0000-0000-0000-000000000549"><Execution id="00000000-0000-0000-0000-000000000549" /><TestMethod codeBase="Dummy.dll" adapterTypeName="MSTestAdapter" className="DummyTests" name="TestCase_549" /></UnitTest>
    <UnitTest name="TestCase_550" id="00000000-0000-0000-0000-000000000550"><Execution id="00000000-0000-0000-0000-000000000550" /><TestMethod codeBase="Dummy.dll" adapterTypeName="MSTestAdapter" className="DummyTests" name="TestCase_550" /></UnitTest>
    <UnitTest name="TestCase_551" id="00000000-0000-0000-0000-000000000551"><Execution id="00000000-0000-0000-0000-000000000551" /><TestMethod codeBase="Dummy.dll" adapterTypeName="MSTestAdapter" className="DummyTests" name="TestCase_551" /></UnitTest>
    <UnitTest name="TestCase_552" id="00000000-0000-0000-0000-000000000552"><Execution id="00000000-0000-0000-0000-000000000552" /><TestMethod codeBase="Dummy.dll" adapterTypeName="MSTestAdapter" className="DummyTests" name="TestCase_552" /></UnitTest>
    <UnitTest name="TestCase_553" id="00000000-0000-0000-0000-000000000553"><Execution id="00000000-0000-0000-0000-000000000553" /><TestMethod codeBase="Dummy.dll" adapterTypeName="MSTestAdapter" className="DummyTests" name="TestCase_553" /></UnitTest>
    <UnitTest name="TestCase_554" id="00000000-0000-0000-0000-000000000554"><Execution id="00000000-0000-0000-0000-000000000554" /><TestMethod codeBase="Dummy.dll" adapterTypeName="MSTestAdapter" className="DummyTests" name="TestCase_554" /></UnitTest>
    <UnitTest name="TestCase_555" id="00000000-0000-0000-0000-000000000555"><Execution id="00000000-0000-0000-0000-000000000555" /><TestMethod codeBase="Dummy.dll" adapterTypeName="MSTestAdapter" className="DummyTests" name="TestCase_555" /></UnitTest>
    <UnitTest name="TestCase_556" id="00000000-0000-0000-0000-000000000556"><Execution id="00000000-0000-0000-0000-000000000556" /><TestMethod codeBase="Dummy.dll" adapterTypeName="MSTestAdapter" className="DummyTests" name="TestCase_556" /></UnitTest>
    <UnitTest name="TestCase_557" id="00000000-0000-0000-0000-000000000557"><Execution id="00000000-0000-0000-0000-000000000557" /><TestMethod codeBase="Dummy.dll" adapterTypeName="MSTestAdapter" className="DummyTests" name="TestCase_557" /></UnitTest>
    <UnitTest name="TestCase_558" id="00000000-0000-0000-0000-000000000558"><Execution id="00000000-0000-0000-0000-000000000558" /><TestMethod codeBase="Dummy.dll" adapterTypeName="MSTestAdapter" className="DummyTests" name="TestCase_558" /></UnitTest>
    <UnitTest name="TestCase_559" id="00000000-0000-0000-0000-000000000559"><Execution id="00000000-0000-0000-0000-000000000559" /><TestMethod codeBase="Dummy.dll" adapterTypeName="MSTestAdapter" className="DummyTests" name="TestCase_559" /></UnitTest>
    <UnitTest name="TestCase_560" id="00000000-0000-0000-0000-000000000560"><Execution id="00000000-0000-0000-0000-000000000560" /><TestMethod codeBase="Dummy.dll" adapterTypeName="MSTestAdapter" className="DummyTests" name="TestCase_560" /></UnitTest>
    <UnitTest name="TestCase_561" id="00000000-0000-0000-0000-000000000561"><Execution id="00000000-0000-0000-0000-000000000561" /><TestMethod codeBase="Dummy.dll" adapterTypeName="MSTestAdapter" className="DummyTests" name="TestCase_561" /></UnitTest>
    <UnitTest name="TestCase_562" id="00000000-0000-0000-0000-000000000562"><Execution id="00000000-0000-0000-0000-000000000562" /><TestMethod codeBase="Dummy.dll" adapterTypeName="MSTestAdapter" className="DummyTests" name="TestCase_562" /></UnitTest>
    <UnitTest name="TestCase_563" id="00000000-0000-0000-0000-000000000563"><Execution id="00000000-0000-0000-0000-000000000563" /><TestMethod codeBase="Dummy.dll" adapterTypeName="MSTestAdapter" className="DummyTests" name="TestCase_563" /></UnitTest>
    <UnitTest name="TestCase_564" id="00000000-0000-0000-0000-000000000564"><Execution id="00000000-0000-0000-0000-000000000564" /><TestMethod codeBase="Dummy.dll" adapterTypeName="MSTestAdapter" className="DummyTests" name="TestCase_564" /></UnitTest>
    <UnitTest name="TestCase_565" id="00000000-0000-0000-0000-000000000565"><Execution id="00000000-0000-0000-0000-000000000565" /><TestMethod codeBase="Dummy.dll" adapterTypeName="MSTestAdapter" className="DummyTests" name="TestCase_565" /></UnitTest>
    <UnitTest name="TestCase_566" id="00000000-0000-0000-0000-000000000566"><Execution id="00000000-0000-0000-0000-000000000566" /><TestMethod codeBase="Dummy.dll" adapterTypeName="MSTestAdapter" className="DummyTests" name="TestCase_566" /></UnitTest>
    <UnitTest name="TestCase_567" id="00000000-0000-0000-0000-000000000567"><Execution id="00000000-0000-0000-0000-000000000567" /><TestMethod codeBase="Dummy.dll" adapterTypeName="MSTestAdapter" className="DummyTests" name="TestCase_567" /></UnitTest>
    <UnitTest name="TestCase_568" id="00000000-0000-0000-0000-000000000568"><Execution id="00000000-0000-0000-0000-000000000568" /><TestMethod codeBase="Dummy.dll" adapterTypeName="MSTestAdapter" className="DummyTests" name="TestCase_568" /></UnitTest>
    <UnitTest name="TestCase_569" id="00000000-0000-0000-0000-000000000569"><Execution id="00000000-0000-0000-0000-000000000569" /><TestMethod codeBase="Dummy.dll" adapterTypeName="MSTestAdapter" className="DummyTests" name="TestCase_569" /></UnitTest>
    <UnitTest name="TestCase_570" id="00000000-0000-0000-0000-000000000570"><Execution id="00000000-0000-0000-0000-000000000570" /><TestMethod codeBase="Dummy.dll" adapterTypeName="MSTestAdapter" className="DummyTests" name="TestCase_570" /></UnitTest>
    <UnitTest name="TestCase_571" id="00000000-0000-0000-0000-000000000571"><Execution id="00000000-0000-0000-0000-000000000571" /><TestMethod codeBase="Dummy.dll" adapterTypeName="MSTestAdapter" className="DummyTests" name="TestCase_571" /></UnitTest>
    <UnitTest name="TestCase_572" id="00000000-0000-0000-0000-000000000572"><Execution id="00000000-0000-0000-0000-000000000572" /><TestMethod codeBase="Dummy.dll" adapterTypeName="MSTestAdapter" className="DummyTests" name="TestCase_572" /></UnitTest>
    <UnitTest name="TestCase_573" id="00000000-0000-0000-0000-000000000573"><Execution id="00000000-0000-0000-0000-000000000573" /><TestMethod codeBase="Dummy.dll" adapterTypeName="MSTestAdapter" className="DummyTests" name="TestCase_573" /></UnitTest>
    <UnitTest name="TestCase_574" id="00000000-0000-0000-0000-000000000574"><Execution id="00000000-0000-0000-0000-000000000574" /><TestMethod codeBase="Dummy.dll" adapterTypeName="MSTestAdapter" className="DummyTests" name="TestCase_574" /></UnitTest>
    <UnitTest name="TestCase_575" id="00000000-0000-0000-0000-000000000575"><Execution id="00000000-0000-0000-0000-000000000575" /><TestMethod codeBase="Dummy.dll" adapterTypeName="MSTestAdapter" className="DummyTests" name="TestCase_575" /></UnitTest>
    <UnitTest name="TestCase_576" id="00000000-0000-0000-0000-000000000576"><Execution id="00000000-0000-0000-0000-000000000576" /><TestMethod codeBase="Dummy.dll" adapterTypeName="MSTestAdapter" className="DummyTests" name="TestCase_576" /></UnitTest>
    <UnitTest name="TestCase_577" id="00000000-0000-0000-0000-000000000577"><Execution id="00000000-0000-0000-0000-000000000577" /><TestMethod codeBase="Dummy.dll" adapterTypeName="MSTestAdapter" className="DummyTests" name="TestCase_577" /></UnitTest>
    <UnitTest name="TestCase_578" id="00000000-0000-0000-0000-000000000578"><Execution id="00000000-0000-0000-0000-000000000578" /><TestMethod codeBase="Dummy.dll" adapterTypeName="MSTestAdapter" className="DummyTests" name="TestCase_578" /></UnitTest>
    <UnitTest name="TestCase_579" id="00000000-0000-0000-0000-000000000579"><Execution id="00000000-0000-0000-0000-000000000579" /><TestMethod codeBase="Dummy.dll" adapterTypeName="MSTestAdapter" className="DummyTests" name="TestCase_579" /></UnitTest>
    <UnitTest name="TestCase_580" id="00000000-0000-0000-0000-000000000580"><Execution id="00000000-0000-0000-0000-000000000580" /><TestMethod codeBase="Dummy.dll" adapterTypeName="MSTestAdapter" className="DummyTests" name="TestCase_580" /></UnitTest>
    <UnitTest name="TestCase_581" id="00000000-0000-0000-0000-000000000581"><Execution id="00000000-0000-0000-0000-000000000581" /><TestMethod codeBase="Dummy.dll" adapterTypeName="MSTestAdapter" className="DummyTests" name="TestCase_581" /></UnitTest>
    <UnitTest name="TestCase_582" id="00000000-0000-0000-0000-000000000582"><Execution id="00000000-0000-0000-0000-000000000582" /><TestMethod codeBase="Dummy.dll" adapterTypeName="MSTestAdapter" className="DummyTests" name="TestCase_582" /></UnitTest>
    <UnitTest name="TestCase_583" id="00000000-0000-0000-0000-000000000583"><Execution id="00000000-0000-0000-0000-000000000583" /><TestMethod codeBase="Dummy.dll" adapterTypeName="MSTestAdapter" className="DummyTests" name="TestCase_583" /></UnitTest>
    <UnitTest name="TestCase_584" id="00000000-0000-0000-0000-000000000584"><Execution id="00000000-0000-0000-0000-000000000584" /><TestMethod codeBase="Dummy.dll" adapterTypeName="MSTestAdapter" className="DummyTests" name="TestCase_584" /></UnitTest>
    <UnitTest name="TestCase_585" id="00000000-0000-0000-0000-000000000585"><Execution id="00000000-0000-0000-0000-000000000585" /><TestMethod codeBase="Dummy.dll" adapterTypeName="MSTestAdapter" className="DummyTests" name="TestCase_585" /></UnitTest>
    <UnitTest name="TestCase_586" id="00000000-0000-0000-0000-000000000586"><Execution id="00000000-0000-0000-0000-000000000586" /><TestMethod codeBase="Dummy.dll" adapterTypeName="MSTestAdapter" className="DummyTests" name="TestCase_586" /></UnitTest>
    <UnitTest name="TestCase_587" id="00000000-0000-0000-0000-000000000587"><Execution id="00000000-0000-0000-0000-000000000587" /><TestMethod codeBase="Dummy.dll" adapterTypeName="MSTestAdapter" className="DummyTests" name="TestCase_587" /></UnitTest>
    <UnitTest name="TestCase_588" id="00000000-0000-0000-0000-000000000588"><Execution id="00000000-0000-0000-0000-000000000588" /><TestMethod codeBase="Dummy.dll" adapterTypeName="MSTestAdapter" className="DummyTests" name="TestCase_588" /></UnitTest>
    <UnitTest name="TestCase_589" id="00000000-0000-0000-0000-000000000589"><Execution id="00000000-0000-0000-0000-000000000589" /><TestMethod codeBase="Dummy.dll" adapterTypeName="MSTestAdapter" className="DummyTests" name="TestCase_589" /></UnitTest>
    <UnitTest name="TestCase_590" id="00000000-0000-0000-0000-000000000590"><Execution id="00000000-0000-0000-0000-000000000590" /><TestMethod codeBase="Dummy.dll" adapterTypeName="MSTestAdapter" className="DummyTests" name="TestCase_590" /></UnitTest>
    <UnitTest name="TestCase_591" id="00000000-0000-0000-0000-000000000591"><Execution id="00000000-0000-0000-0000-000000000591" /><TestMethod codeBase="Dummy.dll" adapterTypeName="MSTestAdapter" className="DummyTests" name="TestCase_591" /></UnitTest>
    <UnitTest name="TestCase_592" id="00000000-0000-0000-0000-000000000592"><Execution id="00000000-0000-0000-0000-000000000592" /><TestMethod codeBase="Dummy.dll" adapterTypeName="MSTestAdapter" className="DummyTests" name="TestCase_592" /></UnitTest>
    <UnitTest name="TestCase_593" id="00000000-0000-0000-0000-000000000593"><Execution id="00000000-0000-0000-0000-000000000593" /><TestMethod codeBase="Dummy.dll" adapterTypeName="MSTestAdapter" className="DummyTests" name="TestCase_593" /></UnitTest>
    <UnitTest name="TestCase_594" id="00000000-0000-0000-0000-000000000594"><Execution id="00000000-0000-0000-0000-000000000594" /><TestMethod codeBase="Dummy.dll" adapterTypeName="MSTestAdapter" className="DummyTests" name="TestCase_594" /></UnitTest>
    <UnitTest name="TestCase_595" id="00000000-0000-0000-0000-000000000595"><Execution id="00000000-0000-0000-0000-000000000595" /><TestMethod codeBase="Dummy.dll" adapterTypeName="MSTestAdapter" className="DummyTests" name="TestCase_595" /></UnitTest>
    <UnitTest name="TestCase_596" id="00000000-0000-0000-0000-000000000596"><Execution id="00000000-0000-0000-0000-000000000596" /><TestMethod codeBase="Dummy.dll" adapterTypeName="MSTestAdapter" className="DummyTests" name="TestCase_596" /></UnitTest>
    <UnitTest name="TestCase_597" id="00000000-0000-0000-0000-000000000597"><Execution id="00000000-0000-0000-0000-000000000597" /><TestMethod codeBase="Dummy.dll" adapterTypeName="MSTestAdapter" className="DummyTests" name="TestCase_597" /></UnitTest>
    <UnitTest name="TestCase_598" id="00000000-0000-0000-0000-000000000598"><Execution id="00000000-0000-0000-0000-000000000598" /><TestMethod codeBase="Dummy.dll" adapterTypeName="MSTestAdapter" className="DummyTests" name="TestCase_598" /></UnitTest>
    <UnitTest name="TestCase_599" id="00000000-0000-0000-0000-000000000599"><Execution id="00000000-0000-0000-0000-000000000599" /><TestMethod codeBase="Dummy.dll" adapterTypeName="MSTestAdapter" className="DummyTests" name="TestCase_599" /></UnitTest>
    <UnitTest name="TestCase_600" id="00000000-0000-0000-0000-000000000600"><Execution id="00000000-0000-0000-0000-000000000600" /><TestMethod codeBase="Dummy.dll" adapterTypeName="MSTestAdapter" className="DummyTests" name="TestCase_600" /></UnitTest>
    <UnitTest name="TestCase_601" id="00000000-0000-0000-0000-000000000601"><Execution id="00000000-0000-0000-0000-000000000601" /><TestMethod codeBase="Dummy.dll" adapterTypeName="MSTestAdapter" className="DummyTests" name="TestCase_601" /></UnitTest>
    <UnitTest name="TestCase_602" id="00000000-0000-0000-0000-000000000602"><Execution id="00000000-0000-0000-0000-000000000602" /><TestMethod codeBase="Dummy.dll" adapterTypeName="MSTestAdapter" className="DummyTests" name="TestCase_602" /></UnitTest>
    <UnitTest name="TestCase_603" id="00000000-0000-0000-0000-000000000603"><Execution id="00000000-0000-0000-0000-000000000603" /><TestMethod codeBase="Dummy.dll" adapterTypeName="MSTestAdapter" className="DummyTests" name="TestCase_603" /></UnitTest>
    <UnitTest name="TestCase_604" id="00000000-0000-0000-0000-000000000604"><Execution id="00000000-0000-0000-0000-000000000604" /><TestMethod codeBase="Dummy.dll" adapterTypeName="MSTestAdapter" className="DummyTests" name="TestCase_604" /></UnitTest>
    <UnitTest name="TestCase_605" id="00000000-0000-0000-0000-000000000605"><Execution id="00000000-0000-0000-0000-000000000605" /><TestMethod codeBase="Dummy.dll" adapterTypeName="MSTestAdapter" className="DummyTests" name="TestCase_605" /></UnitTest>
    <UnitTest name="TestCase_606" id="00000000-0000-0000-0000-000000000606"><Execution id="00000000-0000-0000-0000-000000000606" /><TestMethod codeBase="Dummy.dll" adapterTypeName="MSTestAdapter" className="DummyTests" name="TestCase_606" /></UnitTest>
    <UnitTest name="TestCase_607" id="00000000-0000-0000-0000-000000000607"><Execution id="00000000-0000-0000-0000-000000000607" /><TestMethod codeBase="Dummy.dll" adapterTypeName="MSTestAdapter" className="DummyTests" name="TestCase_607" /></UnitTest>
    <UnitTest name="TestCase_608" id="00000000-0000-0000-0000-000000000608"><Execution id="00000000-0000-0000-0000-000000000608" /><TestMethod codeBase="Dummy.dll" adapterTypeName="MSTestAdapter" className="DummyTests" name="TestCase_608" /></UnitTest>
    <UnitTest name="TestCase_609" id="00000000-0000-0000-0000-000000000609"><Execution id="00000000-0000-0000-0000-000000000609" /><TestMethod codeBase="Dummy.dll" adapterTypeName="MSTestAdapter" className="DummyTests" name="TestCase_609" /></UnitTest>
    <UnitTest name="TestCase_610" id="00000000-0000-0000-0000-000000000610"><Execution id="00000000-0000-0000-0000-000000000610" /><TestMethod codeBase="Dummy.dll" adapterTypeName="MSTestAdapter" className="DummyTests" name="TestCase_610" /></UnitTest>
    <UnitTest name="TestCase_611" id="00000000-0000-0000-0000-000000000611"><Execution id="00000000-0000-0000-0000-000000000611" /><TestMethod codeBase="Dummy.dll" adapterTypeName="MSTestAdapter" className="DummyTests" name="TestCase_611" /></UnitTest>
    <UnitTest name="TestCase_612" id="00000000-0000-0000-0000-000000000612"><Execution id="00000000-0000-0000-0000-000000000612" /><TestMethod codeBase="Dummy.dll" adapterTypeName="MSTestAdapter" className="DummyTests" name="TestCase_612" /></UnitTest>
    <UnitTest name="TestCase_613" id="00000000-0000-0000-0000-000000000613"><Execution id="00000000-0000-0000-0000-000000000613" /><TestMethod codeBase="Dummy.dll" adapterTypeName="MSTestAdapter" className="DummyTests" name="TestCase_613" /></UnitTest>
    <UnitTest name="TestCase_614" id="00000000-0000-0000-0000-000000000614"><Execution id="00000000-0000-0000-0000-000000000614" /><TestMethod codeBase="Dummy.dll" adapterTypeName="MSTestAdapter" className="DummyTests" name="TestCase_614" /></UnitTest>
    <UnitTest name="TestCase_615" id="00000000-0000-0000-0000-000000000615"><Execution id="00000000-0000-0000-0000-000000000615" /><TestMethod codeBase="Dummy.dll" adapterTypeName="MSTestAdapter" className="DummyTests" name="TestCase_615" /></UnitTest>
    <UnitTest name="TestCase_616" id="00000000-0000-0000-0000-000000000616"><Execution id="00000000-0000-0000-0000-000000000616" /><TestMethod codeBase="Dummy.dll" adapterTypeName="MSTestAdapter" className="DummyTests" name="TestCase_616" /></UnitTest>
    <UnitTest name="TestCase_617" id="00000000-0000-0000-0000-000000000617"><Execution id="00000000-0000-0000-0000-000000000617" /><TestMethod codeBase="Dummy.dll" adapterTypeName="MSTestAdapter" className="DummyTests" name="TestCase_617" /></UnitTest>
    <UnitTest name="TestCase_618" id="00000000-0000-0000-0000-000000000618"><Execution id="00000000-0000-0000-0000-000000000618" /><TestMethod codeBase="Dummy.dll" adapterTypeName="MSTestAdapter" className="DummyTests" name="TestCase_618" /></UnitTest>
    <UnitTest name="TestCase_619" id="00000000-0000-0000-0000-000000000619"><Execution id="00000000-0000-0000-0000-000000000619" /><TestMethod codeBase="Dummy.dll" adapterTypeName="MSTestAdapter" className="DummyTests" name="TestCase_619" /></UnitTest>
    <UnitTest name="TestCase_620" id="00000000-0000-0000-0000-000000000620"><Execution id="00000000-0000-0000-0000-000000000620" /><TestMethod codeBase="Dummy.dll" adapterTypeName="MSTestAdapter" className="DummyTests" name="TestCase_620" /></UnitTest>
    <UnitTest name="TestCase_621" id="00000000-0000-0000-0000-000000000621"><Execution id="00000000-0000-0000-0000-000000000621" /><TestMethod codeBase="Dummy.dll" adapterTypeName="MSTestAdapter" className="DummyTests" name="TestCase_621" /></UnitTest>
    <UnitTest name="TestCase_622" id="00000000-0000-0000-0000-000000000622"><Execution id="00000000-0000-0000-0000-000000000622" /><TestMethod codeBase="Dummy.dll" adapterTypeName="MSTestAdapter" className="DummyTests" name="TestCase_622" /></UnitTest>
    <UnitTest name="TestCase_623" id="00000000-0000-0000-0000-000000000623"><Execution id="00000000-0000-0000-0000-000000000623" /><TestMethod codeBase="Dummy.dll" adapterTypeName="MSTestAdapter" className="DummyTests" name="TestCase_623" /></UnitTest>
    <UnitTest name="TestCase_624" id="00000000-0000-0000-0000-000000000624"><Execution id="00000000-0000-0000-0000-000000000624" /><TestMethod codeBase="Dummy.dll" adapterTypeName="MSTestAdapter" className="DummyTests" name="TestCase_624" /></UnitTest>
    <UnitTest name="TestCase_625" id="00000000-0000-0000-0000-000000000625"><Execution id="00000000-0000-0000-0000-000000000625" /><TestMethod codeBase="Dummy.dll" adapterTypeName="MSTestAdapter" className="DummyTests" name="TestCase_625" /></UnitTest>
    <UnitTest name="TestCase_626" id="00000000-0000-0000-0000-000000000626"><Execution id="00000000-0000-0000-0000-000000000626" /><TestMethod codeBase="Dummy.dll" adapterTypeName="MSTestAdapter" className="DummyTests" name="TestCase_626" /></UnitTest>
    <UnitTest name="TestCase_627" id="00000000-0000-0000-0000-000000000627"><Execution id="00000000-0000-0000-0000-000000000627" /><TestMethod codeBase="Dummy.dll" adapterTypeName="MSTestAdapter" className="DummyTests" name="TestCase_627" /></UnitTest>
    <UnitTest name="TestCase_628" id="00000000-0000-0000-0000-000000000628"><Execution id="00000000-0000-0000-0000-000000000628" /><TestMethod codeBase="Dummy.dll" adapterTypeName="MSTestAdapter" className="DummyTests" name="TestCase_628" /></UnitTest>
    <UnitTest name="TestCase_629" id="00000000-0000-0000-0000-000000000629"><Execution id="00000000-0000-0000-0000-000000000629" /><TestMethod codeBase="Dummy.dll" adapterTypeName="MSTestAdapter" className="DummyTests" name="TestCase_629" /></UnitTest>
    <UnitTest name="TestCase_630" id="00000000-0000-0000-0000-000000000630"><Execution id="00000000-0000-0000-0000-000000000630" /><TestMethod codeBase="Dummy.dll" adapterTypeName="MSTestAdapter" className="DummyTests" name="TestCase_630" /></UnitTest>
    <UnitTest name="TestCase_631" id="00000000-0000-0000-0000-000000000631"><Execution id="00000000-0000-0000-0000-000000000631" /><TestMethod codeBase="Dummy.dll" adapterTypeName="MSTestAdapter" className="DummyTests" name="TestCase_631" /></UnitTest>
    <UnitTest name="TestCase_632" id="00000000-0000-0000-0000-000000000632"><Execution id="00000000-0000-0000-0000-000000000632" /><TestMethod codeBase="Dummy.dll" adapterTypeName="MSTestAdapter" className="DummyTests" name="TestCase_632" /></UnitTest>
    <UnitTest name="TestCase_633" id="00000000-0000-0000-0000-000000000633"><Execution id="00000000-0000-0000-0000-000000000633" /><TestMethod codeBase="Dummy.dll" adapterTypeName="MSTestAdapter" className="DummyTests" name="TestCase_633" /></UnitTest>
    <UnitTest name="TestCase_634" id="00000000-0000-0000-0000-000000000634"><Execution id="00000000-0000-0000-0000-000000000634" /><TestMethod codeBase="Dummy.dll" adapterTypeName="MSTestAdapter" className="DummyTests" name="TestCase_634" /></UnitTest>
    <UnitTest name="TestCase_635" id="00000000-0000-0000-0000-000000000635"><Execution id="00000000-0000-0000-0000-000000000635" /><TestMethod codeBase="Dummy.dll" adapterTypeName="MSTestAdapter" className="DummyTests" name="TestCase_635" /></UnitTest>
    <UnitTest name="TestCase_636" id="00000000-0000-0000-0000-000000000636"><Execution id="00000000-0000-0000-0000-000000000636" /><TestMethod codeBase="Dummy.dll" adapterTypeName="MSTestAdapter" className="DummyTests" name="TestCase_636" /></UnitTest>
    <UnitTest name="TestCase_637" id="00000000-0000-0000-0000-000000000637"><Execution id="00000000-0000-0000-0000-000000000637" /><TestMethod codeBase="Dummy.dll" adapterTypeName="MSTestAdapter" className="DummyTests" name="TestCase_637" /></UnitTest>
    <UnitTest name="TestCase_638" id="00000000-0000-0000-0000-000000000638"><Execution id="00000000-0000-0000-0000-000000000638" /><TestMethod codeBase="Dummy.dll" adapterTypeName="MSTestAdapter" className="DummyTests" name="TestCase_638" /></UnitTest>
    <UnitTest name="TestCase_639" id="00000000-0000-0000-0000-000000000639"><Execution id="00000000-0000-0000-0000-000000000639" /><TestMethod codeBase="Dummy.dll" adapterTypeName="MSTestAdapter" className="DummyTests" name="TestCase_639" /></UnitTest>
    <UnitTest name="TestCase_640" id="00000000-0000-0000-0000-000000000640"><Execution id="00000000-0000-0000-0000-000000000640" /><TestMethod codeBase="Dummy.dll" adapterTypeName="MSTestAdapter" className="DummyTests" name="TestCase_640" /></UnitTest>
    <UnitTest name="TestCase_641" id="00000000-0000-0000-0000-000000000641"><Execution id="00000000-0000-0000-0000-000000000641" /><TestMethod codeBase="Dummy.dll" adapterTypeName="MSTestAdapter" className="DummyTests" name="TestCase_641" /></UnitTest>
    <UnitTest name="TestCase_642" id="00000000-0000-0000-0000-000000000642"><Execution id="00000000-0000-0000-0000-000000000642" /><TestMethod codeBase="Dummy.dll" adapterTypeName="MSTestAdapter" className="DummyTests" name="TestCase_642" /></UnitTest>
    <UnitTest name="TestCase_643" id="00000000-0000-0000-0000-000000000643"><Execution id="00000000-0000-0000-0000-000000000643" /><TestMethod codeBase="Dummy.dll" adapterTypeName="MSTestAdapter" className="DummyTests" name="TestCase_643" /></UnitTest>
    <UnitTest name="TestCase_644" id="00000000-0000-0000-0000-000000000644"><Execution id="00000000-0000-0000-0000-000000000644" /><TestMethod codeBase="Dummy.dll" adapterTypeName="MSTestAdapter" className="DummyTests" name="TestCase_644" /></UnitTest>
    <UnitTest name="TestCase_645" id="00000000-0000-0000-0000-000000000645"><Execution id="00000000-0000-0000-0000-000000000645" /><TestMethod codeBase="Dummy.dll" adapterTypeName="MSTestAdapter" className="DummyTests" name="TestCase_645" /></UnitTest>
    <UnitTest name="TestCase_646" id="00000000-0000-0000-0000-000000000646"><Execution id="00000000-0000-0000-0000-000000000646" /><TestMethod codeBase="Dummy.dll" adapterTypeName="MSTestAdapter" className="DummyTests" name="TestCase_646" /></UnitTest>
    <UnitTest name="TestCase_647" id="00000000-0000-0000-0000-000000000647"><Execution id="00000000-0000-0000-0000-000000000647" /><TestMethod codeBase="Dummy.dll" adapterTypeName="MSTestAdapter" className="DummyTests" name="TestCase_647" /></UnitTest>
    <UnitTest name="TestCase_648" id="00000000-0000-0000-0000-000000000648"><Execution id="00000000-0000-0000-0000-000000000648" /><TestMethod codeBase="Dummy.dll" adapterTypeName="MSTestAdapter" className="DummyTests" name="TestCase_648" /></UnitTest>
    <UnitTest name="TestCase_649" id="00000000-0000-0000-0000-000000000649"><Execution id="00000000-0000-0000-0000-000000000649" /><TestMethod codeBase="Dummy.dll" adapterTypeName="MSTestAdapter" className="DummyTests" name="TestCase_649" /></UnitTest>
    <UnitTest name="TestCase_650" id="00000000-0000-0000-0000-000000000650"><Execution id="00000000-0000-0000-0000-000000000650" /><TestMethod codeBase="Dummy.dll" adapterTypeName="MSTestAdapter" className="DummyTests" name="TestCase_650" /></UnitTest>
    <UnitTest name="TestCase_651" id="00000000-0000-0000-0000-000000000651"><Execution id="00000000-0000-0000-0000-000000000651" /><TestMethod codeBase="Dummy.dll" adapterTypeName="MSTestAdapter" className="DummyTests" name="TestCase_651" /></UnitTest>
    <UnitTest name="TestCase_652" id="00000000-0000-0000-0000-000000000652"><Execution id="00000000-0000-0000-0000-000000000652" /><TestMethod codeBase="Dummy.dll" adapterTypeName="MSTestAdapter" className="DummyTests" name="TestCase_652" /></UnitTest>
    <UnitTest name="TestCase_653" id="00000000-0000-0000-0000-000000000653"><Execution id="00000000-0000-0000-0000-000000000653" /><TestMethod codeBase="Dummy.dll" adapterTypeName="MSTestAdapter" className="DummyTests" name="TestCase_653" /></UnitTest>
    <UnitTest name="TestCase_654" id="00000000-0000-0000-0000-000000000654"><Execution id="00000000-0000-0000-0000-000000000654" /><TestMethod codeBase="Dummy.dll" adapterTypeName="MSTestAdapter" className="DummyTests" name="TestCase_654" /></UnitTest>
    <UnitTest name="TestCase_655" id="00000000-0000-0000-0000-000000000655"><Execution id="00000000-0000-0000-0000-000000000655" /><TestMethod codeBase="Dummy.dll" adapterTypeName="MSTestAdapter" className="DummyTests" name="TestCase_655" /></UnitTest>
    <UnitTest name="TestCase_656" id="00000000-0000-0000-0000-000000000656"><Execution id="00000000-0000-0000-0000-000000000656" /><TestMethod codeBase="Dummy.dll" adapterTypeName="MSTestAdapter" className="DummyTests" name="TestCase_656" /></UnitTest>
    <UnitTest name="TestCase_657" id="00000000-0000-0000-0000-000000000657"><Execution id="00000000-0000-0000-0000-000000000657" /><TestMethod codeBase="Dummy.dll" adapterTypeName="MSTestAdapter" className="DummyTests" name="TestCase_657" /></UnitTest>
    <UnitTest name="TestCase_658" id="00000000-0000-0000-0000-000000000658"><Execution id="00000000-0000-0000-0000-000000000658" /><TestMethod codeBase="Dummy.dll" adapterTypeName="MSTestAdapter" className="DummyTests" name="TestCase_658" /></UnitTest>
    <UnitTest name="TestCase_659" id="00000000-0000-0000-0000-000000000659"><Execution id="00000000-0000-0000-0000-000000000659" /><TestMethod codeBase="Dummy.dll" adapterTypeName="MSTestAdapter" className="DummyTests" name="TestCase_659" /></UnitTest>
    <UnitTest name="TestCase_660" id="00000000-0000-0000-0000-000000000660"><Execution id="00000000-0000-0000-0000-000000000660" /><TestMethod codeBase="Dummy.dll" adapterTypeName="MSTestAdapter" className="DummyTests" name="TestCase_660" /></UnitTest>
    <UnitTest name="TestCase_661" id="00000000-0000-0000-0000-000000000661"><Execution id="00000000-0000-0000-0000-000000000661" /><TestMethod codeBase="Dummy.dll" adapterTypeName="MSTestAdapter" className="DummyTests" name="TestCase_661" /></UnitTest>
    <UnitTest name="TestCase_662" id="00000000-0000-0000-0000-000000000662"><Execution id="00000000-0000-0000-0000-000000000662" /><TestMethod codeBase="Dummy.dll" adapterTypeName="MSTestAdapter" className="DummyTests" name="TestCase_662" /></UnitTest>
    <UnitTest name="TestCase_663" id="00000000-0000-0000-0000-000000000663"><Execution id="00000000-0000-0000-0000-000000000663" /><TestMethod codeBase="Dummy.dll" adapterTypeName="MSTestAdapter" className="DummyTests" name="TestCase_663" /></UnitTest>
    <UnitTest name="TestCase_664" id="00000000-0000-0000-0000-000000000664"><Execution id="00000000-0000-0000-0000-000000000664" /><TestMethod codeBase="Dummy.dll" adapterTypeName="MSTestAdapter" className="DummyTests" name="TestCase_664" /></UnitTest>
    <UnitTest name="TestCase_665" id="00000000-0000-0000-0000-000000000665"><Execution id="00000000-0000-0000-0000-000000000665" /><TestMethod codeBase="Dummy.dll" adapterTypeName="MSTestAdapter" className="DummyTests" name="TestCase_665" /></UnitTest>
    <UnitTest name="TestCase_666" id="00000000-0000-0000-0000-000000000666"><Execution id="00000000-0000-0000-0000-000000000666" /><TestMethod codeBase="Dummy.dll" adapterTypeName="MSTestAdapter" className="DummyTests" name="TestCase_666" /></UnitTest>
    <UnitTest name="TestCase_667" id="00000000-0000-0000-0000-000000000667"><Execution id="00000000-0000-0000-0000-000000000667" /><TestMethod codeBase="Dummy.dll" adapterTypeName="MSTestAdapter" className="DummyTests" name="TestCase_667" /></UnitTest>
    <UnitTest name="TestCase_668" id="00000000-0000-0000-0000-000000000668"><Execution id="00000000-0000-0000-0000-000000000668" /><TestMethod codeBase="Dummy.dll" adapterTypeName="MSTestAdapter" className="DummyTests" name="TestCase_668" /></UnitTest>
    <UnitTest name="TestCase_669" id="00000000-0000-0000-0000-000000000669"><Execution id="00000000-0000-0000-0000-000000000669" /><TestMethod codeBase="Dummy.dll" adapterTypeName="MSTestAdapter" className="DummyTests" name="TestCase_669" /></UnitTest>
    <UnitTest name="TestCase_670" id="00000000-0000-0000-0000-000000000670"><Execution id="00000000-0000-0000-0000-000000000670" /><TestMethod codeBase="Dummy.dll" adapterTypeName="MSTestAdapter" className="DummyTests" name="TestCase_670" /></UnitTest>
    <UnitTest name="TestCase_671" id="00000000-0000-0000-0000-000000000671"><Execution id="00000000-0000-0000-0000-000000000671" /><TestMethod codeBase="Dummy.dll" adapterTypeName="MSTestAdapter" className="DummyTests" name="TestCase_671" /></UnitTest>
    <UnitTest name="TestCase_672" id="00000000-0000-0000-0000-000000000672"><Execution id="00000000-0000-0000-0000-000000000672" /><TestMethod codeBase="Dummy.dll" adapterTypeName="MSTestAdapter" className="DummyTests" name="TestCase_672" /></UnitTest>
    <UnitTest name="TestCase_673" id="00000000-0000-0000-0000-000000000673"><Execution id="00000000-0000-0000-0000-000000000673" /><TestMethod codeBase="Dummy.dll" adapterTypeName="MSTestAdapter" className="DummyTests" name="TestCase_673" /></UnitTest>
  </TestDefinitions>
  <TestLists>
    <TestList name="Results Not in a List" id="00000000-0000-0000-0000-000000000000" />
    <TestList name="All Loaded Results" id="11111111-1111-1111-1111-111111111111" />
  </TestLists>
</TestRun>